#
# There is insufficient memory for the Java Runtime Environment to continue.
# Native memory allocation (malloc) failed to allocate 2048 bytes for Failed to allocate _fine_grain_entries.
# Possible reasons:
#   The system is out of physical RAM or swap space
#   The process is running with CompressedOops enabled, and the Java Heap may be blocking the growth of the native heap
# Possible solutions:
#   Reduce memory load on the system
#   Increase physical memory or swap space
#   Check if swap backing store is full
#   Decrease Java heap size (-Xmx/-Xms)
#   Decrease number of Java threads
#   Decrease Java thread stack sizes (-Xss)
#   Set larger code cache with -XX:ReservedCodeCacheSize=
# This output file may be truncated or incomplete.
#
#  Out of Memory Error (./open/src/hotspot/share/gc/g1/heapRegionRemSet.cpp:270), pid=54504, tid=38448
#
# JRE version:  (11.0.13+10) (build )
# Java VM: Java HotSpot(TM) 64-Bit Server VM (11.0.13+10-LTS-370, mixed mode, sharing, tiered, compressed oops, g1 gc, windows-amd64)
# No core dump will be written. Minidumps are not enabled by default on client versions of Windows
#

---------------  S U M M A R Y ------------

Command Line: -Dfile.encoding=windows-1252 -Duser.country=SG -Duser.language=en -Duser.variant Launcher

Host: Intel(R) Core(TM) i7-7700HQ CPU @ 2.80GHz, 8 cores, 15G,  Windows 10 , 64 bit Build 19041 (10.0.19041.1889)
Time: Mon Sep 12 03:18:34 2022 Malay Peninsula Standard Time elapsed time: 0.025428 seconds (0d 0h 0m 0s)

---------------  T H R E A D  ---------------

Current thread (0x000001fba2c46000):  JavaThread "Unknown thread" [_thread_in_vm, id=38448, stack(0x000000df2a900000,0x000000df2aa00000)]

Stack: [0x000000df2a900000,0x000000df2aa00000]
Native frames: (J=compiled Java code, j=interpreted, Vv=VM code, C=native code)
V  [jvm.dll+0x62870a]
V  [jvm.dll+0x761f2f]
V  [jvm.dll+0x7635d9]
V  [jvm.dll+0x763c63]
V  [jvm.dll+0x23d728]
V  [jvm.dll+0x33a292]
V  [jvm.dll+0x337075]
V  [jvm.dll+0x2d1894]
V  [jvm.dll+0x3396d6]
V  [jvm.dll+0x339030]
V  [jvm.dll+0x2cfa38]
V  [jvm.dll+0x2d0ba6]
V  [jvm.dll+0x73c547]
V  [jvm.dll+0x73dddf]
V  [jvm.dll+0x346369]
V  [jvm.dll+0x721e60]
V  [jvm.dll+0x3b500f]
V  [jvm.dll+0x3b7121]
C  [jli.dll+0x5207]
C  [ucrtbase.dll+0x21bb2]
C  [KERNEL32.DLL+0x17034]
C  [ntdll.dll+0x52651]


---------------  P R O C E S S  ---------------

Threads class SMR info:
_java_thread_list=0x000001fba1273120, length=0, elements={
}

Java Threads: ( => current thread )

Other Threads:
  0x000001fba2c5a800 GCTaskThread "GC Thread#0" [stack: 0x000000df2aa00000,0x000000df2ab00000] [id=4028]
  0x000001fba2cb9000 ConcurrentGCThread "G1 Main Marker" [stack: 0x000000df2ab00000,0x000000df2ac00000] [id=36980]
  0x000001fba2cba000 ConcurrentGCThread "G1 Conc#0" [stack: 0x000000df2ac00000,0x000000df2ad00000] [id=20364]

[error occurred during error reporting (printing all threads), id 0xc0000005, EXCEPTION_ACCESS_VIOLATION (0xc0000005) at pc=0x00007ffb5257ecc7]

VM state:not at safepoint (not fully initialized)

VM Mutex/Monitor currently owned by a thread:  ([mutex/lock_event])
[0x000001fba2c43240] Heap_lock - owner thread: 0x000001fba2c46000

Heap address: 0x0000000701800000, size: 4072 MB, Compressed Oops mode: Non-zero based: 0x0000000701800000
Narrow klass base: 0x0000000000000000, Narrow klass shift: 0

GC Heap History (0 events):
No events

Deoptimization events (0 events):
No events

Classes redefined (0 events):
No events

Internal exceptions (0 events):
No events

Events (0 events):
No events


Dynamic libraries:
0x00007ff7a3e80000 - 0x00007ff7a3e8f000 	D:\CS2040S\jdk-11.0.13\bin\java.exe
0x00007ffba79f0000 - 0x00007ffba7be8000 	C:\Windows\SYSTEM32\ntdll.dll
0x00007ffba62f0000 - 0x00007ffba63ad000 	C:\Windows\System32\KERNEL32.DLL
0x00007ffba5110000 - 0x00007ffba53de000 	C:\Windows\System32\KERNELBASE.dll
0x00007ffba5680000 - 0x00007ffba5780000 	C:\Windows\System32\ucrtbase.dll
0x00007ffb89880000 - 0x00007ffb89898000 	D:\CS2040S\jdk-11.0.13\bin\jli.dll
0x00007ffb88a80000 - 0x00007ffb88a95000 	D:\CS2040S\jdk-11.0.13\bin\VCRUNTIME140.dll
0x00007ffba6240000 - 0x00007ffba62ee000 	C:\Windows\System32\ADVAPI32.dll
0x00007ffba5a50000 - 0x00007ffba5aee000 	C:\Windows\System32\msvcrt.dll
0x00007ffba7230000 - 0x00007ffba72cc000 	C:\Windows\System32\sechost.dll
0x00007ffba7100000 - 0x00007ffba7225000 	C:\Windows\System32\RPCRT4.dll
0x00007ffba6e90000 - 0x00007ffba7030000 	C:\Windows\System32\USER32.dll
0x00007ffb97c10000 - 0x00007ffb97eaa000 	C:\Windows\WinSxS\amd64_microsoft.windows.common-controls_6595b64144ccf1df_6.0.19041.1110_none_60b5254171f9507e\COMCTL32.dll
0x00007ffba57d0000 - 0x00007ffba57f2000 	C:\Windows\System32\win32u.dll
0x00007ffba70d0000 - 0x00007ffba70fa000 	C:\Windows\System32\GDI32.dll
0x00007ffba5800000 - 0x00007ffba590b000 	C:\Windows\System32\gdi32full.dll
0x00007ffba53e0000 - 0x00007ffba547d000 	C:\Windows\System32\msvcp_win.dll
0x00007ffb9aa40000 - 0x00007ffb9aa4a000 	C:\Windows\SYSTEM32\VERSION.dll
0x00007ffba7090000 - 0x00007ffba70c0000 	C:\Windows\System32\IMM32.DLL
0x00007ffb5e700000 - 0x00007ffb5e79b000 	D:\CS2040S\jdk-11.0.13\bin\msvcp140.dll
0x00007ffb522a0000 - 0x00007ffb52db3000 	D:\CS2040S\jdk-11.0.13\bin\server\jvm.dll
0x00007ffba6bf0000 - 0x00007ffba6bf8000 	C:\Windows\System32\PSAPI.DLL
0x00007ffba2320000 - 0x00007ffba2329000 	C:\Windows\SYSTEM32\WSOCK32.dll
0x00007ffb9aa10000 - 0x00007ffb9aa37000 	C:\Windows\SYSTEM32\WINMM.dll
0x00007ffba7410000 - 0x00007ffba747b000 	C:\Windows\System32\WS2_32.dll
0x00007ffba3010000 - 0x00007ffba3022000 	C:\Windows\SYSTEM32\kernel.appcore.dll
0x00007ffb8b010000 - 0x00007ffb8b020000 	D:\CS2040S\jdk-11.0.13\bin\verify.dll
0x00007ffb940d0000 - 0x00007ffb942b4000 	C:\Windows\SYSTEM32\DBGHELP.DLL
0x00007ffb94090000 - 0x00007ffb940bc000 	C:\Windows\SYSTEM32\dbgcore.DLL
0x00007ffba5910000 - 0x00007ffba5992000 	C:\Windows\System32\bcryptPrimitives.dll
0x00007ffb82540000 - 0x00007ffb82568000 	D:\CS2040S\jdk-11.0.13\bin\java.dll
0x00007ffb89480000 - 0x00007ffb8948a000 	D:\CS2040S\jdk-11.0.13\bin\jimage.dll
0x00007ffb88320000 - 0x00007ffb88336000 	D:\CS2040S\jdk-11.0.13\bin\zip.dll

dbghelp: loaded successfully - version: 4.0.5 - missing functions: none
symbol engine: initialized successfully - sym options: 0x614 - pdb path: .;D:\CS2040S\jdk-11.0.13\bin;C:\Windows\SYSTEM32;C:\Windows\WinSxS\amd64_microsoft.windows.common-controls_6595b64144ccf1df_6.0.19041.1110_none_60b5254171f9507e;D:\CS2040S\jdk-11.0.13\bin\server

VM Arguments:
jvm_args: -Dfile.encoding=windows-1252 -Duser.country=SG -Duser.language=en -Duser.variant 
java_command: Launcher
java_class_path (initial): C:\Users\PC\git\ip\build\classes\java\main;C:\Users\PC\git\ip\build\resources\main;C:\Users\PC\.gradle\caches\modules-2\files-2.1\org.openjfx\javafx-fxml\11\d5ff9262ef49d166db658d15f37e3ecff38fde4b\javafx-fxml-11-win.jar;C:\Users\PC\.gradle\caches\modules-2\files-2.1\org.openjfx\javafx-fxml\11\e0f5bb81e21054b59f2ebfa727d40a90ee0260d3\javafx-fxml-11-mac.jar;C:\Users\PC\.gradle\caches\modules-2\files-2.1\org.openjfx\javafx-fxml\11\e7a757b580fc3e2e1a121768606c7836eef418c\javafx-fxml-11-linux.jar;C:\Users\PC\.gradle\caches\modules-2\files-2.1\org.openjfx\javafx-controls\11\af8d24de44e16a19ae959028eb23a48c145fb682\javafx-controls-11-win.jar;C:\Users\PC\.gradle\caches\modules-2\files-2.1\org.openjfx\javafx-controls\11\e3a24a14e8732abc6dc173f15872dc63e2a32e16\javafx-controls-11-mac.jar;C:\Users\PC\.gradle\caches\modules-2\files-2.1\org.openjfx\javafx-controls\11\794488e3b1f4635d9a1b842bdc872a5eb8fd54ca\javafx-controls-11-linux.jar;C:\Users\PC\.gradle\caches\modules-2\files-2.1\org.openjfx\javafx-controls\11\58d961774262ec972bf304e16c154a8e18c2050b\javafx-controls-11.jar;C:\Users\PC\.gradle\caches\modules-2\files-2.1\org.openjfx\javafx-graphics\11\9345c7ea43dbcc73a62eca5332717b4ce617e6c6\javafx-graphics-11-win.jar;C:\Users\PC\.gradle\caches\modules-2\files-2.1\org.openjfx\javafx-graphics\11\af47a6d3668d3ce1c61e1fe13c44471b6f8d469\javafx-graphics-11-mac.jar;C:\Users\PC\.gradle\caches\modules-2\files-2.1\org.openjfx\javafx-graphics\11\4ab9edd8d481a420044c473fdb5718ccdd35c836\javafx-graphics-11-linux.jar;C:\Users\PC\.gradle\caches\modules-2\files-2.1\org.openjfx\javafx-graphics\11\a736dd079047ec0b72b8c4970842a5c5e0c19f2f\javafx-graphics-11.jar;C:\Users\PC\.gradle\caches\modules-2\files-2.1\org.openjfx\javafx-base\11\ad3a4acfaa28b484d30c40c1f009445cc3f6e68b\javafx-base-11-win.jar;C:\Users\PC\.gradle\caches\modules-2\files-2.1\org.openjfx\javafx-base\11\4b060dad0affd866df9d959e064faa8a1a2f4af0\javafx-base-11-mac.jar;C:\Users\PC\.gradle\caches\modules
Launcher Type: SUN_STANDARD

[Global flags]
     intx CICompilerCount                          = 4                                         {product} {ergonomic}
     uint ConcGCThreads                            = 2                                         {product} {ergonomic}
     uint G1ConcRefinementThreads                  = 8                                         {product} {ergonomic}
   size_t G1HeapRegionSize                         = 1048576                                   {product} {ergonomic}
    uintx GCDrainStackTargetSize                   = 64                                        {product} {ergonomic}
   size_t InitialHeapSize                          = 268435456                                 {product} {ergonomic}
   size_t MarkStackSize                            = 4194304                                   {product} {ergonomic}
   size_t MaxHeapSize                              = 4269801472                                {product} {ergonomic}
   size_t MinHeapDeltaBytes                        = 1048576                                   {product} {ergonomic}
    uintx NonNMethodCodeHeapSize                   = 5836300                                {pd product} {ergonomic}
    uintx NonProfiledCodeHeapSize                  = 122910970                              {pd product} {ergonomic}
    uintx ProfiledCodeHeapSize                     = 122910970                              {pd product} {ergonomic}
    uintx ReservedCodeCacheSize                    = 251658240                              {pd product} {ergonomic}
     bool SegmentedCodeCache                       = true                                      {product} {ergonomic}
     bool UseCompressedClassPointers               = true                                 {lp64_product} {ergonomic}
     bool UseCompressedOops                        = true                                 {lp64_product} {ergonomic}
     bool UseG1GC                                  = true                                      {product} {ergonomic}
     bool UseLargePagesIndividualAllocation        = false                                  {pd product} {ergonomic}

Logging:
Log output configuration:
 #0: stdout all=warning uptime,level,tags
 #1: stderr all=off uptime,level,tags

Environment Variables:
PATH=C:\Python310\Scripts\;C:\Python310\;C:\Windows\system32;C:\Windows;C:\Windows\System32\Wbem;C:\Windows\System32\WindowsPowerShell\v1.0\;C:\Windows\System32\OpenSSH\;D:\;C:\ProgramData\chocolatey\bin;C:\Program Files\Git\cmd;C:\Program Files\MySQL\MySQL Shell 8.0\bin\;C:\Users\PC\AppData\Local\Microsoft\WindowsApps;C:\Users\PC\AppData\Roaming\TinyTeX\bin\win32;C:\Users\PC\AppData\Roaming\npm;C:\Users\PC\AppData\Local\Programs\Microsoft VS Code\bin;C:\Program Files\heroku\bin
USERNAME=PC
OS=Windows_NT
PROCESSOR_IDENTIFIER=Intel64 Family 6 Model 158 Stepping 9, GenuineIntel



---------------  S Y S T E M  ---------------

OS: Windows 10 , 64 bit Build 19041 (10.0.19041.1889)

CPU:total 8 (initial active 8) (4 cores per cpu, 2 threads per core) family 6 model 158 stepping 9 microcode 0xb4, cmov, cx8, fxsr, mmx, sse, sse2, sse3, ssse3, sse4.1, sse4.2, popcnt, avx, avx2, aes, clmul, erms, 3dnowpref, lzcnt, ht, tsc, tscinvbit, bmi1, bmi2, adx, fma

Memory: 4k page, system-wide physical 16280M (2211M free)
TotalPageFile size 46727M (AvailPageFile size 2M)
current process WorkingSet (physical memory assigned to process): 19M, peak: 19M
current process commit charge ("private bytes"): 327M, peak: 327M

vm_info: Java HotSpot(TM) 64-Bit Server VM (11.0.13+10-LTS-370) for windows-amd64 JRE (11.0.13+10-LTS-370), built on Sep 15 2021 22:10:36 by "mach5one" with MS VC++ 15.9 (VS2017)

END.
