#
# A fatal error has been detected by the Java Runtime Environment:
#
#  Internal Error (safepoint.cpp:919), pid=2379, tid=37383
#  fatal error: Illegal threadstate encountered: 4
#
# JRE version: Java(TM) SE Runtime Environment 18.9 (11.0.13+10) (build 11.0.13+10-LTS-370)
# Java VM: Java HotSpot(TM) 64-Bit Server VM 18.9 (11.0.13+10-LTS-370, mixed mode, tiered, compressed oops, g1 gc, bsd-amd64)
# No core dump will be written. Core dumps have been disabled. To enable core dumping, try "ulimit -c unlimited" before starting Java again
#
# If you would like to submit a bug report, please visit:
#   https://bugreport.java.com/bugreport/crash.jsp
# The crash happened outside the Java Virtual Machine in native code.
# See problematic frame for where to report the bug.
#

---------------  S U M M A R Y ------------

Command Line: -Dfile.encoding=UTF-8 -Duser.country=SG -Duser.language=en -Duser.variant Launcher

Host: MacBookPro14,2 x86_64 3100 MHz, 4 cores, 8G, Darwin 21.6.0
Time: Wed Sep  7 16:04:59 2022 +08 elapsed time: 3.718650 seconds (0d 0h 0m 3s)

---------------  T H R E A D  ---------------

Current thread (0x00007f85d0282000):  JavaThread "InvokeLaterDispatcher" daemon [_thread_in_native, id=37383, stack(0x0000700004dfe000,0x0000700004efe000)]

Stack: [0x0000700004dfe000,0x0000700004efe000],  sp=0x0000700004efc290,  free space=1016k
Native frames: (J=compiled Java code, j=interpreted, Vv=VM code, C=native code)
V  [libjvm.dylib+0x786e36]  _ZN7VMError14report_and_dieEiPKcS1_P13__va_list_tagP6ThreadPhPvS7_S1_im+0x54c
V  [libjvm.dylib+0x25569c]  _Z12report_fatal11VMErrorTypePKciS1_z+0xbc
V  [libjvm.dylib+0x6a723c]  _ZN20SafepointSynchronize5blockEP10JavaThread+0x1d8
V  [libjvm.dylib+0x6a8da5]  _ZN18SafepointMechanism23block_if_requested_slowEP10JavaThread+0x1d
V  [libjvm.dylib+0x736692]  _ZN10JavaThread44check_safepoint_and_suspend_for_native_transEPS_+0x9c
V  [libjvm.dylib+0x3ce004]  jni_DeleteGlobalRef+0x91
C  [libglass.dylib+0x8fe8]  -[GlassRunnable dealloc]+0x28
C  [Foundation+0x8188e]  -[_NSThreadPerformInfo dealloc]+0x2a
C  [Foundation+0x4e406]  -[NSObject(NSThreadPerformAdditions) performSelectorOnMainThread:withObject:waitUntilDone:]+0x7c
j  com.sun.glass.ui.mac.MacApplication._submitForLaterInvocation(Ljava/lang/Runnable;)V+0
j  com.sun.glass.ui.mac.MacApplication.submitForLaterInvocation(Ljava/lang/Runnable;)V+2
j  com.sun.glass.ui.InvokeLaterDispatcher.run()V+82
v  ~StubRoutines::call_stub
V  [libjvm.dylib+0x38f493]  _ZN9JavaCalls11call_helperEP9JavaValueRK12methodHandleP17JavaCallArgumentsP6Thread+0x207
V  [libjvm.dylib+0x38e90b]  _ZN9JavaCalls12call_virtualEP9JavaValueP5KlassP6SymbolS5_P17JavaCallArgumentsP6Thread+0xe9
V  [libjvm.dylib+0x38e9c6]  _ZN9JavaCalls12call_virtualEP9JavaValue6HandleP5KlassP6SymbolS6_P6Thread+0x62
V  [libjvm.dylib+0x4168d3]  _ZL12thread_entryP10JavaThreadP6Thread+0x78
V  [libjvm.dylib+0x7350f6]  _ZN10JavaThread17thread_main_innerEv+0x82
V  [libjvm.dylib+0x734f47]  _ZN10JavaThread3runEv+0x121
V  [libjvm.dylib+0x732e0a]  _ZN6Thread8call_runEv+0x68
V  [libjvm.dylib+0x638a52]  _ZL19thread_native_entryP6Thread+0x136
C  [libsystem_pthread.dylib+0x64e1]  _pthread_start+0x7d
C  [libsystem_pthread.dylib+0x1f6b]  thread_start+0xf

Java frames: (J=compiled Java code, j=interpreted, Vv=VM code)
j  com.sun.glass.ui.mac.MacApplication._submitForLaterInvocation(Ljava/lang/Runnable;)V+0
j  com.sun.glass.ui.mac.MacApplication.submitForLaterInvocation(Ljava/lang/Runnable;)V+2
j  com.sun.glass.ui.InvokeLaterDispatcher.run()V+82
v  ~StubRoutines::call_stub

---------------  P R O C E S S  ---------------

Threads class SMR info:
_java_thread_list=0x0000600002f4c240, length=16, elements={
0x00007f85d0009800, 0x00007f85d00b4800, 0x00007f85d00b7800, 0x00007f85d00b9000,
0x00007f85d00bb000, 0x00007f85d00bd800, 0x00007f85d00cd000, 0x00007f85d00ce000,
0x00007f85d012e800, 0x00007f85cf84f000, 0x00007f85d020b800, 0x00007f85d0282000,
0x00007f85d0286000, 0x00007f85d2210000, 0x00007f85d03a0000, 0x00007f85d2525800
}

Java Threads: ( => current thread )
  0x00007f85d0009800 JavaThread "main" [_thread_blocked, id=10243, stack(0x0000700003ac2000,0x0000700003bc2000)]
  0x00007f85d00b4800 JavaThread "Reference Handler" daemon [_thread_blocked, id=14595, stack(0x00007000041d7000,0x00007000042d7000)]
  0x00007f85d00b7800 JavaThread "Finalizer" daemon [_thread_blocked, id=18947, stack(0x00007000042da000,0x00007000043da000)]
  0x00007f85d00b9000 JavaThread "Signal Dispatcher" daemon [_thread_blocked, id=17411, stack(0x00007000044e3000,0x00007000045e3000)]
  0x00007f85d00bb000 JavaThread "Service Thread" daemon [_thread_blocked, id=21763, stack(0x00007000045e6000,0x00007000046e6000)]
  0x00007f85d00bd800 JavaThread "C2 CompilerThread0" daemon [_thread_blocked, id=43011, stack(0x00007000046e9000,0x00007000047e9000)]
  0x00007f85d00cd000 JavaThread "C1 CompilerThread0" daemon [_thread_blocked, id=22531, stack(0x00007000047ec000,0x00007000048ec000)]
  0x00007f85d00ce000 JavaThread "Sweeper thread" daemon [_thread_blocked, id=42243, stack(0x00007000048ef000,0x00007000049ef000)]
  0x00007f85d012e800 JavaThread "Common-Cleaner" daemon [_thread_blocked, id=40963, stack(0x0000700004af5000,0x0000700004bf5000)]
  0x00007f85cf84f000 JavaThread "JavaFX-Launcher" [_thread_blocked, id=23299, stack(0x0000700004bf8000,0x0000700004cf8000)]
  0x00007f85d020b800 JavaThread "QuantumRenderer-0" daemon [_thread_blocked, id=23811, stack(0x0000700004cfb000,0x0000700004dfb000)]
=>0x00007f85d0282000 JavaThread "InvokeLaterDispatcher" daemon [_thread_in_native, id=37383, stack(0x0000700004dfe000,0x0000700004efe000)]
  0x00007f85d0286000 JavaThread "JavaFX Application Thread" [_thread_in_native_trans, id=259, stack(0x00007ff7bdc77000,0x00007ff7be477000)]
  0x00007f85d2210000 JavaThread "PulseTimer-CVDisplayLink thread" daemon [_thread_in_native, id=78347, stack(0x000070000528d000,0x000070000530d000)]
  0x00007f85d03a0000 JavaThread "Prism Font Disposer" daemon [_thread_blocked, id=55819, stack(0x0000700005393000,0x0000700005493000)]
  0x00007f85d2525800 JavaThread "Cleaner-0" daemon [_thread_blocked, id=67335, stack(0x0000700005496000,0x0000700005596000)]

Other Threads:
  0x00007f85d0010000 VMThread "VM Thread" [stack: 0x00007000040d4000,0x00007000041d4000] [id=19715]
  0x00007f85d2020800 WatcherThread [stack: 0x00007000049f2000,0x0000700004af2000] [id=41731]
  0x00007f85d001f800 GCTaskThread "GC Thread#0" [stack: 0x0000700003bc5000,0x0000700003cc5000] [id=11779]
  0x00007f85d02c6000 GCTaskThread "GC Thread#1" [stack: 0x0000700004f01000,0x0000700005001000] [id=84743]
  0x00007f85d02b8000 GCTaskThread "GC Thread#2" [stack: 0x0000700005087000,0x0000700005187000] [id=44551]
  0x00007f85d02b9000 GCTaskThread "GC Thread#3" [stack: 0x000070000518a000,0x000070000528a000] [id=48135]
  0x00007f85d0040800 ConcurrentGCThread "G1 Main Marker" [stack: 0x0000700003cc8000,0x0000700003dc8000] [id=12291]
  0x00007f85d0041800 ConcurrentGCThread "G1 Conc#0" [stack: 0x0000700003dcb000,0x0000700003ecb000] [id=21251]
  0x00007f85d0092000 ConcurrentGCThread "G1 Refine#0" [stack: 0x0000700003ece000,0x0000700003fce000] [id=13315]
  0x00007f85cf816800 ConcurrentGCThread "G1 Young RemSet Sampling" [stack: 0x0000700003fd1000,0x00007000040d1000] [id=13571]

Threads with active compile tasks:

VM state:not at safepoint (normal execution)

VM Mutex/Monitor currently owned by a thread: None

Heap address: 0x0000000780000000, size: 2048 MB, Compressed Oops mode: Zero based, Oop shift amount: 3
Narrow klass base: 0x0000000800000000, Narrow klass shift: 0
Compressed class space size: 1073741824 Address: 0x0000000800000000

Heap:
 garbage-first heap   total 131072K, used 25264K [0x0000000780000000, 0x0000000800000000)
  region size 1024K, 17 young (17408K), 4 survivors (4096K)
 Metaspace       used 23846K, capacity 24669K, committed 24960K, reserved 1071104K
  class space    used 3187K, capacity 3585K, committed 3712K, reserved 1048576K
Heap Regions: E=young(eden), S=young(survivor), O=old, HS=humongous(starts), HC=humongous(continues), CS=collection set, F=free, A=archive, TAMS=top-at-mark-start (previous, next)
|   0|0x0000000780000000, 0x0000000780100000, 0x0000000780100000|100%| O|  |TAMS 0x0000000780100000, 0x0000000780000000| Untracked 
|   1|0x0000000780100000, 0x0000000780200000, 0x0000000780200000|100%| O|  |TAMS 0x0000000780200000, 0x0000000780100000| Untracked 
|   2|0x0000000780200000, 0x0000000780300000, 0x0000000780300000|100%| O|  |TAMS 0x0000000780300000, 0x0000000780200000| Untracked 
|   3|0x0000000780300000, 0x0000000780400000, 0x0000000780400000|100%| O|  |TAMS 0x0000000780400000, 0x0000000780300000| Untracked 
|   4|0x0000000780400000, 0x00000007804ac200, 0x0000000780500000| 67%| O|  |TAMS 0x00000007804ac200, 0x0000000780400000| Untracked 
|   5|0x0000000780500000, 0x0000000780600000, 0x0000000780600000|100%|HS|  |TAMS 0x0000000780500000, 0x0000000780500000| Complete 
|   6|0x0000000780600000, 0x0000000780700000, 0x0000000780700000|100%|HC|  |TAMS 0x0000000780600000, 0x0000000780600000| Complete 
|   7|0x0000000780700000, 0x0000000780800000, 0x0000000780800000|100%|HS|  |TAMS 0x0000000780700000, 0x0000000780700000| Complete 
|   8|0x0000000780800000, 0x0000000780900000, 0x0000000780900000|100%|HC|  |TAMS 0x0000000780800000, 0x0000000780800000| Complete 
|   9|0x0000000780900000, 0x0000000780900000, 0x0000000780a00000|  0%| F|  |TAMS 0x0000000780900000, 0x0000000780900000| Untracked 
|  10|0x0000000780a00000, 0x0000000780a00000, 0x0000000780b00000|  0%| F|  |TAMS 0x0000000780a00000, 0x0000000780a00000| Untracked 
|  11|0x0000000780b00000, 0x0000000780b00000, 0x0000000780c00000|  0%| F|  |TAMS 0x0000000780b00000, 0x0000000780b00000| Untracked 
|  12|0x0000000780c00000, 0x0000000780c00000, 0x0000000780d00000|  0%| F|  |TAMS 0x0000000780c00000, 0x0000000780c00000| Untracked 
|  13|0x0000000780d00000, 0x0000000780d00000, 0x0000000780e00000|  0%| F|  |TAMS 0x0000000780d00000, 0x0000000780d00000| Untracked 
|  14|0x0000000780e00000, 0x0000000780e00000, 0x0000000780f00000|  0%| F|  |TAMS 0x0000000780e00000, 0x0000000780e00000| Untracked 
|  15|0x0000000780f00000, 0x0000000780f00000, 0x0000000781000000|  0%| F|  |TAMS 0x0000000780f00000, 0x0000000780f00000| Untracked 
|  16|0x0000000781000000, 0x0000000781000000, 0x0000000781100000|  0%| F|  |TAMS 0x0000000781000000, 0x0000000781000000| Untracked 
|  17|0x0000000781100000, 0x0000000781100000, 0x0000000781200000|  0%| F|  |TAMS 0x0000000781100000, 0x0000000781100000| Untracked 
|  18|0x0000000781200000, 0x0000000781200000, 0x0000000781300000|  0%| F|  |TAMS 0x0000000781200000, 0x0000000781200000| Untracked 
|  19|0x0000000781300000, 0x0000000781300000, 0x0000000781400000|  0%| F|  |TAMS 0x0000000781300000, 0x0000000781300000| Untracked 
|  20|0x0000000781400000, 0x0000000781400000, 0x0000000781500000|  0%| F|  |TAMS 0x0000000781400000, 0x0000000781400000| Untracked 
|  21|0x0000000781500000, 0x0000000781500000, 0x0000000781600000|  0%| F|  |TAMS 0x0000000781500000, 0x0000000781500000| Untracked 
|  22|0x0000000781600000, 0x0000000781600000, 0x0000000781700000|  0%| F|  |TAMS 0x0000000781600000, 0x0000000781600000| Untracked 
|  23|0x0000000781700000, 0x0000000781700000, 0x0000000781800000|  0%| F|  |TAMS 0x0000000781700000, 0x0000000781700000| Untracked 
|  24|0x0000000781800000, 0x0000000781800000, 0x0000000781900000|  0%| F|  |TAMS 0x0000000781800000, 0x0000000781800000| Untracked 
|  25|0x0000000781900000, 0x0000000781900000, 0x0000000781a00000|  0%| F|  |TAMS 0x0000000781900000, 0x0000000781900000| Untracked 
|  26|0x0000000781a00000, 0x0000000781a00000, 0x0000000781b00000|  0%| F|  |TAMS 0x0000000781a00000, 0x0000000781a00000| Untracked 
|  27|0x0000000781b00000, 0x0000000781b00000, 0x0000000781c00000|  0%| F|  |TAMS 0x0000000781b00000, 0x0000000781b00000| Untracked 
|  28|0x0000000781c00000, 0x0000000781c00000, 0x0000000781d00000|  0%| F|  |TAMS 0x0000000781c00000, 0x0000000781c00000| Untracked 
|  29|0x0000000781d00000, 0x0000000781d00000, 0x0000000781e00000|  0%| F|  |TAMS 0x0000000781d00000, 0x0000000781d00000| Untracked 
|  30|0x0000000781e00000, 0x0000000781e00000, 0x0000000781f00000|  0%| F|  |TAMS 0x0000000781e00000, 0x0000000781e00000| Untracked 
|  31|0x0000000781f00000, 0x0000000781f00000, 0x0000000782000000|  0%| F|  |TAMS 0x0000000781f00000, 0x0000000781f00000| Untracked 
|  32|0x0000000782000000, 0x0000000782000000, 0x0000000782100000|  0%| F|  |TAMS 0x0000000782000000, 0x0000000782000000| Untracked 
|  33|0x0000000782100000, 0x0000000782100000, 0x0000000782200000|  0%| F|  |TAMS 0x0000000782100000, 0x0000000782100000| Untracked 
|  34|0x0000000782200000, 0x0000000782200000, 0x0000000782300000|  0%| F|  |TAMS 0x0000000782200000, 0x0000000782200000| Untracked 
|  35|0x0000000782300000, 0x0000000782300000, 0x0000000782400000|  0%| F|  |TAMS 0x0000000782300000, 0x0000000782300000| Untracked 
|  36|0x0000000782400000, 0x0000000782400000, 0x0000000782500000|  0%| F|  |TAMS 0x0000000782400000, 0x0000000782400000| Untracked 
|  37|0x0000000782500000, 0x0000000782500000, 0x0000000782600000|  0%| F|  |TAMS 0x0000000782500000, 0x0000000782500000| Untracked 
|  38|0x0000000782600000, 0x0000000782600000, 0x0000000782700000|  0%| F|  |TAMS 0x0000000782600000, 0x0000000782600000| Untracked 
|  39|0x0000000782700000, 0x0000000782700000, 0x0000000782800000|  0%| F|  |TAMS 0x0000000782700000, 0x0000000782700000| Untracked 
|  40|0x0000000782800000, 0x0000000782800000, 0x0000000782900000|  0%| F|  |TAMS 0x0000000782800000, 0x0000000782800000| Untracked 
|  41|0x0000000782900000, 0x0000000782900000, 0x0000000782a00000|  0%| F|  |TAMS 0x0000000782900000, 0x0000000782900000| Untracked 
|  42|0x0000000782a00000, 0x0000000782a00000, 0x0000000782b00000|  0%| F|  |TAMS 0x0000000782a00000, 0x0000000782a00000| Untracked 
|  43|0x0000000782b00000, 0x0000000782b00000, 0x0000000782c00000|  0%| F|  |TAMS 0x0000000782b00000, 0x0000000782b00000| Untracked 
|  44|0x0000000782c00000, 0x0000000782c00000, 0x0000000782d00000|  0%| F|  |TAMS 0x0000000782c00000, 0x0000000782c00000| Untracked 
|  45|0x0000000782d00000, 0x0000000782d00000, 0x0000000782e00000|  0%| F|  |TAMS 0x0000000782d00000, 0x0000000782d00000| Untracked 
|  46|0x0000000782e00000, 0x0000000782e00000, 0x0000000782f00000|  0%| F|  |TAMS 0x0000000782e00000, 0x0000000782e00000| Untracked 
|  47|0x0000000782f00000, 0x0000000782f00000, 0x0000000783000000|  0%| F|  |TAMS 0x0000000782f00000, 0x0000000782f00000| Untracked 
|  48|0x0000000783000000, 0x0000000783000000, 0x0000000783100000|  0%| F|  |TAMS 0x0000000783000000, 0x0000000783000000| Untracked 
|  49|0x0000000783100000, 0x0000000783100000, 0x0000000783200000|  0%| F|  |TAMS 0x0000000783100000, 0x0000000783100000| Untracked 
|  50|0x0000000783200000, 0x0000000783200000, 0x0000000783300000|  0%| F|  |TAMS 0x0000000783200000, 0x0000000783200000| Untracked 
|  51|0x0000000783300000, 0x0000000783300000, 0x0000000783400000|  0%| F|  |TAMS 0x0000000783300000, 0x0000000783300000| Untracked 
|  52|0x0000000783400000, 0x0000000783400000, 0x0000000783500000|  0%| F|  |TAMS 0x0000000783400000, 0x0000000783400000| Untracked 
|  53|0x0000000783500000, 0x0000000783500000, 0x0000000783600000|  0%| F|  |TAMS 0x0000000783500000, 0x0000000783500000| Untracked 
|  54|0x0000000783600000, 0x0000000783600000, 0x0000000783700000|  0%| F|  |TAMS 0x0000000783600000, 0x0000000783600000| Untracked 
|  55|0x0000000783700000, 0x0000000783700000, 0x0000000783800000|  0%| F|  |TAMS 0x0000000783700000, 0x0000000783700000| Untracked 
|  56|0x0000000783800000, 0x0000000783800000, 0x0000000783900000|  0%| F|  |TAMS 0x0000000783800000, 0x0000000783800000| Untracked 
|  57|0x0000000783900000, 0x0000000783900000, 0x0000000783a00000|  0%| F|  |TAMS 0x0000000783900000, 0x0000000783900000| Untracked 
|  58|0x0000000783a00000, 0x0000000783a00000, 0x0000000783b00000|  0%| F|  |TAMS 0x0000000783a00000, 0x0000000783a00000| Untracked 
|  59|0x0000000783b00000, 0x0000000783b00000, 0x0000000783c00000|  0%| F|  |TAMS 0x0000000783b00000, 0x0000000783b00000| Untracked 
|  60|0x0000000783c00000, 0x0000000783c00000, 0x0000000783d00000|  0%| F|  |TAMS 0x0000000783c00000, 0x0000000783c00000| Untracked 
|  61|0x0000000783d00000, 0x0000000783d00000, 0x0000000783e00000|  0%| F|  |TAMS 0x0000000783d00000, 0x0000000783d00000| Untracked 
|  62|0x0000000783e00000, 0x0000000783e00000, 0x0000000783f00000|  0%| F|  |TAMS 0x0000000783e00000, 0x0000000783e00000| Untracked 
|  63|0x0000000783f00000, 0x0000000783f00000, 0x0000000784000000|  0%| F|  |TAMS 0x0000000783f00000, 0x0000000783f00000| Untracked 
|  64|0x0000000784000000, 0x0000000784000000, 0x0000000784100000|  0%| F|  |TAMS 0x0000000784000000, 0x0000000784000000| Untracked 
|  65|0x0000000784100000, 0x0000000784100000, 0x0000000784200000|  0%| F|  |TAMS 0x0000000784100000, 0x0000000784100000| Untracked 
|  66|0x0000000784200000, 0x0000000784200000, 0x0000000784300000|  0%| F|  |TAMS 0x0000000784200000, 0x0000000784200000| Untracked 
|  67|0x0000000784300000, 0x0000000784300000, 0x0000000784400000|  0%| F|  |TAMS 0x0000000784300000, 0x0000000784300000| Untracked 
|  68|0x0000000784400000, 0x0000000784400000, 0x0000000784500000|  0%| F|  |TAMS 0x0000000784400000, 0x0000000784400000| Untracked 
|  69|0x0000000784500000, 0x0000000784500000, 0x0000000784600000|  0%| F|  |TAMS 0x0000000784500000, 0x0000000784500000| Untracked 
|  70|0x0000000784600000, 0x0000000784600000, 0x0000000784700000|  0%| F|  |TAMS 0x0000000784600000, 0x0000000784600000| Untracked 
|  71|0x0000000784700000, 0x0000000784700000, 0x0000000784800000|  0%| F|  |TAMS 0x0000000784700000, 0x0000000784700000| Untracked 
|  72|0x0000000784800000, 0x0000000784800000, 0x0000000784900000|  0%| F|  |TAMS 0x0000000784800000, 0x0000000784800000| Untracked 
|  73|0x0000000784900000, 0x0000000784900000, 0x0000000784a00000|  0%| F|  |TAMS 0x0000000784900000, 0x0000000784900000| Untracked 
|  74|0x0000000784a00000, 0x0000000784a00000, 0x0000000784b00000|  0%| F|  |TAMS 0x0000000784a00000, 0x0000000784a00000| Untracked 
|  75|0x0000000784b00000, 0x0000000784b00000, 0x0000000784c00000|  0%| F|  |TAMS 0x0000000784b00000, 0x0000000784b00000| Untracked 
|  76|0x0000000784c00000, 0x0000000784c00000, 0x0000000784d00000|  0%| F|  |TAMS 0x0000000784c00000, 0x0000000784c00000| Untracked 
|  77|0x0000000784d00000, 0x0000000784d00000, 0x0000000784e00000|  0%| F|  |TAMS 0x0000000784d00000, 0x0000000784d00000| Untracked 
|  78|0x0000000784e00000, 0x0000000784e00000, 0x0000000784f00000|  0%| F|  |TAMS 0x0000000784e00000, 0x0000000784e00000| Untracked 
|  79|0x0000000784f00000, 0x0000000784f00000, 0x0000000785000000|  0%| F|  |TAMS 0x0000000784f00000, 0x0000000784f00000| Untracked 
|  80|0x0000000785000000, 0x0000000785000000, 0x0000000785100000|  0%| F|  |TAMS 0x0000000785000000, 0x0000000785000000| Untracked 
|  81|0x0000000785100000, 0x0000000785100000, 0x0000000785200000|  0%| F|  |TAMS 0x0000000785100000, 0x0000000785100000| Untracked 
|  82|0x0000000785200000, 0x0000000785200000, 0x0000000785300000|  0%| F|  |TAMS 0x0000000785200000, 0x0000000785200000| Untracked 
|  83|0x0000000785300000, 0x0000000785300000, 0x0000000785400000|  0%| F|  |TAMS 0x0000000785300000, 0x0000000785300000| Untracked 
|  84|0x0000000785400000, 0x0000000785400000, 0x0000000785500000|  0%| F|  |TAMS 0x0000000785400000, 0x0000000785400000| Untracked 
|  85|0x0000000785500000, 0x0000000785500000, 0x0000000785600000|  0%| F|  |TAMS 0x0000000785500000, 0x0000000785500000| Untracked 
|  86|0x0000000785600000, 0x0000000785600000, 0x0000000785700000|  0%| F|  |TAMS 0x0000000785600000, 0x0000000785600000| Untracked 
|  87|0x0000000785700000, 0x0000000785700000, 0x0000000785800000|  0%| F|  |TAMS 0x0000000785700000, 0x0000000785700000| Untracked 
|  88|0x0000000785800000, 0x0000000785800000, 0x0000000785900000|  0%| F|  |TAMS 0x0000000785800000, 0x0000000785800000| Untracked 
|  89|0x0000000785900000, 0x0000000785900000, 0x0000000785a00000|  0%| F|  |TAMS 0x0000000785900000, 0x0000000785900000| Untracked 
|  90|0x0000000785a00000, 0x0000000785a00000, 0x0000000785b00000|  0%| F|  |TAMS 0x0000000785a00000, 0x0000000785a00000| Untracked 
|  91|0x0000000785b00000, 0x0000000785b00000, 0x0000000785c00000|  0%| F|  |TAMS 0x0000000785b00000, 0x0000000785b00000| Untracked 
|  92|0x0000000785c00000, 0x0000000785c00000, 0x0000000785d00000|  0%| F|  |TAMS 0x0000000785c00000, 0x0000000785c00000| Untracked 
|  93|0x0000000785d00000, 0x0000000785d00000, 0x0000000785e00000|  0%| F|  |TAMS 0x0000000785d00000, 0x0000000785d00000| Untracked 
|  94|0x0000000785e00000, 0x0000000785e00000, 0x0000000785f00000|  0%| F|  |TAMS 0x0000000785e00000, 0x0000000785e00000| Untracked 
|  95|0x0000000785f00000, 0x0000000785f00000, 0x0000000786000000|  0%| F|  |TAMS 0x0000000785f00000, 0x0000000785f00000| Untracked 
|  96|0x0000000786000000, 0x0000000786000000, 0x0000000786100000|  0%| F|  |TAMS 0x0000000786000000, 0x0000000786000000| Untracked 
|  97|0x0000000786100000, 0x0000000786200000, 0x0000000786200000|100%| S|CS|TAMS 0x0000000786100000, 0x0000000786100000| Complete 
|  98|0x0000000786200000, 0x0000000786300000, 0x0000000786300000|100%| S|CS|TAMS 0x0000000786200000, 0x0000000786200000| Complete 
|  99|0x0000000786300000, 0x0000000786400000, 0x0000000786400000|100%| S|CS|TAMS 0x0000000786300000, 0x0000000786300000| Complete 
| 100|0x0000000786400000, 0x0000000786500000, 0x0000000786500000|100%| S|CS|TAMS 0x0000000786400000, 0x0000000786400000| Complete 
| 101|0x0000000786500000, 0x0000000786500000, 0x0000000786600000|  0%| F|  |TAMS 0x0000000786500000, 0x0000000786500000| Untracked 
| 102|0x0000000786600000, 0x0000000786600000, 0x0000000786700000|  0%| F|  |TAMS 0x0000000786600000, 0x0000000786600000| Untracked 
| 103|0x0000000786700000, 0x0000000786700000, 0x0000000786800000|  0%| F|  |TAMS 0x0000000786700000, 0x0000000786700000| Untracked 
| 104|0x0000000786800000, 0x0000000786800000, 0x0000000786900000|  0%| F|  |TAMS 0x0000000786800000, 0x0000000786800000| Untracked 
| 105|0x0000000786900000, 0x0000000786900000, 0x0000000786a00000|  0%| F|  |TAMS 0x0000000786900000, 0x0000000786900000| Untracked 
| 106|0x0000000786a00000, 0x0000000786a00000, 0x0000000786b00000|  0%| F|  |TAMS 0x0000000786a00000, 0x0000000786a00000| Untracked 
| 107|0x0000000786b00000, 0x0000000786b00000, 0x0000000786c00000|  0%| F|  |TAMS 0x0000000786b00000, 0x0000000786b00000| Untracked 
| 108|0x0000000786c00000, 0x0000000786c00000, 0x0000000786d00000|  0%| F|  |TAMS 0x0000000786c00000, 0x0000000786c00000| Untracked 
| 109|0x0000000786d00000, 0x0000000786d00000, 0x0000000786e00000|  0%| F|  |TAMS 0x0000000786d00000, 0x0000000786d00000| Untracked 
| 110|0x0000000786e00000, 0x0000000786e00000, 0x0000000786f00000|  0%| F|  |TAMS 0x0000000786e00000, 0x0000000786e00000| Untracked 
| 111|0x0000000786f00000, 0x0000000786f00000, 0x0000000787000000|  0%| F|  |TAMS 0x0000000786f00000, 0x0000000786f00000| Untracked 
| 112|0x0000000787000000, 0x0000000787000000, 0x0000000787100000|  0%| F|  |TAMS 0x0000000787000000, 0x0000000787000000| Untracked 
| 113|0x0000000787100000, 0x0000000787100000, 0x0000000787200000|  0%| F|  |TAMS 0x0000000787100000, 0x0000000787100000| Untracked 
| 114|0x0000000787200000, 0x0000000787200000, 0x0000000787300000|  0%| F|  |TAMS 0x0000000787200000, 0x0000000787200000| Untracked 
| 115|0x0000000787300000, 0x0000000787392500, 0x0000000787400000| 57%| E|  |TAMS 0x0000000787300000, 0x0000000787300000| Complete 
| 116|0x0000000787400000, 0x0000000787500000, 0x0000000787500000|100%| E|CS|TAMS 0x0000000787400000, 0x0000000787400000| Complete 
| 117|0x0000000787500000, 0x0000000787600000, 0x0000000787600000|100%| E|CS|TAMS 0x0000000787500000, 0x0000000787500000| Complete 
| 118|0x0000000787600000, 0x0000000787700000, 0x0000000787700000|100%| E|CS|TAMS 0x0000000787600000, 0x0000000787600000| Complete 
| 119|0x0000000787700000, 0x0000000787800000, 0x0000000787800000|100%| E|CS|TAMS 0x0000000787700000, 0x0000000787700000| Complete 
| 120|0x0000000787800000, 0x0000000787900000, 0x0000000787900000|100%| E|CS|TAMS 0x0000000787800000, 0x0000000787800000| Complete 
| 121|0x0000000787900000, 0x0000000787a00000, 0x0000000787a00000|100%| E|CS|TAMS 0x0000000787900000, 0x0000000787900000| Complete 
| 122|0x0000000787a00000, 0x0000000787b00000, 0x0000000787b00000|100%| E|CS|TAMS 0x0000000787a00000, 0x0000000787a00000| Complete 
| 123|0x0000000787b00000, 0x0000000787c00000, 0x0000000787c00000|100%| E|CS|TAMS 0x0000000787b00000, 0x0000000787b00000| Complete 
| 124|0x0000000787c00000, 0x0000000787d00000, 0x0000000787d00000|100%| E|CS|TAMS 0x0000000787c00000, 0x0000000787c00000| Complete 
| 125|0x0000000787d00000, 0x0000000787e00000, 0x0000000787e00000|100%| E|CS|TAMS 0x0000000787d00000, 0x0000000787d00000| Complete 
| 126|0x0000000787e00000, 0x0000000787f00000, 0x0000000787f00000|100%| E|CS|TAMS 0x0000000787e00000, 0x0000000787e00000| Complete 
| 127|0x0000000787f00000, 0x0000000788000000, 0x0000000788000000|100%| E|CS|TAMS 0x0000000787f00000, 0x0000000787f00000| Complete 

Card table byte_map: [0x0000000102255000,0x0000000102655000] _byte_map_base: 0x00000000fe655000

Marking Bits (Prev, Next): (CMBitMap*) 0x00007f85d0038050, (CMBitMap*) 0x00007f85d0038018
 Prev Bits: [0x000000011ce09000, 0x000000011ee09000)
 Next Bits: [0x000000011ae09000, 0x000000011ce09000)

Polling page: 0x0000000101bc8000

Metaspace:

Usage:
  Non-class:     20.59 MB capacity,    20.17 MB ( 98%) used,   326.19 KB (  2%) free+waste,    98.81 KB ( <1%) overhead. 
      Class:      3.50 MB capacity,     3.11 MB ( 89%) used,   343.10 KB ( 10%) free+waste,    54.12 KB (  2%) overhead. 
       Both:     24.09 MB capacity,    23.29 MB ( 97%) used,   669.29 KB (  3%) free+waste,   152.94 KB ( <1%) overhead. 

Virtual space:
  Non-class space:       22.00 MB reserved,      20.75 MB ( 94%) committed 
      Class space:        1.00 GB reserved,       3.62 MB ( <1%) committed 
             Both:        1.02 GB reserved,      24.38 MB (  2%) committed 

Chunk freelists:
   Non-Class:  4.50 KB
       Class:  0 bytes
        Both:  4.50 KB

CodeHeap 'non-profiled nmethods': size=120032Kb used=749Kb max_used=749Kb free=119282Kb
 bounds [0x00000001138d1000, 0x0000000113b41000, 0x000000011ae09000]
CodeHeap 'profiled nmethods': size=120032Kb used=3764Kb max_used=3764Kb free=116267Kb
 bounds [0x000000010c399000, 0x000000010c749000, 0x00000001138d1000]
CodeHeap 'non-nmethods': size=5696Kb used=1324Kb max_used=1358Kb free=4371Kb
 bounds [0x000000010be09000, 0x000000010c079000, 0x000000010c399000]
 total_blobs=2746 nmethods=1979 adapters=679
 compilation: enabled
              stopped_count=0, restarted_count=0
 full_count=0

Compilation events (10 events):
Event: 3.551 Thread 0x00007f85d00cd000 nmethod 1979 0x000000010c73a890 code [0x000000010c73aa60, 0x000000010c73ae50]
Event: 3.551 Thread 0x00007f85d00cd000 1980       3       java.util.WeakHashMap$EntrySet::iterator (12 bytes)
Event: 3.551 Thread 0x00007f85d00cd000 nmethod 1980 0x000000010c73af90 code [0x000000010c73b140, 0x000000010c73b3a0]
Event: 3.600 Thread 0x00007f85d00cd000 1981       3       java.lang.ref.ReferenceQueue::<init> (21 bytes)
Event: 3.600 Thread 0x00007f85d00cd000 nmethod 1981 0x000000010c73b490 code [0x000000010c73b640, 0x000000010c73b930]
Event: 3.600 Thread 0x00007f85d00cd000 1982       3       java.lang.ref.ReferenceQueue$Lock::<init> (5 bytes)
Event: 3.600 Thread 0x00007f85d00cd000 nmethod 1982 0x000000010c73ba90 code [0x000000010c73bc40, 0x000000010c73bd90]
Event: 3.685 Thread 0x00007f85d00cd000 1983       1       com.sun.glass.ui.InvokeLaterDispatcher$Future::isDone (5 bytes)
Event: 3.685 Thread 0x00007f85d00cd000 nmethod 1983 0x000000011398bf90 code [0x000000011398c120, 0x000000011398c1d0]
Event: 3.691 Thread 0x00007f85d00cd000 1984       3       javafx.scene.Node::updateLocalToParentTransform (442 bytes)

GC Heap History (6 events):
Event: 0.880 GC heap before
{Heap before GC invocations=0 (full 0):
 garbage-first heap   total 131072K, used 13312K [0x0000000780000000, 0x0000000800000000)
  region size 1024K, 14 young (14336K), 0 survivors (0K)
 Metaspace       used 10931K, capacity 11179K, committed 11520K, reserved 1058816K
  class space    used 1062K, capacity 1173K, committed 1280K, reserved 1048576K
}
Event: 0.897 GC heap after
{Heap after GC invocations=1 (full 0):
 garbage-first heap   total 131072K, used 4212K [0x0000000780000000, 0x0000000800000000)
  region size 1024K, 2 young (2048K), 2 survivors (2048K)
 Metaspace       used 10931K, capacity 11179K, committed 11520K, reserved 1058816K
  class space    used 1062K, capacity 1173K, committed 1280K, reserved 1048576K
}
Event: 1.183 GC heap before
{Heap before GC invocations=1 (full 0):
 garbage-first heap   total 131072K, used 13428K [0x0000000780000000, 0x0000000800000000)
  region size 1024K, 11 young (11264K), 2 survivors (2048K)
 Metaspace       used 13870K, capacity 14253K, committed 14464K, reserved 1062912K
  class space    used 1478K, capacity 1626K, committed 1664K, reserved 1048576K
}
Event: 1.187 GC heap after
{Heap after GC invocations=2 (full 0):
 garbage-first heap   total 131072K, used 5303K [0x0000000780000000, 0x0000000800000000)
  region size 1024K, 1 young (1024K), 1 survivors (1024K)
 Metaspace       used 13870K, capacity 14253K, committed 14464K, reserved 1062912K
  class space    used 1478K, capacity 1626K, committed 1664K, reserved 1048576K
}
Event: 1.961 GC heap before
{Heap before GC invocations=2 (full 0):
 garbage-first heap   total 131072K, used 29879K [0x0000000780000000, 0x0000000800000000)
  region size 1024K, 27 young (27648K), 1 survivors (1024K)
 Metaspace       used 20576K, capacity 21155K, committed 21248K, reserved 1067008K
  class space    used 2700K, capacity 2983K, committed 3072K, reserved 1048576K
}
Event: 1.967 GC heap after
{Heap after GC invocations=3 (full 0):
 garbage-first heap   total 131072K, used 8880K [0x0000000780000000, 0x0000000800000000)
  region size 1024K, 4 young (4096K), 4 survivors (4096K)
 Metaspace       used 20576K, capacity 21155K, committed 21248K, reserved 1067008K
  class space    used 2700K, capacity 2983K, committed 3072K, reserved 1048576K
}

Deoptimization events (10 events):
Event: 1.609 Thread 0x00007f85d0286000 Uncommon trap: reason=class_check action=maybe_recompile pc=0x00000001138f11e8 method=java.lang.String.equals(Ljava/lang/Object;)Z @ 8 c2
Event: 1.609 Thread 0x00007f85d0286000 Uncommon trap: reason=class_check action=maybe_recompile pc=0x00000001138f11e8 method=java.lang.String.equals(Ljava/lang/Object;)Z @ 8 c2
Event: 1.609 Thread 0x00007f85d0286000 Uncommon trap: reason=class_check action=maybe_recompile pc=0x00000001138f11e8 method=java.lang.String.equals(Ljava/lang/Object;)Z @ 8 c2
Event: 1.610 Thread 0x00007f85d0286000 Uncommon trap: reason=class_check action=maybe_recompile pc=0x00000001138f11e8 method=java.lang.String.equals(Ljava/lang/Object;)Z @ 8 c2
Event: 1.645 Thread 0x00007f85d0286000 Uncommon trap: reason=unstable_if action=reinterpret pc=0x000000011393c0bc method=java.lang.ClassLoader.checkName(Ljava/lang/String;)Z @ 20 c2
Event: 1.908 Thread 0x00007f85d0286000 Uncommon trap: reason=unstable_if action=reinterpret pc=0x0000000113904ee4 method=java.lang.CharacterData.of(I)Ljava/lang/CharacterData; @ 4 c2
Event: 1.909 Thread 0x00007f85d0286000 Uncommon trap: reason=unstable_if action=reinterpret pc=0x00000001138df378 method=java.lang.String.isLatin1()Z @ 10 c2
Event: 1.910 Thread 0x00007f85d0286000 Uncommon trap: reason=unstable_if action=reinterpret pc=0x00000001138ea81c method=java.lang.String.isLatin1()Z @ 10 c2
Event: 1.910 Thread 0x00007f85d0286000 Uncommon trap: reason=unstable_if action=reinterpret pc=0x000000011393ccd0 method=java.lang.String.equals(Ljava/lang/Object;)Z @ 34 c2
Event: 2.369 Thread 0x00007f85d0286000 Uncommon trap: reason=unstable_if action=reinterpret pc=0x000000011390fa24 method=jdk.internal.org.objectweb.asm.Type.getArgumentsAndReturnSizes(Ljava/lang/String;)I @ 47 c2

Classes redefined (0 events):
No events

Internal exceptions (10 events):
Event: 1.504 Thread 0x00007f85d0286000 Implicit null exception at 0x0000000113924f15 to 0x0000000113925324
Event: 1.504 Thread 0x00007f85d0286000 Implicit null exception at 0x00000001139290fe to 0x0000000113929ee4
Event: 1.914 Thread 0x00007f85d0286000 Exception <a 'java/lang/NoSuchMethodError'{0x0000000786725158}: java.lang.invoke.Invokers$Holder.linkToTargetMethod(Ljava/lang/Object;ILjava/lang/Object;)Ljava/lang/Object;> (0x0000000786725158) thrown at [./open/src/hotspot/share/interpreter/linkResolver
Event: 1.958 Thread 0x00007f85d0286000 Exception <a 'java/lang/NoSuchMethodError'{0x00000007865be7d0}: java.lang.invoke.DirectMethodHandle$Holder.invokeInterface(Ljava/lang/Object;Ljava/lang/Object;Ljava/lang/Object;)Ljava/lang/Object;> (0x00000007865be7d0) thrown at [./open/src/hotspot/share/
Event: 1.958 Thread 0x00007f85d0286000 Exception <a 'java/lang/IncompatibleClassChangeError'{0x00000007865c1988}: Found class java.lang.Object, but interface was expected> (0x00000007865c1988) thrown at [./open/src/hotspot/share/interpreter/linkResolver.cpp, line 838]
Event: 2.078 Thread 0x00007f85d0286000 Exception <a 'java/lang/NoSuchMethodError'{0x0000000787c76e30}: java.lang.invoke.DirectMethodHandle$Holder.invokeStaticInit(Ljava/lang/Object;Ljava/lang/Object;)I> (0x0000000787c76e30) thrown at [./open/src/hotspot/share/interpreter/linkResolver.cpp, line
Event: 2.369 Thread 0x00007f85d0286000 Exception <a 'java/lang/NoSuchMethodError'{0x00000007876f6610}: java.lang.invoke.DirectMethodHandle$Holder.invokeStaticInit(Ljava/lang/Object;Ljava/lang/Object;Ljava/lang/Object;)J> (0x00000007876f6610) thrown at [./open/src/hotspot/share/interpreter/link
Event: 2.372 Thread 0x00007f85d0286000 Exception <a 'java/lang/NoSuchMethodError'{0x000000078750f0f8}: java.lang.invoke.DirectMethodHandle$Holder.invokeStatic(Ljava/lang/Object;Ljava/lang/Object;J)Ljava/lang/Object;> (0x000000078750f0f8) thrown at [./open/src/hotspot/share/interpreter/linkReso
Event: 2.372 Thread 0x00007f85d0286000 Exception <a 'java/lang/NoSuchMethodError'{0x0000000787515270}: java.lang.invoke.Invokers$Holder.linkToTargetMethod(Ljava/lang/Object;JLjava/lang/Object;)Ljava/lang/Object;> (0x0000000787515270) thrown at [./open/src/hotspot/share/interpreter/linkResolver
Event: 2.644 Thread 0x00007f85d020b800 Exception <a 'java/lang/NoSuchMethodError'{0x00000007874f36c8}: java.lang.invoke.DirectMethodHandle$Holder.invokeStaticInit(Ljava/lang/Object;I)Ljava/lang/Object;> (0x00000007874f36c8) thrown at [./open/src/hotspot/share/interpreter/linkResolver.cpp, line

Events (10 events):
Event: 2.715 loading class java/util/EnumMap$EnumMapIterator done
Event: 2.715 loading class java/util/EnumMap$ValueIterator done
Event: 2.716 loading class javafx/event/Event
Event: 2.716 loading class javafx/event/Event done
Event: 2.716 loading class javafx/event/Event
Event: 2.716 loading class javafx/event/Event done
Event: 2.716 loading class javafx/scene/Node
Event: 2.716 loading class javafx/scene/Node done
Event: 3.264 Thread 0x00007f85d020b800 DEOPT PACKING pc=0x000000010c72dcd4 sp=0x0000700004df8f80
Event: 3.264 Thread 0x00007f85d020b800 DEOPT UNPACKING pc=0x000000010be2f0ca sp=0x0000700004df83f8 mode 0


Dynamic libraries:
0x0000000101ba9000 	/Users/sheryl/Downloads/jdk-11.0.13.jdk/Contents/Home/lib/jli/libjli.dylib
0x00007ff818fe4000 	/System/Library/Frameworks/Cocoa.framework/Versions/A/Cocoa
0x00007ff804c3c000 	/System/Library/Frameworks/AppKit.framework/Versions/C/AppKit
0x00007ff808153000 	/System/Library/Frameworks/CoreData.framework/Versions/A/CoreData
0x00007ff80303f000 	/System/Library/Frameworks/Foundation.framework/Versions/C/Foundation
0x00007ff80cf75000 	/usr/lib/libSystem.B.dylib
0x00007ff805acc000 	/System/Library/PrivateFrameworks/UIFoundation.framework/Versions/A/UIFoundation
0x00007ff812ee6000 	/System/Library/PrivateFrameworks/RemoteViewServices.framework/Versions/A/RemoteViewServices
0x00007ff80b1c9000 	/System/Library/PrivateFrameworks/XCTTargetBootstrap.framework/Versions/A/XCTTargetBootstrap
0x00007ff80ed7c000 	/System/Library/PrivateFrameworks/InternationalSupport.framework/Versions/A/InternationalSupport
0x00007ff80ee06000 	/System/Library/PrivateFrameworks/UserActivity.framework/Versions/A/UserActivity
0x00007ff80e15c000 	/usr/lib/libspindump.dylib
0x00007ff805d5b000 	/System/Library/Frameworks/UniformTypeIdentifiers.framework/Versions/A/UniformTypeIdentifiers
0x00007ff8098ed000 	/usr/lib/libapp_launch_measurement.dylib
0x00007ff808b25000 	/System/Library/PrivateFrameworks/CoreAnalytics.framework/Versions/A/CoreAnalytics
0x00007ff8098f0000 	/System/Library/PrivateFrameworks/CoreAutoLayout.framework/Versions/A/CoreAutoLayout
0x00007ff80ab20000 	/System/Library/Frameworks/Metal.framework/Versions/A/Metal
0x00007ff80b84f000 	/usr/lib/liblangid.dylib
0x00007ff80b1ce000 	/System/Library/PrivateFrameworks/CoreSVG.framework/Versions/A/CoreSVG
0x00007ff807147000 	/System/Library/PrivateFrameworks/SkyLight.framework/Versions/A/SkyLight
0x00007ff8074e6000 	/System/Library/Frameworks/CoreGraphics.framework/Versions/A/CoreGraphics
0x00007ff8135a6000 	/System/Library/Frameworks/Accelerate.framework/Versions/A/Accelerate
0x00007ff80dbdb000 	/System/Library/PrivateFrameworks/IconServices.framework/Versions/A/IconServices
0x00007ff80ab05000 	/System/Library/Frameworks/IOSurface.framework/Versions/A/IOSurface
0x00007ff808b53000 	/usr/lib/libDiagnosticMessagesClient.dylib
0x00007ff80ce95000 	/usr/lib/libz.1.dylib
0x00007ff816c88000 	/System/Library/Frameworks/ApplicationServices.framework/Versions/A/ApplicationServices
0x00007ff80b1b5000 	/System/Library/PrivateFrameworks/DFRFoundation.framework/Versions/A/DFRFoundation
0x00007ff804524000 	/usr/lib/libicucore.A.dylib
0x00007ff80fb72000 	/System/Library/Frameworks/AudioToolbox.framework/Versions/A/AudioToolbox
0x00007ff80ed88000 	/System/Library/PrivateFrameworks/DataDetectorsCore.framework/Versions/A/DataDetectorsCore
0x00007ff90b286000 	/System/Library/PrivateFrameworks/TextInput.framework/Versions/A/TextInput
0x00007ff8070ca000 	/usr/lib/libMobileGestalt.dylib
0x00007ff80aec1000 	/System/Library/Frameworks/Carbon.framework/Versions/A/Frameworks/HIToolbox.framework/Versions/A/HIToolbox
0x00007ff8092f0000 	/System/Library/Frameworks/QuartzCore.framework/Versions/A/QuartzCore
0x00007ff8041c9000 	/System/Library/Frameworks/Security.framework/Versions/A/Security
0x00007ff812f1e000 	/System/Library/Frameworks/Carbon.framework/Versions/A/Frameworks/SpeechRecognition.framework/Versions/A/SpeechRecognition
0x00007ff80964d000 	/System/Library/PrivateFrameworks/CoreUI.framework/Versions/A/CoreUI
0x00007ff803a93000 	/System/Library/Frameworks/CoreAudio.framework/Versions/A/CoreAudio
0x00007ff808c42000 	/System/Library/Frameworks/DiskArbitration.framework/Versions/A/DiskArbitration
0x00007ff80e54a000 	/System/Library/PrivateFrameworks/MultitouchSupport.framework/Versions/A/MultitouchSupport
0x00007ff8070c9000 	/usr/lib/libenergytrace.dylib
0x00007ff804b28000 	/System/Library/Frameworks/IOKit.framework/Versions/A/IOKit
0x00007ff81330e000 	/System/Library/Frameworks/CoreServices.framework/Versions/A/CoreServices
0x00007ff809887000 	/System/Library/PrivateFrameworks/PerformanceAnalysis.framework/Versions/A/PerformanceAnalysis
0x00007ffa1af68000 	/System/Library/Frameworks/OpenGL.framework/Versions/A/OpenGL
0x00007ff80c4b1000 	/System/Library/PrivateFrameworks/MobileKeyBag.framework/Versions/A/MobileKeyBag
0x00007ff802009000 	/usr/lib/libobjc.A.dylib
0x00007ff807bb2000 	/System/Library/Frameworks/ColorSync.framework/Versions/A/ColorSync
0x00007ff8021c3000 	/System/Library/Frameworks/CoreFoundation.framework/Versions/A/CoreFoundation
0x00007ff80b445000 	/System/Library/Frameworks/CoreImage.framework/Versions/A/CoreImage
0x00007ff8038a7000 	/System/Library/Frameworks/CoreText.framework/Versions/A/CoreText
0x00007ff80b1fe000 	/System/Library/Frameworks/ImageIO.framework/Versions/A/ImageIO
0x00007ff80cf7b000 	/System/Library/PrivateFrameworks/SoftLinking.framework/Versions/A/SoftLinking
0x00007ff809938000 	/usr/lib/libxml2.2.dylib
0x00007ff8020cf000 	/usr/lib/libc++.1.dylib
0x00007ff80d1ff000 	/usr/lib/libcompression.dylib
0x00007ff80ecaf000 	/System/Library/PrivateFrameworks/TextureIO.framework/Versions/A/TextureIO
0x00007ff80d8ed000 	/usr/lib/libate.dylib
0x00007ff80cf70000 	/usr/lib/system/libcache.dylib
0x00007ff80cf2c000 	/usr/lib/system/libcommonCrypto.dylib
0x00007ff80cf55000 	/usr/lib/system/libcompiler_rt.dylib
0x00007ff80cf4b000 	/usr/lib/system/libcopyfile.dylib
0x00007ff801f04000 	/usr/lib/system/libcorecrypto.dylib
0x00007ff801fc2000 	/usr/lib/system/libdispatch.dylib
0x00007ff802182000 	/usr/lib/system/libdyld.dylib
0x00007ff80cf67000 	/usr/lib/system/libkeymgr.dylib
0x00007ff80cf0a000 	/usr/lib/system/libmacho.dylib
0x00007ff80c58b000 	/usr/lib/system/libquarantine.dylib
0x00007ff80cf65000 	/usr/lib/system/libremovefile.dylib
0x00007ff807117000 	/usr/lib/system/libsystem_asl.dylib
0x00007ff801ead000 	/usr/lib/system/libsystem_blocks.dylib
0x00007ff802046000 	/usr/lib/system/libsystem_c.dylib
0x00007ff80cf5d000 	/usr/lib/system/libsystem_collections.dylib
0x00007ff80b83f000 	/usr/lib/system/libsystem_configuration.dylib
0x00007ff80aae8000 	/usr/lib/system/libsystem_containermanager.dylib
0x00007ff80cc42000 	/usr/lib/system/libsystem_coreservices.dylib
0x00007ff8047b8000 	/usr/lib/system/libsystem_darwin.dylib
0x00007ff80cf68000 	/usr/lib/system/libsystem_dnssd.dylib
0x00007ff802043000 	/usr/lib/system/libsystem_featureflags.dylib
0x00007ff802198000 	/usr/lib/system/libsystem_info.dylib
0x00007ff80cea8000 	/usr/lib/system/libsystem_m.dylib
0x00007ff801f96000 	/usr/lib/system/libsystem_malloc.dylib
0x00007ff8070b2000 	/usr/lib/system/libsystem_networkextension.dylib
0x00007ff804bde000 	/usr/lib/system/libsystem_notify.dylib
0x00007ff8131e3000 	/usr/lib/system/libsystem_product_info_filter.dylib
0x00007ff80b843000 	/usr/lib/system/libsystem_sandbox.dylib
0x00007ff80cf62000 	/usr/lib/system/libsystem_secinit.dylib
0x00007ff80213e000 	/usr/lib/system/libsystem_kernel.dylib
0x00007ff80218e000 	/usr/lib/system/libsystem_platform.dylib
0x00007ff802176000 	/usr/lib/system/libsystem_pthread.dylib
0x00007ff808965000 	/usr/lib/system/libsystem_symptoms.dylib
0x00007ff801eeb000 	/usr/lib/system/libsystem_trace.dylib
0x00007ff80cf38000 	/usr/lib/system/libunwind.dylib
0x00007ff801eaf000 	/usr/lib/system/libxpc.dylib
0x00007ff802128000 	/usr/lib/libc++abi.dylib
0x00007ff80cf43000 	/usr/lib/liboah.dylib
0x00007ff80d6c9000 	/usr/lib/liblzma.5.dylib
0x00007ff802d51000 	/System/Library/Frameworks/SystemConfiguration.framework/Versions/A/SystemConfiguration
0x00007ff80cf77000 	/usr/lib/libfakelink.dylib
0x00007ff806c22000 	/System/Library/Frameworks/CFNetwork.framework/Versions/A/CFNetwork
0x00007ff80d0b8000 	/usr/lib/libarchive.2.dylib
0x00007ff80b84b000 	/System/Library/PrivateFrameworks/AppleSystemInfo.framework/Versions/A/AppleSystemInfo
0x00007ff80c5b2000 	/usr/lib/libbsm.0.dylib
0x00007ff806231000 	/usr/lib/libnetwork.dylib
0x00007ff80cf10000 	/usr/lib/system/libkxld.dylib
0x00007ff80c1e5000 	/System/Library/PrivateFrameworks/IOMobileFramebuffer.framework/Versions/A/IOMobileFramebuffer
0x00007ffb1a932000 	/usr/lib/libCoreEntitlements.dylib
0x00007ff80cc24000 	/System/Library/PrivateFrameworks/AppleFSCompression.framework/Versions/A/AppleFSCompression
0x00007ff80c59a000 	/usr/lib/libcoretls.dylib
0x00007ff80d6e3000 	/usr/lib/libcoretls_cfhelpers.dylib
0x00007ff80d1fa000 	/usr/lib/libpam.2.dylib
0x00007ff808584000 	/usr/lib/libsqlite3.dylib
0x00007ff80d752000 	/usr/lib/libxar.1.dylib
0x00007ff80cc34000 	/usr/lib/libbz2.1.0.dylib
0x00007ff80cf7c000 	/usr/lib/libpcap.A.dylib
0x00007ff80895d000 	/usr/lib/libdns_services.dylib
0x00007ff80d1ca000 	/usr/lib/libapple_nghttp2.dylib
0x00007ff80cfb6000 	/usr/lib/libiconv.2.dylib
0x00007ff80cf09000 	/usr/lib/libcharset.1.dylib
0x00007ff8098bb000 	/System/Library/Frameworks/CoreServices.framework/Versions/A/Frameworks/FSEvents.framework/Versions/A/FSEvents
0x00007ff8047c2000 	/System/Library/Frameworks/CoreServices.framework/Versions/A/Frameworks/CarbonCore.framework/Versions/A/CarbonCore
0x00007ff808ba6000 	/System/Library/Frameworks/CoreServices.framework/Versions/A/Frameworks/Metadata.framework/Versions/A/Metadata
0x00007ff80cc47000 	/System/Library/Frameworks/CoreServices.framework/Versions/A/Frameworks/OSServices.framework/Versions/A/OSServices
0x00007ff80d13f000 	/System/Library/Frameworks/CoreServices.framework/Versions/A/Frameworks/SearchKit.framework/Versions/A/SearchKit
0x00007ff8088ef000 	/System/Library/Frameworks/CoreServices.framework/Versions/A/Frameworks/AE.framework/Versions/A/AE
0x00007ff8026c6000 	/System/Library/Frameworks/CoreServices.framework/Versions/A/Frameworks/LaunchServices.framework/Versions/A/LaunchServices
0x00007ff80d67a000 	/System/Library/Frameworks/CoreServices.framework/Versions/A/Frameworks/DictionaryServices.framework/Versions/A/DictionaryServices
0x00007ff8098c8000 	/System/Library/Frameworks/CoreServices.framework/Versions/A/Frameworks/SharedFileList.framework/Versions/A/SharedFileList
0x00007ff80c58e000 	/usr/lib/libCheckFix.dylib
0x00007ff80712e000 	/System/Library/PrivateFrameworks/TCC.framework/Versions/A/TCC
0x00007ff80b851000 	/System/Library/PrivateFrameworks/CoreNLP.framework/Versions/A/CoreNLP
0x00007ff808b56000 	/System/Library/PrivateFrameworks/MetadataUtilities.framework/Versions/A/MetadataUtilities
0x00007ff802e02000 	/usr/lib/libmecabra.dylib
0x00007ff80c5c2000 	/usr/lib/libmecab.dylib
0x00007ff802dcd000 	/usr/lib/libCRFSuite.dylib
0x00007ff80c61c000 	/usr/lib/libgermantok.dylib
0x00007ff80d1a5000 	/usr/lib/libThaiTokenizer.dylib
0x00007ff808c49000 	/System/Library/Frameworks/Accelerate.framework/Versions/A/Frameworks/vImage.framework/Versions/A/vImage
0x00007ff8132e5000 	/System/Library/Frameworks/Accelerate.framework/Versions/A/Frameworks/vecLib.framework/Versions/A/vecLib
0x00007ff80d793000 	/System/Library/Frameworks/Accelerate.framework/Versions/A/Frameworks/vecLib.framework/Versions/A/libvMisc.dylib
0x00007ff80c010000 	/System/Library/Frameworks/Accelerate.framework/Versions/A/Frameworks/vecLib.framework/Versions/A/libvDSP.dylib
0x00007ff802a41000 	/System/Library/Frameworks/Accelerate.framework/Versions/A/Frameworks/vecLib.framework/Versions/A/libBLAS.dylib
0x00007ff80d2dc000 	/System/Library/Frameworks/Accelerate.framework/Versions/A/Frameworks/vecLib.framework/Versions/A/libLAPACK.dylib
0x00007ff80c61f000 	/System/Library/Frameworks/Accelerate.framework/Versions/A/Frameworks/vecLib.framework/Versions/A/libLinearAlgebra.dylib
0x00007ff80d1e2000 	/System/Library/Frameworks/Accelerate.framework/Versions/A/Frameworks/vecLib.framework/Versions/A/libSparseBLAS.dylib
0x00007ff80d2d6000 	/System/Library/Frameworks/Accelerate.framework/Versions/A/Frameworks/vecLib.framework/Versions/A/libQuadrature.dylib
0x00007ff80b93c000 	/System/Library/Frameworks/Accelerate.framework/Versions/A/Frameworks/vecLib.framework/Versions/A/libBNNS.dylib
0x00007ff802cdb000 	/System/Library/Frameworks/Accelerate.framework/Versions/A/Frameworks/vecLib.framework/Versions/A/libSparse.dylib
0x00007ff80b935000 	/System/Library/PrivateFrameworks/LinguisticData.framework/Versions/A/LinguisticData
0x00007ff802c91000 	/System/Library/PrivateFrameworks/Lexicon.framework/Versions/A/Lexicon
0x00007ff80d78c000 	/usr/lib/libChineseTokenizer.dylib
0x00007ff8033fc000 	/System/Library/PrivateFrameworks/LanguageModeling.framework/Versions/A/LanguageModeling
0x00007ff80d1a7000 	/System/Library/PrivateFrameworks/AppleSauce.framework/Versions/A/AppleSauce
0x00007ff80c1d3000 	/System/Library/PrivateFrameworks/CoreEmoji.framework/Versions/A/CoreEmoji
0x00007ff80d0a7000 	/usr/lib/libcmph.dylib
0x00007ff80989f000 	/System/Library/Frameworks/OpenDirectory.framework/Versions/A/Frameworks/CFOpenDirectory.framework/Versions/A/CFOpenDirectory
0x00007ff809893000 	/System/Library/Frameworks/OpenDirectory.framework/Versions/A/OpenDirectory
0x00007ff80d6e5000 	/System/Library/PrivateFrameworks/APFS.framework/Versions/A/APFS
0x00007ff80c4e9000 	/System/Library/Frameworks/SecurityFoundation.framework/Versions/A/SecurityFoundation
0x00007ff80d760000 	/usr/lib/libutil.dylib
0x00007ff804aec000 	/System/Library/PrivateFrameworks/CoreServicesStore.framework/Versions/A/CoreServicesStore
0x00007ff80d764000 	/usr/lib/libxslt.1.dylib
0x00007ff80c576000 	/System/Library/PrivateFrameworks/BackgroundTaskManagement.framework/Versions/A/BackgroundTaskManagement
0x00007ff80ebcf000 	/System/Library/Frameworks/ImageIO.framework/Versions/A/Resources/libRadiance.dylib
0x00007ff80ebd8000 	/System/Library/Frameworks/ImageIO.framework/Versions/A/Resources/libJPEG.dylib
0x00007ff80eb29000 	/System/Library/Frameworks/ImageIO.framework/Versions/A/Resources/libPng.dylib
0x00007ff80eb4a000 	/System/Library/Frameworks/ImageIO.framework/Versions/A/Resources/libTIFF.dylib
0x00007ff80ec38000 	/System/Library/Frameworks/ImageIO.framework/Versions/A/Resources/libGIF.dylib
0x00007ff80e464000 	/System/Library/Frameworks/ImageIO.framework/Versions/A/Resources/libJP2.dylib
0x00007ff80dba2000 	/usr/lib/libexpat.1.dylib
0x00007ff80e419000 	/System/Library/PrivateFrameworks/AppleJPEG.framework/Versions/A/AppleJPEG
0x00007ff80ad85000 	/System/Library/PrivateFrameworks/FontServices.framework/libFontParser.dylib
0x00007ff808899000 	/System/Library/PrivateFrameworks/RunningBoardServices.framework/Versions/A/RunningBoardServices
0x00007ff81959f000 	/System/Library/PrivateFrameworks/IOSurfaceAccelerator.framework/Versions/A/IOSurfaceAccelerator
0x00007ff80e546000 	/System/Library/PrivateFrameworks/WatchdogClient.framework/Versions/A/WatchdogClient
0x00007ff8034ea000 	/System/Library/Frameworks/CoreDisplay.framework/Versions/A/CoreDisplay
0x00007ff80ac83000 	/System/Library/Frameworks/CoreMedia.framework/Versions/A/CoreMedia
0x00007ff80ab17000 	/System/Library/PrivateFrameworks/IOAccelerator.framework/Versions/A/IOAccelerator
0x00007ff809a1c000 	/System/Library/Frameworks/CoreVideo.framework/Versions/A/CoreVideo
0x00007ff80d1f8000 	/System/Library/Frameworks/MetalPerformanceShaders.framework/Versions/A/MetalPerformanceShaders
0x00007ff80e583000 	/System/Library/Frameworks/VideoToolbox.framework/Versions/A/VideoToolbox
0x00007ff8087e3000 	/System/Library/PrivateFrameworks/BaseBoard.framework/Versions/A/BaseBoard
0x00007ff80856a000 	/System/Library/PrivateFrameworks/ProtocolBuffer.framework/Versions/A/ProtocolBuffer
0x00007ff80ebc8000 	/System/Library/PrivateFrameworks/GPUWrangler.framework/Versions/A/GPUWrangler
0x00007ff80ebac000 	/System/Library/PrivateFrameworks/IOPresentment.framework/Versions/A/IOPresentment
0x00007ff80ebd2000 	/System/Library/PrivateFrameworks/DSExternalDisplay.framework/Versions/A/DSExternalDisplay
0x00007ffa1af5c000 	/System/Library/Frameworks/OpenGL.framework/Versions/A/Libraries/libCoreFSCache.dylib
0x00007ffb08033000 	/System/Library/PrivateFrameworks/GPUCompiler.framework/Versions/31001/Libraries/libGPUCompilerUtils.dylib
0x00007ff80ec3d000 	/System/Library/PrivateFrameworks/CMCaptureCore.framework/Versions/A/CMCaptureCore
0x00007ff80e14a000 	/System/Library/PrivateFrameworks/AppServerSupport.framework/Versions/A/AppServerSupport
0x00007ff81040b000 	/System/Library/PrivateFrameworks/perfdata.framework/Versions/A/perfdata
0x00007ff803616000 	/System/Library/PrivateFrameworks/AudioToolboxCore.framework/Versions/A/AudioToolboxCore
0x00007ff80ac61000 	/System/Library/PrivateFrameworks/caulk.framework/Versions/A/caulk
0x00007ff80fd1d000 	/usr/lib/libAudioStatistics.dylib
0x00007ff907a14000 	/System/Library/PrivateFrameworks/SystemPolicy.framework/Versions/A/SystemPolicy
0x00007ff80ff78000 	/usr/lib/libSMC.dylib
0x00007ff818e97000 	/System/Library/Frameworks/CoreMIDI.framework/Versions/A/CoreMIDI
0x00007ff80eaf8000 	/usr/lib/libAudioToolboxUtility.dylib
0x00007ff903c40000 	/System/Library/PrivateFrameworks/OSAServicesClient.framework/Versions/A/OSAServicesClient
0x00007ff810418000 	/usr/lib/libperfcheck.dylib
0x00007ff9084c1000 	/usr/lib/libmis.dylib
0x00007ffa1afb7000 	/System/Library/Frameworks/OpenGL.framework/Versions/A/Libraries/libGLU.dylib
0x00007ffa1af7b000 	/System/Library/Frameworks/OpenGL.framework/Versions/A/Libraries/libGFXShared.dylib
0x00007ffa1b184000 	/System/Library/Frameworks/OpenGL.framework/Versions/A/Libraries/libGL.dylib
0x00007ffa1af84000 	/System/Library/Frameworks/OpenGL.framework/Versions/A/Libraries/libGLImage.dylib
0x00007ffa1af78000 	/System/Library/Frameworks/OpenGL.framework/Versions/A/Libraries/libCVMSPluginSupport.dylib
0x00007ffa1af63000 	/System/Library/Frameworks/OpenGL.framework/Versions/A/Libraries/libCoreVMClient.dylib
0x00007ff80b7cd000 	/System/Library/Frameworks/MetalPerformanceShaders.framework/Versions/A/Frameworks/MPSCore.framework/Versions/A/MPSCore
0x00007ff80cb8f000 	/System/Library/Frameworks/MetalPerformanceShaders.framework/Versions/A/Frameworks/MPSImage.framework/Versions/A/MPSImage
0x00007ff80c635000 	/System/Library/Frameworks/MetalPerformanceShaders.framework/Versions/A/Frameworks/MPSNeuralNetwork.framework/Versions/A/MPSNeuralNetwork
0x00007ff80caa9000 	/System/Library/Frameworks/MetalPerformanceShaders.framework/Versions/A/Frameworks/MPSMatrix.framework/Versions/A/MPSMatrix
0x00007ff80c864000 	/System/Library/Frameworks/MetalPerformanceShaders.framework/Versions/A/Frameworks/MPSRayIntersector.framework/Versions/A/MPSRayIntersector
0x00007ff80cae1000 	/System/Library/Frameworks/MetalPerformanceShaders.framework/Versions/A/Frameworks/MPSNDArray.framework/Versions/A/MPSNDArray
0x00007ffa20a3c000 	/System/Library/Frameworks/MetalPerformanceShaders.framework/Versions/A/Frameworks/MPSFunctions.framework/Versions/A/MPSFunctions
0x00007ff80291d000 	/System/Library/PrivateFrameworks/MetalTools.framework/Versions/A/MetalTools
0x00007ff80b849000 	/System/Library/PrivateFrameworks/AggregateDictionary.framework/Versions/A/AggregateDictionary
0x00007ff80d984000 	/usr/lib/libIOReport.dylib
0x00007ffa1c593000 	/System/Library/Frameworks/OpenCL.framework/Versions/A/OpenCL
0x00007ff80dce8000 	/System/Library/PrivateFrameworks/FaceCore.framework/Versions/A/FaceCore
0x00007ff80dcd9000 	/System/Library/PrivateFrameworks/GraphVisualizer.framework/Versions/A/GraphVisualizer
0x00007ffb07f3e000 	/System/Library/PrivateFrameworks/FontServices.framework/Versions/A/FontServices
0x00007ff80e102000 	/System/Library/PrivateFrameworks/OTSVG.framework/Versions/A/OTSVG
0x00007ff809603000 	/System/Library/Frameworks/ApplicationServices.framework/Versions/A/Frameworks/ATS.framework/Versions/A/Resources/libFontRegistry.dylib
0x00007ff80e152000 	/System/Library/PrivateFrameworks/FontServices.framework/libhvf.dylib
0x00007ffb07f3f000 	/System/Library/PrivateFrameworks/FontServices.framework/libXTFontStaticRegistryData.dylib
0x00007ff80db52000 	/System/Library/PrivateFrameworks/AppleVA.framework/Versions/A/AppleVA
0x00007ff80fd3d000 	/System/Library/Frameworks/ApplicationServices.framework/Versions/A/Frameworks/ATS.framework/Versions/A/ATS
0x00007ff807cb0000 	/System/Library/Frameworks/ApplicationServices.framework/Versions/A/Frameworks/HIServices.framework/Versions/A/HIServices
0x00007ff80ec47000 	/System/Library/Frameworks/ApplicationServices.framework/Versions/A/Frameworks/PrintCore.framework/Versions/A/PrintCore
0x00007ff8100cb000 	/System/Library/Frameworks/ApplicationServices.framework/Versions/A/Frameworks/QD.framework/Versions/A/QD
0x00007ff8100c3000 	/System/Library/Frameworks/ApplicationServices.framework/Versions/A/Frameworks/ColorSyncLegacy.framework/Versions/A/ColorSyncLegacy
0x00007ff80fd2d000 	/System/Library/Frameworks/ApplicationServices.framework/Versions/A/Frameworks/SpeechSynthesis.framework/Versions/A/SpeechSynthesis
0x00007ff80ec08000 	/System/Library/Frameworks/ApplicationServices.framework/Versions/A/Frameworks/ATSUI.framework/Versions/A/ATSUI
0x00007ff810058000 	/usr/lib/libcups.2.dylib
0x00007ff810427000 	/System/Library/Frameworks/Kerberos.framework/Versions/A/Kerberos
0x00007ff810436000 	/System/Library/Frameworks/GSS.framework/Versions/A/GSS
0x00007ff80fda9000 	/usr/lib/libresolv.9.dylib
0x00007ff80e161000 	/System/Library/PrivateFrameworks/Heimdal.framework/Versions/A/Heimdal
0x00007ff81701a000 	/System/Library/Frameworks/Kerberos.framework/Versions/A/Libraries/libHeimdalProxy.dylib
0x00007ff80896d000 	/System/Library/Frameworks/Network.framework/Versions/A/Network
0x00007ff80dbbc000 	/usr/lib/libheimdal-asn1.dylib
0x00007ff810481000 	/System/Library/PrivateFrameworks/CommonAuth.framework/Versions/A/CommonAuth
0x00007ff80fcaf000 	/System/Library/PrivateFrameworks/AudioSession.framework/Versions/A/AudioSession
0x00007ff80dc4c000 	/System/Library/PrivateFrameworks/MediaExperience.framework/Versions/A/MediaExperience
0x00007ff80fb41000 	/System/Library/PrivateFrameworks/AudioSession.framework/libSessionUtility.dylib
0x00007ff8100d7000 	/System/Library/PrivateFrameworks/AudioResourceArbitration.framework/Versions/A/AudioResourceArbitration
0x00007ff814158000 	/System/Library/PrivateFrameworks/PowerLog.framework/Versions/A/PowerLog
0x00007ff80dbc5000 	/System/Library/PrivateFrameworks/IconFoundation.framework/Versions/A/IconFoundation
0x00007ff812f0e000 	/System/Library/PrivateFrameworks/SpeechRecognitionCore.framework/Versions/A/SpeechRecognitionCore
0x0000000102922000 	/Users/sheryl/Downloads/jdk-11.0.13.jdk/Contents/Home/lib/server/libjvm.dylib
0x0000000101bd7000 	/Users/sheryl/Downloads/jdk-11.0.13.jdk/Contents/Home/lib/libverify.dylib
0x0000000101c13000 	/Users/sheryl/Downloads/jdk-11.0.13.jdk/Contents/Home/lib/libjava.dylib
0x0000000101be7000 	/Users/sheryl/Downloads/jdk-11.0.13.jdk/Contents/Home/lib/libjimage.dylib
0x0000000101c00000 	/Users/sheryl/Downloads/jdk-11.0.13.jdk/Contents/Home/lib/libzip.dylib
0x00000001026b8000 	/Users/sheryl/Downloads/jdk-11.0.13.jdk/Contents/Home/lib/libnio.dylib
0x00000001026e3000 	/Users/sheryl/Downloads/jdk-11.0.13.jdk/Contents/Home/lib/libnet.dylib
0x00000001026ca000 	/Users/sheryl/.openjfx/cache/16/libprism_es2.dylib
0x00007ff804aae000 	/System/Library/PrivateFrameworks/CoreServicesInternal.framework/Versions/A/CoreServicesInternal
0x00007ffa1b18f000 	/System/Library/Frameworks/OpenGL.framework/Versions/A/Resources/GLEngine.bundle/GLEngine
0x00007ffa1aff5000 	/System/Library/Frameworks/OpenGL.framework/Versions/A/Libraries/libGLProgrammability.dylib
0x00007ffa1000b000 	/System/Library/Extensions/AppleIntelKBLGraphicsGLDriver.bundle/Contents/MacOS/AppleIntelKBLGraphicsGLDriver
0x00007ff91265c000 	/System/Library/PrivateFrameworks/GPUSupport.framework/Versions/A/Libraries/libGPUSupportMercury.dylib
0x00007ffa1b319000 	/System/Library/Frameworks/OpenGL.framework/Versions/A/Resources/GLRendererFloat.bundle/GLRendererFloat
0x00000001231a5000 	/Users/sheryl/.openjfx/cache/16/libglass.dylib
0x00007ff814749000 	/System/Library/Frameworks/FileProvider.framework/Versions/A/FileProvider
0x00007ff808750000 	/System/Library/Frameworks/Accounts.framework/Versions/A/Accounts
0x00007ff8148c2000 	/System/Library/PrivateFrameworks/GenerationalStorage.framework/Versions/A/GenerationalStorage
0x00007ff8153d2000 	/System/Library/PrivateFrameworks/CoreSymbolication.framework/Versions/A/CoreSymbolication
0x00007ff81414d000 	/System/Library/PrivateFrameworks/SymptomDiagnosticReporter.framework/Versions/A/SymptomDiagnosticReporter
0x00007ff805d6f000 	/System/Library/PrivateFrameworks/DesktopServicesPriv.framework/Versions/A/DesktopServicesPriv
0x00007ff804bed000 	/usr/lib/libsandbox.1.dylib
0x00007ff809a9b000 	/System/Library/PrivateFrameworks/UserManagement.framework/Versions/A/UserManagement
0x00007ff815397000 	/System/Library/PrivateFrameworks/DebugSymbols.framework/Versions/A/DebugSymbols
0x00007ff8100b8000 	/System/Library/PrivateFrameworks/NetAuth.framework/Versions/A/NetAuth
0x00007ff810fc7000 	/System/Library/PrivateFrameworks/Sharing.framework/Versions/A/Sharing
0x00007ff809a6e000 	/System/Library/PrivateFrameworks/login.framework/Versions/A/Frameworks/loginsupport.framework/Versions/A/loginsupport
0x00007ff816535000 	/System/Library/PrivateFrameworks/Apple80211.framework/Versions/A/Apple80211
0x00007ff80cc74000 	/System/Library/PrivateFrameworks/AuthKit.framework/Versions/A/AuthKit
0x00007ff80c2c9000 	/System/Library/PrivateFrameworks/CoreUtils.framework/Versions/A/CoreUtils
0x00007ff80c1f0000 	/System/Library/Frameworks/CoreWLAN.framework/Versions/A/CoreWLAN
0x00007ff811126000 	/System/Library/Frameworks/IOBluetooth.framework/Versions/A/IOBluetooth
0x00007ff81659d000 	/System/Library/PrivateFrameworks/CoreWiFi.framework/Versions/A/CoreWiFi
0x00007ff814f6c000 	/System/Library/PrivateFrameworks/FrontBoardServices.framework/Versions/A/FrontBoardServices
0x00007ff814ffd000 	/System/Library/PrivateFrameworks/BoardServices.framework/Versions/A/BoardServices
0x00007ff80c4d8000 	/System/Library/PrivateFrameworks/AssertionServices.framework/Versions/A/AssertionServices
0x00007ff816720000 	/System/Library/PrivateFrameworks/BackBoardServices.framework/Versions/A/BackBoardServices
0x00007ff810512000 	/System/Library/PrivateFrameworks/CorePhoneNumbers.framework/Versions/A/CorePhoneNumbers
0x00007ff80fdd6000 	/System/Library/PrivateFrameworks/MultiverseSupport.framework/Versions/A/MultiverseSupport
0x00007ff816993000 	/System/Library/PrivateFrameworks/RemoteServiceDiscovery.framework/Versions/A/RemoteServiceDiscovery
0x00007ff81426a000 	/System/Library/PrivateFrameworks/DiskManagement.framework/Versions/A/DiskManagement
0x00007ff81417e000 	/System/Library/PrivateFrameworks/AppleIDAuthSupport.framework/Versions/A/AppleIDAuthSupport
0x00007ffb028b9000 	/System/Library/PrivateFrameworks/AAAFoundation.framework/Versions/A/AAAFoundation
0x00007ff8104f3000 	/System/Library/PrivateFrameworks/KeychainCircle.framework/Versions/A/KeychainCircle
0x00007ff8169a3000 	/System/Library/PrivateFrameworks/RemoteXPC.framework/Versions/A/RemoteXPC
0x00007ff814236000 	/System/Library/PrivateFrameworks/MediaKit.framework/Versions/A/MediaKit
0x00007ff81418a000 	/System/Library/Frameworks/DiscRecording.framework/Versions/A/DiscRecording
0x00007ff80daca000 	/usr/lib/libCoreStorage.dylib
0x00007ff816a0e000 	/usr/lib/libcsfde.dylib
0x00007ff8111f3000 	/System/Library/PrivateFrameworks/ProtectedCloudStorage.framework/Versions/A/ProtectedCloudStorage
0x00007ff816a0a000 	/System/Library/PrivateFrameworks/EFILogin.framework/Versions/A/EFILogin
0x00007ff8148e8000 	/System/Library/PrivateFrameworks/OctagonTrust.framework/Versions/A/OctagonTrust
0x00007ffb071a1000 	/System/Library/PrivateFrameworks/CoreUtilsExtras.framework/Versions/A/CoreUtilsExtras
0x00007ff8140b1000 	/System/Library/Frameworks/CoreBluetooth.framework/Versions/A/CoreBluetooth
0x00007ff81709f000 	/System/Library/Frameworks/AudioUnit.framework/Versions/A/AudioUnit
0x00007ff80dac2000 	/usr/lib/libMatch.1.dylib
0x00007ff90cae5000 	/System/Library/Frameworks/Accelerate.framework/Versions/A/Frameworks/vImage.framework/Versions/A/Libraries/libCGInterfaces.dylib
0x0000000124659000 	/usr/lib/libobjc-trampolines.dylib
0x00007ff809793000 	/System/Library/PrivateFrameworks/ViewBridge.framework/Versions/A/ViewBridge
0x00007ff80e218000 	/System/Library/PrivateFrameworks/login.framework/Versions/A/login
0x0000000126fe9000 	/Users/sheryl/.openjfx/cache/16/libjavafx_iio.dylib
0x0000000126fac000 	/Users/sheryl/.openjfx/cache/16/libjavafx_font.dylib


VM Arguments:
jvm_args: -Dfile.encoding=UTF-8 -Duser.country=SG -Duser.language=en -Duser.variant 
java_command: Launcher
java_class_path (initial): /Users/sheryl/CS2103T/ip/build/classes/java/main:/Users/sheryl/CS2103T/ip/build/resources/main:/Users/sheryl/.gradle/caches/modules-2/files-2.1/org.testng/testng/7.1.0/b0bcea778fb2899aeb4014c558babea8833d180a/testng-7.1.0.jar:/Users/sheryl/.gradle/caches/modules-2/files-2.1/org.openjfx/javafx-fxml/16/369f646fc29d2223cc98cfc3c059f2409b3e8fcb/javafx-fxml-16-win.jar:/Users/sheryl/.gradle/caches/modules-2/files-2.1/org.openjfx/javafx-fxml/16/7e4f07a331991485560673a398d6988cc805b67f/javafx-fxml-16-mac.jar:/Users/sheryl/.gradle/caches/modules-2/files-2.1/org.openjfx/javafx-fxml/16/c7147c450773c3d4fd038ac9d1a6fdebbc3c11e0/javafx-fxml-16-linux.jar:/Users/sheryl/.gradle/caches/modules-2/files-2.1/org.openjfx/javafx-controls/16/65cdeae29c67d25932dcc66ca4f7d269923631ba/javafx-controls-16-win.jar:/Users/sheryl/.gradle/caches/modules-2/files-2.1/org.openjfx/javafx-controls/16/8df933b095bdd8203dc937e39e3a9f199654e47e/javafx-controls-16-mac.jar:/Users/sheryl/.gradle/caches/modules-2/files-2.1/org.openjfx/javafx-controls/16/116b127e512d23ddb84c62017c256e7f67f5b9eb/javafx-controls-16-linux.jar:/Users/sheryl/.gradle/caches/modules-2/files-2.1/org.openjfx/javafx-controls/16/d8334d505d5eb64400ae57f989c3db9dd47dcee3/javafx-controls-16.jar:/Users/sheryl/.gradle/caches/modules-2/files-2.1/org.openjfx/javafx-graphics/16/cd18f8477818b40cfdbcfec7e2fc15f632f0a2f/javafx-graphics-16-win.jar:/Users/sheryl/.gradle/caches/modules-2/files-2.1/org.openjfx/javafx-graphics/16/a45de3d40e217f7ba22cecf54abc281d13a172f6/javafx-graphics-16-mac.jar:/Users/sheryl/.gradle/caches/modules-2/files-2.1/org.openjfx/javafx-graphics/16/1bf2fd9f083daa2f492c4c58c4f7d5acb6f4b7d/javafx-graphics-16-linux.jar:/Users/sheryl/.gradle/caches/modules-2/files-2.1/org.openjfx/javafx-graphics/16/ddd09436524cfea7995db18f93b6c9a2ec54bff3/javafx-graphics-16.jar:/Users/sheryl/.gradle/caches/modules-2/files-2.1/org.openjfx/javafx-base/16/e0564fea3f27dd3a10fa62e5005612333fc244bc/javafx-base-16-win.jar:/User
Launcher Type: SUN_STANDARD

[Global flags]
     intx CICompilerCount                          = 3                                         {product} {ergonomic}
     uint ConcGCThreads                            = 1                                         {product} {ergonomic}
     uint G1ConcRefinementThreads                  = 4                                         {product} {ergonomic}
   size_t G1HeapRegionSize                         = 1048576                                   {product} {ergonomic}
    uintx GCDrainStackTargetSize                   = 64                                        {product} {ergonomic}
   size_t InitialHeapSize                          = 134217728                                 {product} {ergonomic}
   size_t MarkStackSize                            = 4194304                                   {product} {ergonomic}
   size_t MaxHeapSize                              = 2147483648                                {product} {ergonomic}
   size_t MaxNewSize                               = 1287651328                                {product} {ergonomic}
   size_t MinHeapDeltaBytes                        = 1048576                                   {product} {ergonomic}
    uintx NonNMethodCodeHeapSize                   = 5830732                                {pd product} {ergonomic}
    uintx NonProfiledCodeHeapSize                  = 122913754                              {pd product} {ergonomic}
    uintx ProfiledCodeHeapSize                     = 122913754                              {pd product} {ergonomic}
    uintx ReservedCodeCacheSize                    = 251658240                              {pd product} {ergonomic}
     bool SegmentedCodeCache                       = true                                      {product} {ergonomic}
     bool UseCompressedClassPointers               = true                                 {lp64_product} {ergonomic}
     bool UseCompressedOops                        = true                                 {lp64_product} {ergonomic}
     bool UseG1GC                                  = true                                      {product} {ergonomic}

Logging:
Log output configuration:
 #0: stdout all=warning uptime,level,tags
 #1: stderr all=off uptime,level,tags

Environment Variables:
PATH=/Library/Frameworks/Python.framework/Versions/3.10/bin:/usr/local/bin:/usr/bin:/bin:/usr/sbin:/sbin
SHELL=/bin/zsh

Signal Handlers:
SIGSEGV: [libjvm.dylib+0x787cc8], sa_mask[0]=11111111011111110111111111111111, sa_flags=SA_ONSTACK|SA_RESTART|SA_SIGINFO
SIGBUS: [libjvm.dylib+0x787cc8], sa_mask[0]=11111111011111110111111111111111, sa_flags=SA_RESTART|SA_SIGINFO
SIGFPE: [libjvm.dylib+0x787cc8], sa_mask[0]=11111111011111110111111111111111, sa_flags=SA_RESTART|SA_SIGINFO
SIGPIPE: [libjvm.dylib+0x63aa37], sa_mask[0]=11111111011111110111111111111111, sa_flags=SA_RESTART|SA_SIGINFO
SIGXFSZ: [libjvm.dylib+0x63aa37], sa_mask[0]=11111111011111110111111111111111, sa_flags=SA_RESTART|SA_SIGINFO
SIGILL: [libjvm.dylib+0x787cc8], sa_mask[0]=11111111011111110111111111111111, sa_flags=SA_RESTART|SA_SIGINFO
SIGUSR2: [libjvm.dylib+0x63b00c], sa_mask[0]=00100000000000000000000000000000, sa_flags=SA_RESTART|SA_SIGINFO
SIGHUP: [libjvm.dylib+0x639b0f], sa_mask[0]=11111111011111110111111111111111, sa_flags=SA_RESTART|SA_SIGINFO
SIGINT: [libjvm.dylib+0x639b0f], sa_mask[0]=11111111011111110111111111111111, sa_flags=SA_RESTART|SA_SIGINFO
SIGTERM: [libjvm.dylib+0x639b0f], sa_mask[0]=11111111011111110111111111111111, sa_flags=SA_RESTART|SA_SIGINFO
SIGQUIT: [libjvm.dylib+0x639b0f], sa_mask[0]=11111111011111110111111111111111, sa_flags=SA_RESTART|SA_SIGINFO


---------------  S Y S T E M  ---------------

OS:uname:Darwin 21.6.0 Darwin Kernel Version 21.6.0: Sat Jun 18 17:07:25 PDT 2022; root:xnu-8020.140.41~1/RELEASE_X86_64 x86_64
rlimit: STACK 8192k, CORE 0k, NPROC 1392, NOFILE 10240, AS infinity, DATA infinity, FSIZE infinity
load average:2.53 3.08 3.38

CPU:total 4 (initial active 4) (2 cores per cpu, 2 threads per core) family 6 model 142 stepping 9 microcode 0xf0, cmov, cx8, fxsr, mmx, sse, sse2, sse3, ssse3, sse4.1, sse4.2, popcnt, avx, avx2, aes, clmul, erms, 3dnowpref, lzcnt, ht, tsc, tscinvbit, bmi1, bmi2, adx, fma

Memory: 4k page, physical 8388608k(11376k free)

vm_info: Java HotSpot(TM) 64-Bit Server VM (11.0.13+10-LTS-370) for bsd-amd64 JRE (11.0.13+10-LTS-370), built on Sep 15 2021 21:10:43 by "mach5one" with gcc 4.2.1 Compatible Apple LLVM 11.0.0 (clang-1100.0.33.17)

END.
