#
# A fatal error has been detected by the Java Runtime Environment:
#
#  SIGSEGV (0xb) at pc=0x000000010bc55224, pid=76037, tid=259
#
# JRE version: Java(TM) SE Runtime Environment 18.9 (11.0.13+10) (build 11.0.13+10-LTS-370)
# Java VM: Java HotSpot(TM) 64-Bit Server VM 18.9 (11.0.13+10-LTS-370, mixed mode, tiered, compressed oops, g1 gc, bsd-amd64)
# Problematic frame:
# V  [libjvm.dylib+0x765224]  _ZN16RawAccessBarrierILy2670710EE13load_internalILy2670710EjEEN8EnableIfIXsr12HasDecoratorIXT_EXL_ZL12MO_UNORDEREDEEEE5valueET0_E4typeEPv+0x4
#
# No core dump will be written. Core dumps have been disabled. To enable core dumping, try "ulimit -c unlimited" before starting Java again
#
# If you would like to submit a bug report, please visit:
#   https://bugreport.java.com/bugreport/crash.jsp
#

---------------  S U M M A R Y ------------

Command Line: -Dfile.encoding=UTF-8 -Duser.country=SG -Duser.language=en -Duser.variant Launcher

Host: MacBookPro14,2 x86_64 3100 MHz, 4 cores, 8G, Darwin 21.6.0
Time: Sat Sep  3 21:12:41 2022 +08 elapsed time: 1.470157 seconds (0d 0h 0m 1s)

---------------  T H R E A D  ---------------

Current thread (0x00007f9ea11a7000):  JavaThread "Thread-2" [_thread_in_vm, id=259, stack(0x00007ff7b50a9000,0x00007ff7b58a9000)]

Stack: [0x00007ff7b50a9000,0x00007ff7b58a9000],  sp=0x00007ff7b58a3ac0,  free space=8170k
Native frames: (J=compiled Java code, j=interpreted, Vv=VM code, C=native code)
V  [libjvm.dylib+0x765224]  _ZN16RawAccessBarrierILy2670710EE13load_internalILy2670710EjEEN8EnableIfIXsr12HasDecoratorIXT_EXL_ZL12MO_UNORDEREDEEEE5valueET0_E4typeEPv+0x4
V  [libjvm.dylib+0x7651d9]  _ZN16RawAccessBarrierILy2670710EE8oop_loadIP7oopDescEET_Pv+0x9
V  [libjvm.dylib+0x765265]  _ZN12G1BarrierSet13AccessBarrierILy2670710ES_E19oop_load_in_heap_atEP7oopDescl+0x15
V  [libjvm.dylib+0x711b2d]  _ZL26unpack_method_and_appendix6HandleP5Klass14objArrayHandlePS_P6Thread+0x5d
V  [libjvm.dylib+0x712b69]  _ZN16SystemDictionary30find_dynamic_call_site_invokerEP5Klassi6HandleP6SymbolS4_PS2_S5_P6Thread+0x4dd
V  [libjvm.dylib+0x5310b6]  _ZN12LinkResolver20resolve_dynamic_callER8CallInfoi6HandleP6SymbolS4_P5KlassP6Thread+0x48
V  [libjvm.dylib+0x530c15]  _ZN12LinkResolver21resolve_invokedynamicER8CallInfoRK18constantPoolHandleiP6Thread+0x193
V  [libjvm.dylib+0x38a4cc]  _ZN18InterpreterRuntime21resolve_invokedynamicEP10JavaThread+0x120
V  [libjvm.dylib+0x38a5a6]  _ZN18InterpreterRuntime18resolve_from_cacheEP10JavaThreadN9Bytecodes4CodeE+0x70
j  com.sun.glass.ui.Screen.<clinit>()V+4
v  ~StubRoutines::call_stub
V  [libjvm.dylib+0x38f493]  _ZN9JavaCalls11call_helperEP9JavaValueRK12methodHandleP17JavaCallArgumentsP6Thread+0x207
V  [libjvm.dylib+0x3781ea]  _ZN13InstanceKlass22call_class_initializerEP6Thread+0x19e
V  [libjvm.dylib+0x377b53]  _ZN13InstanceKlass15initialize_implEP6Thread+0x493
V  [libjvm.dylib+0x52eee0]  _ZN12LinkResolver19resolve_static_callER8CallInfoRK8LinkInfobP6Thread+0x6a
V  [libjvm.dylib+0x53094d]  _ZN12LinkResolver20resolve_invokestaticER8CallInfoRK18constantPoolHandleiP6Thread+0x35
V  [libjvm.dylib+0x389f7a]  _ZN18InterpreterRuntime14resolve_invokeEP10JavaThreadN9Bytecodes4CodeE+0x21e
V  [libjvm.dylib+0x38a56d]  _ZN18InterpreterRuntime18resolve_from_cacheEP10JavaThreadN9Bytecodes4CodeE+0x37
j  com.sun.glass.ui.Application.lambda$run$1(Ljava/lang/Runnable;)V+0
j  com.sun.glass.ui.Application$$Lambda$68.run()V+4
j  com.sun.glass.ui.mac.MacApplication.lambda$runLoop$3(Ljava/lang/Runnable;)V+12
j  com.sun.glass.ui.mac.MacApplication$$Lambda$69.run()V+8
v  ~StubRoutines::call_stub
V  [libjvm.dylib+0x38f493]  _ZN9JavaCalls11call_helperEP9JavaValueRK12methodHandleP17JavaCallArgumentsP6Thread+0x207
V  [libjvm.dylib+0x3ceaff]  _ZL20jni_invoke_nonstaticP7JNIEnv_P9JavaValueP8_jobject11JNICallTypeP10_jmethodIDP18JNI_ArgumentPusherP6Thread+0x25b
V  [libjvm.dylib+0x3d334e]  jni_CallVoidMethod+0x1d3
C  [libglass.dylib+0x9282]  -[GlassApplication applicationWillFinishLaunching:]+0x192
C  [CoreFoundation+0x7576c]  __CFNOTIFICATIONCENTER_IS_CALLING_OUT_TO_AN_OBSERVER__+0xc
C  [CoreFoundation+0x112b62]  ___CFXRegistrationPost_block_invoke+0x31
C  [CoreFoundation+0x112ae0]  _CFXRegistrationPost+0x1f0
C  [CoreFoundation+0x473a8]  _CFXNotificationPost+0x2df
C  [Foundation+0x97ae]  -[NSNotificationCenter postNotificationName:object:userInfo:]+0x52
C  [AppKit+0x2ffbf]  -[NSApplication finishLaunching]+0x147
C  [AppKit+0x2fbc9]  -[NSApplication run]+0xfa
C  [libglass.dylib+0xaf60]  -[GlassApplication runLoop:]+0x750
C  [Foundation+0x814f7]  __NSThreadPerformPerform+0xb3
C  [CoreFoundation+0x801ab]  __CFRUNLOOP_IS_CALLING_OUT_TO_A_SOURCE0_PERFORM_FUNCTION__+0x11
C  [CoreFoundation+0x80113]  __CFRunLoopDoSource0+0xb4
C  [CoreFoundation+0x7fe8d]  __CFRunLoopDoSources0+0xf2
C  [CoreFoundation+0x7e8a8]  __CFRunLoopRun+0x37c
C  [CoreFoundation+0x7de6c]  CFRunLoopRunSpecific+0x232
C  [libjli.dylib+0x65ac]  CreateExecutionEnvironment+0x18e
C  [libjli.dylib+0x2817]  JLI_Launch+0x523
C  [java+0x12cc]  main+0x16c
C  0x000000011a5c852e

Java frames: (J=compiled Java code, j=interpreted, Vv=VM code)
j  com.sun.glass.ui.Screen.<clinit>()V+4
v  ~StubRoutines::call_stub
j  com.sun.glass.ui.Application.lambda$run$1(Ljava/lang/Runnable;)V+0
j  com.sun.glass.ui.Application$$Lambda$68.run()V+4
j  com.sun.glass.ui.mac.MacApplication.lambda$runLoop$3(Ljava/lang/Runnable;)V+12
j  com.sun.glass.ui.mac.MacApplication$$Lambda$69.run()V+8
v  ~StubRoutines::call_stub

siginfo: si_signo: 11 (SIGSEGV), si_code: 1 (SEGV_MAPERR), si_addr: 0x0000000000000010

Register to memory mapping:

RAX=0x0000000000000010 is an unknown value
RBX=0x0 is NULL
RCX=0x0 is NULL
RDX=0x000000010be45858: _ZN8Universe11_narrow_oopE+0 in /Users/sheryl/Downloads/jdk-11.0.13.jdk/Contents/Home/lib/server/libjvm.dylib at 0x000000010b4f0000
RSP=0x00007ff7b58a3ac0 is pointing into the stack for thread: 0x00007f9ea11a7000
RBP=0x00007ff7b58a3ac0 is pointing into the stack for thread: 0x00007f9ea11a7000
RSI=0x0000000000000010 is an unknown value
RDI=0x0000000000000010 is an unknown value
R8 =0x00007ff7b58a3cc8 is pointing into the stack for thread: 0x00007f9ea11a7000
R9 =0x00007f9ea11a7000 is a thread
R10=0x000000010be86f00: _ZN19TemplateInterpreter13_active_tableE+0x4000 in /Users/sheryl/Downloads/jdk-11.0.13.jdk/Contents/Home/lib/server/libjvm.dylib at 0x000000010b4f0000
R11=0x000000011ac876e0 is at entry_point+32 in (nmethod*)0x000000011ac87510
R12=0x00000008001195c8 is a pointer to class: 
com.sun.glass.ui.Screen {0x00000008001195c8}
R13=0x00007ff7b58a3cb8 is pointing into the stack for thread: 0x00007f9ea11a7000
R14=0x0000000000000010 is an unknown value
R15=0x00007f9ea10ccef0 points into unknown readable memory: 0x00007f9ea080d330 | 30 d3 80 a0 9e 7f 00 00


Registers:
RAX=0x0000000000000010, RBX=0x0000000000000000, RCX=0x0000000000000000, RDX=0x000000010be45858
RSP=0x00007ff7b58a3ac0, RBP=0x00007ff7b58a3ac0, RSI=0x0000000000000010, RDI=0x0000000000000010
R8 =0x00007ff7b58a3cc8, R9 =0x00007f9ea11a7000, R10=0x000000010be86f00, R11=0x000000011ac876e0
R12=0x00000008001195c8, R13=0x00007ff7b58a3cb8, R14=0x0000000000000010, R15=0x00007f9ea10ccef0
RIP=0x000000010bc55224, EFLAGS=0x0000000000010202, ERR=0x0000000000000004
  TRAPNO=0x000000000000000e

Top of Stack: (sp=0x00007ff7b58a3ac0)
0x00007ff7b58a3ac0:   00007ff7b58a3ad0 000000010bc551d9
0x00007ff7b58a3ad0:   00007ff7b58a3b00 000000010bc55265
0x00007ff7b58a3ae0:   000000010be692a1 000000011a0f7508
0x00007ff7b58a3af0:   00007f9ea11a7000 00007f9ea10ccef0
0x00007ff7b58a3b00:   00007ff7b58a3b60 000000010bc01b2d
0x00007ff7b58a3b10:   000000010bcacbac 0000000000000008
0x00007ff7b58a3b20:   0000000000000000 0000000000000000
0x00007ff7b58a3b30:   00007ff7b58a3cc8 0000000787d56950
0x00007ff7b58a3b40:   00007ff7b58a3cc8 00007f9ea10ccea8
0x00007ff7b58a3b50:   00007f9ea11a7000 00007ff7b58a3cb8
0x00007ff7b58a3b60:   00007ff7b58a3c80 000000010bc02b69
0x00007ff7b58a3b70:   1961dacc8c120008 00007f9e0000000c
0x00007ff7b58a3b80:   0000000787d56950 00007f9ea10ccef0
0x00007ff7b58a3b90:   0000000000000000 0000000000000000
0x00007ff7b58a3ba0:   00007ff7b58a3be0 00000008001195c8
0x00007ff7b58a3bb0:   00007f9ea10ccee8 000001180b3e0a40
0x00007ff7b58a3bc0:   00007f9ea10cceb8 00007ff7b58a3cb8
0x00007ff7b58a3bd0:   0000000000000000 000000078742a4a0
0x00007ff7b58a3be0:   00007ff700000118 0000000787efc470
0x00007ff7b58a3bf0:   000000078730b510 0000000787efd440
0x00007ff7b58a3c00:   000000078730b368 000000078730b598
0x00007ff7b58a3c10:   000100010bcacbac 0101010101000100
0x00007ff7b58a3c20:   00007ff7b58a3cc8 00007ff7b58a3bd8
0x00007ff7b58a3c30:   00007ff7b58a3c19 0000000800000007
0x00007ff7b58a3c40:   00007ff7b58a3c00 0000000000000000
0x00007ff7b58a3c50:   1961dacc8c120008 0000000000000000
0x00007ff7b58a3c60:   00000000ffffffb1 000000010b4254d8
0x00007ff7b58a3c70:   00007ff7b58a3dc8 00007f9ea11a7000
0x00007ff7b58a3c80:   00007ff7b58a3cf0 000000010ba210b6
0x00007ff7b58a3c90:   00007ff7b58a3cc8 00007ff7b58a3cd0
0x00007ff7b58a3ca0:   00007f9ea11a7000 0000000000000008
0x00007ff7b58a3cb0:   0000600002d0ecc0 010000010b73e3eb 

Instructions: (pc=0x000000010bc55224)
0x000000010bc55204:   5d e9 16 00 00 00 66 0f 1f 44 00 00 55 48 89 e5
0x000000010bc55214:   5d e9 16 00 00 00 66 0f 1f 44 00 00 55 48 89 e5
0x000000010bc55224:   8b 07 5d c3 0f 1f 84 00 00 00 00 00 55 48 89 e5
0x000000010bc55234:   5d e9 e6 f3 fe ff 66 0f 1f 44 00 00 55 48 89 e5 

Stack slot to memory mapping:
stack at sp + 0 slots: 0x00007ff7b58a3ad0 is pointing into the stack for thread: 0x00007f9ea11a7000
stack at sp + 1 slots: 0x000000010bc551d9: _ZN16RawAccessBarrierILy2670710EE8oop_loadIP7oopDescEET_Pv+0x9 in /Users/sheryl/Downloads/jdk-11.0.13.jdk/Contents/Home/lib/server/libjvm.dylib at 0x000000010b4f0000
stack at sp + 2 slots: 0x00007ff7b58a3b00 is pointing into the stack for thread: 0x00007f9ea11a7000
stack at sp + 3 slots: 0x000000010bc55265: _ZN12G1BarrierSet13AccessBarrierILy2670710ES_E19oop_load_in_heap_atEP7oopDescl+0x15 in /Users/sheryl/Downloads/jdk-11.0.13.jdk/Contents/Home/lib/server/libjvm.dylib at 0x000000010b4f0000
stack at sp + 4 slots: 0x000000010be692a1: UseCompressedClassPointers+0 in /Users/sheryl/Downloads/jdk-11.0.13.jdk/Contents/Home/lib/server/libjvm.dylib at 0x000000010b4f0000
stack at sp + 5 slots: {method} {0x000000011a0f7508} 'linkToTargetMethod' '(Ljava/lang/Object;)Ljava/lang/Object;' in 'java/lang/invoke/Invokers$Holder'
stack at sp + 6 slots: 0x00007f9ea11a7000 is a thread
stack at sp + 7 slots: 0x00007f9ea10ccef0 points into unknown readable memory: 0x00007f9ea080d330 | 30 d3 80 a0 9e 7f 00 00


---------------  P R O C E S S  ---------------

Threads class SMR info:
_java_thread_list=0x0000600003858e60, length=13, elements={
0x00007f9ea080a800, 0x00007f9ea083d000, 0x00007f9ea0842000, 0x00007f9ea0844800,
0x00007f9ea0846000, 0x00007f9ea0847000, 0x00007f9ea084f000, 0x00007f9ea0850000,
0x00007f9ea2093800, 0x00007f9ea30a2000, 0x00007f9ea0958000, 0x00007f9ea11ad000,
0x00007f9ea11a7000
}

Java Threads: ( => current thread )
  0x00007f9ea080a800 JavaThread "main" [_thread_blocked, id=9987, stack(0x0000700003e3d000,0x0000700003f3d000)]
  0x00007f9ea083d000 JavaThread "Reference Handler" daemon [_thread_blocked, id=13571, stack(0x0000700004552000,0x0000700004652000)]
  0x00007f9ea0842000 JavaThread "Finalizer" daemon [_thread_blocked, id=18179, stack(0x0000700004655000,0x0000700004755000)]
  0x00007f9ea0844800 JavaThread "Signal Dispatcher" daemon [_thread_blocked, id=15619, stack(0x000070000485e000,0x000070000495e000)]
  0x00007f9ea0846000 JavaThread "Service Thread" daemon [_thread_blocked, id=21763, stack(0x0000700004961000,0x0000700004a61000)]
  0x00007f9ea0847000 JavaThread "C2 CompilerThread0" daemon [_thread_blocked, id=43267, stack(0x0000700004a64000,0x0000700004b64000)]
  0x00007f9ea084f000 JavaThread "C1 CompilerThread0" daemon [_thread_blocked, id=22787, stack(0x0000700004b67000,0x0000700004c67000)]
  0x00007f9ea0850000 JavaThread "Sweeper thread" daemon [_thread_blocked, id=42243, stack(0x0000700004c6a000,0x0000700004d6a000)]
  0x00007f9ea2093800 JavaThread "Common-Cleaner" daemon [_thread_blocked, id=23555, stack(0x0000700004e70000,0x0000700004f70000)]
  0x00007f9ea30a2000 JavaThread "JavaFX-Launcher" [_thread_blocked, id=41219, stack(0x0000700004f73000,0x0000700005073000)]
  0x00007f9ea0958000 JavaThread "QuantumRenderer-0" daemon [_thread_blocked, id=24323, stack(0x0000700005076000,0x0000700005176000)]
  0x00007f9ea11ad000 JavaThread "InvokeLaterDispatcher" daemon [_thread_blocked, id=37635, stack(0x0000700005179000,0x0000700005279000)]
=>0x00007f9ea11a7000 JavaThread "Thread-2" [_thread_in_vm, id=259, stack(0x00007ff7b50a9000,0x00007ff7b58a9000)]

Other Threads:
  0x00007f9ea2091000 VMThread "VM Thread" [stack: 0x000070000444f000,0x000070000454f000] [id=18691]
  0x00007f9ea089e800 WatcherThread [stack: 0x0000700004d6d000,0x0000700004e6d000] [id=23299]
  0x00007f9ea080b800 GCTaskThread "GC Thread#0" [stack: 0x0000700003f40000,0x0000700004040000] [id=11267]
  0x00007f9ea202d800 ConcurrentGCThread "G1 Main Marker" [stack: 0x0000700004043000,0x0000700004143000] [id=20483]
  0x00007f9ea202e000 ConcurrentGCThread "G1 Conc#0" [stack: 0x0000700004146000,0x0000700004246000] [id=12291]
  0x00007f9ea207e800 ConcurrentGCThread "G1 Refine#0" [stack: 0x0000700004249000,0x0000700004349000] [id=20227]
  0x00007f9ea0817000 ConcurrentGCThread "G1 Young RemSet Sampling" [stack: 0x000070000434c000,0x000070000444c000] [id=19715]

Threads with active compile tasks:

VM state:not at safepoint (normal execution)

VM Mutex/Monitor currently owned by a thread: None

Heap address: 0x0000000780000000, size: 2048 MB, Compressed Oops mode: Zero based, Oop shift amount: 3
Narrow klass base: 0x0000000800000000, Narrow klass shift: 0
Compressed class space size: 1073741824 Address: 0x0000000800000000

Heap:
 garbage-first heap   total 131072K, used 11264K [0x0000000780000000, 0x0000000800000000)
  region size 1024K, 13 young (13312K), 0 survivors (0K)
 Metaspace       used 10539K, capacity 10818K, committed 10880K, reserved 1058816K
  class space    used 1029K, capacity 1139K, committed 1152K, reserved 1048576K
Heap Regions: E=young(eden), S=young(survivor), O=old, HS=humongous(starts), HC=humongous(continues), CS=collection set, F=free, A=archive, TAMS=top-at-mark-start (previous, next)
|   0|0x0000000780000000, 0x0000000780000000, 0x0000000780100000|  0%| F|  |TAMS 0x0000000780000000, 0x0000000780000000| Untracked 
|   1|0x0000000780100000, 0x0000000780100000, 0x0000000780200000|  0%| F|  |TAMS 0x0000000780100000, 0x0000000780100000| Untracked 
|   2|0x0000000780200000, 0x0000000780200000, 0x0000000780300000|  0%| F|  |TAMS 0x0000000780200000, 0x0000000780200000| Untracked 
|   3|0x0000000780300000, 0x0000000780300000, 0x0000000780400000|  0%| F|  |TAMS 0x0000000780300000, 0x0000000780300000| Untracked 
|   4|0x0000000780400000, 0x0000000780400000, 0x0000000780500000|  0%| F|  |TAMS 0x0000000780400000, 0x0000000780400000| Untracked 
|   5|0x0000000780500000, 0x0000000780500000, 0x0000000780600000|  0%| F|  |TAMS 0x0000000780500000, 0x0000000780500000| Untracked 
|   6|0x0000000780600000, 0x0000000780600000, 0x0000000780700000|  0%| F|  |TAMS 0x0000000780600000, 0x0000000780600000| Untracked 
|   7|0x0000000780700000, 0x0000000780700000, 0x0000000780800000|  0%| F|  |TAMS 0x0000000780700000, 0x0000000780700000| Untracked 
|   8|0x0000000780800000, 0x0000000780800000, 0x0000000780900000|  0%| F|  |TAMS 0x0000000780800000, 0x0000000780800000| Untracked 
|   9|0x0000000780900000, 0x0000000780900000, 0x0000000780a00000|  0%| F|  |TAMS 0x0000000780900000, 0x0000000780900000| Untracked 
|  10|0x0000000780a00000, 0x0000000780a00000, 0x0000000780b00000|  0%| F|  |TAMS 0x0000000780a00000, 0x0000000780a00000| Untracked 
|  11|0x0000000780b00000, 0x0000000780b00000, 0x0000000780c00000|  0%| F|  |TAMS 0x0000000780b00000, 0x0000000780b00000| Untracked 
|  12|0x0000000780c00000, 0x0000000780c00000, 0x0000000780d00000|  0%| F|  |TAMS 0x0000000780c00000, 0x0000000780c00000| Untracked 
|  13|0x0000000780d00000, 0x0000000780d00000, 0x0000000780e00000|  0%| F|  |TAMS 0x0000000780d00000, 0x0000000780d00000| Untracked 
|  14|0x0000000780e00000, 0x0000000780e00000, 0x0000000780f00000|  0%| F|  |TAMS 0x0000000780e00000, 0x0000000780e00000| Untracked 
|  15|0x0000000780f00000, 0x0000000780f00000, 0x0000000781000000|  0%| F|  |TAMS 0x0000000780f00000, 0x0000000780f00000| Untracked 
|  16|0x0000000781000000, 0x0000000781000000, 0x0000000781100000|  0%| F|  |TAMS 0x0000000781000000, 0x0000000781000000| Untracked 
|  17|0x0000000781100000, 0x0000000781100000, 0x0000000781200000|  0%| F|  |TAMS 0x0000000781100000, 0x0000000781100000| Untracked 
|  18|0x0000000781200000, 0x0000000781200000, 0x0000000781300000|  0%| F|  |TAMS 0x0000000781200000, 0x0000000781200000| Untracked 
|  19|0x0000000781300000, 0x0000000781300000, 0x0000000781400000|  0%| F|  |TAMS 0x0000000781300000, 0x0000000781300000| Untracked 
|  20|0x0000000781400000, 0x0000000781400000, 0x0000000781500000|  0%| F|  |TAMS 0x0000000781400000, 0x0000000781400000| Untracked 
|  21|0x0000000781500000, 0x0000000781500000, 0x0000000781600000|  0%| F|  |TAMS 0x0000000781500000, 0x0000000781500000| Untracked 
|  22|0x0000000781600000, 0x0000000781600000, 0x0000000781700000|  0%| F|  |TAMS 0x0000000781600000, 0x0000000781600000| Untracked 
|  23|0x0000000781700000, 0x0000000781700000, 0x0000000781800000|  0%| F|  |TAMS 0x0000000781700000, 0x0000000781700000| Untracked 
|  24|0x0000000781800000, 0x0000000781800000, 0x0000000781900000|  0%| F|  |TAMS 0x0000000781800000, 0x0000000781800000| Untracked 
|  25|0x0000000781900000, 0x0000000781900000, 0x0000000781a00000|  0%| F|  |TAMS 0x0000000781900000, 0x0000000781900000| Untracked 
|  26|0x0000000781a00000, 0x0000000781a00000, 0x0000000781b00000|  0%| F|  |TAMS 0x0000000781a00000, 0x0000000781a00000| Untracked 
|  27|0x0000000781b00000, 0x0000000781b00000, 0x0000000781c00000|  0%| F|  |TAMS 0x0000000781b00000, 0x0000000781b00000| Untracked 
|  28|0x0000000781c00000, 0x0000000781c00000, 0x0000000781d00000|  0%| F|  |TAMS 0x0000000781c00000, 0x0000000781c00000| Untracked 
|  29|0x0000000781d00000, 0x0000000781d00000, 0x0000000781e00000|  0%| F|  |TAMS 0x0000000781d00000, 0x0000000781d00000| Untracked 
|  30|0x0000000781e00000, 0x0000000781e00000, 0x0000000781f00000|  0%| F|  |TAMS 0x0000000781e00000, 0x0000000781e00000| Untracked 
|  31|0x0000000781f00000, 0x0000000781f00000, 0x0000000782000000|  0%| F|  |TAMS 0x0000000781f00000, 0x0000000781f00000| Untracked 
|  32|0x0000000782000000, 0x0000000782000000, 0x0000000782100000|  0%| F|  |TAMS 0x0000000782000000, 0x0000000782000000| Untracked 
|  33|0x0000000782100000, 0x0000000782100000, 0x0000000782200000|  0%| F|  |TAMS 0x0000000782100000, 0x0000000782100000| Untracked 
|  34|0x0000000782200000, 0x0000000782200000, 0x0000000782300000|  0%| F|  |TAMS 0x0000000782200000, 0x0000000782200000| Untracked 
|  35|0x0000000782300000, 0x0000000782300000, 0x0000000782400000|  0%| F|  |TAMS 0x0000000782300000, 0x0000000782300000| Untracked 
|  36|0x0000000782400000, 0x0000000782400000, 0x0000000782500000|  0%| F|  |TAMS 0x0000000782400000, 0x0000000782400000| Untracked 
|  37|0x0000000782500000, 0x0000000782500000, 0x0000000782600000|  0%| F|  |TAMS 0x0000000782500000, 0x0000000782500000| Untracked 
|  38|0x0000000782600000, 0x0000000782600000, 0x0000000782700000|  0%| F|  |TAMS 0x0000000782600000, 0x0000000782600000| Untracked 
|  39|0x0000000782700000, 0x0000000782700000, 0x0000000782800000|  0%| F|  |TAMS 0x0000000782700000, 0x0000000782700000| Untracked 
|  40|0x0000000782800000, 0x0000000782800000, 0x0000000782900000|  0%| F|  |TAMS 0x0000000782800000, 0x0000000782800000| Untracked 
|  41|0x0000000782900000, 0x0000000782900000, 0x0000000782a00000|  0%| F|  |TAMS 0x0000000782900000, 0x0000000782900000| Untracked 
|  42|0x0000000782a00000, 0x0000000782a00000, 0x0000000782b00000|  0%| F|  |TAMS 0x0000000782a00000, 0x0000000782a00000| Untracked 
|  43|0x0000000782b00000, 0x0000000782b00000, 0x0000000782c00000|  0%| F|  |TAMS 0x0000000782b00000, 0x0000000782b00000| Untracked 
|  44|0x0000000782c00000, 0x0000000782c00000, 0x0000000782d00000|  0%| F|  |TAMS 0x0000000782c00000, 0x0000000782c00000| Untracked 
|  45|0x0000000782d00000, 0x0000000782d00000, 0x0000000782e00000|  0%| F|  |TAMS 0x0000000782d00000, 0x0000000782d00000| Untracked 
|  46|0x0000000782e00000, 0x0000000782e00000, 0x0000000782f00000|  0%| F|  |TAMS 0x0000000782e00000, 0x0000000782e00000| Untracked 
|  47|0x0000000782f00000, 0x0000000782f00000, 0x0000000783000000|  0%| F|  |TAMS 0x0000000782f00000, 0x0000000782f00000| Untracked 
|  48|0x0000000783000000, 0x0000000783000000, 0x0000000783100000|  0%| F|  |TAMS 0x0000000783000000, 0x0000000783000000| Untracked 
|  49|0x0000000783100000, 0x0000000783100000, 0x0000000783200000|  0%| F|  |TAMS 0x0000000783100000, 0x0000000783100000| Untracked 
|  50|0x0000000783200000, 0x0000000783200000, 0x0000000783300000|  0%| F|  |TAMS 0x0000000783200000, 0x0000000783200000| Untracked 
|  51|0x0000000783300000, 0x0000000783300000, 0x0000000783400000|  0%| F|  |TAMS 0x0000000783300000, 0x0000000783300000| Untracked 
|  52|0x0000000783400000, 0x0000000783400000, 0x0000000783500000|  0%| F|  |TAMS 0x0000000783400000, 0x0000000783400000| Untracked 
|  53|0x0000000783500000, 0x0000000783500000, 0x0000000783600000|  0%| F|  |TAMS 0x0000000783500000, 0x0000000783500000| Untracked 
|  54|0x0000000783600000, 0x0000000783600000, 0x0000000783700000|  0%| F|  |TAMS 0x0000000783600000, 0x0000000783600000| Untracked 
|  55|0x0000000783700000, 0x0000000783700000, 0x0000000783800000|  0%| F|  |TAMS 0x0000000783700000, 0x0000000783700000| Untracked 
|  56|0x0000000783800000, 0x0000000783800000, 0x0000000783900000|  0%| F|  |TAMS 0x0000000783800000, 0x0000000783800000| Untracked 
|  57|0x0000000783900000, 0x0000000783900000, 0x0000000783a00000|  0%| F|  |TAMS 0x0000000783900000, 0x0000000783900000| Untracked 
|  58|0x0000000783a00000, 0x0000000783a00000, 0x0000000783b00000|  0%| F|  |TAMS 0x0000000783a00000, 0x0000000783a00000| Untracked 
|  59|0x0000000783b00000, 0x0000000783b00000, 0x0000000783c00000|  0%| F|  |TAMS 0x0000000783b00000, 0x0000000783b00000| Untracked 
|  60|0x0000000783c00000, 0x0000000783c00000, 0x0000000783d00000|  0%| F|  |TAMS 0x0000000783c00000, 0x0000000783c00000| Untracked 
|  61|0x0000000783d00000, 0x0000000783d00000, 0x0000000783e00000|  0%| F|  |TAMS 0x0000000783d00000, 0x0000000783d00000| Untracked 
|  62|0x0000000783e00000, 0x0000000783e00000, 0x0000000783f00000|  0%| F|  |TAMS 0x0000000783e00000, 0x0000000783e00000| Untracked 
|  63|0x0000000783f00000, 0x0000000783f00000, 0x0000000784000000|  0%| F|  |TAMS 0x0000000783f00000, 0x0000000783f00000| Untracked 
|  64|0x0000000784000000, 0x0000000784000000, 0x0000000784100000|  0%| F|  |TAMS 0x0000000784000000, 0x0000000784000000| Untracked 
|  65|0x0000000784100000, 0x0000000784100000, 0x0000000784200000|  0%| F|  |TAMS 0x0000000784100000, 0x0000000784100000| Untracked 
|  66|0x0000000784200000, 0x0000000784200000, 0x0000000784300000|  0%| F|  |TAMS 0x0000000784200000, 0x0000000784200000| Untracked 
|  67|0x0000000784300000, 0x0000000784300000, 0x0000000784400000|  0%| F|  |TAMS 0x0000000784300000, 0x0000000784300000| Untracked 
|  68|0x0000000784400000, 0x0000000784400000, 0x0000000784500000|  0%| F|  |TAMS 0x0000000784400000, 0x0000000784400000| Untracked 
|  69|0x0000000784500000, 0x0000000784500000, 0x0000000784600000|  0%| F|  |TAMS 0x0000000784500000, 0x0000000784500000| Untracked 
|  70|0x0000000784600000, 0x0000000784600000, 0x0000000784700000|  0%| F|  |TAMS 0x0000000784600000, 0x0000000784600000| Untracked 
|  71|0x0000000784700000, 0x0000000784700000, 0x0000000784800000|  0%| F|  |TAMS 0x0000000784700000, 0x0000000784700000| Untracked 
|  72|0x0000000784800000, 0x0000000784800000, 0x0000000784900000|  0%| F|  |TAMS 0x0000000784800000, 0x0000000784800000| Untracked 
|  73|0x0000000784900000, 0x0000000784900000, 0x0000000784a00000|  0%| F|  |TAMS 0x0000000784900000, 0x0000000784900000| Untracked 
|  74|0x0000000784a00000, 0x0000000784a00000, 0x0000000784b00000|  0%| F|  |TAMS 0x0000000784a00000, 0x0000000784a00000| Untracked 
|  75|0x0000000784b00000, 0x0000000784b00000, 0x0000000784c00000|  0%| F|  |TAMS 0x0000000784b00000, 0x0000000784b00000| Untracked 
|  76|0x0000000784c00000, 0x0000000784c00000, 0x0000000784d00000|  0%| F|  |TAMS 0x0000000784c00000, 0x0000000784c00000| Untracked 
|  77|0x0000000784d00000, 0x0000000784d00000, 0x0000000784e00000|  0%| F|  |TAMS 0x0000000784d00000, 0x0000000784d00000| Untracked 
|  78|0x0000000784e00000, 0x0000000784e00000, 0x0000000784f00000|  0%| F|  |TAMS 0x0000000784e00000, 0x0000000784e00000| Untracked 
|  79|0x0000000784f00000, 0x0000000784f00000, 0x0000000785000000|  0%| F|  |TAMS 0x0000000784f00000, 0x0000000784f00000| Untracked 
|  80|0x0000000785000000, 0x0000000785000000, 0x0000000785100000|  0%| F|  |TAMS 0x0000000785000000, 0x0000000785000000| Untracked 
|  81|0x0000000785100000, 0x0000000785100000, 0x0000000785200000|  0%| F|  |TAMS 0x0000000785100000, 0x0000000785100000| Untracked 
|  82|0x0000000785200000, 0x0000000785200000, 0x0000000785300000|  0%| F|  |TAMS 0x0000000785200000, 0x0000000785200000| Untracked 
|  83|0x0000000785300000, 0x0000000785300000, 0x0000000785400000|  0%| F|  |TAMS 0x0000000785300000, 0x0000000785300000| Untracked 
|  84|0x0000000785400000, 0x0000000785400000, 0x0000000785500000|  0%| F|  |TAMS 0x0000000785400000, 0x0000000785400000| Untracked 
|  85|0x0000000785500000, 0x0000000785500000, 0x0000000785600000|  0%| F|  |TAMS 0x0000000785500000, 0x0000000785500000| Untracked 
|  86|0x0000000785600000, 0x0000000785600000, 0x0000000785700000|  0%| F|  |TAMS 0x0000000785600000, 0x0000000785600000| Untracked 
|  87|0x0000000785700000, 0x0000000785700000, 0x0000000785800000|  0%| F|  |TAMS 0x0000000785700000, 0x0000000785700000| Untracked 
|  88|0x0000000785800000, 0x0000000785800000, 0x0000000785900000|  0%| F|  |TAMS 0x0000000785800000, 0x0000000785800000| Untracked 
|  89|0x0000000785900000, 0x0000000785900000, 0x0000000785a00000|  0%| F|  |TAMS 0x0000000785900000, 0x0000000785900000| Untracked 
|  90|0x0000000785a00000, 0x0000000785a00000, 0x0000000785b00000|  0%| F|  |TAMS 0x0000000785a00000, 0x0000000785a00000| Untracked 
|  91|0x0000000785b00000, 0x0000000785b00000, 0x0000000785c00000|  0%| F|  |TAMS 0x0000000785b00000, 0x0000000785b00000| Untracked 
|  92|0x0000000785c00000, 0x0000000785c00000, 0x0000000785d00000|  0%| F|  |TAMS 0x0000000785c00000, 0x0000000785c00000| Untracked 
|  93|0x0000000785d00000, 0x0000000785d00000, 0x0000000785e00000|  0%| F|  |TAMS 0x0000000785d00000, 0x0000000785d00000| Untracked 
|  94|0x0000000785e00000, 0x0000000785e00000, 0x0000000785f00000|  0%| F|  |TAMS 0x0000000785e00000, 0x0000000785e00000| Untracked 
|  95|0x0000000785f00000, 0x0000000785f00000, 0x0000000786000000|  0%| F|  |TAMS 0x0000000785f00000, 0x0000000785f00000| Untracked 
|  96|0x0000000786000000, 0x0000000786000000, 0x0000000786100000|  0%| F|  |TAMS 0x0000000786000000, 0x0000000786000000| Untracked 
|  97|0x0000000786100000, 0x0000000786100000, 0x0000000786200000|  0%| F|  |TAMS 0x0000000786100000, 0x0000000786100000| Untracked 
|  98|0x0000000786200000, 0x0000000786200000, 0x0000000786300000|  0%| F|  |TAMS 0x0000000786200000, 0x0000000786200000| Untracked 
|  99|0x0000000786300000, 0x0000000786300000, 0x0000000786400000|  0%| F|  |TAMS 0x0000000786300000, 0x0000000786300000| Untracked 
| 100|0x0000000786400000, 0x0000000786400000, 0x0000000786500000|  0%| F|  |TAMS 0x0000000786400000, 0x0000000786400000| Untracked 
| 101|0x0000000786500000, 0x0000000786500000, 0x0000000786600000|  0%| F|  |TAMS 0x0000000786500000, 0x0000000786500000| Untracked 
| 102|0x0000000786600000, 0x0000000786600000, 0x0000000786700000|  0%| F|  |TAMS 0x0000000786600000, 0x0000000786600000| Untracked 
| 103|0x0000000786700000, 0x0000000786700000, 0x0000000786800000|  0%| F|  |TAMS 0x0000000786700000, 0x0000000786700000| Untracked 
| 104|0x0000000786800000, 0x0000000786800000, 0x0000000786900000|  0%| F|  |TAMS 0x0000000786800000, 0x0000000786800000| Untracked 
| 105|0x0000000786900000, 0x0000000786900000, 0x0000000786a00000|  0%| F|  |TAMS 0x0000000786900000, 0x0000000786900000| Untracked 
| 106|0x0000000786a00000, 0x0000000786a00000, 0x0000000786b00000|  0%| F|  |TAMS 0x0000000786a00000, 0x0000000786a00000| Untracked 
| 107|0x0000000786b00000, 0x0000000786b00000, 0x0000000786c00000|  0%| F|  |TAMS 0x0000000786b00000, 0x0000000786b00000| Untracked 
| 108|0x0000000786c00000, 0x0000000786c00000, 0x0000000786d00000|  0%| F|  |TAMS 0x0000000786c00000, 0x0000000786c00000| Untracked 
| 109|0x0000000786d00000, 0x0000000786d00000, 0x0000000786e00000|  0%| F|  |TAMS 0x0000000786d00000, 0x0000000786d00000| Untracked 
| 110|0x0000000786e00000, 0x0000000786e00000, 0x0000000786f00000|  0%| F|  |TAMS 0x0000000786e00000, 0x0000000786e00000| Untracked 
| 111|0x0000000786f00000, 0x0000000786f00000, 0x0000000787000000|  0%| F|  |TAMS 0x0000000786f00000, 0x0000000786f00000| Untracked 
| 112|0x0000000787000000, 0x0000000787000000, 0x0000000787100000|  0%| F|  |TAMS 0x0000000787000000, 0x0000000787000000| Untracked 
| 113|0x0000000787100000, 0x0000000787100000, 0x0000000787200000|  0%| F|  |TAMS 0x0000000787100000, 0x0000000787100000| Untracked 
| 114|0x0000000787200000, 0x0000000787200000, 0x0000000787300000|  0%| F|  |TAMS 0x0000000787200000, 0x0000000787200000| Untracked 
| 115|0x0000000787300000, 0x00000007873d7ab0, 0x0000000787400000| 84%| E|  |TAMS 0x0000000787300000, 0x0000000787300000| Complete 
| 116|0x0000000787400000, 0x0000000787500000, 0x0000000787500000|100%| E|CS|TAMS 0x0000000787400000, 0x0000000787400000| Complete 
| 117|0x0000000787500000, 0x0000000787600000, 0x0000000787600000|100%| E|CS|TAMS 0x0000000787500000, 0x0000000787500000| Complete 
| 118|0x0000000787600000, 0x0000000787700000, 0x0000000787700000|100%| E|CS|TAMS 0x0000000787600000, 0x0000000787600000| Complete 
| 119|0x0000000787700000, 0x0000000787800000, 0x0000000787800000|100%| E|CS|TAMS 0x0000000787700000, 0x0000000787700000| Complete 
| 120|0x0000000787800000, 0x0000000787900000, 0x0000000787900000|100%| E|CS|TAMS 0x0000000787800000, 0x0000000787800000| Complete 
| 121|0x0000000787900000, 0x0000000787a00000, 0x0000000787a00000|100%| E|CS|TAMS 0x0000000787900000, 0x0000000787900000| Complete 
| 122|0x0000000787a00000, 0x0000000787b00000, 0x0000000787b00000|100%| E|CS|TAMS 0x0000000787a00000, 0x0000000787a00000| Complete 
| 123|0x0000000787b00000, 0x0000000787c00000, 0x0000000787c00000|100%| E|CS|TAMS 0x0000000787b00000, 0x0000000787b00000| Complete 
| 124|0x0000000787c00000, 0x0000000787d00000, 0x0000000787d00000|100%| E|CS|TAMS 0x0000000787c00000, 0x0000000787c00000| Complete 
| 125|0x0000000787d00000, 0x0000000787e00000, 0x0000000787e00000|100%| E|  |TAMS 0x0000000787d00000, 0x0000000787d00000| Complete 
| 126|0x0000000787e00000, 0x0000000787f00000, 0x0000000787f00000|100%| E|CS|TAMS 0x0000000787e00000, 0x0000000787e00000| Complete 
| 127|0x0000000787f00000, 0x0000000788000000, 0x0000000788000000|100%| E|CS|TAMS 0x0000000787f00000, 0x0000000787f00000| Complete 

Card table byte_map: [0x000000010ae23000,0x000000010b223000] _byte_map_base: 0x0000000107223000

Marking Bits (Prev, Next): (CMBitMap*) 0x00007f9ea2024c18, (CMBitMap*) 0x00007f9ea2024c50
 Prev Bits: [0x0000000113c99000, 0x0000000115c99000)
 Next Bits: [0x0000000115c99000, 0x0000000117c99000)

Polling page: 0x000000010a796000

Metaspace:

Usage:
  Non-class:      9.45 MB capacity,     9.29 MB ( 98%) used,   143.98 KB (  1%) free+waste,    25.19 KB ( <1%) overhead. 
      Class:      1.11 MB capacity,     1.01 MB ( 90%) used,    96.14 KB (  8%) free+waste,    13.69 KB (  1%) overhead. 
       Both:     10.56 MB capacity,    10.29 MB ( 97%) used,   240.12 KB (  2%) free+waste,    38.88 KB ( <1%) overhead. 

Virtual space:
  Non-class space:       10.00 MB reserved,       9.50 MB ( 95%) committed 
      Class space:        1.00 GB reserved,       1.12 MB ( <1%) committed 
             Both:        1.01 GB reserved,      10.62 MB (  1%) committed 

Chunk freelists:
   Non-Class:  1.12 KB
       Class:  1.62 KB
        Both:  2.75 KB

CodeHeap 'non-profiled nmethods': size=120032Kb used=211Kb max_used=211Kb free=119821Kb
 bounds [0x0000000122143000, 0x00000001223b3000, 0x000000012967b000]
CodeHeap 'profiled nmethods': size=120032Kb used=1309Kb max_used=1309Kb free=118722Kb
 bounds [0x000000011ac0b000, 0x000000011ae7b000, 0x0000000122143000]
CodeHeap 'non-nmethods': size=5696Kb used=1119Kb max_used=1132Kb free=4576Kb
 bounds [0x000000011a67b000, 0x000000011a8eb000, 0x000000011ac0b000]
 total_blobs=1222 nmethods=766 adapters=369
 compilation: enabled
              stopped_count=0, restarted_count=0
 full_count=0

Compilation events (10 events):
Event: 1.269 Thread 0x00007f9ea0847000  754       4       sun.security.provider.ByteArrayAccess::b2iLittle64 (614 bytes)
Event: 1.277 Thread 0x00007f9ea0847000 nmethod 754 0x0000000122176e90 code [0x0000000122177020, 0x0000000122177238]
Event: 1.277 Thread 0x00007f9ea0847000  747   !   4       java.nio.DirectByteBuffer::get (28 bytes)
Event: 1.280 Thread 0x00007f9ea0847000 nmethod 747 0x0000000122177390 code [0x0000000122177520, 0x00000001221775b8]
Event: 1.280 Thread 0x00007f9ea0847000  738       4       java.util.Objects::equals (23 bytes)
Event: 1.281 Thread 0x00007f9ea0847000 nmethod 738 0x0000000122177690 code [0x0000000122177820, 0x00000001221778b8]
Event: 1.384 Thread 0x00007f9ea084f000  763       3       java.util.Arrays::hashCode (56 bytes)
Event: 1.385 Thread 0x00007f9ea084f000 nmethod 763 0x000000011ad50310 code [0x000000011ad504e0, 0x000000011ad50820]
Event: 1.385 Thread 0x00007f9ea084f000  762       3       java.util.Objects::hash (5 bytes)
Event: 1.385 Thread 0x00007f9ea084f000 nmethod 762 0x000000011ad50990 code [0x000000011ad50b40, 0x000000011ad50c40]

GC Heap History (0 events):
No events

Deoptimization events (3 events):
Event: 0.112 Thread 0x00007f9ea080a800 Uncommon trap: reason=unstable_if action=reinterpret pc=0x00000001221465a0 method=java.lang.String.hashCode()I @ 14 c2
Event: 0.550 Thread 0x00007f9ea30a2000 Uncommon trap: reason=unstable_if action=reinterpret pc=0x0000000122143b94 method=java.lang.String.isLatin1()Z @ 10 c2
Event: 0.718 Thread 0x00007f9ea0958000 Uncommon trap: reason=unstable_if action=reinterpret pc=0x000000012216a364 method=java.lang.String.startsWith(Ljava/lang/String;I)Z @ 1 c2

Classes redefined (0 events):
No events

Internal exceptions (6 events):
Event: 0.526 Thread 0x00007f9ea30a2000 Exception <a 'java/lang/ClassNotFoundException'{0x0000000787923250}: sun/util/logging/resources/spi/loggingProvider> (0x0000000787923250) thrown at [./open/src/hotspot/share/classfile/systemDictionary.cpp, line 227]
Event: 0.575 Thread 0x00007f9ea30a2000 Exception <a 'java/lang/NoSuchMethodError'{0x00000007878323e0}: java.lang.invoke.DirectMethodHandle$Holder.invokeStatic(Ljava/lang/Object;Ljava/lang/Object;Ljava/lang/Object;Ljava/lang/Object;Ljava/lang/Object;Ljava/lang/Object;Ljava/lang/Object;Ljava/lan
Event: 0.578 Thread 0x00007f9ea30a2000 Exception <a 'java/lang/NoSuchMethodError'{0x000000078784c730}: java.lang.invoke.DirectMethodHandle$Holder.invokeStatic(Ljava/lang/Object;Ljava/lang/Object;Ljava/lang/Object;Ljava/lang/Object;Ljava/lang/Object;Ljava/lang/Object;Ljava/lang/Object;Ljava/lan
Event: 0.581 Thread 0x00007f9ea30a2000 Exception <a 'java/lang/NoSuchMethodError'{0x00000007878677e8}: java.lang.invoke.DirectMethodHandle$Holder.invokeStatic(Ljava/lang/Object;Ljava/lang/Object;Ljava/lang/Object;Ljava/lang/Object;Ljava/lang/Object;Ljava/lang/Object;Ljava/lang/Object;Ljava/lan
Event: 1.195 Thread 0x00007f9ea30a2000 Exception <a 'java/lang/NoSuchMethodError'{0x00000007876250d8}: java.lang.invoke.DirectMethodHandle$Holder.invokeStaticInit(Ljava/lang/Object;Ljava/lang/Object;Ljava/lang/Object;)I> (0x00000007876250d8) thrown at [./open/src/hotspot/share/interpreter/link
Event: 1.198 Thread 0x00007f9ea30a2000 Exception <a 'java/lang/NoSuchMethodError'{0x0000000787630600}: java.lang.invoke.DirectMethodHandle$Holder.invokeSpecial(Ljava/lang/Object;Ljava/lang/Object;)V> (0x0000000787630600) thrown at [./open/src/hotspot/share/interpreter/linkResolver.cpp, line 77

Events (10 events):
Event: 1.460 loading class com/sun/glass/ui/EventLoop done
Event: 1.460 loading class com/sun/glass/ui/EventLoop
Event: 1.460 loading class com/sun/glass/ui/EventLoop done
Event: 1.461 loading class java/util/concurrent/LinkedBlockingDeque$Node
Event: 1.461 loading class java/util/concurrent/LinkedBlockingDeque$Node done
Event: 1.461 loading class com/sun/glass/ui/InvokeLaterDispatcher$Future
Event: 1.461 loading class com/sun/glass/ui/InvokeLaterDispatcher$Future done
Event: 1.461 Executing VM operation: RevokeBias
Event: 1.462 Executing VM operation: RevokeBias done
Event: 1.465 Thread 0x00007f9ea0a96000 Thread exited: 0x00007f9ea0a96000


Dynamic libraries:
0x000000010a777000 	/Users/sheryl/Downloads/jdk-11.0.13.jdk/Contents/Home/lib/jli/libjli.dylib
0x00007ff81fddb000 	/System/Library/Frameworks/Cocoa.framework/Versions/A/Cocoa
0x00007ff80ba33000 	/System/Library/Frameworks/AppKit.framework/Versions/C/AppKit
0x00007ff80ef4a000 	/System/Library/Frameworks/CoreData.framework/Versions/A/CoreData
0x00007ff809e36000 	/System/Library/Frameworks/Foundation.framework/Versions/C/Foundation
0x00007ff813d6c000 	/usr/lib/libSystem.B.dylib
0x00007ff80c8c3000 	/System/Library/PrivateFrameworks/UIFoundation.framework/Versions/A/UIFoundation
0x00007ff819cdd000 	/System/Library/PrivateFrameworks/RemoteViewServices.framework/Versions/A/RemoteViewServices
0x00007ff811fc0000 	/System/Library/PrivateFrameworks/XCTTargetBootstrap.framework/Versions/A/XCTTargetBootstrap
0x00007ff815b73000 	/System/Library/PrivateFrameworks/InternationalSupport.framework/Versions/A/InternationalSupport
0x00007ff815bfd000 	/System/Library/PrivateFrameworks/UserActivity.framework/Versions/A/UserActivity
0x00007ff814f53000 	/usr/lib/libspindump.dylib
0x00007ff80cb52000 	/System/Library/Frameworks/UniformTypeIdentifiers.framework/Versions/A/UniformTypeIdentifiers
0x00007ff8106e4000 	/usr/lib/libapp_launch_measurement.dylib
0x00007ff80f91c000 	/System/Library/PrivateFrameworks/CoreAnalytics.framework/Versions/A/CoreAnalytics
0x00007ff8106e7000 	/System/Library/PrivateFrameworks/CoreAutoLayout.framework/Versions/A/CoreAutoLayout
0x00007ff811917000 	/System/Library/Frameworks/Metal.framework/Versions/A/Metal
0x00007ff812646000 	/usr/lib/liblangid.dylib
0x00007ff811fc5000 	/System/Library/PrivateFrameworks/CoreSVG.framework/Versions/A/CoreSVG
0x00007ff80df3e000 	/System/Library/PrivateFrameworks/SkyLight.framework/Versions/A/SkyLight
0x00007ff80e2dd000 	/System/Library/Frameworks/CoreGraphics.framework/Versions/A/CoreGraphics
0x00007ff81a39d000 	/System/Library/Frameworks/Accelerate.framework/Versions/A/Accelerate
0x00007ff8149d2000 	/System/Library/PrivateFrameworks/IconServices.framework/Versions/A/IconServices
0x00007ff8118fc000 	/System/Library/Frameworks/IOSurface.framework/Versions/A/IOSurface
0x00007ff80f94a000 	/usr/lib/libDiagnosticMessagesClient.dylib
0x00007ff813c8c000 	/usr/lib/libz.1.dylib
0x00007ff81da7f000 	/System/Library/Frameworks/ApplicationServices.framework/Versions/A/ApplicationServices
0x00007ff811fac000 	/System/Library/PrivateFrameworks/DFRFoundation.framework/Versions/A/DFRFoundation
0x00007ff80b31b000 	/usr/lib/libicucore.A.dylib
0x00007ff816969000 	/System/Library/Frameworks/AudioToolbox.framework/Versions/A/AudioToolbox
0x00007ff815b7f000 	/System/Library/PrivateFrameworks/DataDetectorsCore.framework/Versions/A/DataDetectorsCore
0x00007ff91207d000 	/System/Library/PrivateFrameworks/TextInput.framework/Versions/A/TextInput
0x00007ff80dec1000 	/usr/lib/libMobileGestalt.dylib
0x00007ff811cb8000 	/System/Library/Frameworks/Carbon.framework/Versions/A/Frameworks/HIToolbox.framework/Versions/A/HIToolbox
0x00007ff8100e7000 	/System/Library/Frameworks/QuartzCore.framework/Versions/A/QuartzCore
0x00007ff80afc0000 	/System/Library/Frameworks/Security.framework/Versions/A/Security
0x00007ff819d15000 	/System/Library/Frameworks/Carbon.framework/Versions/A/Frameworks/SpeechRecognition.framework/Versions/A/SpeechRecognition
0x00007ff810444000 	/System/Library/PrivateFrameworks/CoreUI.framework/Versions/A/CoreUI
0x00007ff80a88a000 	/System/Library/Frameworks/CoreAudio.framework/Versions/A/CoreAudio
0x00007ff80fa39000 	/System/Library/Frameworks/DiskArbitration.framework/Versions/A/DiskArbitration
0x00007ff815341000 	/System/Library/PrivateFrameworks/MultitouchSupport.framework/Versions/A/MultitouchSupport
0x00007ff80dec0000 	/usr/lib/libenergytrace.dylib
0x00007ff80b91f000 	/System/Library/Frameworks/IOKit.framework/Versions/A/IOKit
0x00007ff81a105000 	/System/Library/Frameworks/CoreServices.framework/Versions/A/CoreServices
0x00007ff81067e000 	/System/Library/PrivateFrameworks/PerformanceAnalysis.framework/Versions/A/PerformanceAnalysis
0x00007ffa21d5f000 	/System/Library/Frameworks/OpenGL.framework/Versions/A/OpenGL
0x00007ff8132a8000 	/System/Library/PrivateFrameworks/MobileKeyBag.framework/Versions/A/MobileKeyBag
0x00007ff808e00000 	/usr/lib/libobjc.A.dylib
0x00007ff80e9a9000 	/System/Library/Frameworks/ColorSync.framework/Versions/A/ColorSync
0x00007ff808fba000 	/System/Library/Frameworks/CoreFoundation.framework/Versions/A/CoreFoundation
0x00007ff81223c000 	/System/Library/Frameworks/CoreImage.framework/Versions/A/CoreImage
0x00007ff80a69e000 	/System/Library/Frameworks/CoreText.framework/Versions/A/CoreText
0x00007ff811ff5000 	/System/Library/Frameworks/ImageIO.framework/Versions/A/ImageIO
0x00007ff813d72000 	/System/Library/PrivateFrameworks/SoftLinking.framework/Versions/A/SoftLinking
0x00007ff81072f000 	/usr/lib/libxml2.2.dylib
0x00007ff808ec6000 	/usr/lib/libc++.1.dylib
0x00007ff813ff6000 	/usr/lib/libcompression.dylib
0x00007ff815aa6000 	/System/Library/PrivateFrameworks/TextureIO.framework/Versions/A/TextureIO
0x00007ff8146e4000 	/usr/lib/libate.dylib
0x00007ff813d67000 	/usr/lib/system/libcache.dylib
0x00007ff813d23000 	/usr/lib/system/libcommonCrypto.dylib
0x00007ff813d4c000 	/usr/lib/system/libcompiler_rt.dylib
0x00007ff813d42000 	/usr/lib/system/libcopyfile.dylib
0x00007ff808cfb000 	/usr/lib/system/libcorecrypto.dylib
0x00007ff808db9000 	/usr/lib/system/libdispatch.dylib
0x00007ff808f79000 	/usr/lib/system/libdyld.dylib
0x00007ff813d5e000 	/usr/lib/system/libkeymgr.dylib
0x00007ff813d01000 	/usr/lib/system/libmacho.dylib
0x00007ff813382000 	/usr/lib/system/libquarantine.dylib
0x00007ff813d5c000 	/usr/lib/system/libremovefile.dylib
0x00007ff80df0e000 	/usr/lib/system/libsystem_asl.dylib
0x00007ff808ca4000 	/usr/lib/system/libsystem_blocks.dylib
0x00007ff808e3d000 	/usr/lib/system/libsystem_c.dylib
0x00007ff813d54000 	/usr/lib/system/libsystem_collections.dylib
0x00007ff812636000 	/usr/lib/system/libsystem_configuration.dylib
0x00007ff8118df000 	/usr/lib/system/libsystem_containermanager.dylib
0x00007ff813a39000 	/usr/lib/system/libsystem_coreservices.dylib
0x00007ff80b5af000 	/usr/lib/system/libsystem_darwin.dylib
0x00007ff813d5f000 	/usr/lib/system/libsystem_dnssd.dylib
0x00007ff808e3a000 	/usr/lib/system/libsystem_featureflags.dylib
0x00007ff808f8f000 	/usr/lib/system/libsystem_info.dylib
0x00007ff813c9f000 	/usr/lib/system/libsystem_m.dylib
0x00007ff808d8d000 	/usr/lib/system/libsystem_malloc.dylib
0x00007ff80dea9000 	/usr/lib/system/libsystem_networkextension.dylib
0x00007ff80b9d5000 	/usr/lib/system/libsystem_notify.dylib
0x00007ff819fda000 	/usr/lib/system/libsystem_product_info_filter.dylib
0x00007ff81263a000 	/usr/lib/system/libsystem_sandbox.dylib
0x00007ff813d59000 	/usr/lib/system/libsystem_secinit.dylib
0x00007ff808f35000 	/usr/lib/system/libsystem_kernel.dylib
0x00007ff808f85000 	/usr/lib/system/libsystem_platform.dylib
0x00007ff808f6d000 	/usr/lib/system/libsystem_pthread.dylib
0x00007ff80f75c000 	/usr/lib/system/libsystem_symptoms.dylib
0x00007ff808ce2000 	/usr/lib/system/libsystem_trace.dylib
0x00007ff813d2f000 	/usr/lib/system/libunwind.dylib
0x00007ff808ca6000 	/usr/lib/system/libxpc.dylib
0x00007ff808f1f000 	/usr/lib/libc++abi.dylib
0x00007ff813d3a000 	/usr/lib/liboah.dylib
0x00007ff8144c0000 	/usr/lib/liblzma.5.dylib
0x00007ff809b48000 	/System/Library/Frameworks/SystemConfiguration.framework/Versions/A/SystemConfiguration
0x00007ff813d6e000 	/usr/lib/libfakelink.dylib
0x00007ff80da19000 	/System/Library/Frameworks/CFNetwork.framework/Versions/A/CFNetwork
0x00007ff813eaf000 	/usr/lib/libarchive.2.dylib
0x00007ff812642000 	/System/Library/PrivateFrameworks/AppleSystemInfo.framework/Versions/A/AppleSystemInfo
0x00007ff8133a9000 	/usr/lib/libbsm.0.dylib
0x00007ff80d028000 	/usr/lib/libnetwork.dylib
0x00007ff813d07000 	/usr/lib/system/libkxld.dylib
0x00007ff812fdc000 	/System/Library/PrivateFrameworks/IOMobileFramebuffer.framework/Versions/A/IOMobileFramebuffer
0x00007ffb21729000 	/usr/lib/libCoreEntitlements.dylib
0x00007ff813a1b000 	/System/Library/PrivateFrameworks/AppleFSCompression.framework/Versions/A/AppleFSCompression
0x00007ff813391000 	/usr/lib/libcoretls.dylib
0x00007ff8144da000 	/usr/lib/libcoretls_cfhelpers.dylib
0x00007ff813ff1000 	/usr/lib/libpam.2.dylib
0x00007ff80f37b000 	/usr/lib/libsqlite3.dylib
0x00007ff814549000 	/usr/lib/libxar.1.dylib
0x00007ff813a2b000 	/usr/lib/libbz2.1.0.dylib
0x00007ff813d73000 	/usr/lib/libpcap.A.dylib
0x00007ff80f754000 	/usr/lib/libdns_services.dylib
0x00007ff813fc1000 	/usr/lib/libapple_nghttp2.dylib
0x00007ff813dad000 	/usr/lib/libiconv.2.dylib
0x00007ff813d00000 	/usr/lib/libcharset.1.dylib
0x00007ff8106b2000 	/System/Library/Frameworks/CoreServices.framework/Versions/A/Frameworks/FSEvents.framework/Versions/A/FSEvents
0x00007ff80b5b9000 	/System/Library/Frameworks/CoreServices.framework/Versions/A/Frameworks/CarbonCore.framework/Versions/A/CarbonCore
0x00007ff80f99d000 	/System/Library/Frameworks/CoreServices.framework/Versions/A/Frameworks/Metadata.framework/Versions/A/Metadata
0x00007ff813a3e000 	/System/Library/Frameworks/CoreServices.framework/Versions/A/Frameworks/OSServices.framework/Versions/A/OSServices
0x00007ff813f36000 	/System/Library/Frameworks/CoreServices.framework/Versions/A/Frameworks/SearchKit.framework/Versions/A/SearchKit
0x00007ff80f6e6000 	/System/Library/Frameworks/CoreServices.framework/Versions/A/Frameworks/AE.framework/Versions/A/AE
0x00007ff8094bd000 	/System/Library/Frameworks/CoreServices.framework/Versions/A/Frameworks/LaunchServices.framework/Versions/A/LaunchServices
0x00007ff814471000 	/System/Library/Frameworks/CoreServices.framework/Versions/A/Frameworks/DictionaryServices.framework/Versions/A/DictionaryServices
0x00007ff8106bf000 	/System/Library/Frameworks/CoreServices.framework/Versions/A/Frameworks/SharedFileList.framework/Versions/A/SharedFileList
0x00007ff813385000 	/usr/lib/libCheckFix.dylib
0x00007ff80df25000 	/System/Library/PrivateFrameworks/TCC.framework/Versions/A/TCC
0x00007ff812648000 	/System/Library/PrivateFrameworks/CoreNLP.framework/Versions/A/CoreNLP
0x00007ff80f94d000 	/System/Library/PrivateFrameworks/MetadataUtilities.framework/Versions/A/MetadataUtilities
0x00007ff809bf9000 	/usr/lib/libmecabra.dylib
0x00007ff8133b9000 	/usr/lib/libmecab.dylib
0x00007ff809bc4000 	/usr/lib/libCRFSuite.dylib
0x00007ff813413000 	/usr/lib/libgermantok.dylib
0x00007ff813f9c000 	/usr/lib/libThaiTokenizer.dylib
0x00007ff80fa40000 	/System/Library/Frameworks/Accelerate.framework/Versions/A/Frameworks/vImage.framework/Versions/A/vImage
0x00007ff81a0dc000 	/System/Library/Frameworks/Accelerate.framework/Versions/A/Frameworks/vecLib.framework/Versions/A/vecLib
0x00007ff81458a000 	/System/Library/Frameworks/Accelerate.framework/Versions/A/Frameworks/vecLib.framework/Versions/A/libvMisc.dylib
0x00007ff812e07000 	/System/Library/Frameworks/Accelerate.framework/Versions/A/Frameworks/vecLib.framework/Versions/A/libvDSP.dylib
0x00007ff809838000 	/System/Library/Frameworks/Accelerate.framework/Versions/A/Frameworks/vecLib.framework/Versions/A/libBLAS.dylib
0x00007ff8140d3000 	/System/Library/Frameworks/Accelerate.framework/Versions/A/Frameworks/vecLib.framework/Versions/A/libLAPACK.dylib
0x00007ff813416000 	/System/Library/Frameworks/Accelerate.framework/Versions/A/Frameworks/vecLib.framework/Versions/A/libLinearAlgebra.dylib
0x00007ff813fd9000 	/System/Library/Frameworks/Accelerate.framework/Versions/A/Frameworks/vecLib.framework/Versions/A/libSparseBLAS.dylib
0x00007ff8140cd000 	/System/Library/Frameworks/Accelerate.framework/Versions/A/Frameworks/vecLib.framework/Versions/A/libQuadrature.dylib
0x00007ff812733000 	/System/Library/Frameworks/Accelerate.framework/Versions/A/Frameworks/vecLib.framework/Versions/A/libBNNS.dylib
0x00007ff809ad2000 	/System/Library/Frameworks/Accelerate.framework/Versions/A/Frameworks/vecLib.framework/Versions/A/libSparse.dylib
0x00007ff81272c000 	/System/Library/PrivateFrameworks/LinguisticData.framework/Versions/A/LinguisticData
0x00007ff809a88000 	/System/Library/PrivateFrameworks/Lexicon.framework/Versions/A/Lexicon
0x00007ff814583000 	/usr/lib/libChineseTokenizer.dylib
0x00007ff80a1f3000 	/System/Library/PrivateFrameworks/LanguageModeling.framework/Versions/A/LanguageModeling
0x00007ff813f9e000 	/System/Library/PrivateFrameworks/AppleSauce.framework/Versions/A/AppleSauce
0x00007ff812fca000 	/System/Library/PrivateFrameworks/CoreEmoji.framework/Versions/A/CoreEmoji
0x00007ff813e9e000 	/usr/lib/libcmph.dylib
0x00007ff810696000 	/System/Library/Frameworks/OpenDirectory.framework/Versions/A/Frameworks/CFOpenDirectory.framework/Versions/A/CFOpenDirectory
0x00007ff81068a000 	/System/Library/Frameworks/OpenDirectory.framework/Versions/A/OpenDirectory
0x00007ff8144dc000 	/System/Library/PrivateFrameworks/APFS.framework/Versions/A/APFS
0x00007ff8132e0000 	/System/Library/Frameworks/SecurityFoundation.framework/Versions/A/SecurityFoundation
0x00007ff814557000 	/usr/lib/libutil.dylib
0x00007ff80b8e3000 	/System/Library/PrivateFrameworks/CoreServicesStore.framework/Versions/A/CoreServicesStore
0x00007ff81455b000 	/usr/lib/libxslt.1.dylib
0x00007ff81336d000 	/System/Library/PrivateFrameworks/BackgroundTaskManagement.framework/Versions/A/BackgroundTaskManagement
0x00007ff8159c6000 	/System/Library/Frameworks/ImageIO.framework/Versions/A/Resources/libRadiance.dylib
0x00007ff8159cf000 	/System/Library/Frameworks/ImageIO.framework/Versions/A/Resources/libJPEG.dylib
0x00007ff815920000 	/System/Library/Frameworks/ImageIO.framework/Versions/A/Resources/libPng.dylib
0x00007ff815941000 	/System/Library/Frameworks/ImageIO.framework/Versions/A/Resources/libTIFF.dylib
0x00007ff815a2f000 	/System/Library/Frameworks/ImageIO.framework/Versions/A/Resources/libGIF.dylib
0x00007ff81525b000 	/System/Library/Frameworks/ImageIO.framework/Versions/A/Resources/libJP2.dylib
0x00007ff814999000 	/usr/lib/libexpat.1.dylib
0x00007ff815210000 	/System/Library/PrivateFrameworks/AppleJPEG.framework/Versions/A/AppleJPEG
0x00007ff811b7c000 	/System/Library/PrivateFrameworks/FontServices.framework/libFontParser.dylib
0x00007ff80f690000 	/System/Library/PrivateFrameworks/RunningBoardServices.framework/Versions/A/RunningBoardServices
0x00007ff820396000 	/System/Library/PrivateFrameworks/IOSurfaceAccelerator.framework/Versions/A/IOSurfaceAccelerator
0x00007ff81533d000 	/System/Library/PrivateFrameworks/WatchdogClient.framework/Versions/A/WatchdogClient
0x00007ff80a2e1000 	/System/Library/Frameworks/CoreDisplay.framework/Versions/A/CoreDisplay
0x00007ff811a7a000 	/System/Library/Frameworks/CoreMedia.framework/Versions/A/CoreMedia
0x00007ff81190e000 	/System/Library/PrivateFrameworks/IOAccelerator.framework/Versions/A/IOAccelerator
0x00007ff810813000 	/System/Library/Frameworks/CoreVideo.framework/Versions/A/CoreVideo
0x00007ff813fef000 	/System/Library/Frameworks/MetalPerformanceShaders.framework/Versions/A/MetalPerformanceShaders
0x00007ff81537a000 	/System/Library/Frameworks/VideoToolbox.framework/Versions/A/VideoToolbox
0x00007ff80f5da000 	/System/Library/PrivateFrameworks/BaseBoard.framework/Versions/A/BaseBoard
0x00007ff80f361000 	/System/Library/PrivateFrameworks/ProtocolBuffer.framework/Versions/A/ProtocolBuffer
0x00007ff8159bf000 	/System/Library/PrivateFrameworks/GPUWrangler.framework/Versions/A/GPUWrangler
0x00007ff8159a3000 	/System/Library/PrivateFrameworks/IOPresentment.framework/Versions/A/IOPresentment
0x00007ff8159c9000 	/System/Library/PrivateFrameworks/DSExternalDisplay.framework/Versions/A/DSExternalDisplay
0x00007ffa21d53000 	/System/Library/Frameworks/OpenGL.framework/Versions/A/Libraries/libCoreFSCache.dylib
0x00007ffb0ee2a000 	/System/Library/PrivateFrameworks/GPUCompiler.framework/Versions/31001/Libraries/libGPUCompilerUtils.dylib
0x00007ff815a34000 	/System/Library/PrivateFrameworks/CMCaptureCore.framework/Versions/A/CMCaptureCore
0x00007ff814f41000 	/System/Library/PrivateFrameworks/AppServerSupport.framework/Versions/A/AppServerSupport
0x00007ff817202000 	/System/Library/PrivateFrameworks/perfdata.framework/Versions/A/perfdata
0x00007ff80a40d000 	/System/Library/PrivateFrameworks/AudioToolboxCore.framework/Versions/A/AudioToolboxCore
0x00007ff811a58000 	/System/Library/PrivateFrameworks/caulk.framework/Versions/A/caulk
0x00007ff816b14000 	/usr/lib/libAudioStatistics.dylib
0x00007ff90e80b000 	/System/Library/PrivateFrameworks/SystemPolicy.framework/Versions/A/SystemPolicy
0x00007ff816d6f000 	/usr/lib/libSMC.dylib
0x00007ff81fc8e000 	/System/Library/Frameworks/CoreMIDI.framework/Versions/A/CoreMIDI
0x00007ff8158ef000 	/usr/lib/libAudioToolboxUtility.dylib
0x00007ff90aa37000 	/System/Library/PrivateFrameworks/OSAServicesClient.framework/Versions/A/OSAServicesClient
0x00007ff81720f000 	/usr/lib/libperfcheck.dylib
0x00007ff90f2b8000 	/usr/lib/libmis.dylib
0x00007ffa21dae000 	/System/Library/Frameworks/OpenGL.framework/Versions/A/Libraries/libGLU.dylib
0x00007ffa21d72000 	/System/Library/Frameworks/OpenGL.framework/Versions/A/Libraries/libGFXShared.dylib
0x00007ffa21f7b000 	/System/Library/Frameworks/OpenGL.framework/Versions/A/Libraries/libGL.dylib
0x00007ffa21d7b000 	/System/Library/Frameworks/OpenGL.framework/Versions/A/Libraries/libGLImage.dylib
0x00007ffa21d6f000 	/System/Library/Frameworks/OpenGL.framework/Versions/A/Libraries/libCVMSPluginSupport.dylib
0x00007ffa21d5a000 	/System/Library/Frameworks/OpenGL.framework/Versions/A/Libraries/libCoreVMClient.dylib
0x00007ff8125c4000 	/System/Library/Frameworks/MetalPerformanceShaders.framework/Versions/A/Frameworks/MPSCore.framework/Versions/A/MPSCore
0x00007ff813986000 	/System/Library/Frameworks/MetalPerformanceShaders.framework/Versions/A/Frameworks/MPSImage.framework/Versions/A/MPSImage
0x00007ff81342c000 	/System/Library/Frameworks/MetalPerformanceShaders.framework/Versions/A/Frameworks/MPSNeuralNetwork.framework/Versions/A/MPSNeuralNetwork
0x00007ff8138a0000 	/System/Library/Frameworks/MetalPerformanceShaders.framework/Versions/A/Frameworks/MPSMatrix.framework/Versions/A/MPSMatrix
0x00007ff81365b000 	/System/Library/Frameworks/MetalPerformanceShaders.framework/Versions/A/Frameworks/MPSRayIntersector.framework/Versions/A/MPSRayIntersector
0x00007ff8138d8000 	/System/Library/Frameworks/MetalPerformanceShaders.framework/Versions/A/Frameworks/MPSNDArray.framework/Versions/A/MPSNDArray
0x00007ffa27833000 	/System/Library/Frameworks/MetalPerformanceShaders.framework/Versions/A/Frameworks/MPSFunctions.framework/Versions/A/MPSFunctions
0x00007ff809714000 	/System/Library/PrivateFrameworks/MetalTools.framework/Versions/A/MetalTools
0x00007ff812640000 	/System/Library/PrivateFrameworks/AggregateDictionary.framework/Versions/A/AggregateDictionary
0x00007ff81477b000 	/usr/lib/libIOReport.dylib
0x00007ffa2338a000 	/System/Library/Frameworks/OpenCL.framework/Versions/A/OpenCL
0x00007ff814adf000 	/System/Library/PrivateFrameworks/FaceCore.framework/Versions/A/FaceCore
0x00007ff814ad0000 	/System/Library/PrivateFrameworks/GraphVisualizer.framework/Versions/A/GraphVisualizer
0x00007ffb0ed35000 	/System/Library/PrivateFrameworks/FontServices.framework/Versions/A/FontServices
0x00007ff814ef9000 	/System/Library/PrivateFrameworks/OTSVG.framework/Versions/A/OTSVG
0x00007ff8103fa000 	/System/Library/Frameworks/ApplicationServices.framework/Versions/A/Frameworks/ATS.framework/Versions/A/Resources/libFontRegistry.dylib
0x00007ff814f49000 	/System/Library/PrivateFrameworks/FontServices.framework/libhvf.dylib
0x00007ffb0ed36000 	/System/Library/PrivateFrameworks/FontServices.framework/libXTFontStaticRegistryData.dylib
0x00007ff814949000 	/System/Library/PrivateFrameworks/AppleVA.framework/Versions/A/AppleVA
0x00007ff816b34000 	/System/Library/Frameworks/ApplicationServices.framework/Versions/A/Frameworks/ATS.framework/Versions/A/ATS
0x00007ff80eaa7000 	/System/Library/Frameworks/ApplicationServices.framework/Versions/A/Frameworks/HIServices.framework/Versions/A/HIServices
0x00007ff815a3e000 	/System/Library/Frameworks/ApplicationServices.framework/Versions/A/Frameworks/PrintCore.framework/Versions/A/PrintCore
0x00007ff816ec2000 	/System/Library/Frameworks/ApplicationServices.framework/Versions/A/Frameworks/QD.framework/Versions/A/QD
0x00007ff816eba000 	/System/Library/Frameworks/ApplicationServices.framework/Versions/A/Frameworks/ColorSyncLegacy.framework/Versions/A/ColorSyncLegacy
0x00007ff816b24000 	/System/Library/Frameworks/ApplicationServices.framework/Versions/A/Frameworks/SpeechSynthesis.framework/Versions/A/SpeechSynthesis
0x00007ff8159ff000 	/System/Library/Frameworks/ApplicationServices.framework/Versions/A/Frameworks/ATSUI.framework/Versions/A/ATSUI
0x00007ff816e4f000 	/usr/lib/libcups.2.dylib
0x00007ff81721e000 	/System/Library/Frameworks/Kerberos.framework/Versions/A/Kerberos
0x00007ff81722d000 	/System/Library/Frameworks/GSS.framework/Versions/A/GSS
0x00007ff816ba0000 	/usr/lib/libresolv.9.dylib
0x00007ff814f58000 	/System/Library/PrivateFrameworks/Heimdal.framework/Versions/A/Heimdal
0x00007ff81de11000 	/System/Library/Frameworks/Kerberos.framework/Versions/A/Libraries/libHeimdalProxy.dylib
0x00007ff80f764000 	/System/Library/Frameworks/Network.framework/Versions/A/Network
0x00007ff8149b3000 	/usr/lib/libheimdal-asn1.dylib
0x00007ff817278000 	/System/Library/PrivateFrameworks/CommonAuth.framework/Versions/A/CommonAuth
0x00007ff816aa6000 	/System/Library/PrivateFrameworks/AudioSession.framework/Versions/A/AudioSession
0x00007ff814a43000 	/System/Library/PrivateFrameworks/MediaExperience.framework/Versions/A/MediaExperience
0x00007ff816938000 	/System/Library/PrivateFrameworks/AudioSession.framework/libSessionUtility.dylib
0x00007ff816ece000 	/System/Library/PrivateFrameworks/AudioResourceArbitration.framework/Versions/A/AudioResourceArbitration
0x00007ff81af4f000 	/System/Library/PrivateFrameworks/PowerLog.framework/Versions/A/PowerLog
0x00007ff8149bc000 	/System/Library/PrivateFrameworks/IconFoundation.framework/Versions/A/IconFoundation
0x00007ff819d05000 	/System/Library/PrivateFrameworks/SpeechRecognitionCore.framework/Versions/A/SpeechRecognitionCore
0x000000010b4f0000 	/Users/sheryl/Downloads/jdk-11.0.13.jdk/Contents/Home/lib/server/libjvm.dylib
0x000000010a7a5000 	/Users/sheryl/Downloads/jdk-11.0.13.jdk/Contents/Home/lib/libverify.dylib
0x000000010a7e1000 	/Users/sheryl/Downloads/jdk-11.0.13.jdk/Contents/Home/lib/libjava.dylib
0x000000010a7b5000 	/Users/sheryl/Downloads/jdk-11.0.13.jdk/Contents/Home/lib/libjimage.dylib
0x000000010a7ce000 	/Users/sheryl/Downloads/jdk-11.0.13.jdk/Contents/Home/lib/libzip.dylib
0x000000010b286000 	/Users/sheryl/Downloads/jdk-11.0.13.jdk/Contents/Home/lib/libnio.dylib
0x000000010b2b1000 	/Users/sheryl/Downloads/jdk-11.0.13.jdk/Contents/Home/lib/libnet.dylib
0x000000010b298000 	/Users/sheryl/.openjfx/cache/16/libprism_es2.dylib
0x00007ff80b8a5000 	/System/Library/PrivateFrameworks/CoreServicesInternal.framework/Versions/A/CoreServicesInternal
0x00007ffa21f86000 	/System/Library/Frameworks/OpenGL.framework/Versions/A/Resources/GLEngine.bundle/GLEngine
0x00007ffa21dec000 	/System/Library/Frameworks/OpenGL.framework/Versions/A/Libraries/libGLProgrammability.dylib
0x00007ffa16e02000 	/System/Library/Extensions/AppleIntelKBLGraphicsGLDriver.bundle/Contents/MacOS/AppleIntelKBLGraphicsGLDriver
0x00007ff919453000 	/System/Library/PrivateFrameworks/GPUSupport.framework/Versions/A/Libraries/libGPUSupportMercury.dylib
0x00007ffa22110000 	/System/Library/Frameworks/OpenGL.framework/Versions/A/Resources/GLRendererFloat.bundle/GLRendererFloat
0x000000012bd00000 	/Users/sheryl/.openjfx/cache/16/libglass.dylib
0x00007ff81b540000 	/System/Library/Frameworks/FileProvider.framework/Versions/A/FileProvider
0x00007ff80f547000 	/System/Library/Frameworks/Accounts.framework/Versions/A/Accounts
0x00007ff81b6b9000 	/System/Library/PrivateFrameworks/GenerationalStorage.framework/Versions/A/GenerationalStorage
0x00007ff81c1c9000 	/System/Library/PrivateFrameworks/CoreSymbolication.framework/Versions/A/CoreSymbolication
0x00007ff81af44000 	/System/Library/PrivateFrameworks/SymptomDiagnosticReporter.framework/Versions/A/SymptomDiagnosticReporter
0x00007ff80cb66000 	/System/Library/PrivateFrameworks/DesktopServicesPriv.framework/Versions/A/DesktopServicesPriv
0x00007ff80b9e4000 	/usr/lib/libsandbox.1.dylib
0x00007ff810892000 	/System/Library/PrivateFrameworks/UserManagement.framework/Versions/A/UserManagement
0x00007ff81c18e000 	/System/Library/PrivateFrameworks/DebugSymbols.framework/Versions/A/DebugSymbols
0x00007ff816eaf000 	/System/Library/PrivateFrameworks/NetAuth.framework/Versions/A/NetAuth
0x00007ff817dbe000 	/System/Library/PrivateFrameworks/Sharing.framework/Versions/A/Sharing
0x00007ff810865000 	/System/Library/PrivateFrameworks/login.framework/Versions/A/Frameworks/loginsupport.framework/Versions/A/loginsupport
0x00007ff81d32c000 	/System/Library/PrivateFrameworks/Apple80211.framework/Versions/A/Apple80211
0x00007ff813a6b000 	/System/Library/PrivateFrameworks/AuthKit.framework/Versions/A/AuthKit
0x00007ff8130c0000 	/System/Library/PrivateFrameworks/CoreUtils.framework/Versions/A/CoreUtils
0x00007ff812fe7000 	/System/Library/Frameworks/CoreWLAN.framework/Versions/A/CoreWLAN
0x00007ff817f1d000 	/System/Library/Frameworks/IOBluetooth.framework/Versions/A/IOBluetooth
0x00007ff81d394000 	/System/Library/PrivateFrameworks/CoreWiFi.framework/Versions/A/CoreWiFi
0x00007ff81bd63000 	/System/Library/PrivateFrameworks/FrontBoardServices.framework/Versions/A/FrontBoardServices
0x00007ff81bdf4000 	/System/Library/PrivateFrameworks/BoardServices.framework/Versions/A/BoardServices
0x00007ff8132cf000 	/System/Library/PrivateFrameworks/AssertionServices.framework/Versions/A/AssertionServices
0x00007ff81d517000 	/System/Library/PrivateFrameworks/BackBoardServices.framework/Versions/A/BackBoardServices
0x00007ff817309000 	/System/Library/PrivateFrameworks/CorePhoneNumbers.framework/Versions/A/CorePhoneNumbers
0x00007ff816bcd000 	/System/Library/PrivateFrameworks/MultiverseSupport.framework/Versions/A/MultiverseSupport
0x00007ff81d78a000 	/System/Library/PrivateFrameworks/RemoteServiceDiscovery.framework/Versions/A/RemoteServiceDiscovery
0x00007ff81b061000 	/System/Library/PrivateFrameworks/DiskManagement.framework/Versions/A/DiskManagement
0x00007ff81af75000 	/System/Library/PrivateFrameworks/AppleIDAuthSupport.framework/Versions/A/AppleIDAuthSupport
0x00007ffb096b0000 	/System/Library/PrivateFrameworks/AAAFoundation.framework/Versions/A/AAAFoundation
0x00007ff8172ea000 	/System/Library/PrivateFrameworks/KeychainCircle.framework/Versions/A/KeychainCircle
0x00007ff81d79a000 	/System/Library/PrivateFrameworks/RemoteXPC.framework/Versions/A/RemoteXPC
0x00007ff81b02d000 	/System/Library/PrivateFrameworks/MediaKit.framework/Versions/A/MediaKit
0x00007ff81af81000 	/System/Library/Frameworks/DiscRecording.framework/Versions/A/DiscRecording
0x00007ff8148c1000 	/usr/lib/libCoreStorage.dylib
0x00007ff81d805000 	/usr/lib/libcsfde.dylib
0x00007ff817fea000 	/System/Library/PrivateFrameworks/ProtectedCloudStorage.framework/Versions/A/ProtectedCloudStorage
0x00007ff81d801000 	/System/Library/PrivateFrameworks/EFILogin.framework/Versions/A/EFILogin
0x00007ff81b6df000 	/System/Library/PrivateFrameworks/OctagonTrust.framework/Versions/A/OctagonTrust
0x00007ffb0df98000 	/System/Library/PrivateFrameworks/CoreUtilsExtras.framework/Versions/A/CoreUtilsExtras
0x00007ff81aea8000 	/System/Library/Frameworks/CoreBluetooth.framework/Versions/A/CoreBluetooth
0x00007ff81de96000 	/System/Library/Frameworks/AudioUnit.framework/Versions/A/AudioUnit
0x00007ff8148b9000 	/usr/lib/libMatch.1.dylib
0x00007ff9138dc000 	/System/Library/Frameworks/Accelerate.framework/Versions/A/Frameworks/vImage.framework/Versions/A/Libraries/libCGInterfaces.dylib
0x000000012d1b4000 	/usr/lib/libobjc-trampolines.dylib
0x00007ffb21818000 	/usr/lib/libRosetta.dylib
0x00007ff81058a000 	/System/Library/PrivateFrameworks/ViewBridge.framework/Versions/A/ViewBridge


VM Arguments:
jvm_args: -Dfile.encoding=UTF-8 -Duser.country=SG -Duser.language=en -Duser.variant 
java_command: Launcher
java_class_path (initial): /Users/sheryl/CS2103T/ip/build/classes/java/main:/Users/sheryl/CS2103T/ip/build/resources/main:/Users/sheryl/.gradle/caches/modules-2/files-2.1/org.testng/testng/7.1.0/b0bcea778fb2899aeb4014c558babea8833d180a/testng-7.1.0.jar:/Users/sheryl/.gradle/caches/modules-2/files-2.1/org.openjfx/javafx-fxml/16/369f646fc29d2223cc98cfc3c059f2409b3e8fcb/javafx-fxml-16-win.jar:/Users/sheryl/.gradle/caches/modules-2/files-2.1/org.openjfx/javafx-fxml/16/7e4f07a331991485560673a398d6988cc805b67f/javafx-fxml-16-mac.jar:/Users/sheryl/.gradle/caches/modules-2/files-2.1/org.openjfx/javafx-fxml/16/c7147c450773c3d4fd038ac9d1a6fdebbc3c11e0/javafx-fxml-16-linux.jar:/Users/sheryl/.gradle/caches/modules-2/files-2.1/org.openjfx/javafx-controls/16/65cdeae29c67d25932dcc66ca4f7d269923631ba/javafx-controls-16-win.jar:/Users/sheryl/.gradle/caches/modules-2/files-2.1/org.openjfx/javafx-controls/16/8df933b095bdd8203dc937e39e3a9f199654e47e/javafx-controls-16-mac.jar:/Users/sheryl/.gradle/caches/modules-2/files-2.1/org.openjfx/javafx-controls/16/116b127e512d23ddb84c62017c256e7f67f5b9eb/javafx-controls-16-linux.jar:/Users/sheryl/.gradle/caches/modules-2/files-2.1/org.openjfx/javafx-controls/16/d8334d505d5eb64400ae57f989c3db9dd47dcee3/javafx-controls-16.jar:/Users/sheryl/.gradle/caches/modules-2/files-2.1/org.openjfx/javafx-graphics/16/cd18f8477818b40cfdbcfec7e2fc15f632f0a2f/javafx-graphics-16-win.jar:/Users/sheryl/.gradle/caches/modules-2/files-2.1/org.openjfx/javafx-graphics/16/a45de3d40e217f7ba22cecf54abc281d13a172f6/javafx-graphics-16-mac.jar:/Users/sheryl/.gradle/caches/modules-2/files-2.1/org.openjfx/javafx-graphics/16/1bf2fd9f083daa2f492c4c58c4f7d5acb6f4b7d/javafx-graphics-16-linux.jar:/Users/sheryl/.gradle/caches/modules-2/files-2.1/org.openjfx/javafx-graphics/16/ddd09436524cfea7995db18f93b6c9a2ec54bff3/javafx-graphics-16.jar:/Users/sheryl/.gradle/caches/modules-2/files-2.1/org.openjfx/javafx-base/16/e0564fea3f27dd3a10fa62e5005612333fc244bc/javafx-base-16-win.jar:/User
Launcher Type: SUN_STANDARD

[Global flags]
     intx CICompilerCount                          = 3                                         {product} {ergonomic}
     uint ConcGCThreads                            = 1                                         {product} {ergonomic}
     uint G1ConcRefinementThreads                  = 4                                         {product} {ergonomic}
   size_t G1HeapRegionSize                         = 1048576                                   {product} {ergonomic}
    uintx GCDrainStackTargetSize                   = 64                                        {product} {ergonomic}
   size_t InitialHeapSize                          = 134217728                                 {product} {ergonomic}
   size_t MarkStackSize                            = 4194304                                   {product} {ergonomic}
   size_t MaxHeapSize                              = 2147483648                                {product} {ergonomic}
   size_t MaxNewSize                               = 1287651328                                {product} {ergonomic}
   size_t MinHeapDeltaBytes                        = 1048576                                   {product} {ergonomic}
    uintx NonNMethodCodeHeapSize                   = 5830732                                {pd product} {ergonomic}
    uintx NonProfiledCodeHeapSize                  = 122913754                              {pd product} {ergonomic}
    uintx ProfiledCodeHeapSize                     = 122913754                              {pd product} {ergonomic}
    uintx ReservedCodeCacheSize                    = 251658240                              {pd product} {ergonomic}
     bool SegmentedCodeCache                       = true                                      {product} {ergonomic}
     bool UseCompressedClassPointers               = true                                 {lp64_product} {ergonomic}
     bool UseCompressedOops                        = true                                 {lp64_product} {ergonomic}
     bool UseG1GC                                  = true                                      {product} {ergonomic}

Logging:
Log output configuration:
 #0: stdout all=warning uptime,level,tags
 #1: stderr all=off uptime,level,tags

Environment Variables:
PATH=/Library/Frameworks/Python.framework/Versions/3.10/bin:/usr/local/bin:/usr/bin:/bin:/usr/sbin:/sbin
SHELL=/bin/zsh

Signal Handlers:
SIGSEGV: [libjvm.dylib+0x787cc8], sa_mask[0]=11111111011111110111111111111111, sa_flags=SA_ONSTACK|SA_RESTART|SA_SIGINFO
SIGBUS: [libjvm.dylib+0x787cc8], sa_mask[0]=11111111011111110111111111111111, sa_flags=SA_RESTART|SA_SIGINFO
SIGFPE: [libjvm.dylib+0x787cc8], sa_mask[0]=11111111011111110111111111111111, sa_flags=SA_RESTART|SA_SIGINFO
SIGPIPE: [libjvm.dylib+0x63aa37], sa_mask[0]=11111111011111110111111111111111, sa_flags=SA_RESTART|SA_SIGINFO
SIGXFSZ: [libjvm.dylib+0x63aa37], sa_mask[0]=11111111011111110111111111111111, sa_flags=SA_RESTART|SA_SIGINFO
SIGILL: [libjvm.dylib+0x787cc8], sa_mask[0]=11111111011111110111111111111111, sa_flags=SA_RESTART|SA_SIGINFO
SIGUSR2: [libjvm.dylib+0x63b00c], sa_mask[0]=00100000000000000000000000000000, sa_flags=SA_RESTART|SA_SIGINFO
SIGHUP: [libjvm.dylib+0x639b0f], sa_mask[0]=11111111011111110111111111111111, sa_flags=SA_RESTART|SA_SIGINFO
SIGINT: [libjvm.dylib+0x639b0f], sa_mask[0]=11111111011111110111111111111111, sa_flags=SA_RESTART|SA_SIGINFO
SIGTERM: [libjvm.dylib+0x639b0f], sa_mask[0]=11111111011111110111111111111111, sa_flags=SA_RESTART|SA_SIGINFO
SIGQUIT: [libjvm.dylib+0x639b0f], sa_mask[0]=11111111011111110111111111111111, sa_flags=SA_RESTART|SA_SIGINFO


---------------  S Y S T E M  ---------------

OS:uname:Darwin 21.6.0 Darwin Kernel Version 21.6.0: Sat Jun 18 17:07:25 PDT 2022; root:xnu-8020.140.41~1/RELEASE_X86_64 x86_64
rlimit: STACK 8192k, CORE 0k, NPROC 1392, NOFILE 10240, AS infinity, DATA infinity, FSIZE infinity
load average:5.01 4.07 4.03

CPU:total 4 (initial active 4) (2 cores per cpu, 2 threads per core) family 6 model 142 stepping 9 microcode 0xf0, cmov, cx8, fxsr, mmx, sse, sse2, sse3, ssse3, sse4.1, sse4.2, popcnt, avx, avx2, aes, clmul, erms, 3dnowpref, lzcnt, ht, tsc, tscinvbit, bmi1, bmi2, adx, fma

Memory: 4k page, physical 8388608k(135708k free)

vm_info: Java HotSpot(TM) 64-Bit Server VM (11.0.13+10-LTS-370) for bsd-amd64 JRE (11.0.13+10-LTS-370), built on Sep 15 2021 21:10:43 by "mach5one" with gcc 4.2.1 Compatible Apple LLVM 11.0.0 (clang-1100.0.33.17)

END.
