#
# There is insufficient memory for the Java Runtime Environment to continue.
# Native memory allocation (malloc) failed to allocate 1349136 bytes for Chunk::new
# Possible reasons:
#   The system is out of physical RAM or swap space
#   The process is running with CompressedOops enabled, and the Java Heap may be blocking the growth of the native heap
# Possible solutions:
#   Reduce memory load on the system
#   Increase physical memory or swap space
#   Check if swap backing store is full
#   Decrease Java heap size (-Xmx/-Xms)
#   Decrease number of Java threads
#   Decrease Java thread stack sizes (-Xss)
#   Set larger code cache with -XX:ReservedCodeCacheSize=
#   JVM is running with Unscaled Compressed Oops mode in which the Java heap is
#     placed in the first 4GB address space. The Java Heap base address is the
#     maximum limit for the native heap growth. Please use -XX:HeapBaseMinAddress
#     to set the Java Heap base and to place the Java Heap above 4GB virtual address.
# This output file may be truncated or incomplete.
#
#  Out of Memory Error (./open/src/hotspot/share/memory/arena.cpp:197), pid=50780, tid=53800
#
# JRE version: Java(TM) SE Runtime Environment 18.9 (11.0.13+10) (build 11.0.13+10-LTS-370)
# Java VM: Java HotSpot(TM) 64-Bit Server VM 18.9 (11.0.13+10-LTS-370, mixed mode, tiered, compressed oops, g1 gc, windows-amd64)
# No core dump will be written. Minidumps are not enabled by default on client versions of Windows
#

---------------  S U M M A R Y ------------

Command Line: --add-opens=java.base/java.util=ALL-UNNAMED --add-opens=java.base/java.lang=ALL-UNNAMED --add-opens=java.base/java.lang.invoke=ALL-UNNAMED --add-opens=java.prefs/java.util.prefs=ALL-UNNAMED -XX:MaxMetaspaceSize=256m -XX:+HeapDumpOnOutOfMemoryError -Xms256m -Xmx512m -Dfile.encoding=windows-1252 -Duser.country=SG -Duser.language=en -Duser.variant org.gradle.launcher.daemon.bootstrap.GradleDaemon 6.2

Host: Intel(R) Core(TM) i7-7700HQ CPU @ 2.80GHz, 8 cores, 15G,  Windows 10 , 64 bit Build 19041 (10.0.19041.1889)
Time: Mon Sep 12 03:18:34 2022 Malay Peninsula Standard Time elapsed time: 1101.644673 seconds (0d 0h 18m 21s)

---------------  T H R E A D  ---------------

Current thread (0x000001d29ffd8800):  JavaThread "C2 CompilerThread0" daemon [_thread_in_native, id=53800, stack(0x000000279a100000,0x000000279a200000)]


Current CompileTask:
C2:1101644 11373       4       org.gradle.internal.service.DefaultServiceRegistry$OwnServices$ProviderAnalyser::analyseType (114 bytes)

Stack: [0x000000279a100000,0x000000279a200000]
Native frames: (J=compiled Java code, j=interpreted, Vv=VM code, C=native code)
V  [jvm.dll+0x62870a]
V  [jvm.dll+0x761f2f]
V  [jvm.dll+0x7635d9]
V  [jvm.dll+0x763c63]
V  [jvm.dll+0x23d728]
V  [jvm.dll+0xb293c]
V  [jvm.dll+0xb2efc]
V  [jvm.dll+0x3408b7]
V  [jvm.dll+0x18c9e1]
V  [jvm.dll+0x1f8362]
V  [jvm.dll+0x1f743d]
V  [jvm.dll+0x177991]
V  [jvm.dll+0x206d84]
V  [jvm.dll+0x204ebb]
V  [jvm.dll+0x727e70]
V  [jvm.dll+0x720a54]
V  [jvm.dll+0x627606]
C  [ucrtbase.dll+0x21bb2]
C  [KERNEL32.DLL+0x17034]
C  [ntdll.dll+0x52651]


---------------  P R O C E S S  ---------------

Threads class SMR info:
_java_thread_list=0x000001d2a4aa37c0, length=56, elements={
0x000001d2839a4000, 0x000001d29ffaf000, 0x000001d29ffb8000, 0x000001d29ffc9000,
0x000001d29ffca800, 0x000001d29ffcd800, 0x000001d29ffd8800, 0x000001d2a0925000,
0x000001d2a0928000, 0x000001d2a0a87000, 0x000001d2a0bb9800, 0x000001d2a2202000,
0x000001d2a208e000, 0x000001d2a27a8000, 0x000001d2a27a9800, 0x000001d2a27a9000,
0x000001d2a27ac000, 0x000001d2a27a7000, 0x000001d2a27a6800, 0x000001d2a3103800,
0x000001d2a3106000, 0x000001d2a3105800, 0x000001d2a3104800, 0x000001d2a3100800,
0x000001d2a3107000, 0x000001d2a3101000, 0x000001d2a3107800, 0x000001d2a3102000,
0x000001d2a310e800, 0x000001d2a3108800, 0x000001d2a310f000, 0x000001d2a0e4e000,
0x000001d2a2931800, 0x000001d2a3109800, 0x000001d2a310a000, 0x000001d2a310b000,
0x000001d2a310c000, 0x000001d2a310c800, 0x000001d2a310d800, 0x000001d2a55bb000,
0x000001d2a55bc800, 0x000001d2a55bb800, 0x000001d2a55b8800, 0x000001d2a55bd800,
0x000001d2a55b7800, 0x000001d2a55be000, 0x000001d2a55bf000, 0x000001d2a55b9000,
0x000001d2a55c4000, 0x000001d2a55c0800, 0x000001d2a55c4800, 0x000001d2a55c5800,
0x000001d2a55bf800, 0x000001d2a55c1800, 0x000001d2a55c2000, 0x000001d2a55c3000
}

Java Threads: ( => current thread )
  0x000001d2839a4000 JavaThread "main" [_thread_blocked, id=11492, stack(0x0000002799500000,0x0000002799600000)]
  0x000001d29ffaf000 JavaThread "Reference Handler" daemon [_thread_blocked, id=11864, stack(0x0000002799c00000,0x0000002799d00000)]
  0x000001d29ffb8000 JavaThread "Finalizer" daemon [_thread_blocked, id=50448, stack(0x0000002799d00000,0x0000002799e00000)]
  0x000001d29ffc9000 JavaThread "Signal Dispatcher" daemon [_thread_blocked, id=336, stack(0x0000002799e00000,0x0000002799f00000)]
  0x000001d29ffca800 JavaThread "Attach Listener" daemon [_thread_blocked, id=53272, stack(0x0000002799f00000,0x000000279a000000)]
  0x000001d29ffcd800 JavaThread "Service Thread" daemon [_thread_blocked, id=1508, stack(0x000000279a000000,0x000000279a100000)]
=>0x000001d29ffd8800 JavaThread "C2 CompilerThread0" daemon [_thread_in_native, id=53800, stack(0x000000279a100000,0x000000279a200000)]
  0x000001d2a0925000 JavaThread "C1 CompilerThread0" daemon [_thread_blocked, id=31304, stack(0x000000279a200000,0x000000279a300000)]
  0x000001d2a0928000 JavaThread "Sweeper thread" daemon [_thread_blocked, id=13584, stack(0x000000279a300000,0x000000279a400000)]
  0x000001d2a0a87000 JavaThread "Common-Cleaner" daemon [_thread_blocked, id=35992, stack(0x000000279a400000,0x000000279a500000)]
  0x000001d2a0bb9800 JavaThread "Daemon health stats" [_thread_blocked, id=55888, stack(0x000000279a600000,0x000000279a700000)]
  0x000001d2a2202000 JavaThread "Incoming local TCP Connector on port 49793" [_thread_in_native, id=42412, stack(0x000000279ac00000,0x000000279ad00000)]
  0x000001d2a208e000 JavaThread "Daemon periodic checks" [_thread_blocked, id=47000, stack(0x000000279ad00000,0x000000279ae00000)]
  0x000001d2a27a8000 JavaThread "Cache worker for journal cache (C:\Users\PC\.gradle\caches\journal-1)" [_thread_blocked, id=55956, stack(0x000000279b500000,0x000000279b600000)]
  0x000001d2a27a9800 JavaThread "File lock request listener" [_thread_in_native, id=40288, stack(0x000000279b600000,0x000000279b700000)]
  0x000001d2a27a9000 JavaThread "Cache worker for file hash cache (C:\Users\PC\.gradle\caches\6.2\fileHashes)" [_thread_blocked, id=54252, stack(0x000000279b700000,0x000000279b800000)]
  0x000001d2a27ac000 JavaThread "Cache worker for execution history cache (C:\Users\PC\.gradle\caches\6.2\executionHistory)" [_thread_blocked, id=54264, stack(0x000000279c000000,0x000000279c100000)]
  0x000001d2a27a7000 JavaThread "Memory manager" [_thread_blocked, id=44276, stack(0x000000279ca00000,0x000000279cb00000)]
  0x000001d2a27a6800 JavaThread "Cache worker for file content cache (C:\Users\PC\.gradle\caches\6.2\fileContent)" [_thread_blocked, id=23212, stack(0x000000279cb00000,0x000000279cc00000)]
  0x000001d2a3103800 JavaThread "Cache worker for Java compile cache (C:\Users\PC\.gradle\caches\6.2\javaCompile)" [_thread_blocked, id=53708, stack(0x000000279d500000,0x000000279d600000)]
  0x000001d2a3106000 JavaThread "Daemon Thread 3" [_thread_blocked, id=53184, stack(0x0000002799200000,0x0000002799300000)]
  0x000001d2a3105800 JavaThread "Handler for socket connection from /127.0.0.1:49793 to /127.0.0.1:51179" [_thread_in_native, id=28076, stack(0x0000002799300000,0x0000002799400000)]
  0x000001d2a3104800 JavaThread "Cancel handler" [_thread_blocked, id=50444, stack(0x0000002799400000,0x0000002799500000)]
  0x000001d2a3100800 JavaThread "Daemon worker Thread 3" [_thread_blocked, id=49472, stack(0x000000279ae00000,0x000000279af00000)]
  0x000001d2a3107000 JavaThread "Asynchronous log dispatcher for DefaultDaemonConnection: socket connection from /127.0.0.1:49793 to /127.0.0.1:51179" [_thread_blocked, id=7512, stack(0x000000279af00000,0x000000279b000000)]
  0x000001d2a3101000 JavaThread "Stdin handler" [_thread_blocked, id=55668, stack(0x000000279b000000,0x000000279b100000)]
  0x000001d2a3107800 JavaThread "Thread-77" [_thread_blocked, id=2916, stack(0x000000279b100000,0x000000279b200000)]
  0x000001d2a3102000 JavaThread "Cache worker for checksums cache (C:\Users\PC\git\ip\.gradle\checksums)" [_thread_blocked, id=56192, stack(0x000000279b200000,0x000000279b300000)]
  0x000001d2a310e800 JavaThread "Cache worker for file hash cache (C:\Users\PC\git\ip\.gradle\6.2\fileHashes)" [_thread_blocked, id=51132, stack(0x000000279b300000,0x000000279b400000)]
  0x000001d2a3108800 JavaThread "Cache worker for cache directory md-supplier (C:\Users\PC\.gradle\caches\6.2\md-supplier)" [_thread_blocked, id=44396, stack(0x000000279b400000,0x000000279b500000)]
  0x000001d2a310f000 JavaThread "Cache worker for cache directory md-rule (C:\Users\PC\.gradle\caches\6.2\md-rule)" [_thread_blocked, id=6700, stack(0x000000279bc00000,0x000000279bd00000)]
  0x000001d2a0e4e000 JavaThread "C2 CompilerThread1" daemon [_thread_blocked, id=28092, stack(0x000000279bd00000,0x000000279be00000)]
  0x000001d2a2931800 JavaThread "C2 CompilerThread2" daemon [_thread_blocked, id=16472, stack(0x000000279be00000,0x000000279bf00000)]
  0x000001d2a3109800 JavaThread "Build operations" [_thread_blocked, id=55612, stack(0x000000279bf00000,0x000000279c000000)]
  0x000001d2a310a000 JavaThread "Build operations Thread 2" [_thread_blocked, id=40736, stack(0x000000279c200000,0x000000279c300000)]
  0x000001d2a310b000 JavaThread "Build operations Thread 3" [_thread_blocked, id=52300, stack(0x000000279c300000,0x000000279c400000)]
  0x000001d2a310c000 JavaThread "Build operations Thread 4" [_thread_blocked, id=30632, stack(0x000000279c400000,0x000000279c500000)]
  0x000001d2a310c800 JavaThread "Build operations Thread 5" [_thread_blocked, id=53384, stack(0x000000279c500000,0x000000279c600000)]
  0x000001d2a310d800 JavaThread "Build operations Thread 6" [_thread_blocked, id=52816, stack(0x000000279c600000,0x000000279c700000)]
  0x000001d2a55bb000 JavaThread "Build operations Thread 7" [_thread_blocked, id=16016, stack(0x000000279c700000,0x000000279c800000)]
  0x000001d2a55bc800 JavaThread "Build operations Thread 8" [_thread_blocked, id=49748, stack(0x000000279c800000,0x000000279c900000)]
  0x000001d2a55bb800 JavaThread "Cache worker for Build Output Cleanup Cache (C:\Users\PC\git\ip\.gradle\buildOutputCleanup)" [_thread_blocked, id=56208, stack(0x000000279c900000,0x000000279ca00000)]
  0x000001d2a55b8800 JavaThread "Cache worker for file content cache (C:\Users\PC\git\ip\.gradle\6.2\fileContent)" [_thread_blocked, id=29428, stack(0x000000279cc00000,0x000000279cd00000)]
  0x000001d2a55bd800 JavaThread "Execution worker for ':'" [_thread_blocked, id=43736, stack(0x000000279cd00000,0x000000279ce00000)]
  0x000001d2a55b7800 JavaThread "Execution worker for ':' Thread 2" [_thread_blocked, id=53816, stack(0x000000279ce00000,0x000000279cf00000)]
  0x000001d2a55be000 JavaThread "Execution worker for ':' Thread 3" [_thread_blocked, id=14480, stack(0x000000279cf00000,0x000000279d000000)]
  0x000001d2a55bf000 JavaThread "Execution worker for ':' Thread 4" [_thread_blocked, id=52316, stack(0x000000279d000000,0x000000279d100000)]
  0x000001d2a55b9000 JavaThread "Execution worker for ':' Thread 5" [_thread_blocked, id=55400, stack(0x000000279d100000,0x000000279d200000)]
  0x000001d2a55c4000 JavaThread "Execution worker for ':' Thread 6" [_thread_blocked, id=15468, stack(0x000000279d200000,0x000000279d300000)]
  0x000001d2a55c0800 JavaThread "Execution worker for ':' Thread 7" [_thread_blocked, id=19720, stack(0x000000279d300000,0x000000279d400000)]
  0x000001d2a55c4800 JavaThread "Cache worker for execution history cache (C:\Users\PC\git\ip\.gradle\6.2\executionHistory)" [_thread_blocked, id=48032, stack(0x000000279d400000,0x000000279d500000)]
  0x000001d2a55c5800 JavaThread "Exec process Thread 5" [_thread_in_native, id=8344, stack(0x000000279d600000,0x000000279d700000)]
  0x000001d2a55bf800 JavaThread "DisconnectableInputStream source reader" daemon [_thread_blocked, id=28596, stack(0x000000279d700000,0x000000279d800000)]
  0x000001d2a55c1800 JavaThread "Exec process Thread 6" [_thread_blocked, id=43812, stack(0x000000279d800000,0x000000279d900000)]
  0x000001d2a55c2000 JavaThread "Exec process Thread 7" [_thread_in_native, id=54952, stack(0x000000279d900000,0x000000279da00000)]
  0x000001d2a55c3000 JavaThread "Exec process Thread 8" [_thread_in_native, id=56072, stack(0x000000279da00000,0x000000279db00000)]

Other Threads:
  0x000001d29ff8c800 VMThread "VM Thread" [stack: 0x0000002799b00000,0x0000002799c00000] [id=19728]
  0x000001d2a0aff000 WatcherThread [stack: 0x000000279a500000,0x000000279a600000] [id=8652]
  0x000001d2839b9800 GCTaskThread "GC Thread#0" [stack: 0x0000002799600000,0x0000002799700000] [id=10848]
  0x000001d2a166a800 GCTaskThread "GC Thread#1" [stack: 0x000000279a700000,0x000000279a800000] [id=52516]
  0x000001d2a166b000 GCTaskThread "GC Thread#2" [stack: 0x000000279a800000,0x000000279a900000] [id=51708]
  0x000001d2a14a9000 GCTaskThread "GC Thread#3" [stack: 0x000000279a900000,0x000000279aa00000] [id=55216]
  0x000001d2a14aa000 GCTaskThread "GC Thread#4" [stack: 0x000000279aa00000,0x000000279ab00000] [id=49816]
  0x000001d2a14aa800 GCTaskThread "GC Thread#5" [stack: 0x000000279ab00000,0x000000279ac00000] [id=42128]
  0x000001d2a2903000 GCTaskThread "GC Thread#6" [stack: 0x000000279b800000,0x000000279b900000] [id=55928]
  0x000001d2a15f7800 GCTaskThread "GC Thread#7" [stack: 0x000000279b900000,0x000000279ba00000] [id=53780]
  0x000001d2839cc800 ConcurrentGCThread "G1 Main Marker" [stack: 0x0000002799700000,0x0000002799800000] [id=56016]
  0x000001d2839cf000 ConcurrentGCThread "G1 Conc#0" [stack: 0x0000002799800000,0x0000002799900000] [id=48864]
  0x000001d2a0ef5800 ConcurrentGCThread "G1 Conc#1" [stack: 0x000000279ba00000,0x000000279bb00000] [id=33812]
  0x000001d29fe20800 ConcurrentGCThread "G1 Refine#0" [stack: 0x0000002799900000,0x0000002799a00000] [id=43216]
  0x000001d2a7fe6000 ConcurrentGCThread "G1 Refine#1" [stack: 0x000000279bb00000,0x000000279bc00000] [id=47192]
  0x000001d2a69fb000 ConcurrentGCThread "G1 Refine#2" [stack: 0x000000279c100000,0x000000279c200000] [id=49896]
  0x000001d29fe23000 ConcurrentGCThread "G1 Young RemSet Sampling" [stack: 0x0000002799a00000,0x0000002799b00000] [id=41004]

Threads with active compile tasks:
C2 CompilerThread01101691 11373       4       org.gradle.internal.service.DefaultServiceRegistry$OwnServices$ProviderAnalyser::analyseType (114 bytes)

VM state:not at safepoint (normal execution)

VM Mutex/Monitor currently owned by a thread: None

Heap address: 0x00000000e0000000, size: 512 MB, Compressed Oops mode: 32-bit
Narrow klass base: 0x0000000000000000, Narrow klass shift: 3
Compressed class space size: 260046848 Address: 0x0000000100000000

Heap:
 garbage-first heap   total 262144K, used 135832K [0x00000000e0000000, 0x0000000100000000)
  region size 1024K, 23 young (23552K), 14 survivors (14336K)
 Metaspace       used 85573K, capacity 88223K, committed 88488K, reserved 331776K
  class space    used 10793K, capacity 11720K, committed 11776K, reserved 253952K
Heap Regions: E=young(eden), S=young(survivor), O=old, HS=humongous(starts), HC=humongous(continues), CS=collection set, F=free, A=archive, TAMS=top-at-mark-start (previous, next)
|   0|0x00000000e0000000, 0x00000000e0100000, 0x00000000e0100000|100%|HS|  |TAMS 0x00000000e0100000, 0x00000000e0000000| Complete 
|   1|0x00000000e0100000, 0x00000000e0200000, 0x00000000e0200000|100%|HC|  |TAMS 0x00000000e0200000, 0x00000000e0100000| Complete 
|   2|0x00000000e0200000, 0x00000000e0300000, 0x00000000e0300000|100%|HS|  |TAMS 0x00000000e0300000, 0x00000000e0200000| Complete 
|   3|0x00000000e0300000, 0x00000000e0400000, 0x00000000e0400000|100%|HS|  |TAMS 0x00000000e0400000, 0x00000000e0300000| Complete 
|   4|0x00000000e0400000, 0x00000000e0500000, 0x00000000e0500000|100%|HC|  |TAMS 0x00000000e0500000, 0x00000000e0400000| Complete 
|   5|0x00000000e0500000, 0x00000000e0600000, 0x00000000e0600000|100%|HC|  |TAMS 0x00000000e0600000, 0x00000000e0500000| Complete 
|   6|0x00000000e0600000, 0x00000000e0700000, 0x00000000e0700000|100%| O|  |TAMS 0x00000000e0700000, 0x00000000e0600000| Untracked 
|   7|0x00000000e0700000, 0x00000000e0800000, 0x00000000e0800000|100%| O|  |TAMS 0x00000000e0800000, 0x00000000e0700000| Untracked 
|   8|0x00000000e0800000, 0x00000000e0900000, 0x00000000e0900000|100%| O|  |TAMS 0x00000000e0900000, 0x00000000e0800000| Untracked 
|   9|0x00000000e0900000, 0x00000000e0a00000, 0x00000000e0a00000|100%|HS|  |TAMS 0x00000000e0a00000, 0x00000000e0900000| Complete 
|  10|0x00000000e0a00000, 0x00000000e0b00000, 0x00000000e0b00000|100%|HC|  |TAMS 0x00000000e0b00000, 0x00000000e0a00000| Complete 
|  11|0x00000000e0b00000, 0x00000000e0c00000, 0x00000000e0c00000|100%|HC|  |TAMS 0x00000000e0c00000, 0x00000000e0b00000| Complete 
|  12|0x00000000e0c00000, 0x00000000e0d00000, 0x00000000e0d00000|100%|HS|  |TAMS 0x00000000e0d00000, 0x00000000e0c00000| Complete 
|  13|0x00000000e0d00000, 0x00000000e0e00000, 0x00000000e0e00000|100%|HC|  |TAMS 0x00000000e0e00000, 0x00000000e0d00000| Complete 
|  14|0x00000000e0e00000, 0x00000000e0f00000, 0x00000000e0f00000|100%|HC|  |TAMS 0x00000000e0f00000, 0x00000000e0e00000| Complete 
|  15|0x00000000e0f00000, 0x00000000e1000000, 0x00000000e1000000|100%|HS|  |TAMS 0x00000000e1000000, 0x00000000e0f00000| Complete 
|  16|0x00000000e1000000, 0x00000000e1100000, 0x00000000e1100000|100%|HC|  |TAMS 0x00000000e1100000, 0x00000000e1000000| Complete 
|  17|0x00000000e1100000, 0x00000000e1200000, 0x00000000e1200000|100%|HC|  |TAMS 0x00000000e1200000, 0x00000000e1100000| Complete 
|  18|0x00000000e1200000, 0x00000000e1300000, 0x00000000e1300000|100%|HC|  |TAMS 0x00000000e1300000, 0x00000000e1200000| Complete 
|  19|0x00000000e1300000, 0x00000000e1400000, 0x00000000e1400000|100%|HC|  |TAMS 0x00000000e1400000, 0x00000000e1300000| Complete 
|  20|0x00000000e1400000, 0x00000000e1500000, 0x00000000e1500000|100%|HS|  |TAMS 0x00000000e1500000, 0x00000000e1400000| Complete 
|  21|0x00000000e1500000, 0x00000000e1600000, 0x00000000e1600000|100%|HS|  |TAMS 0x00000000e1600000, 0x00000000e1500000| Complete 
|  22|0x00000000e1600000, 0x00000000e1700000, 0x00000000e1700000|100%|HC|  |TAMS 0x00000000e1700000, 0x00000000e1600000| Complete 
|  23|0x00000000e1700000, 0x00000000e1800000, 0x00000000e1800000|100%|HC|  |TAMS 0x00000000e1800000, 0x00000000e1700000| Complete 
|  24|0x00000000e1800000, 0x00000000e1900000, 0x00000000e1900000|100%|HC|  |TAMS 0x00000000e1900000, 0x00000000e1800000| Complete 
|  25|0x00000000e1900000, 0x00000000e1a00000, 0x00000000e1a00000|100%| O|  |TAMS 0x00000000e1a00000, 0x00000000e1900000| Untracked 
|  26|0x00000000e1a00000, 0x00000000e1b00000, 0x00000000e1b00000|100%| O|  |TAMS 0x00000000e1b00000, 0x00000000e1a00000| Untracked 
|  27|0x00000000e1b00000, 0x00000000e1c00000, 0x00000000e1c00000|100%| O|  |TAMS 0x00000000e1c00000, 0x00000000e1b00000| Untracked 
|  28|0x00000000e1c00000, 0x00000000e1d00000, 0x00000000e1d00000|100%| O|  |TAMS 0x00000000e1d00000, 0x00000000e1c00000| Untracked 
|  29|0x00000000e1d00000, 0x00000000e1e00000, 0x00000000e1e00000|100%| O|  |TAMS 0x00000000e1e00000, 0x00000000e1d00000| Untracked 
|  30|0x00000000e1e00000, 0x00000000e1f00000, 0x00000000e1f00000|100%| O|  |TAMS 0x00000000e1f00000, 0x00000000e1e00000| Untracked 
|  31|0x00000000e1f00000, 0x00000000e2000000, 0x00000000e2000000|100%| O|  |TAMS 0x00000000e2000000, 0x00000000e1f00000| Untracked 
|  32|0x00000000e2000000, 0x00000000e2100000, 0x00000000e2100000|100%| O|  |TAMS 0x00000000e2100000, 0x00000000e2000000| Untracked 
|  33|0x00000000e2100000, 0x00000000e2200000, 0x00000000e2200000|100%| O|  |TAMS 0x00000000e2200000, 0x00000000e2100000| Untracked 
|  34|0x00000000e2200000, 0x00000000e2300000, 0x00000000e2300000|100%| O|  |TAMS 0x00000000e2300000, 0x00000000e2200000| Untracked 
|  35|0x00000000e2300000, 0x00000000e2400000, 0x00000000e2400000|100%| O|  |TAMS 0x00000000e2400000, 0x00000000e2300000| Untracked 
|  36|0x00000000e2400000, 0x00000000e2500000, 0x00000000e2500000|100%| O|  |TAMS 0x00000000e2500000, 0x00000000e2400000| Untracked 
|  37|0x00000000e2500000, 0x00000000e2600000, 0x00000000e2600000|100%| O|  |TAMS 0x00000000e2600000, 0x00000000e2500000| Untracked 
|  38|0x00000000e2600000, 0x00000000e2700000, 0x00000000e2700000|100%| O|  |TAMS 0x00000000e2700000, 0x00000000e2600000| Untracked 
|  39|0x00000000e2700000, 0x00000000e2800000, 0x00000000e2800000|100%| O|  |TAMS 0x00000000e2800000, 0x00000000e2700000| Untracked 
|  40|0x00000000e2800000, 0x00000000e2900000, 0x00000000e2900000|100%| O|  |TAMS 0x00000000e2900000, 0x00000000e2800000| Untracked 
|  41|0x00000000e2900000, 0x00000000e2a00000, 0x00000000e2a00000|100%| O|  |TAMS 0x00000000e2a00000, 0x00000000e2900000| Untracked 
|  42|0x00000000e2a00000, 0x00000000e2b00000, 0x00000000e2b00000|100%| O|  |TAMS 0x00000000e2b00000, 0x00000000e2a00000| Untracked 
|  43|0x00000000e2b00000, 0x00000000e2c00000, 0x00000000e2c00000|100%| O|  |TAMS 0x00000000e2c00000, 0x00000000e2b00000| Untracked 
|  44|0x00000000e2c00000, 0x00000000e2d00000, 0x00000000e2d00000|100%|HS|  |TAMS 0x00000000e2d00000, 0x00000000e2c00000| Complete 
|  45|0x00000000e2d00000, 0x00000000e2e00000, 0x00000000e2e00000|100%|HC|  |TAMS 0x00000000e2e00000, 0x00000000e2d00000| Complete 
|  46|0x00000000e2e00000, 0x00000000e2f00000, 0x00000000e2f00000|100%|HS|  |TAMS 0x00000000e2f00000, 0x00000000e2e00000| Complete 
|  47|0x00000000e2f00000, 0x00000000e3000000, 0x00000000e3000000|100%|HC|  |TAMS 0x00000000e3000000, 0x00000000e2f00000| Complete 
|  48|0x00000000e3000000, 0x00000000e3100000, 0x00000000e3100000|100%|HC|  |TAMS 0x00000000e3100000, 0x00000000e3000000| Complete 
|  49|0x00000000e3100000, 0x00000000e3200000, 0x00000000e3200000|100%|HS|  |TAMS 0x00000000e3200000, 0x00000000e3100000| Complete 
|  50|0x00000000e3200000, 0x00000000e3300000, 0x00000000e3300000|100%|HC|  |TAMS 0x00000000e3300000, 0x00000000e3200000| Complete 
|  51|0x00000000e3300000, 0x00000000e3400000, 0x00000000e3400000|100%|HC|  |TAMS 0x00000000e3400000, 0x00000000e3300000| Complete 
|  52|0x00000000e3400000, 0x00000000e3500000, 0x00000000e3500000|100%|HS|  |TAMS 0x00000000e3500000, 0x00000000e3400000| Complete 
|  53|0x00000000e3500000, 0x00000000e3600000, 0x00000000e3600000|100%|HC|  |TAMS 0x00000000e3600000, 0x00000000e3500000| Complete 
|  54|0x00000000e3600000, 0x00000000e3700000, 0x00000000e3700000|100%|HC|  |TAMS 0x00000000e3700000, 0x00000000e3600000| Complete 
|  55|0x00000000e3700000, 0x00000000e3800000, 0x00000000e3800000|100%|HC|  |TAMS 0x00000000e3800000, 0x00000000e3700000| Complete 
|  56|0x00000000e3800000, 0x00000000e3900000, 0x00000000e3900000|100%|HC|  |TAMS 0x00000000e3900000, 0x00000000e3800000| Complete 
|  57|0x00000000e3900000, 0x00000000e3a00000, 0x00000000e3a00000|100%|HS|  |TAMS 0x00000000e3a00000, 0x00000000e3900000| Complete 
|  58|0x00000000e3a00000, 0x00000000e3b00000, 0x00000000e3b00000|100%|HS|  |TAMS 0x00000000e3b00000, 0x00000000e3a00000| Complete 
|  59|0x00000000e3b00000, 0x00000000e3c00000, 0x00000000e3c00000|100%|HS|  |TAMS 0x00000000e3c00000, 0x00000000e3b00000| Complete 
|  60|0x00000000e3c00000, 0x00000000e3d00000, 0x00000000e3d00000|100%|HC|  |TAMS 0x00000000e3d00000, 0x00000000e3c00000| Complete 
|  61|0x00000000e3d00000, 0x00000000e3e00000, 0x00000000e3e00000|100%|HC|  |TAMS 0x00000000e3e00000, 0x00000000e3d00000| Complete 
|  62|0x00000000e3e00000, 0x00000000e3f00000, 0x00000000e3f00000|100%|HC|  |TAMS 0x00000000e3f00000, 0x00000000e3e00000| Complete 
|  63|0x00000000e3f00000, 0x00000000e4000000, 0x00000000e4000000|100%| O|  |TAMS 0x00000000e4000000, 0x00000000e3f00000| Untracked 
|  64|0x00000000e4000000, 0x00000000e4100000, 0x00000000e4100000|100%| O|  |TAMS 0x00000000e4100000, 0x00000000e4000000| Untracked 
|  65|0x00000000e4100000, 0x00000000e4200000, 0x00000000e4200000|100%| O|  |TAMS 0x00000000e4200000, 0x00000000e4100000| Untracked 
|  66|0x00000000e4200000, 0x00000000e4300000, 0x00000000e4300000|100%| O|  |TAMS 0x00000000e4300000, 0x00000000e4200000| Untracked 
|  67|0x00000000e4300000, 0x00000000e4400000, 0x00000000e4400000|100%| O|  |TAMS 0x00000000e4400000, 0x00000000e4300000| Untracked 
|  68|0x00000000e4400000, 0x00000000e4500000, 0x00000000e4500000|100%| O|  |TAMS 0x00000000e4500000, 0x00000000e4400000| Untracked 
|  69|0x00000000e4500000, 0x00000000e4600000, 0x00000000e4600000|100%| O|  |TAMS 0x00000000e4600000, 0x00000000e4500000| Untracked 
|  70|0x00000000e4600000, 0x00000000e4700000, 0x00000000e4700000|100%| O|  |TAMS 0x00000000e4700000, 0x00000000e4600000| Untracked 
|  71|0x00000000e4700000, 0x00000000e4800000, 0x00000000e4800000|100%| O|  |TAMS 0x00000000e4800000, 0x00000000e4700000| Untracked 
|  72|0x00000000e4800000, 0x00000000e4900000, 0x00000000e4900000|100%| O|  |TAMS 0x00000000e4900000, 0x00000000e4800000| Untracked 
|  73|0x00000000e4900000, 0x00000000e4a00000, 0x00000000e4a00000|100%| O|  |TAMS 0x00000000e4a00000, 0x00000000e4900000| Untracked 
|  74|0x00000000e4a00000, 0x00000000e4b00000, 0x00000000e4b00000|100%| O|  |TAMS 0x00000000e4b00000, 0x00000000e4a00000| Untracked 
|  75|0x00000000e4b00000, 0x00000000e4c00000, 0x00000000e4c00000|100%| O|  |TAMS 0x00000000e4c00000, 0x00000000e4b00000| Untracked 
|  76|0x00000000e4c00000, 0x00000000e4d00000, 0x00000000e4d00000|100%| O|  |TAMS 0x00000000e4d00000, 0x00000000e4c00000| Untracked 
|  77|0x00000000e4d00000, 0x00000000e4e00000, 0x00000000e4e00000|100%| O|  |TAMS 0x00000000e4e00000, 0x00000000e4d00000| Untracked 
|  78|0x00000000e4e00000, 0x00000000e4f00000, 0x00000000e4f00000|100%| O|  |TAMS 0x00000000e4f00000, 0x00000000e4e00000| Untracked 
|  79|0x00000000e4f00000, 0x00000000e5000000, 0x00000000e5000000|100%| O|  |TAMS 0x00000000e5000000, 0x00000000e4f00000| Untracked 
|  80|0x00000000e5000000, 0x00000000e5100000, 0x00000000e5100000|100%| O|  |TAMS 0x00000000e5100000, 0x00000000e5000000| Untracked 
|  81|0x00000000e5100000, 0x00000000e5200000, 0x00000000e5200000|100%| O|  |TAMS 0x00000000e5200000, 0x00000000e5100000| Untracked 
|  82|0x00000000e5200000, 0x00000000e5300000, 0x00000000e5300000|100%| O|  |TAMS 0x00000000e5300000, 0x00000000e5200000| Untracked 
|  83|0x00000000e5300000, 0x00000000e5400000, 0x00000000e5400000|100%| O|  |TAMS 0x00000000e5400000, 0x00000000e5300000| Untracked 
|  84|0x00000000e5400000, 0x00000000e5500000, 0x00000000e5500000|100%| O|  |TAMS 0x00000000e5500000, 0x00000000e5400000| Untracked 
|  85|0x00000000e5500000, 0x00000000e5600000, 0x00000000e5600000|100%| O|  |TAMS 0x00000000e5600000, 0x00000000e5500000| Untracked 
|  86|0x00000000e5600000, 0x00000000e5700000, 0x00000000e5700000|100%| O|  |TAMS 0x00000000e5649600, 0x00000000e5600000| Untracked 
|  87|0x00000000e5700000, 0x00000000e5800000, 0x00000000e5800000|100%| O|  |TAMS 0x00000000e5700000, 0x00000000e5700000| Untracked 
|  88|0x00000000e5800000, 0x00000000e5900000, 0x00000000e5900000|100%| O|  |TAMS 0x00000000e5800000, 0x00000000e5800000| Untracked 
|  89|0x00000000e5900000, 0x00000000e5a00000, 0x00000000e5a00000|100%| O|  |TAMS 0x00000000e5900000, 0x00000000e5900000| Untracked 
|  90|0x00000000e5a00000, 0x00000000e5b00000, 0x00000000e5b00000|100%| O|  |TAMS 0x00000000e5a00000, 0x00000000e5a00000| Untracked 
|  91|0x00000000e5b00000, 0x00000000e5c00000, 0x00000000e5c00000|100%| O|  |TAMS 0x00000000e5b00000, 0x00000000e5b00000| Untracked 
|  92|0x00000000e5c00000, 0x00000000e5d00000, 0x00000000e5d00000|100%| O|  |TAMS 0x00000000e5c00000, 0x00000000e5c00000| Untracked 
|  93|0x00000000e5d00000, 0x00000000e5e00000, 0x00000000e5e00000|100%| O|  |TAMS 0x00000000e5d00000, 0x00000000e5d00000| Untracked 
|  94|0x00000000e5e00000, 0x00000000e5f00000, 0x00000000e5f00000|100%| O|  |TAMS 0x00000000e5e00000, 0x00000000e5e00000| Untracked 
|  95|0x00000000e5f00000, 0x00000000e6000000, 0x00000000e6000000|100%| O|  |TAMS 0x00000000e5f00000, 0x00000000e5f00000| Untracked 
|  96|0x00000000e6000000, 0x00000000e6100000, 0x00000000e6100000|100%| O|  |TAMS 0x00000000e6000000, 0x00000000e6000000| Untracked 
|  97|0x00000000e6100000, 0x00000000e6200000, 0x00000000e6200000|100%| O|  |TAMS 0x00000000e6100000, 0x00000000e6100000| Untracked 
|  98|0x00000000e6200000, 0x00000000e6300000, 0x00000000e6300000|100%| O|  |TAMS 0x00000000e6200000, 0x00000000e6200000| Untracked 
|  99|0x00000000e6300000, 0x00000000e6400000, 0x00000000e6400000|100%| O|  |TAMS 0x00000000e6300000, 0x00000000e6300000| Untracked 
| 100|0x00000000e6400000, 0x00000000e6500000, 0x00000000e6500000|100%| O|  |TAMS 0x00000000e6400000, 0x00000000e6400000| Untracked 
| 101|0x00000000e6500000, 0x00000000e6600000, 0x00000000e6600000|100%| O|  |TAMS 0x00000000e6500000, 0x00000000e6500000| Untracked 
| 102|0x00000000e6600000, 0x00000000e6700000, 0x00000000e6700000|100%| O|  |TAMS 0x00000000e6600000, 0x00000000e6600000| Untracked 
| 103|0x00000000e6700000, 0x00000000e6800000, 0x00000000e6800000|100%| O|  |TAMS 0x00000000e6700000, 0x00000000e6700000| Untracked 
| 104|0x00000000e6800000, 0x00000000e6900000, 0x00000000e6900000|100%| O|  |TAMS 0x00000000e6800000, 0x00000000e6800000| Untracked 
| 105|0x00000000e6900000, 0x00000000e6a00000, 0x00000000e6a00000|100%| O|  |TAMS 0x00000000e6900000, 0x00000000e6900000| Untracked 
| 106|0x00000000e6a00000, 0x00000000e6b00000, 0x00000000e6b00000|100%| O|  |TAMS 0x00000000e6a00000, 0x00000000e6a00000| Untracked 
| 107|0x00000000e6b00000, 0x00000000e6c00000, 0x00000000e6c00000|100%| O|  |TAMS 0x00000000e6b00000, 0x00000000e6b00000| Untracked 
| 108|0x00000000e6c00000, 0x00000000e6d00000, 0x00000000e6d00000|100%| O|  |TAMS 0x00000000e6c00000, 0x00000000e6c00000| Untracked 
| 109|0x00000000e6d00000, 0x00000000e6e00000, 0x00000000e6e00000|100%| O|  |TAMS 0x00000000e6d00000, 0x00000000e6d00000| Untracked 
| 110|0x00000000e6e00000, 0x00000000e6ea6200, 0x00000000e6f00000| 64%| O|  |TAMS 0x00000000e6e00000, 0x00000000e6e00000| Untracked 
| 111|0x00000000e6f00000, 0x00000000e6f00000, 0x00000000e7000000|  0%| F|  |TAMS 0x00000000e6f00000, 0x00000000e6f00000| Untracked 
| 112|0x00000000e7000000, 0x00000000e7000000, 0x00000000e7100000|  0%| F|  |TAMS 0x00000000e7000000, 0x00000000e7000000| Untracked 
| 113|0x00000000e7100000, 0x00000000e7100000, 0x00000000e7200000|  0%| F|  |TAMS 0x00000000e7100000, 0x00000000e7100000| Untracked 
| 114|0x00000000e7200000, 0x00000000e7200000, 0x00000000e7300000|  0%| F|  |TAMS 0x00000000e7200000, 0x00000000e7200000| Untracked 
| 115|0x00000000e7300000, 0x00000000e7300000, 0x00000000e7400000|  0%| F|  |TAMS 0x00000000e7300000, 0x00000000e7300000| Untracked 
| 116|0x00000000e7400000, 0x00000000e7400000, 0x00000000e7500000|  0%| F|  |TAMS 0x00000000e7400000, 0x00000000e7400000| Untracked 
| 117|0x00000000e7500000, 0x00000000e7500000, 0x00000000e7600000|  0%| F|  |TAMS 0x00000000e7500000, 0x00000000e7500000| Untracked 
| 118|0x00000000e7600000, 0x00000000e7600000, 0x00000000e7700000|  0%| F|  |TAMS 0x00000000e7600000, 0x00000000e7600000| Untracked 
| 119|0x00000000e7700000, 0x00000000e7700000, 0x00000000e7800000|  0%| F|  |TAMS 0x00000000e7700000, 0x00000000e7700000| Untracked 
| 120|0x00000000e7800000, 0x00000000e7800000, 0x00000000e7900000|  0%| F|  |TAMS 0x00000000e7800000, 0x00000000e7800000| Untracked 
| 121|0x00000000e7900000, 0x00000000e7900000, 0x00000000e7a00000|  0%| F|  |TAMS 0x00000000e7900000, 0x00000000e7900000| Untracked 
| 122|0x00000000e7a00000, 0x00000000e7a00000, 0x00000000e7b00000|  0%| F|  |TAMS 0x00000000e7a00000, 0x00000000e7a00000| Untracked 
| 123|0x00000000e7b00000, 0x00000000e7b00000, 0x00000000e7c00000|  0%| F|  |TAMS 0x00000000e7b00000, 0x00000000e7b00000| Untracked 
| 124|0x00000000e7c00000, 0x00000000e7c00000, 0x00000000e7d00000|  0%| F|  |TAMS 0x00000000e7c00000, 0x00000000e7c00000| Untracked 
| 125|0x00000000e7d00000, 0x00000000e7d00000, 0x00000000e7e00000|  0%| F|  |TAMS 0x00000000e7d00000, 0x00000000e7d00000| Untracked 
| 126|0x00000000e7e00000, 0x00000000e7e00000, 0x00000000e7f00000|  0%| F|  |TAMS 0x00000000e7e00000, 0x00000000e7e00000| Untracked 
| 127|0x00000000e7f00000, 0x00000000e7f00000, 0x00000000e8000000|  0%| F|  |TAMS 0x00000000e7f00000, 0x00000000e7f00000| Untracked 
| 128|0x00000000e8000000, 0x00000000e8000000, 0x00000000e8100000|  0%| F|  |TAMS 0x00000000e8000000, 0x00000000e8000000| Untracked 
| 129|0x00000000e8100000, 0x00000000e8100000, 0x00000000e8200000|  0%| F|  |TAMS 0x00000000e8100000, 0x00000000e8100000| Untracked 
| 130|0x00000000e8200000, 0x00000000e8200000, 0x00000000e8300000|  0%| F|  |TAMS 0x00000000e8200000, 0x00000000e8200000| Untracked 
| 131|0x00000000e8300000, 0x00000000e8300000, 0x00000000e8400000|  0%| F|  |TAMS 0x00000000e8300000, 0x00000000e8300000| Untracked 
| 132|0x00000000e8400000, 0x00000000e8400000, 0x00000000e8500000|  0%| F|  |TAMS 0x00000000e8400000, 0x00000000e8400000| Untracked 
| 133|0x00000000e8500000, 0x00000000e8500000, 0x00000000e8600000|  0%| F|  |TAMS 0x00000000e8500000, 0x00000000e8500000| Untracked 
| 134|0x00000000e8600000, 0x00000000e8600000, 0x00000000e8700000|  0%| F|  |TAMS 0x00000000e8600000, 0x00000000e8600000| Untracked 
| 135|0x00000000e8700000, 0x00000000e8700000, 0x00000000e8800000|  0%| F|  |TAMS 0x00000000e8700000, 0x00000000e8700000| Untracked 
| 136|0x00000000e8800000, 0x00000000e8900000, 0x00000000e8900000|100%| S|CS|TAMS 0x00000000e8800000, 0x00000000e8800000| Complete 
| 137|0x00000000e8900000, 0x00000000e8a00000, 0x00000000e8a00000|100%| S|CS|TAMS 0x00000000e8900000, 0x00000000e8900000| Complete 
| 138|0x00000000e8a00000, 0x00000000e8b00000, 0x00000000e8b00000|100%| S|CS|TAMS 0x00000000e8a00000, 0x00000000e8a00000| Complete 
| 139|0x00000000e8b00000, 0x00000000e8c00000, 0x00000000e8c00000|100%| S|CS|TAMS 0x00000000e8b00000, 0x00000000e8b00000| Complete 
| 140|0x00000000e8c00000, 0x00000000e8d00000, 0x00000000e8d00000|100%| S|CS|TAMS 0x00000000e8c00000, 0x00000000e8c00000| Complete 
| 141|0x00000000e8d00000, 0x00000000e8e00000, 0x00000000e8e00000|100%| S|CS|TAMS 0x00000000e8d00000, 0x00000000e8d00000| Complete 
| 142|0x00000000e8e00000, 0x00000000e8f00000, 0x00000000e8f00000|100%| S|CS|TAMS 0x00000000e8e00000, 0x00000000e8e00000| Complete 
| 143|0x00000000e8f00000, 0x00000000e9000000, 0x00000000e9000000|100%| S|CS|TAMS 0x00000000e8f00000, 0x00000000e8f00000| Complete 
| 144|0x00000000e9000000, 0x00000000e9100000, 0x00000000e9100000|100%| S|CS|TAMS 0x00000000e9000000, 0x00000000e9000000| Complete 
| 145|0x00000000e9100000, 0x00000000e9100000, 0x00000000e9200000|  0%| F|  |TAMS 0x00000000e9100000, 0x00000000e9100000| Untracked 
| 146|0x00000000e9200000, 0x00000000e9200000, 0x00000000e9300000|  0%| F|  |TAMS 0x00000000e9200000, 0x00000000e9200000| Untracked 
| 147|0x00000000e9300000, 0x00000000e9300000, 0x00000000e9400000|  0%| F|  |TAMS 0x00000000e9300000, 0x00000000e9300000| Untracked 
| 148|0x00000000e9400000, 0x00000000e9400000, 0x00000000e9500000|  0%| F|  |TAMS 0x00000000e9400000, 0x00000000e9400000| Untracked 
| 149|0x00000000e9500000, 0x00000000e9500000, 0x00000000e9600000|  0%| F|  |TAMS 0x00000000e9500000, 0x00000000e9500000| Untracked 
| 150|0x00000000e9600000, 0x00000000e9700000, 0x00000000e9700000|100%| S|CS|TAMS 0x00000000e9600000, 0x00000000e9600000| Complete 
| 151|0x00000000e9700000, 0x00000000e9800000, 0x00000000e9800000|100%| S|CS|TAMS 0x00000000e9700000, 0x00000000e9700000| Complete 
| 152|0x00000000e9800000, 0x00000000e9900000, 0x00000000e9900000|100%| S|CS|TAMS 0x00000000e9800000, 0x00000000e9800000| Complete 
| 153|0x00000000e9900000, 0x00000000e9a00000, 0x00000000e9a00000|100%| S|CS|TAMS 0x00000000e9900000, 0x00000000e9900000| Complete 
| 154|0x00000000e9a00000, 0x00000000e9b00000, 0x00000000e9b00000|100%| S|CS|TAMS 0x00000000e9a00000, 0x00000000e9a00000| Complete 
| 155|0x00000000e9b00000, 0x00000000e9b00000, 0x00000000e9c00000|  0%| F|  |TAMS 0x00000000e9b00000, 0x00000000e9b00000| Untracked 
| 156|0x00000000e9c00000, 0x00000000e9c00000, 0x00000000e9d00000|  0%| F|  |TAMS 0x00000000e9c00000, 0x00000000e9c00000| Untracked 
| 157|0x00000000e9d00000, 0x00000000e9d00000, 0x00000000e9e00000|  0%| F|  |TAMS 0x00000000e9d00000, 0x00000000e9d00000| Untracked 
| 158|0x00000000e9e00000, 0x00000000e9e00000, 0x00000000e9f00000|  0%| F|  |TAMS 0x00000000e9e00000, 0x00000000e9e00000| Untracked 
| 159|0x00000000e9f00000, 0x00000000e9f00000, 0x00000000ea000000|  0%| F|  |TAMS 0x00000000e9f00000, 0x00000000e9f00000| Untracked 
| 160|0x00000000ea000000, 0x00000000ea000000, 0x00000000ea100000|  0%| F|  |TAMS 0x00000000ea000000, 0x00000000ea000000| Untracked 
| 161|0x00000000ea100000, 0x00000000ea100000, 0x00000000ea200000|  0%| F|  |TAMS 0x00000000ea100000, 0x00000000ea100000| Untracked 
| 162|0x00000000ea200000, 0x00000000ea200000, 0x00000000ea300000|  0%| F|  |TAMS 0x00000000ea200000, 0x00000000ea200000| Untracked 
| 163|0x00000000ea300000, 0x00000000ea300000, 0x00000000ea400000|  0%| F|  |TAMS 0x00000000ea300000, 0x00000000ea300000| Untracked 
| 164|0x00000000ea400000, 0x00000000ea400000, 0x00000000ea500000|  0%| F|  |TAMS 0x00000000ea400000, 0x00000000ea400000| Untracked 
| 165|0x00000000ea500000, 0x00000000ea500000, 0x00000000ea600000|  0%| F|  |TAMS 0x00000000ea500000, 0x00000000ea500000| Untracked 
| 166|0x00000000ea600000, 0x00000000ea600000, 0x00000000ea700000|  0%| F|  |TAMS 0x00000000ea600000, 0x00000000ea600000| Untracked 
| 167|0x00000000ea700000, 0x00000000ea700000, 0x00000000ea800000|  0%| F|  |TAMS 0x00000000ea700000, 0x00000000ea700000| Untracked 
| 168|0x00000000ea800000, 0x00000000ea800000, 0x00000000ea900000|  0%| F|  |TAMS 0x00000000ea800000, 0x00000000ea800000| Untracked 
| 169|0x00000000ea900000, 0x00000000ea900000, 0x00000000eaa00000|  0%| F|  |TAMS 0x00000000ea900000, 0x00000000ea900000| Untracked 
| 170|0x00000000eaa00000, 0x00000000eaa00000, 0x00000000eab00000|  0%| F|  |TAMS 0x00000000eaa00000, 0x00000000eaa00000| Untracked 
| 171|0x00000000eab00000, 0x00000000eab00000, 0x00000000eac00000|  0%| F|  |TAMS 0x00000000eab00000, 0x00000000eab00000| Untracked 
| 172|0x00000000eac00000, 0x00000000eac00000, 0x00000000ead00000|  0%| F|  |TAMS 0x00000000eac00000, 0x00000000eac00000| Untracked 
| 173|0x00000000ead00000, 0x00000000ead00000, 0x00000000eae00000|  0%| F|  |TAMS 0x00000000ead00000, 0x00000000ead00000| Untracked 
| 174|0x00000000eae00000, 0x00000000eae00000, 0x00000000eaf00000|  0%| F|  |TAMS 0x00000000eae00000, 0x00000000eae00000| Untracked 
| 175|0x00000000eaf00000, 0x00000000eaf00000, 0x00000000eb000000|  0%| F|  |TAMS 0x00000000eaf00000, 0x00000000eaf00000| Untracked 
| 176|0x00000000eb000000, 0x00000000eb000000, 0x00000000eb100000|  0%| F|  |TAMS 0x00000000eb000000, 0x00000000eb000000| Untracked 
| 177|0x00000000eb100000, 0x00000000eb100000, 0x00000000eb200000|  0%| F|  |TAMS 0x00000000eb100000, 0x00000000eb100000| Untracked 
| 178|0x00000000eb200000, 0x00000000eb200000, 0x00000000eb300000|  0%| F|  |TAMS 0x00000000eb200000, 0x00000000eb200000| Untracked 
| 179|0x00000000eb300000, 0x00000000eb300000, 0x00000000eb400000|  0%| F|  |TAMS 0x00000000eb300000, 0x00000000eb300000| Untracked 
| 180|0x00000000eb400000, 0x00000000eb400000, 0x00000000eb500000|  0%| F|  |TAMS 0x00000000eb400000, 0x00000000eb400000| Untracked 
| 181|0x00000000eb500000, 0x00000000eb500000, 0x00000000eb600000|  0%| F|  |TAMS 0x00000000eb500000, 0x00000000eb500000| Untracked 
| 182|0x00000000eb600000, 0x00000000eb600000, 0x00000000eb700000|  0%| F|  |TAMS 0x00000000eb600000, 0x00000000eb600000| Untracked 
| 183|0x00000000eb700000, 0x00000000eb700000, 0x00000000eb800000|  0%| F|  |TAMS 0x00000000eb700000, 0x00000000eb700000| Untracked 
| 184|0x00000000eb800000, 0x00000000eb800000, 0x00000000eb900000|  0%| F|  |TAMS 0x00000000eb800000, 0x00000000eb800000| Untracked 
| 185|0x00000000eb900000, 0x00000000eb900000, 0x00000000eba00000|  0%| F|  |TAMS 0x00000000eb900000, 0x00000000eb900000| Untracked 
| 186|0x00000000eba00000, 0x00000000eba00000, 0x00000000ebb00000|  0%| F|  |TAMS 0x00000000eba00000, 0x00000000eba00000| Untracked 
| 187|0x00000000ebb00000, 0x00000000ebb00000, 0x00000000ebc00000|  0%| F|  |TAMS 0x00000000ebb00000, 0x00000000ebb00000| Untracked 
| 188|0x00000000ebc00000, 0x00000000ebc00000, 0x00000000ebd00000|  0%| F|  |TAMS 0x00000000ebc00000, 0x00000000ebc00000| Untracked 
| 189|0x00000000ebd00000, 0x00000000ebd00000, 0x00000000ebe00000|  0%| F|  |TAMS 0x00000000ebd00000, 0x00000000ebd00000| Untracked 
| 190|0x00000000ebe00000, 0x00000000ebe00000, 0x00000000ebf00000|  0%| F|  |TAMS 0x00000000ebe00000, 0x00000000ebe00000| Untracked 
| 191|0x00000000ebf00000, 0x00000000ebf00000, 0x00000000ec000000|  0%| F|  |TAMS 0x00000000ebf00000, 0x00000000ebf00000| Untracked 
| 192|0x00000000ec000000, 0x00000000ec000000, 0x00000000ec100000|  0%| F|  |TAMS 0x00000000ec000000, 0x00000000ec000000| Untracked 
| 193|0x00000000ec100000, 0x00000000ec100000, 0x00000000ec200000|  0%| F|  |TAMS 0x00000000ec100000, 0x00000000ec100000| Untracked 
| 194|0x00000000ec200000, 0x00000000ec200000, 0x00000000ec300000|  0%| F|  |TAMS 0x00000000ec200000, 0x00000000ec200000| Untracked 
| 195|0x00000000ec300000, 0x00000000ec300000, 0x00000000ec400000|  0%| F|  |TAMS 0x00000000ec300000, 0x00000000ec300000| Untracked 
| 196|0x00000000ec400000, 0x00000000ec400000, 0x00000000ec500000|  0%| F|  |TAMS 0x00000000ec400000, 0x00000000ec400000| Untracked 
| 197|0x00000000ec500000, 0x00000000ec500000, 0x00000000ec600000|  0%| F|  |TAMS 0x00000000ec500000, 0x00000000ec500000| Untracked 
| 198|0x00000000ec600000, 0x00000000ec600000, 0x00000000ec700000|  0%| F|  |TAMS 0x00000000ec600000, 0x00000000ec600000| Untracked 
| 199|0x00000000ec700000, 0x00000000ec700000, 0x00000000ec800000|  0%| F|  |TAMS 0x00000000ec700000, 0x00000000ec700000| Untracked 
| 200|0x00000000ec800000, 0x00000000ec800000, 0x00000000ec900000|  0%| F|  |TAMS 0x00000000ec800000, 0x00000000ec800000| Untracked 
| 201|0x00000000ec900000, 0x00000000ec900000, 0x00000000eca00000|  0%| F|  |TAMS 0x00000000ec900000, 0x00000000ec900000| Untracked 
| 202|0x00000000eca00000, 0x00000000eca00000, 0x00000000ecb00000|  0%| F|  |TAMS 0x00000000eca00000, 0x00000000eca00000| Untracked 
| 203|0x00000000ecb00000, 0x00000000ecb00000, 0x00000000ecc00000|  0%| F|  |TAMS 0x00000000ecb00000, 0x00000000ecb00000| Untracked 
| 204|0x00000000ecc00000, 0x00000000ecc00000, 0x00000000ecd00000|  0%| F|  |TAMS 0x00000000ecc00000, 0x00000000ecc00000| Untracked 
| 205|0x00000000ecd00000, 0x00000000ecd00000, 0x00000000ece00000|  0%| F|  |TAMS 0x00000000ecd00000, 0x00000000ecd00000| Untracked 
| 206|0x00000000ece00000, 0x00000000ece00000, 0x00000000ecf00000|  0%| F|  |TAMS 0x00000000ece00000, 0x00000000ece00000| Untracked 
| 207|0x00000000ecf00000, 0x00000000ecf00000, 0x00000000ed000000|  0%| F|  |TAMS 0x00000000ecf00000, 0x00000000ecf00000| Untracked 
| 208|0x00000000ed000000, 0x00000000ed000000, 0x00000000ed100000|  0%| F|  |TAMS 0x00000000ed000000, 0x00000000ed000000| Untracked 
| 209|0x00000000ed100000, 0x00000000ed100000, 0x00000000ed200000|  0%| F|  |TAMS 0x00000000ed100000, 0x00000000ed100000| Untracked 
| 210|0x00000000ed200000, 0x00000000ed200000, 0x00000000ed300000|  0%| F|  |TAMS 0x00000000ed200000, 0x00000000ed200000| Untracked 
| 211|0x00000000ed300000, 0x00000000ed300000, 0x00000000ed400000|  0%| F|  |TAMS 0x00000000ed300000, 0x00000000ed300000| Untracked 
| 212|0x00000000ed400000, 0x00000000ed400000, 0x00000000ed500000|  0%| F|  |TAMS 0x00000000ed400000, 0x00000000ed400000| Untracked 
| 213|0x00000000ed500000, 0x00000000ed500000, 0x00000000ed600000|  0%| F|  |TAMS 0x00000000ed500000, 0x00000000ed500000| Untracked 
| 214|0x00000000ed600000, 0x00000000ed600000, 0x00000000ed700000|  0%| F|  |TAMS 0x00000000ed600000, 0x00000000ed600000| Untracked 
| 215|0x00000000ed700000, 0x00000000ed700000, 0x00000000ed800000|  0%| F|  |TAMS 0x00000000ed700000, 0x00000000ed700000| Untracked 
| 216|0x00000000ed800000, 0x00000000ed800000, 0x00000000ed900000|  0%| F|  |TAMS 0x00000000ed800000, 0x00000000ed800000| Untracked 
| 217|0x00000000ed900000, 0x00000000ed900000, 0x00000000eda00000|  0%| F|  |TAMS 0x00000000ed900000, 0x00000000ed900000| Untracked 
| 218|0x00000000eda00000, 0x00000000eda00000, 0x00000000edb00000|  0%| F|  |TAMS 0x00000000eda00000, 0x00000000eda00000| Untracked 
| 219|0x00000000edb00000, 0x00000000edb00000, 0x00000000edc00000|  0%| F|  |TAMS 0x00000000edb00000, 0x00000000edb00000| Untracked 
| 220|0x00000000edc00000, 0x00000000edc00000, 0x00000000edd00000|  0%| F|  |TAMS 0x00000000edc00000, 0x00000000edc00000| Untracked 
| 221|0x00000000edd00000, 0x00000000edd00000, 0x00000000ede00000|  0%| F|  |TAMS 0x00000000edd00000, 0x00000000edd00000| Untracked 
| 222|0x00000000ede00000, 0x00000000ede00000, 0x00000000edf00000|  0%| F|  |TAMS 0x00000000ede00000, 0x00000000ede00000| Untracked 
| 223|0x00000000edf00000, 0x00000000edf00000, 0x00000000ee000000|  0%| F|  |TAMS 0x00000000edf00000, 0x00000000edf00000| Untracked 
| 224|0x00000000ee000000, 0x00000000ee000000, 0x00000000ee100000|  0%| F|  |TAMS 0x00000000ee000000, 0x00000000ee000000| Untracked 
| 225|0x00000000ee100000, 0x00000000ee100000, 0x00000000ee200000|  0%| F|  |TAMS 0x00000000ee100000, 0x00000000ee100000| Untracked 
| 226|0x00000000ee200000, 0x00000000ee200000, 0x00000000ee300000|  0%| F|  |TAMS 0x00000000ee200000, 0x00000000ee200000| Untracked 
| 227|0x00000000ee300000, 0x00000000ee300000, 0x00000000ee400000|  0%| F|  |TAMS 0x00000000ee300000, 0x00000000ee300000| Untracked 
| 228|0x00000000ee400000, 0x00000000ee400000, 0x00000000ee500000|  0%| F|  |TAMS 0x00000000ee400000, 0x00000000ee400000| Untracked 
| 229|0x00000000ee500000, 0x00000000ee500000, 0x00000000ee600000|  0%| F|  |TAMS 0x00000000ee500000, 0x00000000ee500000| Untracked 
| 230|0x00000000ee600000, 0x00000000ee600000, 0x00000000ee700000|  0%| F|  |TAMS 0x00000000ee600000, 0x00000000ee600000| Untracked 
| 231|0x00000000ee700000, 0x00000000ee700000, 0x00000000ee800000|  0%| F|  |TAMS 0x00000000ee700000, 0x00000000ee700000| Untracked 
| 232|0x00000000ee800000, 0x00000000ee800000, 0x00000000ee900000|  0%| F|  |TAMS 0x00000000ee800000, 0x00000000ee800000| Untracked 
| 233|0x00000000ee900000, 0x00000000ee900000, 0x00000000eea00000|  0%| F|  |TAMS 0x00000000ee900000, 0x00000000ee900000| Untracked 
| 234|0x00000000eea00000, 0x00000000eea00000, 0x00000000eeb00000|  0%| F|  |TAMS 0x00000000eea00000, 0x00000000eea00000| Untracked 
| 235|0x00000000eeb00000, 0x00000000eeb00000, 0x00000000eec00000|  0%| F|  |TAMS 0x00000000eeb00000, 0x00000000eeb00000| Untracked 
| 236|0x00000000eec00000, 0x00000000eec00000, 0x00000000eed00000|  0%| F|  |TAMS 0x00000000eec00000, 0x00000000eec00000| Untracked 
| 237|0x00000000eed00000, 0x00000000eed00000, 0x00000000eee00000|  0%| F|  |TAMS 0x00000000eed00000, 0x00000000eed00000| Untracked 
| 238|0x00000000eee00000, 0x00000000eee00000, 0x00000000eef00000|  0%| F|  |TAMS 0x00000000eee00000, 0x00000000eee00000| Untracked 
| 239|0x00000000eef00000, 0x00000000eef00000, 0x00000000ef000000|  0%| F|  |TAMS 0x00000000eef00000, 0x00000000eef00000| Untracked 
| 240|0x00000000ef000000, 0x00000000ef000000, 0x00000000ef100000|  0%| F|  |TAMS 0x00000000ef000000, 0x00000000ef000000| Untracked 
| 241|0x00000000ef100000, 0x00000000ef100000, 0x00000000ef200000|  0%| F|  |TAMS 0x00000000ef100000, 0x00000000ef100000| Untracked 
| 242|0x00000000ef200000, 0x00000000ef200000, 0x00000000ef300000|  0%| F|  |TAMS 0x00000000ef200000, 0x00000000ef200000| Untracked 
| 243|0x00000000ef300000, 0x00000000ef300000, 0x00000000ef400000|  0%| F|  |TAMS 0x00000000ef300000, 0x00000000ef300000| Untracked 
| 244|0x00000000ef400000, 0x00000000ef400000, 0x00000000ef500000|  0%| F|  |TAMS 0x00000000ef400000, 0x00000000ef400000| Untracked 
| 245|0x00000000ef500000, 0x00000000ef500000, 0x00000000ef600000|  0%| F|  |TAMS 0x00000000ef500000, 0x00000000ef500000| Untracked 
| 246|0x00000000ef600000, 0x00000000ef600000, 0x00000000ef700000|  0%| F|  |TAMS 0x00000000ef600000, 0x00000000ef600000| Untracked 
| 247|0x00000000ef700000, 0x00000000ef7439a8, 0x00000000ef800000| 26%| E|  |TAMS 0x00000000ef700000, 0x00000000ef700000| Complete 
| 248|0x00000000ef800000, 0x00000000ef900000, 0x00000000ef900000|100%| E|CS|TAMS 0x00000000ef800000, 0x00000000ef800000| Complete 
| 249|0x00000000ef900000, 0x00000000efa00000, 0x00000000efa00000|100%| E|CS|TAMS 0x00000000ef900000, 0x00000000ef900000| Complete 
| 250|0x00000000efa00000, 0x00000000efb00000, 0x00000000efb00000|100%| E|CS|TAMS 0x00000000efa00000, 0x00000000efa00000| Complete 
| 251|0x00000000efb00000, 0x00000000efc00000, 0x00000000efc00000|100%| E|CS|TAMS 0x00000000efb00000, 0x00000000efb00000| Complete 
| 252|0x00000000efc00000, 0x00000000efd00000, 0x00000000efd00000|100%| E|CS|TAMS 0x00000000efc00000, 0x00000000efc00000| Complete 
| 253|0x00000000efd00000, 0x00000000efe00000, 0x00000000efe00000|100%| E|CS|TAMS 0x00000000efd00000, 0x00000000efd00000| Complete 
| 254|0x00000000efe00000, 0x00000000eff00000, 0x00000000eff00000|100%| E|CS|TAMS 0x00000000efe00000, 0x00000000efe00000| Complete 
| 255|0x00000000eff00000, 0x00000000f0000000, 0x00000000f0000000|100%| E|CS|TAMS 0x00000000eff00000, 0x00000000eff00000| Complete 

Card table byte_map: [0x000001d29c360000,0x000001d29c460000] _byte_map_base: 0x000001d29bc60000

Marking Bits (Prev, Next): (CMBitMap*) 0x000001d2839c9bc0, (CMBitMap*) 0x000001d2839c9b88
 Prev Bits: [0x000001d29cd60000, 0x000001d29d560000)
 Next Bits: [0x000001d29c560000, 0x000001d29cd60000)

Polling page: 0x000001d283870000

Metaspace:

Usage:
  Non-class:     74.71 MB capacity,    73.03 MB ( 98%) used,     1.45 MB (  2%) free+waste,   236.44 KB ( <1%) overhead. 
      Class:     11.45 MB capacity,    10.54 MB ( 92%) used,   811.47 KB (  7%) free+waste,   115.19 KB ( <1%) overhead. 
       Both:     86.16 MB capacity,    83.57 MB ( 97%) used,     2.24 MB (  3%) free+waste,   351.63 KB ( <1%) overhead. 

Virtual space:
  Non-class space:       76.00 MB reserved,      74.91 MB ( 99%) committed 
      Class space:      248.00 MB reserved,      11.50 MB (  5%) committed 
             Both:      324.00 MB reserved,      86.41 MB ( 27%) committed 

Chunk freelists:
   Non-Class:  2.13 KB
       Class:  0 bytes
        Both:  2.13 KB

CodeHeap 'non-profiled nmethods': size=120000Kb used=8131Kb max_used=8611Kb free=111868Kb
 bounds [0x000001d2942c0000, 0x000001d294b30000, 0x000001d29b7f0000]
CodeHeap 'profiled nmethods': size=120000Kb used=24391Kb max_used=25260Kb free=95608Kb
 bounds [0x000001d28cd90000, 0x000001d28e640000, 0x000001d2942c0000]
CodeHeap 'non-nmethods': size=5760Kb used=2292Kb max_used=2344Kb free=3467Kb
 bounds [0x000001d28c7f0000, 0x000001d28ca60000, 0x000001d28cd90000]
 total_blobs=11751 nmethods=10851 adapters=811
 compilation: enabled
              stopped_count=0, restarted_count=0
 full_count=0

Compilation events (10 events):
Event: 1101.549 Thread 0x000001d2a0925000 nmethod 11654 0x000001d28d000390 code [0x000001d28d000560, 0x000001d28d000918]
Event: 1101.549 Thread 0x000001d2a0925000 11655       1       org.gradle.api.internal.artifacts.type.DefaultArtifactTypeContainer$DefaultArtifactTypeDefinition::getAttributes (5 bytes)
Event: 1101.549 Thread 0x000001d2a0925000 nmethod 11655 0x000001d29438f190 code [0x000001d29438f320, 0x000001d29438f3d8]
Event: 1101.549 Thread 0x000001d2a0925000 11656       1       org.gradle.api.internal.artifacts.configurations.DefaultConfiguration::access$500 (5 bytes)
Event: 1101.549 Thread 0x000001d2a0925000 nmethod 11656 0x000001d29439e710 code [0x000001d29439e8a0, 0x000001d29439e938]
Event: 1101.557 Thread 0x000001d2a0925000 11659       1       java.lang.ThreadGroup::getMaxPriority (5 bytes)
Event: 1101.557 Thread 0x000001d2a0925000 nmethod 11659 0x000001d29439e410 code [0x000001d29439e5a0, 0x000001d29439e658]
Event: 1101.567 Thread 0x000001d2a0e4e000 nmethod 11657 0x000001d2943be690 code [0x000001d2943be8a0, 0x000001d2943bf308]
Event: 1101.567 Thread 0x000001d2a0e4e000 11658       4       com.google.common.cache.LocalCache$Segment::recordWrite (72 bytes)
Event: 1101.574 Thread 0x000001d2a0e4e000 nmethod 11658 0x000001d2943bd810 code [0x000001d2943bd9e0, 0x000001d2943be0e8]

GC Heap History (10 events):
Event: 927.184 GC heap before
{Heap before GC invocations=21 (full 0):
 garbage-first heap   total 262144K, used 208463K [0x00000000e0000000, 0x0000000100000000)
  region size 1024K, 100 young (102400K), 4 survivors (4096K)
 Metaspace       used 75892K, capacity 78273K, committed 78504K, reserved 323584K
  class space    used 9658K, capacity 10449K, committed 10496K, reserved 253952K
}
Event: 927.188 GC heap after
{Heap after GC invocations=22 (full 0):
 garbage-first heap   total 262144K, used 113485K [0x00000000e0000000, 0x0000000100000000)
  region size 1024K, 6 young (6144K), 6 survivors (6144K)
 Metaspace       used 75892K, capacity 78273K, committed 78504K, reserved 323584K
  class space    used 9658K, capacity 10449K, committed 10496K, reserved 253952K
}
Event: 927.592 GC heap before
{Heap before GC invocations=22 (full 0):
 garbage-first heap   total 262144K, used 211789K [0x00000000e0000000, 0x0000000100000000)
  region size 1024K, 104 young (106496K), 6 survivors (6144K)
 Metaspace       used 75893K, capacity 78273K, committed 78504K, reserved 323584K
  class space    used 9658K, capacity 10449K, committed 10496K, reserved 253952K
}
Event: 927.598 GC heap after
{Heap after GC invocations=23 (full 0):
 garbage-first heap   total 262144K, used 115977K [0x00000000e0000000, 0x0000000100000000)
  region size 1024K, 8 young (8192K), 8 survivors (8192K)
 Metaspace       used 75893K, capacity 78273K, committed 78504K, reserved 323584K
  class space    used 9658K, capacity 10449K, committed 10496K, reserved 253952K
}
Event: 928.006 GC heap before
{Heap before GC invocations=23 (full 0):
 garbage-first heap   total 262144K, used 215305K [0x00000000e0000000, 0x0000000100000000)
  region size 1024K, 106 young (108544K), 8 survivors (8192K)
 Metaspace       used 75899K, capacity 78273K, committed 78504K, reserved 323584K
  class space    used 9658K, capacity 10449K, committed 10496K, reserved 253952K
}
Event: 928.014 GC heap after
{Heap after GC invocations=24 (full 0):
 garbage-first heap   total 262144K, used 117705K [0x00000000e0000000, 0x0000000100000000)
  region size 1024K, 8 young (8192K), 8 survivors (8192K)
 Metaspace       used 75899K, capacity 78273K, committed 78504K, reserved 323584K
  class space    used 9658K, capacity 10449K, committed 10496K, reserved 253952K
}
Event: 928.427 GC heap before
{Heap before GC invocations=24 (full 0):
 garbage-first heap   total 262144K, used 218057K [0x00000000e0000000, 0x0000000100000000)
  region size 1024K, 106 young (108544K), 8 survivors (8192K)
 Metaspace       used 75899K, capacity 78273K, committed 78504K, reserved 323584K
  class space    used 9658K, capacity 10449K, committed 10496K, reserved 253952K
}
Event: 928.434 GC heap after
{Heap after GC invocations=25 (full 0):
 garbage-first heap   total 262144K, used 119193K [0x00000000e0000000, 0x0000000100000000)
  region size 1024K, 7 young (7168K), 7 survivors (7168K)
 Metaspace       used 75899K, capacity 78273K, committed 78504K, reserved 323584K
  class space    used 9658K, capacity 10449K, committed 10496K, reserved 253952K
}
Event: 1101.338 GC heap before
{Heap before GC invocations=25 (full 0):
 garbage-first heap   total 262144K, used 219545K [0x00000000e0000000, 0x0000000100000000)
  region size 1024K, 106 young (108544K), 7 survivors (7168K)
 Metaspace       used 85330K, capacity 87928K, committed 88232K, reserved 331776K
  class space    used 10778K, capacity 11696K, committed 11776K, reserved 253952K
}
Event: 1101.352 GC heap after
{Heap after GC invocations=26 (full 0):
 garbage-first heap   total 262144K, used 127640K [0x00000000e0000000, 0x0000000100000000)
  region size 1024K, 14 young (14336K), 14 survivors (14336K)
 Metaspace       used 85330K, capacity 87928K, committed 88232K, reserved 331776K
  class space    used 10778K, capacity 11696K, committed 11776K, reserved 253952K
}

Deoptimization events (10 events):
Event: 1101.484 Thread 0x000001d2a55bd800 Uncommon trap: reason=class_check action=maybe_recompile pc=0x000001d29481b58c method=java.util.stream.StreamOpFlag.fromCharacteristics(Ljava/util/Spliterator;)I @ 14 c2
Event: 1101.486 Thread 0x000001d2a55bd800 Uncommon trap: reason=class_check action=maybe_recompile pc=0x000001d29433e194 method=java.nio.file.FileTreeWalker.visit(Ljava/nio/file/Path;ZZ)Ljava/nio/file/FileTreeWalker$Event; @ 58 c2
Event: 1101.487 Thread 0x000001d2a55bd800 Uncommon trap: reason=class_check action=maybe_recompile pc=0x000001d29433e194 method=java.nio.file.FileTreeWalker.visit(Ljava/nio/file/Path;ZZ)Ljava/nio/file/FileTreeWalker$Event; @ 58 c2
Event: 1101.488 Thread 0x000001d2a55bd800 Uncommon trap: reason=class_check action=maybe_recompile pc=0x000001d29433e194 method=java.nio.file.FileTreeWalker.visit(Ljava/nio/file/Path;ZZ)Ljava/nio/file/FileTreeWalker$Event; @ 58 c2
Event: 1101.488 Thread 0x000001d2a55bd800 Uncommon trap: reason=class_check action=maybe_recompile pc=0x000001d29433e194 method=java.nio.file.FileTreeWalker.visit(Ljava/nio/file/Path;ZZ)Ljava/nio/file/FileTreeWalker$Event; @ 58 c2
Event: 1101.506 Thread 0x000001d2a3109800 Uncommon trap: reason=unstable_if action=reinterpret pc=0x000001d294a69038 method=com.google.common.cache.LocalCache$Segment.postReadCleanup()V @ 10 c2
Event: 1101.507 Thread 0x000001d2a310a000 Uncommon trap: reason=unstable_if action=reinterpret pc=0x000001d2943a3d7c method=java.util.concurrent.ConcurrentHashMap.addCount(JI)V @ 168 c2
Event: 1101.523 Thread 0x000001d2a55bd800 Uncommon trap: reason=class_check action=maybe_recompile pc=0x000001d29481ab0c method=java.util.stream.StreamOpFlag.fromCharacteristics(Ljava/util/Spliterator;)I @ 14 c2
Event: 1101.526 Thread 0x000001d2a55bd800 Uncommon trap: reason=unstable_if action=reinterpret pc=0x000001d294a4f1d8 method=com.google.common.collect.MapMakerInternalMap$Segment.getEntry(Ljava/lang/Object;I)Lcom/google/common/collect/MapMakerInternalMap$InternalEntry; @ 40 c2
Event: 1101.528 Thread 0x000001d2a55bd800 Uncommon trap: reason=unstable_if action=reinterpret pc=0x000001d294a3a640 method=com.google.common.collect.MapMakerInternalMap$Segment.getEntry(Ljava/lang/Object;I)Lcom/google/common/collect/MapMakerInternalMap$InternalEntry; @ 40 c2

Classes redefined (0 events):
No events

Internal exceptions (10 events):
Event: 930.316 Thread 0x000001d2a3104800 Exception <a 'java/lang/NoSuchMethodError'{0x00000000ea414270}: java.lang.invoke.DirectMethodHandle$Holder.invokeStatic(Ljava/lang/Object;Ljava/lang/Object;J)Ljava/lang/Object;> (0x00000000ea414270) thrown at [./open/src/hotspot/share/interpreter/linkReso
Event: 930.316 Thread 0x000001d2a3104800 Exception <a 'java/lang/NoSuchMethodError'{0x00000000ea41a540}: java.lang.invoke.Invokers$Holder.linkToTargetMethod(Ljava/lang/Object;JLjava/lang/Object;)Ljava/lang/Object;> (0x00000000ea41a540) thrown at [./open/src/hotspot/share/interpreter/linkResolver
Event: 953.619 Thread 0x000001d2a55bb800 Implicit null exception at 0x000001d294413e87 to 0x000001d294414008
Event: 1101.297 Thread 0x000001d2a3105800 Exception <a 'java/lang/NoSuchMethodError'{0x00000000e9feca28}: static Lorg/gradle/tooling/internal/provider/BuildModelAction;.<clinit>()V> (0x00000000e9feca28) thrown at [./open/src/hotspot/share/prims/jni.cpp, line 1366]
Event: 1101.325 Thread 0x000001d2a3100800 Implicit null exception at 0x000001d29452beb3 to 0x000001d29452f46c
Event: 1101.358 Thread 0x000001d2a3100800 Implicit null exception at 0x000001d2945a6555 to 0x000001d2945a68c8
Event: 1101.359 Thread 0x000001d2a3100800 Implicit null exception at 0x000001d294584c7b to 0x000001d294584d44
Event: 1101.360 Thread 0x000001d2a3100800 Implicit null exception at 0x000001d2944e85ce to 0x000001d2944e8b74
Event: 1101.362 Thread 0x000001d2a3100800 Implicit null exception at 0x000001d29461fc55 to 0x000001d29461ffc8
Event: 1101.364 Thread 0x000001d2a3100800 Implicit null exception at 0x000001d2947d9849 to 0x000001d2947d9dc8

Events (10 events):
Event: 1101.538 Executing VM operation: RevokeBias done
Event: 1101.539 Executing VM operation: RevokeBias
Event: 1101.539 Executing VM operation: RevokeBias done
Event: 1101.540 Executing VM operation: RevokeBias
Event: 1101.540 Executing VM operation: RevokeBias done
Event: 1101.548 Thread 0x000001d2a55c5800 Thread added: 0x000001d2a55c5800
Event: 1101.557 Thread 0x000001d2a55bf800 Thread added: 0x000001d2a55bf800
Event: 1101.557 Thread 0x000001d2a55c1800 Thread added: 0x000001d2a55c1800
Event: 1101.557 Thread 0x000001d2a55c2000 Thread added: 0x000001d2a55c2000
Event: 1101.557 Thread 0x000001d2a55c3000 Thread added: 0x000001d2a55c3000


Dynamic libraries:
0x00007ff7a3e80000 - 0x00007ff7a3e8f000 	D:\CS2040S\jdk-11.0.13\bin\java.exe
0x00007ffba79f0000 - 0x00007ffba7be8000 	C:\Windows\SYSTEM32\ntdll.dll
0x00007ffba62f0000 - 0x00007ffba63ad000 	C:\Windows\System32\KERNEL32.DLL
0x00007ffba5110000 - 0x00007ffba53de000 	C:\Windows\System32\KERNELBASE.dll
0x00007ffba5680000 - 0x00007ffba5780000 	C:\Windows\System32\ucrtbase.dll
0x00007ffb88a80000 - 0x00007ffb88a95000 	D:\CS2040S\jdk-11.0.13\bin\VCRUNTIME140.dll
0x00007ffb89880000 - 0x00007ffb89898000 	D:\CS2040S\jdk-11.0.13\bin\jli.dll
0x00007ffba6240000 - 0x00007ffba62ee000 	C:\Windows\System32\ADVAPI32.dll
0x00007ffba5a50000 - 0x00007ffba5aee000 	C:\Windows\System32\msvcrt.dll
0x00007ffba7230000 - 0x00007ffba72cc000 	C:\Windows\System32\sechost.dll
0x00007ffba7100000 - 0x00007ffba7225000 	C:\Windows\System32\RPCRT4.dll
0x00007ffb97c10000 - 0x00007ffb97eaa000 	C:\Windows\WinSxS\amd64_microsoft.windows.common-controls_6595b64144ccf1df_6.0.19041.1110_none_60b5254171f9507e\COMCTL32.dll
0x00007ffba6e90000 - 0x00007ffba7030000 	C:\Windows\System32\USER32.dll
0x00007ffba70d0000 - 0x00007ffba70fa000 	C:\Windows\System32\GDI32.dll
0x00007ffba57d0000 - 0x00007ffba57f2000 	C:\Windows\System32\win32u.dll
0x00007ffba5800000 - 0x00007ffba590b000 	C:\Windows\System32\gdi32full.dll
0x00007ffba53e0000 - 0x00007ffba547d000 	C:\Windows\System32\msvcp_win.dll
0x00007ffb9aa40000 - 0x00007ffb9aa4a000 	C:\Windows\SYSTEM32\VERSION.dll
0x00007ffba7090000 - 0x00007ffba70c0000 	C:\Windows\System32\IMM32.DLL
0x00007ffb5e700000 - 0x00007ffb5e79b000 	D:\CS2040S\jdk-11.0.13\bin\msvcp140.dll
0x00007ffb522a0000 - 0x00007ffb52db3000 	D:\CS2040S\jdk-11.0.13\bin\server\jvm.dll
0x00007ffba6bf0000 - 0x00007ffba6bf8000 	C:\Windows\System32\PSAPI.DLL
0x00007ffb9aa10000 - 0x00007ffb9aa37000 	C:\Windows\SYSTEM32\WINMM.dll
0x00007ffba2320000 - 0x00007ffba2329000 	C:\Windows\SYSTEM32\WSOCK32.dll
0x00007ffba7410000 - 0x00007ffba747b000 	C:\Windows\System32\WS2_32.dll
0x00007ffba3010000 - 0x00007ffba3022000 	C:\Windows\SYSTEM32\kernel.appcore.dll
0x00007ffb8b010000 - 0x00007ffb8b020000 	D:\CS2040S\jdk-11.0.13\bin\verify.dll
0x00007ffb940d0000 - 0x00007ffb942b4000 	C:\Windows\SYSTEM32\DBGHELP.DLL
0x00007ffb94090000 - 0x00007ffb940bc000 	C:\Windows\SYSTEM32\dbgcore.DLL
0x00007ffba5910000 - 0x00007ffba5992000 	C:\Windows\System32\bcryptPrimitives.dll
0x00007ffb82540000 - 0x00007ffb82568000 	D:\CS2040S\jdk-11.0.13\bin\java.dll
0x00007ffb89480000 - 0x00007ffb8948a000 	D:\CS2040S\jdk-11.0.13\bin\jimage.dll
0x00007ffb88320000 - 0x00007ffb88336000 	D:\CS2040S\jdk-11.0.13\bin\zip.dll
0x00007ffba5af0000 - 0x00007ffba6234000 	C:\Windows\System32\SHELL32.dll
0x00007ffba3210000 - 0x00007ffba39a4000 	C:\Windows\SYSTEM32\windows.storage.dll
0x00007ffba7530000 - 0x00007ffba7884000 	C:\Windows\System32\combase.dll
0x00007ffba4b70000 - 0x00007ffba4ba0000 	C:\Windows\SYSTEM32\Wldp.dll
0x00007ffba6ae0000 - 0x00007ffba6b8d000 	C:\Windows\System32\SHCORE.dll
0x00007ffba73b0000 - 0x00007ffba7405000 	C:\Windows\System32\shlwapi.dll
0x00007ffba5050000 - 0x00007ffba506f000 	C:\Windows\SYSTEM32\profapi.dll
0x00007ffb829c0000 - 0x00007ffb829d9000 	D:\CS2040S\jdk-11.0.13\bin\net.dll
0x00007ffb93cd0000 - 0x00007ffb93dda000 	C:\Windows\SYSTEM32\WINHTTP.dll
0x00007ffba48d0000 - 0x00007ffba493a000 	C:\Windows\system32\mswsock.dll
0x00007ffb813b0000 - 0x00007ffb813c2000 	D:\CS2040S\jdk-11.0.13\bin\nio.dll
0x00007ffb829e0000 - 0x00007ffb82a0a000 	C:\Users\PC\.gradle\native\36\windows-amd64\native-platform.dll
0x00007ffb88a40000 - 0x00007ffb88a49000 	D:\CS2040S\jdk-11.0.13\bin\management.dll
0x00007ffb813a0000 - 0x00007ffb813ab000 	D:\CS2040S\jdk-11.0.13\bin\management_ext.dll
0x00007ffba4ac0000 - 0x00007ffba4ad8000 	C:\Windows\SYSTEM32\CRYPTSP.dll
0x00007ffba41e0000 - 0x00007ffba4214000 	C:\Windows\system32\rsaenh.dll
0x00007ffba5650000 - 0x00007ffba5677000 	C:\Windows\System32\bcrypt.dll
0x00007ffba4fd0000 - 0x00007ffba4ffe000 	C:\Windows\SYSTEM32\USERENV.dll
0x00007ffba4ae0000 - 0x00007ffba4aec000 	C:\Windows\SYSTEM32\CRYPTBASE.dll
0x00007ffba4570000 - 0x00007ffba45ab000 	C:\Windows\SYSTEM32\IPHLPAPI.DLL
0x00007ffba6c80000 - 0x00007ffba6c88000 	C:\Windows\System32\NSI.dll
0x00007ffb9d850000 - 0x00007ffb9d867000 	C:\Windows\SYSTEM32\dhcpcsvc6.DLL
0x00007ffb9d890000 - 0x00007ffb9d8ad000 	C:\Windows\SYSTEM32\dhcpcsvc.DLL
0x00007ffba45c0000 - 0x00007ffba468a000 	C:\Windows\SYSTEM32\DNSAPI.dll
0x00007ffb81130000 - 0x00007ffb81155000 	D:\CS2040S\jdk-11.0.13\bin\sunec.dll
0x00007ffb9dec0000 - 0x00007ffb9deca000 	C:\Windows\System32\rasadhlp.dll
0x00007ffb91180000 - 0x00007ffb91200000 	C:\Windows\System32\fwpuclnt.dll
0x00007ffb81390000 - 0x00007ffb8139d000 	D:\CS2040S\jdk-11.0.13\bin\sunmscapi.dll
0x00007ffba54f0000 - 0x00007ffba5646000 	C:\Windows\System32\CRYPT32.dll
0x00007ffba4be0000 - 0x00007ffba4c07000 	C:\Windows\SYSTEM32\ncrypt.dll
0x00007ffba4ba0000 - 0x00007ffba4bdb000 	C:\Windows\SYSTEM32\NTASN1.dll

dbghelp: loaded successfully - version: 4.0.5 - missing functions: none
symbol engine: initialized successfully - sym options: 0x614 - pdb path: .;D:\CS2040S\jdk-11.0.13\bin;C:\Windows\SYSTEM32;C:\Windows\WinSxS\amd64_microsoft.windows.common-controls_6595b64144ccf1df_6.0.19041.1110_none_60b5254171f9507e;D:\CS2040S\jdk-11.0.13\bin\server;C:\Users\PC\.gradle\native\36\windows-amd64

VM Arguments:
jvm_args: --add-opens=java.base/java.util=ALL-UNNAMED --add-opens=java.base/java.lang=ALL-UNNAMED --add-opens=java.base/java.lang.invoke=ALL-UNNAMED --add-opens=java.prefs/java.util.prefs=ALL-UNNAMED -XX:MaxMetaspaceSize=256m -XX:+HeapDumpOnOutOfMemoryError -Xms256m -Xmx512m -Dfile.encoding=windows-1252 -Duser.country=SG -Duser.language=en -Duser.variant 
java_command: org.gradle.launcher.daemon.bootstrap.GradleDaemon 6.2
java_class_path (initial): C:\Users\PC\.gradle\wrapper\dists\gradle-6.2-bin\6zaomcc3lf3gnwxgkllci1muk\gradle-6.2\lib\gradle-launcher-6.2.jar
Launcher Type: SUN_STANDARD

[Global flags]
     intx CICompilerCount                          = 4                                         {product} {ergonomic}
   size_t CompressedClassSpaceSize                 = 260046848                                 {product} {ergonomic}
     uint ConcGCThreads                            = 2                                         {product} {ergonomic}
     uint G1ConcRefinementThreads                  = 8                                         {product} {ergonomic}
   size_t G1HeapRegionSize                         = 1048576                                   {product} {ergonomic}
    uintx GCDrainStackTargetSize                   = 64                                        {product} {ergonomic}
     bool HeapDumpOnOutOfMemoryError               = true                                   {manageable} {command line}
   size_t InitialHeapSize                          = 268435456                                 {product} {command line}
   size_t MarkStackSize                            = 4194304                                   {product} {ergonomic}
   size_t MaxHeapSize                              = 536870912                                 {product} {command line}
   size_t MaxMetaspaceSize                         = 268435456                                 {product} {command line}
   size_t MaxNewSize                               = 321912832                                 {product} {ergonomic}
   size_t MinHeapDeltaBytes                        = 1048576                                   {product} {ergonomic}
    uintx NonNMethodCodeHeapSize                   = 5836300                                {pd product} {ergonomic}
    uintx NonProfiledCodeHeapSize                  = 122910970                              {pd product} {ergonomic}
    uintx ProfiledCodeHeapSize                     = 122910970                              {pd product} {ergonomic}
    uintx ReservedCodeCacheSize                    = 251658240                              {pd product} {ergonomic}
     bool SegmentedCodeCache                       = true                                      {product} {ergonomic}
     bool UseCompressedClassPointers               = true                                 {lp64_product} {ergonomic}
     bool UseCompressedOops                        = true                                 {lp64_product} {ergonomic}
     bool UseG1GC                                  = true                                      {product} {ergonomic}
     bool UseLargePagesIndividualAllocation        = false                                  {pd product} {ergonomic}

Logging:
Log output configuration:
 #0: stdout all=warning uptime,level,tags
 #1: stderr all=off uptime,level,tags

Environment Variables:
PATH=C:\Python310\Scripts\;C:\Python310\;C:\Windows\system32;C:\Windows;C:\Windows\System32\Wbem;C:\Windows\System32\WindowsPowerShell\v1.0\;C:\Windows\System32\OpenSSH\;D:\;C:\ProgramData\chocolatey\bin;C:\Program Files\Git\cmd;C:\Program Files\MySQL\MySQL Shell 8.0\bin\;C:\Users\PC\AppData\Local\Microsoft\WindowsApps;C:\Users\PC\AppData\Roaming\TinyTeX\bin\win32;C:\Users\PC\AppData\Roaming\npm;C:\Users\PC\AppData\Local\Programs\Microsoft VS Code\bin;C:\Program Files\heroku\bin
USERNAME=PC
OS=Windows_NT
PROCESSOR_IDENTIFIER=Intel64 Family 6 Model 158 Stepping 9, GenuineIntel



---------------  S Y S T E M  ---------------

OS: Windows 10 , 64 bit Build 19041 (10.0.19041.1889)

CPU:total 8 (initial active 8) (4 cores per cpu, 2 threads per core) family 6 model 158 stepping 9 microcode 0xb4, cmov, cx8, fxsr, mmx, sse, sse2, sse3, ssse3, sse4.1, sse4.2, popcnt, avx, avx2, aes, clmul, erms, 3dnowpref, lzcnt, ht, tsc, tscinvbit, bmi1, bmi2, adx, fma

Memory: 4k page, system-wide physical 16280M (2211M free)
TotalPageFile size 46727M (AvailPageFile size 2M)
current process WorkingSet (physical memory assigned to process): 510M, peak: 533M
current process commit charge ("private bytes"): 569M, peak: 651M

vm_info: Java HotSpot(TM) 64-Bit Server VM (11.0.13+10-LTS-370) for windows-amd64 JRE (11.0.13+10-LTS-370), built on Sep 15 2021 22:10:36 by "mach5one" with MS VC++ 15.9 (VS2017)

END.
