#
# A fatal error has been detected by the Java Runtime Environment:
#
#  Internal Error (safepoint.cpp:929), pid=55121, tid=28423
#  fatal error: Illegal threadstate encountered: 4
#
# JRE version: OpenJDK Runtime Environment Zulu11.50+19-CA (11.0.12+7) (build 11.0.12+7-LTS)
# Java VM: OpenJDK 64-Bit Server VM Zulu11.50+19-CA (11.0.12+7-LTS, mixed mode, tiered, compressed oops, g1 gc, bsd-aarch64)
# No core dump will be written. Core dumps have been disabled. To enable core dumping, try "ulimit -c unlimited" before starting Java again
#
# If you would like to submit a bug report, please visit:
#   http://www.azul.com/support/
# The crash happened outside the Java Virtual Machine in native code.
# See problematic frame for where to report the bug.
#

---------------  S U M M A R Y ------------

Command Line: -Dfile.encoding=UTF-8 -Duser.country=SG -Duser.language=en -Duser.variant duke.Launcher

Host: MacBookPro18,3 arm64 1 MHz, 10 cores, 16G, Darwin 21.3.0
Time: Tue Sep 13 17:35:38 2022 +08 elapsed time: 26.585015 seconds (0d 0h 0m 26s)

---------------  T H R E A D  ---------------

Current thread (0x000000013e01a800):  JavaThread "InvokeLaterDispatcher" daemon [_thread_in_native, id=28423, stack(0x000000017045c000,0x000000017065f000)]

Stack: [0x000000017045c000,0x000000017065f000],  sp=0x000000017065e0a0,  free space=2056k
Native frames: (J=compiled Java code, A=aot compiled Java code, j=interpreted, Vv=VM code, C=native code)
V  [libjvm.dylib+0x72d53c]  _ZN7VMError14report_and_dieEiPKcS1_PcP6ThreadPhPvS6_S1_im+0x600
V  [libjvm.dylib+0x72dc2c]  _ZN7VMError14report_and_dieEP6ThreadPvPKciS4_S4_Pc+0x40
V  [libjvm.dylib+0x20257c]  _Z12report_fatalPKciS0_z+0x58
V  [libjvm.dylib+0x6037c0]  _ZN20SafepointSynchronize5blockEP10JavaThread+0x218
V  [libjvm.dylib+0x6e5550]  _ZN10JavaThread44check_safepoint_and_suspend_for_native_transEPS_+0xb8
V  [libjvm.dylib+0x37884c]  jni_DeleteGlobalRef+0xc0
C  [libglass.dylib+0xa840]  -[GlassRunnable dealloc]+0x34
C  [Foundation+0x84c7c]  -[_NSThreadPerformInfo dealloc]+0x30
C  [Foundation+0x51578]  -[NSObject(NSThreadPerformAdditions) performSelectorOnMainThread:withObject:waitUntilDone:]+0x88
C  0xb17d8001145481cc
J 1984 c1 com.sun.glass.ui.mac.MacApplication.submitForLaterInvocation(Ljava/lang/Runnable;)V javafx.graphics@11.0.12 (6 bytes) @ 0x000000010d31edd8 [0x000000010d31ed40+0x0000000000000098]
C  0x00000006c08076b0

Java frames: (J=compiled Java code, j=interpreted, Vv=VM code)
J 2206  com.sun.glass.ui.mac.MacApplication._submitForLaterInvocation(Ljava/lang/Runnable;)V javafx.graphics@11.0.12 (0 bytes) @ 0x00000001145481d0 [0x0000000114548140+0x0000000000000090]
J 1984 c1 com.sun.glass.ui.mac.MacApplication.submitForLaterInvocation(Ljava/lang/Runnable;)V javafx.graphics@11.0.12 (6 bytes) @ 0x000000010d31edd8 [0x000000010d31ed40+0x0000000000000098]
j  com.sun.glass.ui.InvokeLaterDispatcher.run()V+82 javafx.graphics@11.0.12
v  ~StubRoutines::call_stub

---------------  P R O C E S S  ---------------

Threads class SMR info:
_java_thread_list=0x0000600000178540, length=16, elements={
0x000000013b80e800, 0x000000012780f800, 0x000000013c065000, 0x000000013b926800,
0x000000013b910800, 0x000000013b929800, 0x000000013b92a800, 0x000000013b92b800,
0x000000013c101000, 0x000000013c12c000, 0x000000013b9cc000, 0x000000013e01a800,
0x000000013e01b800, 0x000000013e091000, 0x000000013c3b1000, 0x000000013e095000
}

Java Threads: ( => current thread )
  0x000000013b80e800 JavaThread "main" [_thread_blocked, id=5891, stack(0x000000016de6c000,0x000000016e06f000)]
  0x000000012780f800 JavaThread "Reference Handler" daemon [_thread_blocked, id=18179, stack(0x000000016ecc0000,0x000000016eec3000)]
  0x000000013c065000 JavaThread "Finalizer" daemon [_thread_blocked, id=17667, stack(0x000000016eecc000,0x000000016f0cf000)]
  0x000000013b926800 JavaThread "Signal Dispatcher" daemon [_thread_blocked, id=16131, stack(0x000000016f1f0000,0x000000016f3f3000)]
  0x000000013b910800 JavaThread "Service Thread" daemon [_thread_blocked, id=43267, stack(0x000000016f3fc000,0x000000016f5ff000)]
  0x000000013b929800 JavaThread "C2 CompilerThread0" daemon [_thread_blocked, id=42499, stack(0x000000016f608000,0x000000016f80b000)]
  0x000000013b92a800 JavaThread "C1 CompilerThread0" daemon [_thread_blocked, id=22275, stack(0x000000016f814000,0x000000016fa17000)]
  0x000000013b92b800 JavaThread "Sweeper thread" daemon [_thread_blocked, id=41731, stack(0x000000016fa20000,0x000000016fc23000)]
  0x000000013c101000 JavaThread "Common-Cleaner" daemon [_thread_blocked, id=40451, stack(0x000000016fe38000,0x000000017003b000)]
  0x000000013c12c000 JavaThread "JavaFX-Launcher" [_thread_blocked, id=39683, stack(0x0000000170044000,0x0000000170247000)]
  0x000000013b9cc000 JavaThread "QuantumRenderer-0" daemon [_thread_blocked, id=39171, stack(0x0000000170250000,0x0000000170453000)]
=>0x000000013e01a800 JavaThread "InvokeLaterDispatcher" daemon [_thread_in_native, id=28423, stack(0x000000017045c000,0x000000017065f000)]
  0x000000013e01b800 JavaThread "JavaFX Application Thread" [_thread_in_native, id=259, stack(0x000000016bde0000,0x000000016dde0000)]
  0x000000013e091000 JavaThread "Prism Font Disposer" daemon [_thread_blocked, id=58627, stack(0x0000000171a78000,0x0000000171c7b000)]
  0x000000013c3b1000 JavaThread "Cleaner-0" daemon [_thread_blocked, id=69899, stack(0x0000000171fa8000,0x00000001721ab000)]
  0x000000013e095000 JavaThread "PulseTimer-CVDisplayLink thread" daemon [_thread_in_native, id=80923, stack(0x00000001706f4000,0x0000000170777000)]

Other Threads:
  0x000000013c062000 VMThread "VM Thread" [stack: 0x000000016eab4000,0x000000016ecb7000] [id=13315]
  0x000000013c009800 WatcherThread [stack: 0x000000016fc2c000,0x000000016fe2f000] [id=41219]
  0x000000013b81a000 GCTaskThread "GC Thread#0" [stack: 0x000000016e078000,0x000000016e27b000] [id=11779]
  0x000000013c37e800 GCTaskThread "GC Thread#1" [stack: 0x000000017080c000,0x0000000170a0f000] [id=78999]
  0x000000013c366000 GCTaskThread "GC Thread#2" [stack: 0x0000000170a18000,0x0000000170c1b000] [id=56067]
  0x000000013c3aa000 GCTaskThread "GC Thread#3" [stack: 0x0000000170c24000,0x0000000170e27000] [id=56579]
  0x000000013c3a8000 GCTaskThread "GC Thread#4" [stack: 0x0000000170e30000,0x0000000171033000] [id=78339]
  0x000000013c39a000 GCTaskThread "GC Thread#5" [stack: 0x000000017103c000,0x000000017123f000] [id=78083]
  0x000000013b85f800 ConcurrentGCThread "G1 Main Marker" [stack: 0x000000016e284000,0x000000016e487000] [id=20739]
  0x000000013b860800 ConcurrentGCThread "G1 Conc#0" [stack: 0x000000016e490000,0x000000016e693000] [id=19715]
  0x000000013c3b0800 ConcurrentGCThread "G1 Conc#1" [stack: 0x0000000171c84000,0x0000000171e87000] [id=76803]
  0x000000013b905000 ConcurrentGCThread "G1 Refine#0" [stack: 0x000000016e69c000,0x000000016e89f000] [id=12035]
  0x000000013bb23800 ConcurrentGCThread "G1 Refine#1" [stack: 0x0000000171248000,0x000000017144b000] [id=57091]
  0x000000013a80f800 ConcurrentGCThread "G1 Refine#2" [stack: 0x0000000171454000,0x0000000171657000] [id=57347]
  0x0000000150808800 ConcurrentGCThread "G1 Refine#3" [stack: 0x0000000171660000,0x0000000171863000] [id=77315]
  0x0000000151009000 ConcurrentGCThread "G1 Refine#4" [stack: 0x000000017186c000,0x0000000171a6f000] [id=58115]
  0x000000013b906000 ConcurrentGCThread "G1 Young RemSet Sampling" [stack: 0x000000016e8a8000,0x000000016eaab000] [id=12291]

Threads with active compile tasks:

VM state:not at safepoint (normal execution)

VM Mutex/Monitor currently owned by a thread: None

Heap address: 0x00000006c0000000, size: 4096 MB, Compressed Oops mode: Zero based, Oop shift amount: 3
Narrow klass base: 0x0000000800000000, Narrow klass shift: 0
Compressed class space size: 1073741824 Address: 0x0000000800000000

Heap:
 garbage-first heap   total 262144K, used 14675K [0x00000006c0000000, 0x00000007c0000000)
  region size 1024K, 5 young (5120K), 2 survivors (2048K)
 Metaspace       used 23547K, capacity 24401K, committed 24560K, reserved 1071104K
  class space    used 3156K, capacity 3569K, committed 3648K, reserved 1048576K
Heap Regions: E=young(eden), S=young(survivor), O=old, HS=humongous(starts), HC=humongous(continues), CS=collection set, F=free, A=archive, TAMS=top-at-mark-start (previous, next)
|   0|0x00000006c0000000, 0x00000006c0100000, 0x00000006c0100000|100%| O|  |TAMS 0x00000006c0100000, 0x00000006c0000000| Untracked 
|   1|0x00000006c0100000, 0x00000006c0200000, 0x00000006c0200000|100%| O|  |TAMS 0x00000006c0200000, 0x00000006c0100000| Untracked 
|   2|0x00000006c0200000, 0x00000006c0300000, 0x00000006c0300000|100%| O|  |TAMS 0x00000006c0300000, 0x00000006c0200000| Untracked 
|   3|0x00000006c0300000, 0x00000006c0400000, 0x00000006c0400000|100%| O|  |TAMS 0x00000006c0400000, 0x00000006c0300000| Untracked 
|   4|0x00000006c0400000, 0x00000006c0500000, 0x00000006c0500000|100%| O|  |TAMS 0x00000006c0500000, 0x00000006c0400000| Untracked 
|   5|0x00000006c0500000, 0x00000006c0600000, 0x00000006c0600000|100%| O|  |TAMS 0x00000006c05a4200, 0x00000006c0500000| Untracked 
|   6|0x00000006c0600000, 0x00000006c0700000, 0x00000006c0700000|100%|HS|  |TAMS 0x00000006c0600000, 0x00000006c0600000| Complete 
|   7|0x00000006c0700000, 0x00000006c0800000, 0x00000006c0800000|100%|HC|  |TAMS 0x00000006c0700000, 0x00000006c0700000| Complete 
|   8|0x00000006c0800000, 0x00000006c0900000, 0x00000006c0900000|100%| O|  |TAMS 0x00000006c0800000, 0x00000006c0800000| Untracked 
|   9|0x00000006c0900000, 0x00000006c0a00000, 0x00000006c0a00000|100%| O|  |TAMS 0x00000006c0900000, 0x00000006c0900000| Untracked 
|  10|0x00000006c0a00000, 0x00000006c0a9cc00, 0x00000006c0b00000| 61%| O|  |TAMS 0x00000006c0a00000, 0x00000006c0a00000| Untracked 
|  11|0x00000006c0b00000, 0x00000006c0b00000, 0x00000006c0c00000|  0%| F|  |TAMS 0x00000006c0b00000, 0x00000006c0b00000| Untracked 
|  12|0x00000006c0c00000, 0x00000006c0c00000, 0x00000006c0d00000|  0%| F|  |TAMS 0x00000006c0c00000, 0x00000006c0c00000| Untracked 
|  13|0x00000006c0d00000, 0x00000006c0d00000, 0x00000006c0e00000|  0%| F|  |TAMS 0x00000006c0d00000, 0x00000006c0d00000| Untracked 
|  14|0x00000006c0e00000, 0x00000006c0e00000, 0x00000006c0f00000|  0%| F|  |TAMS 0x00000006c0e00000, 0x00000006c0e00000| Untracked 
|  15|0x00000006c0f00000, 0x00000006c0f00000, 0x00000006c1000000|  0%| F|  |TAMS 0x00000006c0f00000, 0x00000006c0f00000| Untracked 
|  16|0x00000006c1000000, 0x00000006c1000000, 0x00000006c1100000|  0%| F|  |TAMS 0x00000006c1000000, 0x00000006c1000000| Untracked 
|  17|0x00000006c1100000, 0x00000006c1100000, 0x00000006c1200000|  0%| F|  |TAMS 0x00000006c1100000, 0x00000006c1100000| Untracked 
|  18|0x00000006c1200000, 0x00000006c1200000, 0x00000006c1300000|  0%| F|  |TAMS 0x00000006c1200000, 0x00000006c1200000| Untracked 
|  19|0x00000006c1300000, 0x00000006c1300000, 0x00000006c1400000|  0%| F|  |TAMS 0x00000006c1300000, 0x00000006c1300000| Untracked 
|  20|0x00000006c1400000, 0x00000006c1400000, 0x00000006c1500000|  0%| F|  |TAMS 0x00000006c1400000, 0x00000006c1400000| Untracked 
|  21|0x00000006c1500000, 0x00000006c1500000, 0x00000006c1600000|  0%| F|  |TAMS 0x00000006c1500000, 0x00000006c1500000| Untracked 
|  22|0x00000006c1600000, 0x00000006c1600000, 0x00000006c1700000|  0%| F|  |TAMS 0x00000006c1600000, 0x00000006c1600000| Untracked 
|  23|0x00000006c1700000, 0x00000006c1700000, 0x00000006c1800000|  0%| F|  |TAMS 0x00000006c1700000, 0x00000006c1700000| Untracked 
|  24|0x00000006c1800000, 0x00000006c1800000, 0x00000006c1900000|  0%| F|  |TAMS 0x00000006c1800000, 0x00000006c1800000| Untracked 
|  25|0x00000006c1900000, 0x00000006c1900000, 0x00000006c1a00000|  0%| F|  |TAMS 0x00000006c1900000, 0x00000006c1900000| Untracked 
|  26|0x00000006c1a00000, 0x00000006c1a00000, 0x00000006c1b00000|  0%| F|  |TAMS 0x00000006c1a00000, 0x00000006c1a00000| Untracked 
|  27|0x00000006c1b00000, 0x00000006c1b00000, 0x00000006c1c00000|  0%| F|  |TAMS 0x00000006c1b00000, 0x00000006c1b00000| Untracked 
|  28|0x00000006c1c00000, 0x00000006c1c00000, 0x00000006c1d00000|  0%| F|  |TAMS 0x00000006c1c00000, 0x00000006c1c00000| Untracked 
|  29|0x00000006c1d00000, 0x00000006c1d00000, 0x00000006c1e00000|  0%| F|  |TAMS 0x00000006c1d00000, 0x00000006c1d00000| Untracked 
|  30|0x00000006c1e00000, 0x00000006c1e00000, 0x00000006c1f00000|  0%| F|  |TAMS 0x00000006c1e00000, 0x00000006c1e00000| Untracked 
|  31|0x00000006c1f00000, 0x00000006c1f00000, 0x00000006c2000000|  0%| F|  |TAMS 0x00000006c1f00000, 0x00000006c1f00000| Untracked 
|  32|0x00000006c2000000, 0x00000006c2000000, 0x00000006c2100000|  0%| F|  |TAMS 0x00000006c2000000, 0x00000006c2000000| Untracked 
|  33|0x00000006c2100000, 0x00000006c2100000, 0x00000006c2200000|  0%| F|  |TAMS 0x00000006c2100000, 0x00000006c2100000| Untracked 
|  34|0x00000006c2200000, 0x00000006c2200000, 0x00000006c2300000|  0%| F|  |TAMS 0x00000006c2200000, 0x00000006c2200000| Untracked 
|  35|0x00000006c2300000, 0x00000006c2300000, 0x00000006c2400000|  0%| F|  |TAMS 0x00000006c2300000, 0x00000006c2300000| Untracked 
|  36|0x00000006c2400000, 0x00000006c2400000, 0x00000006c2500000|  0%| F|  |TAMS 0x00000006c2400000, 0x00000006c2400000| Untracked 
|  37|0x00000006c2500000, 0x00000006c2500000, 0x00000006c2600000|  0%| F|  |TAMS 0x00000006c2500000, 0x00000006c2500000| Untracked 
|  38|0x00000006c2600000, 0x00000006c2600000, 0x00000006c2700000|  0%| F|  |TAMS 0x00000006c2600000, 0x00000006c2600000| Untracked 
|  39|0x00000006c2700000, 0x00000006c2700000, 0x00000006c2800000|  0%| F|  |TAMS 0x00000006c2700000, 0x00000006c2700000| Untracked 
|  40|0x00000006c2800000, 0x00000006c2800000, 0x00000006c2900000|  0%| F|  |TAMS 0x00000006c2800000, 0x00000006c2800000| Untracked 
|  41|0x00000006c2900000, 0x00000006c2900000, 0x00000006c2a00000|  0%| F|  |TAMS 0x00000006c2900000, 0x00000006c2900000| Untracked 
|  42|0x00000006c2a00000, 0x00000006c2a00000, 0x00000006c2b00000|  0%| F|  |TAMS 0x00000006c2a00000, 0x00000006c2a00000| Untracked 
|  43|0x00000006c2b00000, 0x00000006c2b00000, 0x00000006c2c00000|  0%| F|  |TAMS 0x00000006c2b00000, 0x00000006c2b00000| Untracked 
|  44|0x00000006c2c00000, 0x00000006c2c00000, 0x00000006c2d00000|  0%| F|  |TAMS 0x00000006c2c00000, 0x00000006c2c00000| Untracked 
|  45|0x00000006c2d00000, 0x00000006c2d00000, 0x00000006c2e00000|  0%| F|  |TAMS 0x00000006c2d00000, 0x00000006c2d00000| Untracked 
|  46|0x00000006c2e00000, 0x00000006c2e00000, 0x00000006c2f00000|  0%| F|  |TAMS 0x00000006c2e00000, 0x00000006c2e00000| Untracked 
|  47|0x00000006c2f00000, 0x00000006c2f00000, 0x00000006c3000000|  0%| F|  |TAMS 0x00000006c2f00000, 0x00000006c2f00000| Untracked 
|  48|0x00000006c3000000, 0x00000006c3000000, 0x00000006c3100000|  0%| F|  |TAMS 0x00000006c3000000, 0x00000006c3000000| Untracked 
|  49|0x00000006c3100000, 0x00000006c3100000, 0x00000006c3200000|  0%| F|  |TAMS 0x00000006c3100000, 0x00000006c3100000| Untracked 
|  50|0x00000006c3200000, 0x00000006c3200000, 0x00000006c3300000|  0%| F|  |TAMS 0x00000006c3200000, 0x00000006c3200000| Untracked 
|  51|0x00000006c3300000, 0x00000006c3300000, 0x00000006c3400000|  0%| F|  |TAMS 0x00000006c3300000, 0x00000006c3300000| Untracked 
|  52|0x00000006c3400000, 0x00000006c3400000, 0x00000006c3500000|  0%| F|  |TAMS 0x00000006c3400000, 0x00000006c3400000| Untracked 
|  53|0x00000006c3500000, 0x00000006c3500000, 0x00000006c3600000|  0%| F|  |TAMS 0x00000006c3500000, 0x00000006c3500000| Untracked 
|  54|0x00000006c3600000, 0x00000006c3600000, 0x00000006c3700000|  0%| F|  |TAMS 0x00000006c3600000, 0x00000006c3600000| Untracked 
|  55|0x00000006c3700000, 0x00000006c3700000, 0x00000006c3800000|  0%| F|  |TAMS 0x00000006c3700000, 0x00000006c3700000| Untracked 
|  56|0x00000006c3800000, 0x00000006c3800000, 0x00000006c3900000|  0%| F|  |TAMS 0x00000006c3800000, 0x00000006c3800000| Untracked 
|  57|0x00000006c3900000, 0x00000006c3900000, 0x00000006c3a00000|  0%| F|  |TAMS 0x00000006c3900000, 0x00000006c3900000| Untracked 
|  58|0x00000006c3a00000, 0x00000006c3a00000, 0x00000006c3b00000|  0%| F|  |TAMS 0x00000006c3a00000, 0x00000006c3a00000| Untracked 
|  59|0x00000006c3b00000, 0x00000006c3b00000, 0x00000006c3c00000|  0%| F|  |TAMS 0x00000006c3b00000, 0x00000006c3b00000| Untracked 
|  60|0x00000006c3c00000, 0x00000006c3c00000, 0x00000006c3d00000|  0%| F|  |TAMS 0x00000006c3c00000, 0x00000006c3c00000| Untracked 
|  61|0x00000006c3d00000, 0x00000006c3d00000, 0x00000006c3e00000|  0%| F|  |TAMS 0x00000006c3d00000, 0x00000006c3d00000| Untracked 
|  62|0x00000006c3e00000, 0x00000006c3e00000, 0x00000006c3f00000|  0%| F|  |TAMS 0x00000006c3e00000, 0x00000006c3e00000| Untracked 
|  63|0x00000006c3f00000, 0x00000006c3f00000, 0x00000006c4000000|  0%| F|  |TAMS 0x00000006c3f00000, 0x00000006c3f00000| Untracked 
|  64|0x00000006c4000000, 0x00000006c4000000, 0x00000006c4100000|  0%| F|  |TAMS 0x00000006c4000000, 0x00000006c4000000| Untracked 
|  65|0x00000006c4100000, 0x00000006c4100000, 0x00000006c4200000|  0%| F|  |TAMS 0x00000006c4100000, 0x00000006c4100000| Untracked 
|  66|0x00000006c4200000, 0x00000006c4200000, 0x00000006c4300000|  0%| F|  |TAMS 0x00000006c4200000, 0x00000006c4200000| Untracked 
|  67|0x00000006c4300000, 0x00000006c4300000, 0x00000006c4400000|  0%| F|  |TAMS 0x00000006c4300000, 0x00000006c4300000| Untracked 
|  68|0x00000006c4400000, 0x00000006c4400000, 0x00000006c4500000|  0%| F|  |TAMS 0x00000006c4400000, 0x00000006c4400000| Untracked 
|  69|0x00000006c4500000, 0x00000006c4500000, 0x00000006c4600000|  0%| F|  |TAMS 0x00000006c4500000, 0x00000006c4500000| Untracked 
|  70|0x00000006c4600000, 0x00000006c4600000, 0x00000006c4700000|  0%| F|  |TAMS 0x00000006c4600000, 0x00000006c4600000| Untracked 
|  71|0x00000006c4700000, 0x00000006c4700000, 0x00000006c4800000|  0%| F|  |TAMS 0x00000006c4700000, 0x00000006c4700000| Untracked 
|  72|0x00000006c4800000, 0x00000006c4800000, 0x00000006c4900000|  0%| F|  |TAMS 0x00000006c4800000, 0x00000006c4800000| Untracked 
|  73|0x00000006c4900000, 0x00000006c4900000, 0x00000006c4a00000|  0%| F|  |TAMS 0x00000006c4900000, 0x00000006c4900000| Untracked 
|  74|0x00000006c4a00000, 0x00000006c4a00000, 0x00000006c4b00000|  0%| F|  |TAMS 0x00000006c4a00000, 0x00000006c4a00000| Untracked 
|  75|0x00000006c4b00000, 0x00000006c4b00000, 0x00000006c4c00000|  0%| F|  |TAMS 0x00000006c4b00000, 0x00000006c4b00000| Untracked 
|  76|0x00000006c4c00000, 0x00000006c4c00000, 0x00000006c4d00000|  0%| F|  |TAMS 0x00000006c4c00000, 0x00000006c4c00000| Untracked 
|  77|0x00000006c4d00000, 0x00000006c4d00000, 0x00000006c4e00000|  0%| F|  |TAMS 0x00000006c4d00000, 0x00000006c4d00000| Untracked 
|  78|0x00000006c4e00000, 0x00000006c4e00000, 0x00000006c4f00000|  0%| F|  |TAMS 0x00000006c4e00000, 0x00000006c4e00000| Untracked 
|  79|0x00000006c4f00000, 0x00000006c4f00000, 0x00000006c5000000|  0%| F|  |TAMS 0x00000006c4f00000, 0x00000006c4f00000| Untracked 
|  80|0x00000006c5000000, 0x00000006c5000000, 0x00000006c5100000|  0%| F|  |TAMS 0x00000006c5000000, 0x00000006c5000000| Untracked 
|  81|0x00000006c5100000, 0x00000006c5100000, 0x00000006c5200000|  0%| F|  |TAMS 0x00000006c5100000, 0x00000006c5100000| Untracked 
|  82|0x00000006c5200000, 0x00000006c5200000, 0x00000006c5300000|  0%| F|  |TAMS 0x00000006c5200000, 0x00000006c5200000| Untracked 
|  83|0x00000006c5300000, 0x00000006c5300000, 0x00000006c5400000|  0%| F|  |TAMS 0x00000006c5300000, 0x00000006c5300000| Untracked 
|  84|0x00000006c5400000, 0x00000006c5400000, 0x00000006c5500000|  0%| F|  |TAMS 0x00000006c5400000, 0x00000006c5400000| Untracked 
|  85|0x00000006c5500000, 0x00000006c5500000, 0x00000006c5600000|  0%| F|  |TAMS 0x00000006c5500000, 0x00000006c5500000| Untracked 
|  86|0x00000006c5600000, 0x00000006c5600000, 0x00000006c5700000|  0%| F|  |TAMS 0x00000006c5600000, 0x00000006c5600000| Untracked 
|  87|0x00000006c5700000, 0x00000006c5700000, 0x00000006c5800000|  0%| F|  |TAMS 0x00000006c5700000, 0x00000006c5700000| Untracked 
|  88|0x00000006c5800000, 0x00000006c5800000, 0x00000006c5900000|  0%| F|  |TAMS 0x00000006c5800000, 0x00000006c5800000| Untracked 
|  89|0x00000006c5900000, 0x00000006c5900000, 0x00000006c5a00000|  0%| F|  |TAMS 0x00000006c5900000, 0x00000006c5900000| Untracked 
|  90|0x00000006c5a00000, 0x00000006c5a00000, 0x00000006c5b00000|  0%| F|  |TAMS 0x00000006c5a00000, 0x00000006c5a00000| Untracked 
|  91|0x00000006c5b00000, 0x00000006c5b00000, 0x00000006c5c00000|  0%| F|  |TAMS 0x00000006c5b00000, 0x00000006c5b00000| Untracked 
|  92|0x00000006c5c00000, 0x00000006c5c00000, 0x00000006c5d00000|  0%| F|  |TAMS 0x00000006c5c00000, 0x00000006c5c00000| Untracked 
|  93|0x00000006c5d00000, 0x00000006c5d00000, 0x00000006c5e00000|  0%| F|  |TAMS 0x00000006c5d00000, 0x00000006c5d00000| Untracked 
|  94|0x00000006c5e00000, 0x00000006c5e00000, 0x00000006c5f00000|  0%| F|  |TAMS 0x00000006c5e00000, 0x00000006c5e00000| Untracked 
|  95|0x00000006c5f00000, 0x00000006c5f00000, 0x00000006c6000000|  0%| F|  |TAMS 0x00000006c5f00000, 0x00000006c5f00000| Untracked 
|  96|0x00000006c6000000, 0x00000006c6000000, 0x00000006c6100000|  0%| F|  |TAMS 0x00000006c6000000, 0x00000006c6000000| Untracked 
|  97|0x00000006c6100000, 0x00000006c6100000, 0x00000006c6200000|  0%| F|  |TAMS 0x00000006c6100000, 0x00000006c6100000| Untracked 
|  98|0x00000006c6200000, 0x00000006c6200000, 0x00000006c6300000|  0%| F|  |TAMS 0x00000006c6200000, 0x00000006c6200000| Untracked 
|  99|0x00000006c6300000, 0x00000006c6300000, 0x00000006c6400000|  0%| F|  |TAMS 0x00000006c6300000, 0x00000006c6300000| Untracked 
| 100|0x00000006c6400000, 0x00000006c6400000, 0x00000006c6500000|  0%| F|  |TAMS 0x00000006c6400000, 0x00000006c6400000| Untracked 
| 101|0x00000006c6500000, 0x00000006c6500000, 0x00000006c6600000|  0%| F|  |TAMS 0x00000006c6500000, 0x00000006c6500000| Untracked 
| 102|0x00000006c6600000, 0x00000006c6600000, 0x00000006c6700000|  0%| F|  |TAMS 0x00000006c6600000, 0x00000006c6600000| Untracked 
| 103|0x00000006c6700000, 0x00000006c6700000, 0x00000006c6800000|  0%| F|  |TAMS 0x00000006c6700000, 0x00000006c6700000| Untracked 
| 104|0x00000006c6800000, 0x00000006c6800000, 0x00000006c6900000|  0%| F|  |TAMS 0x00000006c6800000, 0x00000006c6800000| Untracked 
| 105|0x00000006c6900000, 0x00000006c6900000, 0x00000006c6a00000|  0%| F|  |TAMS 0x00000006c6900000, 0x00000006c6900000| Untracked 
| 106|0x00000006c6a00000, 0x00000006c6a00000, 0x00000006c6b00000|  0%| F|  |TAMS 0x00000006c6a00000, 0x00000006c6a00000| Untracked 
| 107|0x00000006c6b00000, 0x00000006c6b00000, 0x00000006c6c00000|  0%| F|  |TAMS 0x00000006c6b00000, 0x00000006c6b00000| Untracked 
| 108|0x00000006c6c00000, 0x00000006c6c00000, 0x00000006c6d00000|  0%| F|  |TAMS 0x00000006c6c00000, 0x00000006c6c00000| Untracked 
| 109|0x00000006c6d00000, 0x00000006c6d00000, 0x00000006c6e00000|  0%| F|  |TAMS 0x00000006c6d00000, 0x00000006c6d00000| Untracked 
| 110|0x00000006c6e00000, 0x00000006c6e00000, 0x00000006c6f00000|  0%| F|  |TAMS 0x00000006c6e00000, 0x00000006c6e00000| Untracked 
| 111|0x00000006c6f00000, 0x00000006c6f00000, 0x00000006c7000000|  0%| F|  |TAMS 0x00000006c6f00000, 0x00000006c6f00000| Untracked 
| 112|0x00000006c7000000, 0x00000006c7000000, 0x00000006c7100000|  0%| F|  |TAMS 0x00000006c7000000, 0x00000006c7000000| Untracked 
| 113|0x00000006c7100000, 0x00000006c7100000, 0x00000006c7200000|  0%| F|  |TAMS 0x00000006c7100000, 0x00000006c7100000| Untracked 
| 114|0x00000006c7200000, 0x00000006c7200000, 0x00000006c7300000|  0%| F|  |TAMS 0x00000006c7200000, 0x00000006c7200000| Untracked 
| 115|0x00000006c7300000, 0x00000006c7300000, 0x00000006c7400000|  0%| F|  |TAMS 0x00000006c7300000, 0x00000006c7300000| Untracked 
| 116|0x00000006c7400000, 0x00000006c7400000, 0x00000006c7500000|  0%| F|  |TAMS 0x00000006c7400000, 0x00000006c7400000| Untracked 
| 117|0x00000006c7500000, 0x00000006c7500000, 0x00000006c7600000|  0%| F|  |TAMS 0x00000006c7500000, 0x00000006c7500000| Untracked 
| 118|0x00000006c7600000, 0x00000006c7600000, 0x00000006c7700000|  0%| F|  |TAMS 0x00000006c7600000, 0x00000006c7600000| Untracked 
| 119|0x00000006c7700000, 0x00000006c7700000, 0x00000006c7800000|  0%| F|  |TAMS 0x00000006c7700000, 0x00000006c7700000| Untracked 
| 120|0x00000006c7800000, 0x00000006c7800000, 0x00000006c7900000|  0%| F|  |TAMS 0x00000006c7800000, 0x00000006c7800000| Untracked 
| 121|0x00000006c7900000, 0x00000006c7900000, 0x00000006c7a00000|  0%| F|  |TAMS 0x00000006c7900000, 0x00000006c7900000| Untracked 
| 122|0x00000006c7a00000, 0x00000006c7a00000, 0x00000006c7b00000|  0%| F|  |TAMS 0x00000006c7a00000, 0x00000006c7a00000| Untracked 
| 123|0x00000006c7b00000, 0x00000006c7b00000, 0x00000006c7c00000|  0%| F|  |TAMS 0x00000006c7b00000, 0x00000006c7b00000| Untracked 
| 124|0x00000006c7c00000, 0x00000006c7c00000, 0x00000006c7d00000|  0%| F|  |TAMS 0x00000006c7c00000, 0x00000006c7c00000| Untracked 
| 125|0x00000006c7d00000, 0x00000006c7d00000, 0x00000006c7e00000|  0%| F|  |TAMS 0x00000006c7d00000, 0x00000006c7d00000| Untracked 
| 126|0x00000006c7e00000, 0x00000006c7e00000, 0x00000006c7f00000|  0%| F|  |TAMS 0x00000006c7e00000, 0x00000006c7e00000| Untracked 
| 127|0x00000006c7f00000, 0x00000006c7f00000, 0x00000006c8000000|  0%| F|  |TAMS 0x00000006c7f00000, 0x00000006c7f00000| Untracked 
| 128|0x00000006c8000000, 0x00000006c8000000, 0x00000006c8100000|  0%| F|  |TAMS 0x00000006c8000000, 0x00000006c8000000| Untracked 
| 129|0x00000006c8100000, 0x00000006c8100000, 0x00000006c8200000|  0%| F|  |TAMS 0x00000006c8100000, 0x00000006c8100000| Untracked 
| 130|0x00000006c8200000, 0x00000006c8200000, 0x00000006c8300000|  0%| F|  |TAMS 0x00000006c8200000, 0x00000006c8200000| Untracked 
| 131|0x00000006c8300000, 0x00000006c8300000, 0x00000006c8400000|  0%| F|  |TAMS 0x00000006c8300000, 0x00000006c8300000| Untracked 
| 132|0x00000006c8400000, 0x00000006c8400000, 0x00000006c8500000|  0%| F|  |TAMS 0x00000006c8400000, 0x00000006c8400000| Untracked 
| 133|0x00000006c8500000, 0x00000006c8500000, 0x00000006c8600000|  0%| F|  |TAMS 0x00000006c8500000, 0x00000006c8500000| Untracked 
| 134|0x00000006c8600000, 0x00000006c8600000, 0x00000006c8700000|  0%| F|  |TAMS 0x00000006c8600000, 0x00000006c8600000| Untracked 
| 135|0x00000006c8700000, 0x00000006c8700000, 0x00000006c8800000|  0%| F|  |TAMS 0x00000006c8700000, 0x00000006c8700000| Untracked 
| 136|0x00000006c8800000, 0x00000006c8800000, 0x00000006c8900000|  0%| F|  |TAMS 0x00000006c8800000, 0x00000006c8800000| Untracked 
| 137|0x00000006c8900000, 0x00000006c8900000, 0x00000006c8a00000|  0%| F|  |TAMS 0x00000006c8900000, 0x00000006c8900000| Untracked 
| 138|0x00000006c8a00000, 0x00000006c8a00000, 0x00000006c8b00000|  0%| F|  |TAMS 0x00000006c8a00000, 0x00000006c8a00000| Untracked 
| 139|0x00000006c8b00000, 0x00000006c8b00000, 0x00000006c8c00000|  0%| F|  |TAMS 0x00000006c8b00000, 0x00000006c8b00000| Untracked 
| 140|0x00000006c8c00000, 0x00000006c8c00000, 0x00000006c8d00000|  0%| F|  |TAMS 0x00000006c8c00000, 0x00000006c8c00000| Untracked 
| 141|0x00000006c8d00000, 0x00000006c8d00000, 0x00000006c8e00000|  0%| F|  |TAMS 0x00000006c8d00000, 0x00000006c8d00000| Untracked 
| 142|0x00000006c8e00000, 0x00000006c8e00000, 0x00000006c8f00000|  0%| F|  |TAMS 0x00000006c8e00000, 0x00000006c8e00000| Untracked 
| 143|0x00000006c8f00000, 0x00000006c8f00000, 0x00000006c9000000|  0%| F|  |TAMS 0x00000006c8f00000, 0x00000006c8f00000| Untracked 
| 144|0x00000006c9000000, 0x00000006c9000000, 0x00000006c9100000|  0%| F|  |TAMS 0x00000006c9000000, 0x00000006c9000000| Untracked 
| 145|0x00000006c9100000, 0x00000006c9100000, 0x00000006c9200000|  0%| F|  |TAMS 0x00000006c9100000, 0x00000006c9100000| Untracked 
| 146|0x00000006c9200000, 0x00000006c9200000, 0x00000006c9300000|  0%| F|  |TAMS 0x00000006c9200000, 0x00000006c9200000| Untracked 
| 147|0x00000006c9300000, 0x00000006c9300000, 0x00000006c9400000|  0%| F|  |TAMS 0x00000006c9300000, 0x00000006c9300000| Untracked 
| 148|0x00000006c9400000, 0x00000006c9400000, 0x00000006c9500000|  0%| F|  |TAMS 0x00000006c9400000, 0x00000006c9400000| Untracked 
| 149|0x00000006c9500000, 0x00000006c9500000, 0x00000006c9600000|  0%| F|  |TAMS 0x00000006c9500000, 0x00000006c9500000| Untracked 
| 150|0x00000006c9600000, 0x00000006c9600000, 0x00000006c9700000|  0%| F|  |TAMS 0x00000006c9600000, 0x00000006c9600000| Untracked 
| 151|0x00000006c9700000, 0x00000006c9700000, 0x00000006c9800000|  0%| F|  |TAMS 0x00000006c9700000, 0x00000006c9700000| Untracked 
| 152|0x00000006c9800000, 0x00000006c9800000, 0x00000006c9900000|  0%| F|  |TAMS 0x00000006c9800000, 0x00000006c9800000| Untracked 
| 153|0x00000006c9900000, 0x00000006c9900000, 0x00000006c9a00000|  0%| F|  |TAMS 0x00000006c9900000, 0x00000006c9900000| Untracked 
| 154|0x00000006c9a00000, 0x00000006c9a00000, 0x00000006c9b00000|  0%| F|  |TAMS 0x00000006c9a00000, 0x00000006c9a00000| Untracked 
| 155|0x00000006c9b00000, 0x00000006c9b00000, 0x00000006c9c00000|  0%| F|  |TAMS 0x00000006c9b00000, 0x00000006c9b00000| Untracked 
| 156|0x00000006c9c00000, 0x00000006c9c00000, 0x00000006c9d00000|  0%| F|  |TAMS 0x00000006c9c00000, 0x00000006c9c00000| Untracked 
| 157|0x00000006c9d00000, 0x00000006c9d00000, 0x00000006c9e00000|  0%| F|  |TAMS 0x00000006c9d00000, 0x00000006c9d00000| Untracked 
| 158|0x00000006c9e00000, 0x00000006c9e00000, 0x00000006c9f00000|  0%| F|  |TAMS 0x00000006c9e00000, 0x00000006c9e00000| Untracked 
| 159|0x00000006c9f00000, 0x00000006c9f00000, 0x00000006ca000000|  0%| F|  |TAMS 0x00000006c9f00000, 0x00000006c9f00000| Untracked 
| 160|0x00000006ca000000, 0x00000006ca000000, 0x00000006ca100000|  0%| F|  |TAMS 0x00000006ca000000, 0x00000006ca000000| Untracked 
| 161|0x00000006ca100000, 0x00000006ca100000, 0x00000006ca200000|  0%| F|  |TAMS 0x00000006ca100000, 0x00000006ca100000| Untracked 
| 162|0x00000006ca200000, 0x00000006ca200000, 0x00000006ca300000|  0%| F|  |TAMS 0x00000006ca200000, 0x00000006ca200000| Untracked 
| 163|0x00000006ca300000, 0x00000006ca300000, 0x00000006ca400000|  0%| F|  |TAMS 0x00000006ca300000, 0x00000006ca300000| Untracked 
| 164|0x00000006ca400000, 0x00000006ca400000, 0x00000006ca500000|  0%| F|  |TAMS 0x00000006ca400000, 0x00000006ca400000| Untracked 
| 165|0x00000006ca500000, 0x00000006ca500000, 0x00000006ca600000|  0%| F|  |TAMS 0x00000006ca500000, 0x00000006ca500000| Untracked 
| 166|0x00000006ca600000, 0x00000006ca600000, 0x00000006ca700000|  0%| F|  |TAMS 0x00000006ca600000, 0x00000006ca600000| Untracked 
| 167|0x00000006ca700000, 0x00000006ca700000, 0x00000006ca800000|  0%| F|  |TAMS 0x00000006ca700000, 0x00000006ca700000| Untracked 
| 168|0x00000006ca800000, 0x00000006ca800000, 0x00000006ca900000|  0%| F|  |TAMS 0x00000006ca800000, 0x00000006ca800000| Untracked 
| 169|0x00000006ca900000, 0x00000006ca900000, 0x00000006caa00000|  0%| F|  |TAMS 0x00000006ca900000, 0x00000006ca900000| Untracked 
| 170|0x00000006caa00000, 0x00000006caa00000, 0x00000006cab00000|  0%| F|  |TAMS 0x00000006caa00000, 0x00000006caa00000| Untracked 
| 171|0x00000006cab00000, 0x00000006cab00000, 0x00000006cac00000|  0%| F|  |TAMS 0x00000006cab00000, 0x00000006cab00000| Untracked 
| 172|0x00000006cac00000, 0x00000006cac00000, 0x00000006cad00000|  0%| F|  |TAMS 0x00000006cac00000, 0x00000006cac00000| Untracked 
| 173|0x00000006cad00000, 0x00000006cad00000, 0x00000006cae00000|  0%| F|  |TAMS 0x00000006cad00000, 0x00000006cad00000| Untracked 
| 174|0x00000006cae00000, 0x00000006cae00000, 0x00000006caf00000|  0%| F|  |TAMS 0x00000006cae00000, 0x00000006cae00000| Untracked 
| 175|0x00000006caf00000, 0x00000006caf00000, 0x00000006cb000000|  0%| F|  |TAMS 0x00000006caf00000, 0x00000006caf00000| Untracked 
| 176|0x00000006cb000000, 0x00000006cb000000, 0x00000006cb100000|  0%| F|  |TAMS 0x00000006cb000000, 0x00000006cb000000| Untracked 
| 177|0x00000006cb100000, 0x00000006cb100000, 0x00000006cb200000|  0%| F|  |TAMS 0x00000006cb100000, 0x00000006cb100000| Untracked 
| 178|0x00000006cb200000, 0x00000006cb200000, 0x00000006cb300000|  0%| F|  |TAMS 0x00000006cb200000, 0x00000006cb200000| Untracked 
| 179|0x00000006cb300000, 0x00000006cb300000, 0x00000006cb400000|  0%| F|  |TAMS 0x00000006cb300000, 0x00000006cb300000| Untracked 
| 180|0x00000006cb400000, 0x00000006cb400000, 0x00000006cb500000|  0%| F|  |TAMS 0x00000006cb400000, 0x00000006cb400000| Untracked 
| 181|0x00000006cb500000, 0x00000006cb500000, 0x00000006cb600000|  0%| F|  |TAMS 0x00000006cb500000, 0x00000006cb500000| Untracked 
| 182|0x00000006cb600000, 0x00000006cb600000, 0x00000006cb700000|  0%| F|  |TAMS 0x00000006cb600000, 0x00000006cb600000| Untracked 
| 183|0x00000006cb700000, 0x00000006cb700000, 0x00000006cb800000|  0%| F|  |TAMS 0x00000006cb700000, 0x00000006cb700000| Untracked 
| 184|0x00000006cb800000, 0x00000006cb800000, 0x00000006cb900000|  0%| F|  |TAMS 0x00000006cb800000, 0x00000006cb800000| Untracked 
| 185|0x00000006cb900000, 0x00000006cb900000, 0x00000006cba00000|  0%| F|  |TAMS 0x00000006cb900000, 0x00000006cb900000| Untracked 
| 186|0x00000006cba00000, 0x00000006cba00000, 0x00000006cbb00000|  0%| F|  |TAMS 0x00000006cba00000, 0x00000006cba00000| Untracked 
| 187|0x00000006cbb00000, 0x00000006cbb00000, 0x00000006cbc00000|  0%| F|  |TAMS 0x00000006cbb00000, 0x00000006cbb00000| Untracked 
| 188|0x00000006cbc00000, 0x00000006cbc00000, 0x00000006cbd00000|  0%| F|  |TAMS 0x00000006cbc00000, 0x00000006cbc00000| Untracked 
| 189|0x00000006cbd00000, 0x00000006cbd00000, 0x00000006cbe00000|  0%| F|  |TAMS 0x00000006cbd00000, 0x00000006cbd00000| Untracked 
| 190|0x00000006cbe00000, 0x00000006cbe00000, 0x00000006cbf00000|  0%| F|  |TAMS 0x00000006cbe00000, 0x00000006cbe00000| Untracked 
| 191|0x00000006cbf00000, 0x00000006cbf00000, 0x00000006cc000000|  0%| F|  |TAMS 0x00000006cbf00000, 0x00000006cbf00000| Untracked 
| 192|0x00000006cc000000, 0x00000006cc000000, 0x00000006cc100000|  0%| F|  |TAMS 0x00000006cc000000, 0x00000006cc000000| Untracked 
| 193|0x00000006cc100000, 0x00000006cc100000, 0x00000006cc200000|  0%| F|  |TAMS 0x00000006cc100000, 0x00000006cc100000| Untracked 
| 194|0x00000006cc200000, 0x00000006cc200000, 0x00000006cc300000|  0%| F|  |TAMS 0x00000006cc200000, 0x00000006cc200000| Untracked 
| 195|0x00000006cc300000, 0x00000006cc300000, 0x00000006cc400000|  0%| F|  |TAMS 0x00000006cc300000, 0x00000006cc300000| Untracked 
| 196|0x00000006cc400000, 0x00000006cc400000, 0x00000006cc500000|  0%| F|  |TAMS 0x00000006cc400000, 0x00000006cc400000| Untracked 
| 197|0x00000006cc500000, 0x00000006cc500000, 0x00000006cc600000|  0%| F|  |TAMS 0x00000006cc500000, 0x00000006cc500000| Untracked 
| 198|0x00000006cc600000, 0x00000006cc600000, 0x00000006cc700000|  0%| F|  |TAMS 0x00000006cc600000, 0x00000006cc600000| Untracked 
| 199|0x00000006cc700000, 0x00000006cc700000, 0x00000006cc800000|  0%| F|  |TAMS 0x00000006cc700000, 0x00000006cc700000| Untracked 
| 200|0x00000006cc800000, 0x00000006cc800000, 0x00000006cc900000|  0%| F|  |TAMS 0x00000006cc800000, 0x00000006cc800000| Untracked 
| 201|0x00000006cc900000, 0x00000006cc900000, 0x00000006cca00000|  0%| F|  |TAMS 0x00000006cc900000, 0x00000006cc900000| Untracked 
| 202|0x00000006cca00000, 0x00000006cca00000, 0x00000006ccb00000|  0%| F|  |TAMS 0x00000006cca00000, 0x00000006cca00000| Untracked 
| 203|0x00000006ccb00000, 0x00000006ccb00000, 0x00000006ccc00000|  0%| F|  |TAMS 0x00000006ccb00000, 0x00000006ccb00000| Untracked 
| 204|0x00000006ccc00000, 0x00000006ccc00000, 0x00000006ccd00000|  0%| F|  |TAMS 0x00000006ccc00000, 0x00000006ccc00000| Untracked 
| 205|0x00000006ccd00000, 0x00000006ccd00000, 0x00000006cce00000|  0%| F|  |TAMS 0x00000006ccd00000, 0x00000006ccd00000| Untracked 
| 206|0x00000006cce00000, 0x00000006cce00000, 0x00000006ccf00000|  0%| F|  |TAMS 0x00000006cce00000, 0x00000006cce00000| Untracked 
| 207|0x00000006ccf00000, 0x00000006ccf00000, 0x00000006cd000000|  0%| F|  |TAMS 0x00000006ccf00000, 0x00000006ccf00000| Untracked 
| 208|0x00000006cd000000, 0x00000006cd000000, 0x00000006cd100000|  0%| F|  |TAMS 0x00000006cd000000, 0x00000006cd000000| Untracked 
| 209|0x00000006cd100000, 0x00000006cd100000, 0x00000006cd200000|  0%| F|  |TAMS 0x00000006cd100000, 0x00000006cd100000| Untracked 
| 210|0x00000006cd200000, 0x00000006cd200000, 0x00000006cd300000|  0%| F|  |TAMS 0x00000006cd200000, 0x00000006cd200000| Untracked 
| 211|0x00000006cd300000, 0x00000006cd300000, 0x00000006cd400000|  0%| F|  |TAMS 0x00000006cd300000, 0x00000006cd300000| Untracked 
| 212|0x00000006cd400000, 0x00000006cd400000, 0x00000006cd500000|  0%| F|  |TAMS 0x00000006cd400000, 0x00000006cd400000| Untracked 
| 213|0x00000006cd500000, 0x00000006cd500000, 0x00000006cd600000|  0%| F|  |TAMS 0x00000006cd500000, 0x00000006cd500000| Untracked 
| 214|0x00000006cd600000, 0x00000006cd600000, 0x00000006cd700000|  0%| F|  |TAMS 0x00000006cd600000, 0x00000006cd600000| Untracked 
| 215|0x00000006cd700000, 0x00000006cd700000, 0x00000006cd800000|  0%| F|  |TAMS 0x00000006cd700000, 0x00000006cd700000| Untracked 
| 216|0x00000006cd800000, 0x00000006cd800000, 0x00000006cd900000|  0%| F|  |TAMS 0x00000006cd800000, 0x00000006cd800000| Untracked 
| 217|0x00000006cd900000, 0x00000006cd900000, 0x00000006cda00000|  0%| F|  |TAMS 0x00000006cd900000, 0x00000006cd900000| Untracked 
| 218|0x00000006cda00000, 0x00000006cda00000, 0x00000006cdb00000|  0%| F|  |TAMS 0x00000006cda00000, 0x00000006cda00000| Untracked 
| 219|0x00000006cdb00000, 0x00000006cdb00000, 0x00000006cdc00000|  0%| F|  |TAMS 0x00000006cdb00000, 0x00000006cdb00000| Untracked 
| 220|0x00000006cdc00000, 0x00000006cdc00000, 0x00000006cdd00000|  0%| F|  |TAMS 0x00000006cdc00000, 0x00000006cdc00000| Untracked 
| 221|0x00000006cdd00000, 0x00000006cdd00000, 0x00000006cde00000|  0%| F|  |TAMS 0x00000006cdd00000, 0x00000006cdd00000| Untracked 
| 222|0x00000006cde00000, 0x00000006cde00000, 0x00000006cdf00000|  0%| F|  |TAMS 0x00000006cde00000, 0x00000006cde00000| Untracked 
| 223|0x00000006cdf00000, 0x00000006cdf00000, 0x00000006ce000000|  0%| F|  |TAMS 0x00000006cdf00000, 0x00000006cdf00000| Untracked 
| 224|0x00000006ce000000, 0x00000006ce000000, 0x00000006ce100000|  0%| F|  |TAMS 0x00000006ce000000, 0x00000006ce000000| Untracked 
| 225|0x00000006ce100000, 0x00000006ce100000, 0x00000006ce200000|  0%| F|  |TAMS 0x00000006ce100000, 0x00000006ce100000| Untracked 
| 226|0x00000006ce200000, 0x00000006ce200000, 0x00000006ce300000|  0%| F|  |TAMS 0x00000006ce200000, 0x00000006ce200000| Untracked 
| 227|0x00000006ce300000, 0x00000006ce300000, 0x00000006ce400000|  0%| F|  |TAMS 0x00000006ce300000, 0x00000006ce300000| Untracked 
| 228|0x00000006ce400000, 0x00000006ce400000, 0x00000006ce500000|  0%| F|  |TAMS 0x00000006ce400000, 0x00000006ce400000| Untracked 
| 229|0x00000006ce500000, 0x00000006ce500000, 0x00000006ce600000|  0%| F|  |TAMS 0x00000006ce500000, 0x00000006ce500000| Untracked 
| 230|0x00000006ce600000, 0x00000006ce600000, 0x00000006ce700000|  0%| F|  |TAMS 0x00000006ce600000, 0x00000006ce600000| Untracked 
| 231|0x00000006ce700000, 0x00000006ce700000, 0x00000006ce800000|  0%| F|  |TAMS 0x00000006ce700000, 0x00000006ce700000| Untracked 
| 232|0x00000006ce800000, 0x00000006ce800000, 0x00000006ce900000|  0%| F|  |TAMS 0x00000006ce800000, 0x00000006ce800000| Untracked 
| 233|0x00000006ce900000, 0x00000006ce900000, 0x00000006cea00000|  0%| F|  |TAMS 0x00000006ce900000, 0x00000006ce900000| Untracked 
| 234|0x00000006cea00000, 0x00000006cea00000, 0x00000006ceb00000|  0%| F|  |TAMS 0x00000006cea00000, 0x00000006cea00000| Untracked 
| 235|0x00000006ceb00000, 0x00000006ceb00000, 0x00000006cec00000|  0%| F|  |TAMS 0x00000006ceb00000, 0x00000006ceb00000| Untracked 
| 236|0x00000006cec00000, 0x00000006cec00000, 0x00000006ced00000|  0%| F|  |TAMS 0x00000006cec00000, 0x00000006cec00000| Untracked 
| 237|0x00000006ced00000, 0x00000006ced00000, 0x00000006cee00000|  0%| F|  |TAMS 0x00000006ced00000, 0x00000006ced00000| Untracked 
| 238|0x00000006cee00000, 0x00000006cee00000, 0x00000006cef00000|  0%| F|  |TAMS 0x00000006cee00000, 0x00000006cee00000| Untracked 
| 239|0x00000006cef00000, 0x00000006cef00000, 0x00000006cf000000|  0%| F|  |TAMS 0x00000006cef00000, 0x00000006cef00000| Untracked 
| 240|0x00000006cf000000, 0x00000006cf000000, 0x00000006cf100000|  0%| F|  |TAMS 0x00000006cf000000, 0x00000006cf000000| Untracked 
| 241|0x00000006cf100000, 0x00000006cf100000, 0x00000006cf200000|  0%| F|  |TAMS 0x00000006cf100000, 0x00000006cf100000| Untracked 
| 242|0x00000006cf200000, 0x00000006cf2b8380, 0x00000006cf300000| 71%| S|CS|TAMS 0x00000006cf200000, 0x00000006cf200000| Complete 
| 243|0x00000006cf300000, 0x00000006cf400000, 0x00000006cf400000|100%| S|CS|TAMS 0x00000006cf300000, 0x00000006cf300000| Complete 
| 244|0x00000006cf400000, 0x00000006cf400000, 0x00000006cf500000|  0%| F|  |TAMS 0x00000006cf400000, 0x00000006cf400000| Untracked 
| 245|0x00000006cf500000, 0x00000006cf500000, 0x00000006cf600000|  0%| F|  |TAMS 0x00000006cf500000, 0x00000006cf500000| Untracked 
| 246|0x00000006cf600000, 0x00000006cf600000, 0x00000006cf700000|  0%| F|  |TAMS 0x00000006cf600000, 0x00000006cf600000| Untracked 
| 247|0x00000006cf700000, 0x00000006cf700000, 0x00000006cf800000|  0%| F|  |TAMS 0x00000006cf700000, 0x00000006cf700000| Untracked 
| 248|0x00000006cf800000, 0x00000006cf800000, 0x00000006cf900000|  0%| F|  |TAMS 0x00000006cf800000, 0x00000006cf800000| Untracked 
| 249|0x00000006cf900000, 0x00000006cf900000, 0x00000006cfa00000|  0%| F|  |TAMS 0x00000006cf900000, 0x00000006cf900000| Untracked 
| 250|0x00000006cfa00000, 0x00000006cfa00000, 0x00000006cfb00000|  0%| F|  |TAMS 0x00000006cfa00000, 0x00000006cfa00000| Untracked 
| 251|0x00000006cfb00000, 0x00000006cfb00000, 0x00000006cfc00000|  0%| F|  |TAMS 0x00000006cfb00000, 0x00000006cfb00000| Untracked 
| 252|0x00000006cfc00000, 0x00000006cfc00000, 0x00000006cfd00000|  0%| F|  |TAMS 0x00000006cfc00000, 0x00000006cfc00000| Untracked 
| 253|0x00000006cfd00000, 0x00000006cfdbf398, 0x00000006cfe00000| 74%| E|  |TAMS 0x00000006cfd00000, 0x00000006cfd00000| Complete 
| 254|0x00000006cfe00000, 0x00000006cff00000, 0x00000006cff00000|100%| E|CS|TAMS 0x00000006cfe00000, 0x00000006cfe00000| Complete 
| 255|0x00000006cff00000, 0x00000006d0000000, 0x00000006d0000000|100%| E|CS|TAMS 0x00000006cff00000, 0x00000006cff00000| Complete 

Card table byte_map: [0x000000011b9a0000,0x000000011c1a0000] _byte_map_base: 0x00000001183a0000

Marking Bits (Prev, Next): (CMBitMap*) 0x000000013b84f050, (CMBitMap*) 0x000000013b84f018
 Prev Bits: [0x00000001209a0000, 0x00000001249a0000)
 Next Bits: [0x000000011c9a0000, 0x00000001209a0000)

Polling page: 0x00000001021ac000

Metaspace:

Usage:
  Non-class:     20.34 MB capacity,    19.91 MB ( 98%) used,   342.23 KB (  2%) free+waste,    98.44 KB ( <1%) overhead. 
      Class:      3.49 MB capacity,     3.08 MB ( 88%) used,   359.77 KB ( 10%) free+waste,    53.00 KB (  1%) overhead. 
       Both:     23.83 MB capacity,    23.00 MB ( 97%) used,   702.00 KB (  3%) free+waste,   151.44 KB ( <1%) overhead. 

Virtual space:
  Non-class space:       22.00 MB reserved,      20.42 MB ( 93%) committed 
      Class space:        1.00 GB reserved,       3.56 MB ( <1%) committed 
             Both:        1.02 GB reserved,      23.98 MB (  2%) committed 

Chunk freelists:
   Non-Class:  48.00 KB
       Class:  0 bytes
        Both:  48.00 KB

MaxMetaspaceSize: unlimited
CompressedClassSpaceSize: 1.00 GB
Initial GC threshold: 20.80 MB
Current GC threshold: 35.19 MB
CDS: off

CodeHeap 'non-profiled nmethods': size=120032Kb used=1160Kb max_used=1160Kb free=118871Kb
 bounds [0x0000000114468000, 0x00000001146d8000, 0x000000011b9a0000]
CodeHeap 'profiled nmethods': size=120016Kb used=5344Kb max_used=5344Kb free=114671Kb
 bounds [0x000000010cf34000, 0x000000010d474000, 0x0000000114468000]
CodeHeap 'non-nmethods': size=5712Kb used=1415Kb max_used=1460Kb free=4296Kb
 bounds [0x000000010c9a0000, 0x000000010cc10000, 0x000000010cf34000]
 total_blobs=3375 nmethods=2584 adapters=707
 compilation: enabled
              stopped_count=0, restarted_count=0
 full_count=0

Compilation events (20 events):
Event: 26.388 Thread 0x000000013b92a800 2591       3       javafx.scene.shape.Shape::computeShapeContains (159 bytes)
Event: 26.389 Thread 0x000000013b92a800 nmethod 2591 0x000000010d45e110 code [0x000000010d45e580, 0x000000010d4601f0]
Event: 26.496 Thread 0x000000013b92a800 2592       3       com.sun.javafx.application.PlatformImpl::isSupportedImpl (438 bytes)
Event: 26.500 Thread 0x000000013b92a800 nmethod 2592 0x000000010d460b10 code [0x000000010d4614c0, 0x000000010d464b60]
Event: 26.501 Thread 0x000000013b92a800 2593       3       com.sun.javafx.tk.quantum.QuantumToolkit::isSupported (142 bytes)
Event: 26.502 Thread 0x000000013b92a800 nmethod 2593 0x000000010d465e10 code [0x000000010d4661c0, 0x000000010d4676a0]
Event: 26.549 Thread 0x000000013b92a800 2594       3       javafx.scene.input.MouseEvent::<init> (45 bytes)
Event: 26.550 Thread 0x000000013b92a800 nmethod 2594 0x000000010d467c90 code [0x000000010d467e40, 0x000000010d4680c0]
Event: 26.550 Thread 0x000000013b92a800 2595       3       javafx.scene.input.MouseEvent::<init> (208 bytes)
Event: 26.550 Thread 0x000000013b92a800 nmethod 2595 0x000000010d468210 code [0x000000010d468440, 0x000000010d468be0]
Event: 26.575 Thread 0x000000013b92a800 2598       3       com.sun.javafx.tk.quantum.QuantumToolkit::getMultiClickMaxX (4 bytes)
Event: 26.575 Thread 0x000000013b92a800 nmethod 2598 0x000000010d468f90 code [0x000000010d469180, 0x000000010d469530]
Event: 26.575 Thread 0x000000013b92a800 2599       3       com.sun.glass.ui.View::getMultiClickMaxX (10 bytes)
Event: 26.576 Thread 0x000000013b92a800 nmethod 2599 0x000000010d469690 code [0x000000010d4698c0, 0x000000010d469de0]
Event: 26.576 Thread 0x000000013b92a800 2600       3       com.sun.glass.ui.mac.MacApplication::staticView_getMultiClickMaxX (4 bytes)
Event: 26.576 Thread 0x000000013b92a800 nmethod 2600 0x000000010d46a010 code [0x000000010d46a1c0, 0x000000010d46a3d0]
Event: 26.576 Thread 0x000000013b92a800 2596   !   3       com.sun.javafx.tk.quantum.QuantumToolkit::runWithoutRenderLock (49 bytes)
Event: 26.577 Thread 0x000000013b92a800 nmethod 2596 0x000000010d46a490 code [0x000000010d46a800, 0x000000010d46b830]
Event: 26.577 Thread 0x000000013b92a800 2597       3       java.util.concurrent.locks.ReentrantLock::isHeldByCurrentThread (8 bytes)
Event: 26.577 Thread 0x000000013b92a800 nmethod 2597 0x000000010d46bd10 code [0x000000010d46bec0, 0x000000010d46c150]

GC Heap History (6 events):
Event: 0.653 GC heap before
{Heap before GC invocations=0 (full 0):
 garbage-first heap   total 262144K, used 23552K [0x00000006c0000000, 0x00000007c0000000)
  region size 1024K, 24 young (24576K), 0 survivors (0K)
 Metaspace       used 19128K, capacity 19759K, committed 19968K, reserved 1067008K
  class space    used 2487K, capacity 2780K, committed 2816K, reserved 1048576K
}
Event: 0.657 GC heap after
{Heap after GC invocations=1 (full 0):
 garbage-first heap   total 262144K, used 8848K [0x00000006c0000000, 0x00000007c0000000)
  region size 1024K, 3 young (3072K), 3 survivors (3072K)
 Metaspace       used 19128K, capacity 19759K, committed 19968K, reserved 1067008K
  class space    used 2487K, capacity 2780K, committed 2816K, reserved 1048576K
}
Event: 0.693 GC heap before
{Heap before GC invocations=1 (full 0):
 garbage-first heap   total 262144K, used 11920K [0x00000006c0000000, 0x00000007c0000000)
  region size 1024K, 7 young (7168K), 3 survivors (3072K)
 Metaspace       used 20544K, capacity 21281K, committed 21296K, reserved 1067008K
  class space    used 2831K, capacity 3188K, committed 3200K, reserved 1048576K
}
Event: 0.695 GC heap after
{Heap after GC invocations=2 (full 0):
 garbage-first heap   total 262144K, used 9287K [0x00000006c0000000, 0x00000007c0000000)
  region size 1024K, 4 young (4096K), 4 survivors (4096K)
 Metaspace       used 20544K, capacity 21281K, committed 21296K, reserved 1067008K
  class space    used 2831K, capacity 3188K, committed 3200K, reserved 1048576K
}
Event: 9.866 GC heap before
{Heap before GC invocations=3 (full 0):
 garbage-first heap   total 262144K, used 19527K [0x00000006c0000000, 0x00000007c0000000)
  region size 1024K, 12 young (12288K), 4 survivors (4096K)
 Metaspace       used 23388K, capacity 24250K, committed 24560K, reserved 1071104K
  class space    used 3145K, capacity 3561K, committed 3648K, reserved 1048576K
}
Event: 9.876 GC heap after
{Heap after GC invocations=4 (full 0):
 garbage-first heap   total 262144K, used 12627K [0x00000006c0000000, 0x00000007c0000000)
  region size 1024K, 2 young (2048K), 2 survivors (2048K)
 Metaspace       used 23388K, capacity 24250K, committed 24560K, reserved 1071104K
  class space    used 3145K, capacity 3561K, committed 3648K, reserved 1048576K
}

Deoptimization events (20 events):
Event: 0.769 Thread 0x000000013b9cc000 Uncommon trap: trap_request=0xffffff4d fr.pc=0x00000001144f8458 relative=0x0000000000000118
Event: 0.769 Thread 0x000000013b9cc000 Uncommon trap: reason=unstable_if action=reinterpret pc=0x00000001144f8458 method=java.util.Arrays.equals([Ljava/lang/Object;[Ljava/lang/Object;)Z @ 23 c2
Event: 0.769 Thread 0x000000013b9cc000 DEOPT PACKING pc=0x00000001144f8458 sp=0x0000000170450ad0
Event: 0.769 Thread 0x000000013b9cc000 DEOPT UNPACKING pc=0x000000010c9d4d9c sp=0x0000000170450a70 mode 2
Event: 0.777 Thread 0x000000013b9cc000 DEOPT PACKING pc=0x000000010d2755b4 sp=0x0000000170451470
Event: 0.777 Thread 0x000000013b9cc000 DEOPT UNPACKING pc=0x000000010c9d527c sp=0x00000001704511c0 mode 0
Event: 4.087 Thread 0x000000013b9cc000 DEOPT PACKING pc=0x000000010d2d7edc sp=0x00000001704517d0
Event: 4.087 Thread 0x000000013b9cc000 DEOPT UNPACKING pc=0x000000010c9d527c sp=0x00000001704514f0 mode 0
Event: 6.375 Thread 0x000000013b9cc000 DEOPT PACKING pc=0x000000010d3247a0 sp=0x00000001704516b0
Event: 6.375 Thread 0x000000013b9cc000 DEOPT UNPACKING pc=0x000000010c9d527c sp=0x0000000170451390 mode 0
Event: 7.033 Thread 0x000000013b9cc000 Uncommon trap: trap_request=0xffffff4d fr.pc=0x000000011455d244 relative=0x00000000000014c4
Event: 7.033 Thread 0x000000013b9cc000 Uncommon trap: reason=unstable_if action=reinterpret pc=0x000000011455d244 method=com.sun.marlin.Renderer._endRendering(IILcom/sun/marlin/MarlinAlphaConsumer;)V @ 1926 c2
Event: 7.033 Thread 0x000000013b9cc000 DEOPT PACKING pc=0x000000011455d244 sp=0x0000000170450800
Event: 7.033 Thread 0x000000013b9cc000 DEOPT UNPACKING pc=0x000000010c9d4d9c sp=0x0000000170450620 mode 2
Event: 7.039 Thread 0x000000013b9cc000 Uncommon trap: trap_request=0xffffff4d fr.pc=0x0000000114555594 relative=0x0000000000001a54
Event: 7.039 Thread 0x000000013b9cc000 Uncommon trap: reason=unstable_if action=reinterpret pc=0x0000000114555594 method=com.sun.marlin.Renderer._endRendering(IILcom/sun/marlin/MarlinAlphaConsumer;)V @ 1926 c2
Event: 7.039 Thread 0x000000013b9cc000 DEOPT PACKING pc=0x0000000114555594 sp=0x0000000170450950
Event: 7.039 Thread 0x000000013b9cc000 DEOPT UNPACKING pc=0x000000010c9d4d9c sp=0x00000001704507d0 mode 2
Event: 7.527 Thread 0x000000013b9cc000 DEOPT PACKING pc=0x000000010d3f8720 sp=0x0000000170451630
Event: 7.527 Thread 0x000000013b9cc000 DEOPT UNPACKING pc=0x000000010c9d527c sp=0x0000000170451310 mode 0

Classes redefined (0 events):
No events

Internal exceptions (20 events):
Event: 0.402 Thread 0x000000013e01b800 Exception <a 'java/lang/NoSuchMethodError'{0x00000006cf097310}: 'java.lang.Object java.lang.invoke.Invokers$Holder.linkToTargetMethod(java.lang.Object, int, java.lang.Object, java.lang.Object)'> (0x00000006cf097310) thrown at [src/hotspot/share/interpreter/linkResolver.cpp, line 773]
Event: 0.430 Thread 0x000000013e01b800 Exception <a 'java/lang/NoSuchMethodError'{0x00000006ced7c240}: 'void java.lang.invoke.DirectMethodHandle$Holder.invokeStaticInit(java.lang.Object, java.lang.Object)'> (0x00000006ced7c240) thrown at [src/hotspot/share/interpreter/linkResolver.cpp, line 773]
Event: 0.433 Thread 0x000000013e01b800 Exception <a 'java/lang/NoSuchMethodError'{0x00000006ced94d68}: 'void java.lang.invoke.DirectMethodHandle$Holder.invokeSpecial(java.lang.Object, java.lang.Object, java.lang.Object, java.lang.Object)'> (0x00000006ced94d68) thrown at [src/hotspot/share/interpreter/linkResolver.cpp, line 773]
Event: 0.433 Thread 0x000000013e01b800 Exception <a 'java/lang/NoSuchMethodError'{0x00000006ced9d2a8}: 'void java.lang.invoke.DirectMethodHandle$Holder.invokeSpecial(java.lang.Object, java.lang.Object, java.lang.Object, java.lang.Object, java.lang.Object)'> (0x00000006ced9d2a8) thrown at [src/hotspot/share/interpreter/linkResolver.cpp, line 773]
Event: 0.455 Thread 0x000000013e01b800 Exception <a 'java/lang/NoSuchMethodError'{0x00000006ceb10d18}: 'java.lang.Object java.lang.invoke.DirectMethodHandle$Holder.invokeStatic(java.lang.Object, java.lang.Object, java.lang.Object, java.lang.Object, java.lang.Object, java.lang.Object, java.lang.Object, java.lang.Object, java.lang.Object, java.lang.Object, java.lang.Object, java.lang.Object, java.lang.Object, int)'> (0x00000006ceb10d18) thrown at [src/hotspot/share/interpreter/linkResolver.cpp, line 773]
Event: 0.455 Thread 0x000000013e01b800 Exception <a 'java/lang/NoSuchMethodError'{0x00000006ceb1cf10}: 'java.lang.Object java.lang.invoke.DirectMethodHandle$Holder.invokeStatic(java.lang.Object, java.lang.Object, java.lang.Object, java.lang.Object, java.lang.Object, java.lang.Object, java.lang.Object, java.lang.Object, java.lang.Object, java.lang.Object, java.lang.Object, java.lang.Object, java.lang.Object, int, int)'> (0x00000006ceb1cf10) thrown at [src/hotspot/share/interpreter/linkResolver.cpp, line 773]
Event: 0.455 Thread 0x000000013e01b800 Exception <a 'java/lang/NoSuchMethodError'{0x00000006ceb294e8}: 'java.lang.Object java.lang.invoke.DirectMethodHandle$Holder.invokeStatic(java.lang.Object, java.lang.Object, java.lang.Object, java.lang.Object, java.lang.Object, java.lang.Object, java.lang.Object, java.lang.Object, java.lang.Object, java.lang.Object, java.lang.Object, java.lang.Object, java.lang.Object, int, int, java.lang.Object)'> (0x00000006ceb294e8) thrown at [src/hotspot/share/interpreter/linkResolver.cpp, line 773]
Event: 0.516 Thread 0x000000013e01b800 Exception <a 'java/lang/ClassNotFoundException'{0x00000006ce9309f0}: com/sun/javafx/scene/control/skin/resources/controls> (0x00000006ce9309f0) thrown at [src/hotspot/share/prims/jni.cpp, line 636]
Event: 0.517 Thread 0x000000013e01b800 Exception <a 'java/lang/ClassNotFoundException'{0x00000006ce93e548}: com/sun/javafx/scene/control/skin/resources/controls_en> (0x00000006ce93e548) thrown at [src/hotspot/share/prims/jni.cpp, line 636]
Event: 0.517 Thread 0x000000013e01b800 Exception <a 'java/lang/ClassNotFoundException'{0x00000006ce93f7d8}: com/sun/javafx/scene/control/skin/resources/controls_en_SG> (0x00000006ce93f7d8) thrown at [src/hotspot/share/prims/jni.cpp, line 636]
Event: 0.662 Thread 0x000000013e01b800 Exception <a 'java/lang/NoSuchMethodError'{0x00000006cff90820}: 'java.lang.Object java.lang.invoke.Invokers$Holder.linkToTargetMethod(java.lang.Object, int, java.lang.Object)'> (0x00000006cff90820) thrown at [src/hotspot/share/interpreter/linkResolver.cpp, line 773]
Event: 0.672 Thread 0x000000013e01b800 Exception <a 'java/lang/NoSuchMethodError'{0x00000006cfe22460}: 'java.lang.Object java.lang.invoke.DirectMethodHandle$Holder.invokeInterface(java.lang.Object, java.lang.Object, java.lang.Object)'> (0x00000006cfe22460) thrown at [src/hotspot/share/interpreter/linkResolver.cpp, line 773]
Event: 0.672 Thread 0x000000013e01b800 Exception <a 'java/lang/IncompatibleClassChangeError'{0x00000006cfe256b8}: Found class java.lang.Object, but interface was expected> (0x00000006cfe256b8) thrown at [src/hotspot/share/interpreter/linkResolver.cpp, line 839]
Event: 0.746 Thread 0x000000013b9cc000 Exception <a 'java/lang/NoSuchMethodError'{0x00000006cfebb000}: 'int java.lang.invoke.DirectMethodHandle$Holder.invokeStaticInit(java.lang.Object, java.lang.Object)'> (0x00000006cfebb000) thrown at [src/hotspot/share/interpreter/linkResolver.cpp, line 773]
Event: 0.752 Thread 0x000000013e01b800 Exception <a 'java/lang/NoSuchMethodError'{0x00000006cfee7bb0}: 'long java.lang.invoke.DirectMethodHandle$Holder.invokeStaticInit(java.lang.Object, java.lang.Object, java.lang.Object)'> (0x00000006cfee7bb0) thrown at [src/hotspot/share/interpreter/linkResolver.cpp, line 773]
Event: 0.753 Thread 0x000000013e01b800 Exception <a 'java/lang/NoSuchMethodError'{0x00000006cfd32d58}: 'java.lang.Object java.lang.invoke.DirectMethodHandle$Holder.invokeStatic(java.lang.Object, java.lang.Object, long)'> (0x00000006cfd32d58) thrown at [src/hotspot/share/interpreter/linkResolver.cpp, line 773]
Event: 0.753 Thread 0x000000013e01b800 Exception <a 'java/lang/NoSuchMethodError'{0x00000006cfd38ed0}: 'java.lang.Object java.lang.invoke.Invokers$Holder.linkToTargetMethod(java.lang.Object, long, java.lang.Object)'> (0x00000006cfd38ed0) thrown at [src/hotspot/share/interpreter/linkResolver.cpp, line 773]
Event: 4.607 Thread 0x000000013e01b800 Exception <a 'java/lang/NoSuchMethodError'{0x00000006cf61c610}: 'java.lang.Object java.lang.invoke.DirectMethodHandle$Holder.invokeStatic(java.lang.Object, java.lang.Object, java.lang.Object, java.lang.Object, java.lang.Object, java.lang.Object, int)'> (0x00000006cf61c610) thrown at [src/hotspot/share/interpreter/linkResolver.cpp, line 773]
Event: 7.032 Thread 0x000000013b9cc000 Exception <a 'java/lang/NoSuchMethodError'{0x00000006cfce31b0}: 'java.lang.Object java.lang.invoke.DirectMethodHandle$Holder.invokeStaticInit(java.lang.Object, int)'> (0x00000006cfce31b0) thrown at [src/hotspot/share/interpreter/linkResolver.cpp, line 773]
Event: 10.031 Thread 0x000000013e01b800 Exception <a 'java/lang/NoSuchMethodError'{0x00000006cfe88988}: 'java.lang.Object java.lang.invoke.DirectMethodHandle$Holder.invokeStatic(java.lang.Object, java.lang.Object, int, java.lang.Object, double, double, double, double, double, double, int, int, int, int, int, int, int, int)'> (0x00000006cfe88988) thrown at [src/hotspot/share/interpreter/linkResolver.cpp, line 773]

Events (20 events):
Event: 10.031 loading class com/sun/glass/ui/TouchInputSupport
Event: 10.031 loading class com/sun/glass/ui/TouchInputSupport done
Event: 10.031 loading class com/sun/glass/ui/TouchInputSupport
Event: 10.031 loading class com/sun/glass/ui/TouchInputSupport done
Event: 10.031 loading class com/sun/glass/ui/GestureSupport
Event: 10.031 loading class com/sun/glass/ui/GestureSupport done
Event: 10.031 loading class com/sun/glass/ui/View
Event: 10.031 loading class com/sun/glass/ui/View done
Event: 10.031 loading class com/sun/javafx/tk/quantum/GlassViewEventHandler
Event: 10.031 loading class com/sun/javafx/tk/quantum/GlassViewEventHandler done
Event: 10.031 loading class com/sun/glass/ui/View
Event: 10.031 loading class com/sun/glass/ui/View done
Event: 10.031 loading class com/sun/javafx/tk/quantum/GlassViewEventHandler
Event: 10.031 loading class com/sun/javafx/tk/quantum/GlassViewEventHandler done
Event: 12.523 Executing VM operation: RevokeBias
Event: 12.524 Executing VM operation: RevokeBias done
Event: 12.524 Protecting memory [0x00000001706f4000,0x0000000170700000] with protection modes 3
Event: 12.524 Thread 0x000000013ba38800 Thread exited: 0x000000013ba38800
Event: 25.764 Protecting memory [0x00000001706f4000,0x0000000170700000] with protection modes 0
Event: 25.764 Thread 0x000000013e095000 Thread added: 0x000000013e095000


Dynamic libraries:
0x0000000102158000 	/Library/Java/JavaVirtualMachines/zulu-11.jdk/Contents/Home/lib/jli/libjli.dylib
0x00000001b3a66000 	/System/Library/Frameworks/Cocoa.framework/Versions/A/Cocoa
0x000000019ffdf000 	/System/Library/Frameworks/AppKit.framework/Versions/C/AppKit
0x00000001a3515000 	/System/Library/Frameworks/CoreData.framework/Versions/A/CoreData
0x000000019e33c000 	/System/Library/Frameworks/Foundation.framework/Versions/C/Foundation
0x00000001a7e61000 	/usr/lib/libSystem.B.dylib
0x00000001a0e96000 	/System/Library/PrivateFrameworks/UIFoundation.framework/Versions/A/UIFoundation
0x00000001add5f000 	/System/Library/PrivateFrameworks/RemoteViewServices.framework/Versions/A/RemoteViewServices
0x00000001a6378000 	/System/Library/PrivateFrameworks/XCTTargetBootstrap.framework/Versions/A/XCTTargetBootstrap
0x00000001a9b62000 	/System/Library/PrivateFrameworks/InternationalSupport.framework/Versions/A/InternationalSupport
0x00000001a9beb000 	/System/Library/PrivateFrameworks/UserActivity.framework/Versions/A/UserActivity
0x00000001a9090000 	/usr/lib/libspindump.dylib
0x00000001a1106000 	/System/Library/Frameworks/UniformTypeIdentifiers.framework/Versions/A/UniformTypeIdentifiers
0x00000001a4905000 	/usr/lib/libapp_launch_measurement.dylib
0x00000001a3e7d000 	/System/Library/PrivateFrameworks/CoreAnalytics.framework/Versions/A/CoreAnalytics
0x00000001a4908000 	/System/Library/PrivateFrameworks/CoreAutoLayout.framework/Versions/A/CoreAutoLayout
0x00000001a5c7b000 	/System/Library/Frameworks/Metal.framework/Versions/A/Metal
0x00000001a69ca000 	/usr/lib/liblangid.dylib
0x00000001a637c000 	/System/Library/PrivateFrameworks/CoreSVG.framework/Versions/A/CoreSVG
0x00000001a25cd000 	/System/Library/PrivateFrameworks/SkyLight.framework/Versions/A/SkyLight
0x00000001a299a000 	/System/Library/Frameworks/CoreGraphics.framework/Versions/A/CoreGraphics
0x00000001ae3dd000 	/System/Library/Frameworks/Accelerate.framework/Versions/A/Accelerate
0x00000001a8b04000 	/System/Library/PrivateFrameworks/IconServices.framework/Versions/A/IconServices
0x00000001a5c5d000 	/System/Library/Frameworks/IOSurface.framework/Versions/A/IOSurface
0x00000001a3ead000 	/usr/lib/libDiagnosticMessagesClient.dylib
0x00000001a7db1000 	/usr/lib/libz.1.dylib
0x00000001b1826000 	/System/Library/Frameworks/ApplicationServices.framework/Versions/A/ApplicationServices
0x00000001a6360000 	/System/Library/PrivateFrameworks/DFRFoundation.framework/Versions/A/DFRFoundation
0x000000019f880000 	/usr/lib/libicucore.A.dylib
0x00000001aa963000 	/System/Library/Frameworks/AudioToolbox.framework/Versions/A/AudioToolbox
0x00000001a9b6e000 	/System/Library/PrivateFrameworks/DataDetectorsCore.framework/Versions/A/DataDetectorsCore
0x00000001bfcbc000 	/System/Library/PrivateFrameworks/TextInput.framework/Versions/A/TextInput
0x00000001a2544000 	/usr/lib/libMobileGestalt.dylib
0x00000001a6030000 	/System/Library/Frameworks/Carbon.framework/Versions/A/Frameworks/HIToolbox.framework/Versions/A/HIToolbox
0x00000001a430e000 	/System/Library/Frameworks/QuartzCore.framework/Versions/A/QuartzCore
0x000000019f4fd000 	/System/Library/Frameworks/Security.framework/Versions/A/Security
0x00000001add9f000 	/System/Library/Frameworks/Carbon.framework/Versions/A/Frameworks/SpeechRecognition.framework/Versions/A/SpeechRecognition
0x00000001a465c000 	/System/Library/PrivateFrameworks/CoreUI.framework/Versions/A/CoreUI
0x000000019edce000 	/System/Library/Frameworks/CoreAudio.framework/Versions/A/CoreAudio
0x00000001a3fa1000 	/System/Library/Frameworks/DiskArbitration.framework/Versions/A/DiskArbitration
0x00000001a9475000 	/System/Library/PrivateFrameworks/MultitouchSupport.framework/Versions/A/MultitouchSupport
0x00000001a2542000 	/usr/lib/libenergytrace.dylib
0x000000019fea9000 	/System/Library/Frameworks/IOKit.framework/Versions/A/IOKit
0x00000001ae188000 	/System/Library/Frameworks/CoreServices.framework/Versions/A/CoreServices
0x00000001a4895000 	/System/Library/PrivateFrameworks/PerformanceAnalysis.framework/Versions/A/PerformanceAnalysis
0x00000001fe869000 	/System/Library/Frameworks/OpenGL.framework/Versions/A/OpenGL
0x00000001a741b000 	/System/Library/PrivateFrameworks/MobileKeyBag.framework/Versions/A/MobileKeyBag
0x000000019d286000 	/usr/lib/libobjc.A.dylib
0x00000001a2faa000 	/System/Library/Frameworks/ColorSync.framework/Versions/A/ColorSync
0x000000019d448000 	/System/Library/Frameworks/CoreFoundation.framework/Versions/A/CoreFoundation
0x00000001a65fd000 	/System/Library/Frameworks/CoreImage.framework/Versions/A/CoreImage
0x000000019ebf1000 	/System/Library/Frameworks/CoreText.framework/Versions/A/CoreText
0x00000001a63ac000 	/System/Library/Frameworks/ImageIO.framework/Versions/A/ImageIO
0x00000001a7e67000 	/System/Library/PrivateFrameworks/SoftLinking.framework/Versions/A/SoftLinking
0x00000001a4952000 	/usr/lib/libxml2.2.dylib
0x000000019d346000 	/usr/lib/libc++.1.dylib
0x00000001a8100000 	/usr/lib/libcompression.dylib
0x00000001a9abb000 	/System/Library/PrivateFrameworks/TextureIO.framework/Versions/A/TextureIO
0x00000001a881e000 	/usr/lib/libate.dylib
0x00000001a7e5b000 	/usr/lib/system/libcache.dylib
0x00000001a7e19000 	/usr/lib/system/libcommonCrypto.dylib
0x00000001a7e42000 	/usr/lib/system/libcompiler_rt.dylib
0x00000001a7e39000 	/usr/lib/system/libcopyfile.dylib
0x000000019d19a000 	/usr/lib/system/libcorecrypto.dylib
0x000000019d23f000 	/usr/lib/system/libdispatch.dylib
0x000000019d407000 	/usr/lib/system/libdyld.dylib
0x00000001a7e51000 	/usr/lib/system/libkeymgr.dylib
0x00000001a7dfb000 	/usr/lib/system/libmacho.dylib
0x00000001a74fb000 	/usr/lib/system/libquarantine.dylib
0x00000001a7e4e000 	/usr/lib/system/libremovefile.dylib
0x00000001a2599000 	/usr/lib/system/libsystem_asl.dylib
0x000000019d144000 	/usr/lib/system/libsystem_blocks.dylib
0x000000019d2c5000 	/usr/lib/system/libsystem_c.dylib
0x00000001a7e46000 	/usr/lib/system/libsystem_collections.dylib
0x00000001a69ba000 	/usr/lib/system/libsystem_configuration.dylib
0x00000001a5c3e000 	/usr/lib/system/libsystem_containermanager.dylib
0x00000001a7b62000 	/usr/lib/system/libsystem_coreservices.dylib
0x000000019fb2b000 	/usr/lib/system/libsystem_darwin.dylib
0x00000001a7e52000 	/usr/lib/system/libsystem_dnssd.dylib
0x000000019d2c2000 	/usr/lib/system/libsystem_featureflags.dylib
0x000000019d41c000 	/usr/lib/system/libsystem_info.dylib
0x00000001a7dc3000 	/usr/lib/system/libsystem_m.dylib
0x000000019d214000 	/usr/lib/system/libsystem_malloc.dylib
0x00000001a252a000 	/usr/lib/system/libsystem_networkextension.dylib
0x000000019ff7f000 	/usr/lib/system/libsystem_notify.dylib
0x00000001ae065000 	/usr/lib/system/libsystem_product_info_filter.dylib
0x00000001a69bf000 	/usr/lib/system/libsystem_sandbox.dylib
0x00000001a7e4b000 	/usr/lib/system/libsystem_secinit.dylib
0x000000019d3c4000 	/usr/lib/system/libsystem_kernel.dylib
0x000000019d414000 	/usr/lib/system/libsystem_platform.dylib
0x000000019d3fa000 	/usr/lib/system/libsystem_pthread.dylib
0x00000001a3cd6000 	/usr/lib/system/libsystem_symptoms.dylib
0x000000019d180000 	/usr/lib/system/libsystem_trace.dylib
0x00000001a7e26000 	/usr/lib/system/libunwind.dylib
0x000000019d146000 	/usr/lib/system/libxpc.dylib
0x000000019d3aa000 	/usr/lib/libc++abi.dylib
0x00000001a7e31000 	/usr/lib/liboah.dylib
0x00000001a86e6000 	/usr/lib/liblzma.5.dylib
0x000000019e030000 	/System/Library/Frameworks/SystemConfiguration.framework/Versions/A/SystemConfiguration
0x00000001a7e63000 	/usr/lib/libfakelink.dylib
0x00000001a2071000 	/System/Library/Frameworks/CFNetwork.framework/Versions/A/CFNetwork
0x00000001a7faa000 	/usr/lib/libarchive.2.dylib
0x00000001a69c6000 	/System/Library/PrivateFrameworks/AppleSystemInfo.framework/Versions/A/AppleSystemInfo
0x00000001a7526000 	/usr/lib/libbsm.0.dylib
0x00000001a15a9000 	/usr/lib/libnetwork.dylib
0x00000001a7e01000 	/usr/lib/system/libkxld.dylib
0x00000001a713d000 	/System/Library/PrivateFrameworks/IOMobileFramebuffer.framework/Versions/A/IOMobileFramebuffer
0x000000021a69a000 	/usr/lib/libCoreEntitlements.dylib
0x00000001a7b44000 	/System/Library/PrivateFrameworks/AppleFSCompression.framework/Versions/A/AppleFSCompression
0x00000001a750e000 	/usr/lib/libcoretls.dylib
0x00000001a86ff000 	/usr/lib/libcoretls_cfhelpers.dylib
0x00000001a80fb000 	/usr/lib/libpam.2.dylib
0x00000001a38fe000 	/usr/lib/libsqlite3.dylib
0x00000001a8767000 	/usr/lib/libxar.1.dylib
0x00000001a7b55000 	/usr/lib/libbz2.1.0.dylib
0x00000001a7e68000 	/usr/lib/libpcap.A.dylib
0x00000001a3ccd000 	/usr/lib/libdns_services.dylib
0x00000001a80ce000 	/usr/lib/libapple_nghttp2.dylib
0x00000001a7ea5000 	/usr/lib/libiconv.2.dylib
0x00000001a7dfa000 	/usr/lib/libcharset.1.dylib
0x00000001a48d1000 	/System/Library/Frameworks/CoreServices.framework/Versions/A/Frameworks/FSEvents.framework/Versions/A/FSEvents
0x000000019fb36000 	/System/Library/Frameworks/CoreServices.framework/Versions/A/Frameworks/CarbonCore.framework/Versions/A/CarbonCore
0x00000001a3f04000 	/System/Library/Frameworks/CoreServices.framework/Versions/A/Frameworks/Metadata.framework/Versions/A/Metadata
0x00000001a7b68000 	/System/Library/Frameworks/CoreServices.framework/Versions/A/Frameworks/OSServices.framework/Versions/A/OSServices
0x00000001a8030000 	/System/Library/Frameworks/CoreServices.framework/Versions/A/Frameworks/SearchKit.framework/Versions/A/SearchKit
0x00000001a3c5b000 	/System/Library/Frameworks/CoreServices.framework/Versions/A/Frameworks/AE.framework/Versions/A/AE
0x000000019d98c000 	/System/Library/Frameworks/CoreServices.framework/Versions/A/Frameworks/LaunchServices.framework/Versions/A/LaunchServices
0x00000001a868f000 	/System/Library/Frameworks/CoreServices.framework/Versions/A/Frameworks/DictionaryServices.framework/Versions/A/DictionaryServices
0x00000001a48de000 	/System/Library/Frameworks/CoreServices.framework/Versions/A/Frameworks/SharedFileList.framework/Versions/A/SharedFileList
0x00000001a74fe000 	/usr/lib/libCheckFix.dylib
0x00000001a25b1000 	/System/Library/PrivateFrameworks/TCC.framework/Versions/A/TCC
0x00000001a69cc000 	/System/Library/PrivateFrameworks/CoreNLP.framework/Versions/A/CoreNLP
0x00000001a3eb0000 	/System/Library/PrivateFrameworks/MetadataUtilities.framework/Versions/A/MetadataUtilities
0x000000019e0e9000 	/usr/lib/libmecabra.dylib
0x00000001a7537000 	/usr/lib/libmecab.dylib
0x000000019e0b5000 	/usr/lib/libCRFSuite.dylib
0x00000001a7595000 	/usr/lib/libgermantok.dylib
0x00000001a80a7000 	/usr/lib/libThaiTokenizer.dylib
0x00000001a3fa9000 	/System/Library/Frameworks/Accelerate.framework/Versions/A/Frameworks/vImage.framework/Versions/A/vImage
0x00000001ae15f000 	/System/Library/Frameworks/Accelerate.framework/Versions/A/Frameworks/vecLib.framework/Versions/A/vecLib
0x00000001a87ab000 	/System/Library/Frameworks/Accelerate.framework/Versions/A/Frameworks/vecLib.framework/Versions/A/libvMisc.dylib
0x00000001a7047000 	/System/Library/Frameworks/Accelerate.framework/Versions/A/Frameworks/vecLib.framework/Versions/A/libvDSP.dylib
0x000000019dd0f000 	/System/Library/Frameworks/Accelerate.framework/Versions/A/Frameworks/vecLib.framework/Versions/A/libBLAS.dylib
0x00000001a81cf000 	/System/Library/Frameworks/Accelerate.framework/Versions/A/Frameworks/vecLib.framework/Versions/A/libLAPACK.dylib
0x00000001a7598000 	/System/Library/Frameworks/Accelerate.framework/Versions/A/Frameworks/vecLib.framework/Versions/A/libLinearAlgebra.dylib
0x00000001a80e6000 	/System/Library/Frameworks/Accelerate.framework/Versions/A/Frameworks/vecLib.framework/Versions/A/libSparseBLAS.dylib
0x00000001a81ca000 	/System/Library/Frameworks/Accelerate.framework/Versions/A/Frameworks/vecLib.framework/Versions/A/libQuadrature.dylib
0x00000001a6ac3000 	/System/Library/Frameworks/Accelerate.framework/Versions/A/Frameworks/vecLib.framework/Versions/A/libBNNS.dylib
0x000000019dfcd000 	/System/Library/Frameworks/Accelerate.framework/Versions/A/Frameworks/vecLib.framework/Versions/A/libSparse.dylib
0x00000001a6abb000 	/System/Library/PrivateFrameworks/LinguisticData.framework/Versions/A/LinguisticData
0x000000019df83000 	/System/Library/PrivateFrameworks/Lexicon.framework/Versions/A/Lexicon
0x00000001a87a3000 	/usr/lib/libChineseTokenizer.dylib
0x000000019e72a000 	/System/Library/PrivateFrameworks/LanguageModeling.framework/Versions/A/LanguageModeling
0x00000001a80a9000 	/System/Library/PrivateFrameworks/AppleSauce.framework/Versions/A/AppleSauce
0x00000001a712a000 	/System/Library/PrivateFrameworks/CoreEmoji.framework/Versions/A/CoreEmoji
0x00000001a7f98000 	/usr/lib/libcmph.dylib
0x00000001a48b1000 	/System/Library/Frameworks/OpenDirectory.framework/Versions/A/Frameworks/CFOpenDirectory.framework/Versions/A/CFOpenDirectory
0x00000001a48a1000 	/System/Library/Frameworks/OpenDirectory.framework/Versions/A/OpenDirectory
0x00000001a8701000 	/System/Library/PrivateFrameworks/APFS.framework/Versions/A/APFS
0x00000001a7456000 	/System/Library/Frameworks/SecurityFoundation.framework/Versions/A/SecurityFoundation
0x00000001a8775000 	/usr/lib/libutil.dylib
0x000000019fe6b000 	/System/Library/PrivateFrameworks/CoreServicesStore.framework/Versions/A/CoreServicesStore
0x00000001a8779000 	/usr/lib/libxslt.1.dylib
0x00000001a74ea000 	/System/Library/PrivateFrameworks/BackgroundTaskManagement.framework/Versions/A/BackgroundTaskManagement
0x00000001a99dc000 	/System/Library/Frameworks/ImageIO.framework/Versions/A/Resources/libRadiance.dylib
0x00000001a99e5000 	/System/Library/Frameworks/ImageIO.framework/Versions/A/Resources/libJPEG.dylib
0x00000001a9937000 	/System/Library/Frameworks/ImageIO.framework/Versions/A/Resources/libPng.dylib
0x00000001a9959000 	/System/Library/Frameworks/ImageIO.framework/Versions/A/Resources/libTIFF.dylib
0x00000001a9a40000 	/System/Library/Frameworks/ImageIO.framework/Versions/A/Resources/libGIF.dylib
0x00000001a9385000 	/System/Library/Frameworks/ImageIO.framework/Versions/A/Resources/libJP2.dylib
0x00000001a8aca000 	/usr/lib/libexpat.1.dylib
0x00000001a9340000 	/System/Library/PrivateFrameworks/AppleJPEG.framework/Versions/A/AppleJPEG
0x00000001a5eef000 	/System/Library/PrivateFrameworks/FontServices.framework/libFontParser.dylib
0x00000001a3c00000 	/System/Library/PrivateFrameworks/RunningBoardServices.framework/Versions/A/RunningBoardServices
0x00000001b40dc000 	/System/Library/PrivateFrameworks/IOSurfaceAccelerator.framework/Versions/A/IOSurfaceAccelerator
0x00000001a9471000 	/System/Library/PrivateFrameworks/WatchdogClient.framework/Versions/A/WatchdogClient
0x000000019e82e000 	/System/Library/Frameworks/CoreDisplay.framework/Versions/A/CoreDisplay
0x00000001a5ddd000 	/System/Library/Frameworks/CoreMedia.framework/Versions/A/CoreMedia
0x00000001a5c71000 	/System/Library/PrivateFrameworks/IOAccelerator.framework/Versions/A/IOAccelerator
0x00000001a4a3f000 	/System/Library/Frameworks/CoreVideo.framework/Versions/A/CoreVideo
0x00000001a80f9000 	/System/Library/Frameworks/MetalPerformanceShaders.framework/Versions/A/MetalPerformanceShaders
0x00000001a94ae000 	/System/Library/Frameworks/VideoToolbox.framework/Versions/A/VideoToolbox
0x00000001a3b44000 	/System/Library/PrivateFrameworks/BaseBoard.framework/Versions/A/BaseBoard
0x00000001a38e3000 	/System/Library/PrivateFrameworks/ProtocolBuffer.framework/Versions/A/ProtocolBuffer
0x00000001a99d7000 	/System/Library/PrivateFrameworks/GPUWrangler.framework/Versions/A/GPUWrangler
0x00000001a99b6000 	/System/Library/PrivateFrameworks/IOPresentment.framework/Versions/A/IOPresentment
0x00000001a99df000 	/System/Library/PrivateFrameworks/DSExternalDisplay.framework/Versions/A/DSExternalDisplay
0x00000001fe85c000 	/System/Library/Frameworks/OpenGL.framework/Versions/A/Libraries/libCoreFSCache.dylib
0x0000000208047000 	/System/Library/PrivateFrameworks/GPUCompiler.framework/Versions/31001/Libraries/libGPUCompilerUtils.dylib
0x00000001a9a45000 	/System/Library/PrivateFrameworks/CMCaptureCore.framework/Versions/A/CMCaptureCore
0x00000001a907e000 	/System/Library/PrivateFrameworks/AppServerSupport.framework/Versions/A/AppServerSupport
0x00000001ab21e000 	/System/Library/PrivateFrameworks/perfdata.framework/Versions/A/perfdata
0x000000019e94e000 	/System/Library/PrivateFrameworks/AudioToolboxCore.framework/Versions/A/AudioToolboxCore
0x00000001a5db5000 	/System/Library/PrivateFrameworks/caulk.framework/Versions/A/caulk
0x00000001aab13000 	/usr/lib/libAudioStatistics.dylib
0x00000001bc430000 	/System/Library/PrivateFrameworks/SystemPolicy.framework/Versions/A/SystemPolicy
0x00000001aad73000 	/usr/lib/libSMC.dylib
0x00000001b3948000 	/System/Library/Frameworks/CoreMIDI.framework/Versions/A/CoreMIDI
0x00000001a9905000 	/usr/lib/libAudioToolboxUtility.dylib
0x00000001b885d000 	/System/Library/PrivateFrameworks/OSAServicesClient.framework/Versions/A/OSAServicesClient
0x00000001ab22b000 	/usr/lib/libperfcheck.dylib
0x00000001bcf37000 	/usr/lib/libmis.dylib
0x00000001fe8bd000 	/System/Library/Frameworks/OpenGL.framework/Versions/A/Libraries/libGLU.dylib
0x00000001fe87c000 	/System/Library/Frameworks/OpenGL.framework/Versions/A/Libraries/libGFXShared.dylib
0x00000001fea66000 	/System/Library/Frameworks/OpenGL.framework/Versions/A/Libraries/libGL.dylib
0x00000001fe885000 	/System/Library/Frameworks/OpenGL.framework/Versions/A/Libraries/libGLImage.dylib
0x00000001fe879000 	/System/Library/Frameworks/OpenGL.framework/Versions/A/Libraries/libCVMSPluginSupport.dylib
0x00000001fe863000 	/System/Library/Frameworks/OpenGL.framework/Versions/A/Libraries/libCoreVMClient.dylib
0x00000001a6947000 	/System/Library/Frameworks/MetalPerformanceShaders.framework/Versions/A/Frameworks/MPSCore.framework/Versions/A/MPSCore
0x00000001a7ab7000 	/System/Library/Frameworks/MetalPerformanceShaders.framework/Versions/A/Frameworks/MPSImage.framework/Versions/A/MPSImage
0x00000001a75ad000 	/System/Library/Frameworks/MetalPerformanceShaders.framework/Versions/A/Frameworks/MPSNeuralNetwork.framework/Versions/A/MPSNeuralNetwork
0x00000001a79ea000 	/System/Library/Frameworks/MetalPerformanceShaders.framework/Versions/A/Frameworks/MPSMatrix.framework/Versions/A/MPSMatrix
0x00000001a77c5000 	/System/Library/Frameworks/MetalPerformanceShaders.framework/Versions/A/Frameworks/MPSRayIntersector.framework/Versions/A/MPSRayIntersector
0x00000001a7a1b000 	/System/Library/Frameworks/MetalPerformanceShaders.framework/Versions/A/Frameworks/MPSNDArray.framework/Versions/A/MPSNDArray
0x0000000200594000 	/System/Library/Frameworks/MetalPerformanceShaders.framework/Versions/A/Frameworks/MPSFunctions.framework/Versions/A/MPSFunctions
0x000000019dbed000 	/System/Library/PrivateFrameworks/MetalTools.framework/Versions/A/MetalTools
0x00000001a69c4000 	/System/Library/PrivateFrameworks/AggregateDictionary.framework/Versions/A/AggregateDictionary
0x00000001a88b0000 	/usr/lib/libIOReport.dylib
0x00000001b292f000 	/System/Library/PrivateFrameworks/ASEProcessing.framework/Versions/A/ASEProcessing
0x00000001a8c23000 	/System/Library/PrivateFrameworks/FaceCore.framework/Versions/A/FaceCore
0x00000001a8c15000 	/System/Library/PrivateFrameworks/GraphVisualizer.framework/Versions/A/GraphVisualizer
0x0000000207f5e000 	/System/Library/PrivateFrameworks/FontServices.framework/Versions/A/FontServices
0x00000001a9038000 	/System/Library/PrivateFrameworks/OTSVG.framework/Versions/A/OTSVG
0x00000001a460d000 	/System/Library/Frameworks/ApplicationServices.framework/Versions/A/Frameworks/ATS.framework/Versions/A/Resources/libFontRegistry.dylib
0x00000001a9087000 	/System/Library/PrivateFrameworks/FontServices.framework/libhvf.dylib
0x0000000207f5f000 	/System/Library/PrivateFrameworks/FontServices.framework/libXTFontStaticRegistryData.dylib
0x00000001fec08000 	/System/Library/Frameworks/OpenCL.framework/Versions/A/OpenCL
0x00000001a8a7e000 	/System/Library/PrivateFrameworks/AppleVA.framework/Versions/A/AppleVA
0x00000001aab3b000 	/System/Library/Frameworks/ApplicationServices.framework/Versions/A/Frameworks/ATS.framework/Versions/A/ATS
0x00000001a30a7000 	/System/Library/Frameworks/ApplicationServices.framework/Versions/A/Frameworks/HIServices.framework/Versions/A/HIServices
0x00000001a9a4f000 	/System/Library/Frameworks/ApplicationServices.framework/Versions/A/Frameworks/PrintCore.framework/Versions/A/PrintCore
0x00000001aaec6000 	/System/Library/Frameworks/ApplicationServices.framework/Versions/A/Frameworks/QD.framework/Versions/A/QD
0x00000001aaebe000 	/System/Library/Frameworks/ApplicationServices.framework/Versions/A/Frameworks/ColorSyncLegacy.framework/Versions/A/ColorSyncLegacy
0x00000001aab27000 	/System/Library/Frameworks/ApplicationServices.framework/Versions/A/Frameworks/SpeechSynthesis.framework/Versions/A/SpeechSynthesis
0x00000001a9a10000 	/System/Library/Frameworks/ApplicationServices.framework/Versions/A/Frameworks/ATSUI.framework/Versions/A/ATSUI
0x00000001aae53000 	/usr/lib/libcups.2.dylib
0x00000001ab239000 	/System/Library/Frameworks/Kerberos.framework/Versions/A/Kerberos
0x00000001ab24a000 	/System/Library/Frameworks/GSS.framework/Versions/A/GSS
0x00000001aabaa000 	/usr/lib/libresolv.9.dylib
0x00000001a9095000 	/System/Library/PrivateFrameworks/Heimdal.framework/Versions/A/Heimdal
0x00000001b1b9e000 	/System/Library/Frameworks/Kerberos.framework/Versions/A/Libraries/libHeimdalProxy.dylib
0x00000001a3cdf000 	/System/Library/Frameworks/Network.framework/Versions/A/Network
0x00000001a8ae5000 	/usr/lib/libheimdal-asn1.dylib
0x00000001ab290000 	/System/Library/PrivateFrameworks/CommonAuth.framework/Versions/A/CommonAuth
0x00000001aaaa1000 	/System/Library/PrivateFrameworks/AudioSession.framework/Versions/A/AudioSession
0x00000001a8b76000 	/System/Library/PrivateFrameworks/MediaExperience.framework/Versions/A/MediaExperience
0x00000001aa929000 	/System/Library/PrivateFrameworks/AudioSession.framework/libSessionUtility.dylib
0x00000001aaed2000 	/System/Library/PrivateFrameworks/AudioResourceArbitration.framework/Versions/A/AudioResourceArbitration
0x00000001aefdd000 	/System/Library/PrivateFrameworks/PowerLog.framework/Versions/A/PowerLog
0x00000001a8aee000 	/System/Library/PrivateFrameworks/IconFoundation.framework/Versions/A/IconFoundation
0x00000001add8b000 	/System/Library/PrivateFrameworks/SpeechRecognitionCore.framework/Versions/A/SpeechRecognitionCore
0x00000001030b0000 	/Library/Java/JavaVirtualMachines/zulu-11.jdk/Contents/Home/lib/server/libjvm.dylib
0x00000001021c0000 	/Library/Java/JavaVirtualMachines/zulu-11.jdk/Contents/Home/lib/libverify.dylib
0x000000010220c000 	/Library/Java/JavaVirtualMachines/zulu-11.jdk/Contents/Home/lib/libjava.dylib
0x00000001021d8000 	/Library/Java/JavaVirtualMachines/zulu-11.jdk/Contents/Home/lib/libjimage.dylib
0x0000000102280000 	/Library/Java/JavaVirtualMachines/zulu-11.jdk/Contents/Home/lib/libzip.dylib
0x00000001023a4000 	/Library/Java/JavaVirtualMachines/zulu-11.jdk/Contents/Home/lib/libnio.dylib
0x0000000102eb0000 	/Library/Java/JavaVirtualMachines/zulu-11.jdk/Contents/Home/lib/libnet.dylib
0x00000001023c4000 	/Library/Java/JavaVirtualMachines/zulu-11.jdk/Contents/Home/lib/libprism_es2.dylib
0x000000019fe2e000 	/System/Library/PrivateFrameworks/CoreServicesInternal.framework/Versions/A/CoreServicesInternal
0x00000001fea70000 	/System/Library/Frameworks/OpenGL.framework/Versions/A/Resources/GLEngine.bundle/GLEngine
0x00000001fe8f7000 	/System/Library/Frameworks/OpenGL.framework/Versions/A/Libraries/libGLProgrammability.dylib
0x000000012743c000 	/System/Library/Extensions/AppleMetalOpenGLRenderer.bundle/Contents/MacOS/AppleMetalOpenGLRenderer
0x00000001febdf000 	/System/Library/Frameworks/OpenGL.framework/Versions/A/Resources/GLRendererFloat.bundle/GLRendererFloat
0x00000001e2a78000 	/System/Library/Extensions/AGXMetalG13X.bundle/Contents/MacOS/AGXMetalG13X
0x00000001bcf53000 	/System/Library/PrivateFrameworks/GPURawCounter.framework/Versions/A/GPURawCounter
0x00000001b79e1000 	/System/Library/PrivateFrameworks/IOGPU.framework/Versions/A/IOGPU
0x0000000127664000 	/Library/Java/JavaVirtualMachines/zulu-11.jdk/Contents/Home/lib/libglass.dylib
0x00000001af231000 	/System/Library/Frameworks/FileProvider.framework/Versions/A/FileProvider
0x00000001a3aac000 	/System/Library/Frameworks/Accounts.framework/Versions/A/Accounts
0x00000001af3b1000 	/System/Library/PrivateFrameworks/GenerationalStorage.framework/Versions/A/GenerationalStorage
0x00000001aff67000 	/System/Library/PrivateFrameworks/CoreSymbolication.framework/Versions/A/CoreSymbolication
0x00000001aefd1000 	/System/Library/PrivateFrameworks/SymptomDiagnosticReporter.framework/Versions/A/SymptomDiagnosticReporter
0x00000001a111a000 	/System/Library/PrivateFrameworks/DesktopServicesPriv.framework/Versions/A/DesktopServicesPriv
0x000000019ff8e000 	/usr/lib/libsandbox.1.dylib
0x00000001a4acc000 	/System/Library/PrivateFrameworks/UserManagement.framework/Versions/A/UserManagement
0x00000001aff28000 	/System/Library/PrivateFrameworks/DebugSymbols.framework/Versions/A/DebugSymbols
0x00000001aaeb1000 	/System/Library/PrivateFrameworks/NetAuth.framework/Versions/A/NetAuth
0x00000001abdb4000 	/System/Library/PrivateFrameworks/Sharing.framework/Versions/A/Sharing
0x00000001a4a9c000 	/System/Library/PrivateFrameworks/login.framework/Versions/A/Frameworks/loginsupport.framework/Versions/A/loginsupport
0x00000001b10e0000 	/System/Library/PrivateFrameworks/Apple80211.framework/Versions/A/Apple80211
0x00000001a7b9b000 	/System/Library/PrivateFrameworks/AuthKit.framework/Versions/A/AuthKit
0x00000001a7229000 	/System/Library/PrivateFrameworks/CoreUtils.framework/Versions/A/CoreUtils
0x00000001a7149000 	/System/Library/Frameworks/CoreWLAN.framework/Versions/A/CoreWLAN
0x00000001abf1e000 	/System/Library/Frameworks/IOBluetooth.framework/Versions/A/IOBluetooth
0x00000001b1140000 	/System/Library/PrivateFrameworks/CoreWiFi.framework/Versions/A/CoreWiFi
0x00000001afb0f000 	/System/Library/PrivateFrameworks/FrontBoardServices.framework/Versions/A/FrontBoardServices
0x00000001afba7000 	/System/Library/PrivateFrameworks/BoardServices.framework/Versions/A/BoardServices
0x00000001a7444000 	/System/Library/PrivateFrameworks/AssertionServices.framework/Versions/A/AssertionServices
0x00000001b12ae000 	/System/Library/PrivateFrameworks/BackBoardServices.framework/Versions/A/BackBoardServices
0x00000001ab323000 	/System/Library/PrivateFrameworks/CorePhoneNumbers.framework/Versions/A/CorePhoneNumbers
0x00000001af101000 	/System/Library/PrivateFrameworks/DiskManagement.framework/Versions/A/DiskManagement
0x00000001af004000 	/System/Library/PrivateFrameworks/AppleIDAuthSupport.framework/Versions/A/AppleIDAuthSupport
0x000000020287e000 	/System/Library/PrivateFrameworks/AAAFoundation.framework/Versions/A/AAAFoundation
0x00000001ab302000 	/System/Library/PrivateFrameworks/KeychainCircle.framework/Versions/A/KeychainCircle
0x00000001af0cd000 	/System/Library/PrivateFrameworks/MediaKit.framework/Versions/A/MediaKit
0x00000001af011000 	/System/Library/Frameworks/DiscRecording.framework/Versions/A/DiscRecording
0x00000001a89fa000 	/usr/lib/libCoreStorage.dylib
0x00000001b15aa000 	/usr/lib/libcsfde.dylib
0x00000001abff3000 	/System/Library/PrivateFrameworks/ProtectedCloudStorage.framework/Versions/A/ProtectedCloudStorage
0x00000001b15a2000 	/System/Library/PrivateFrameworks/EFILogin.framework/Versions/A/EFILogin
0x00000001af3d8000 	/System/Library/PrivateFrameworks/OctagonTrust.framework/Versions/A/OctagonTrust
0x00000002071aa000 	/System/Library/PrivateFrameworks/CoreUtilsExtras.framework/Versions/A/CoreUtilsExtras
0x00000001aef46000 	/System/Library/Frameworks/CoreBluetooth.framework/Versions/A/CoreBluetooth
0x00000001b1c23000 	/System/Library/Frameworks/AudioUnit.framework/Versions/A/AudioUnit
0x00000001a89f2000 	/usr/lib/libMatch.1.dylib
0x00000001c1249000 	/System/Library/Frameworks/Accelerate.framework/Versions/A/Frameworks/vImage.framework/Versions/A/Libraries/libCGInterfaces.dylib
0x0000000139fe4000 	/usr/lib/libobjc-trampolines.dylib
0x00000001a4799000 	/System/Library/PrivateFrameworks/ViewBridge.framework/Versions/A/ViewBridge
0x000000013dcd4000 	/Library/Java/JavaVirtualMachines/zulu-11.jdk/Contents/Home/lib/libjavafx_font.dylib
0x00000001a9143000 	/System/Library/PrivateFrameworks/login.framework/Versions/A/login
0x000000021a814000 	/usr/lib/libRosetta.dylib
0x00000001ae466000 	/System/Library/PrivateFrameworks/SystemAdministration.framework/Versions/A/SystemAdministration
0x00000001a9c59000 	/System/Library/Frameworks/MediaToolbox.framework/Versions/A/MediaToolbox
0x00000001add53000 	/System/Library/Frameworks/DirectoryService.framework/Versions/A/DirectoryService
0x00000001b1437000 	/System/Library/PrivateFrameworks/DiskImages.framework/Versions/A/DiskImages
0x00000001a74f5000 	/System/Library/Frameworks/ServiceManagement.framework/Versions/A/ServiceManagement
0x00000001b161d000 	/System/Library/PrivateFrameworks/LoginUIKit.framework/Versions/A/Frameworks/LoginUICore.framework/Versions/A/LoginUICore
0x00000001a92f9000 	/usr/lib/libodfde.dylib
0x00000001af1fd000 	/System/Library/PrivateFrameworks/CoreAVCHD.framework/Versions/A/CoreAVCHD
0x00000001ae428000 	/System/Library/Frameworks/MediaAccessibility.framework/Versions/A/MediaAccessibility
0x00000001af1f9000 	/System/Library/PrivateFrameworks/Mangrove.framework/Versions/A/Mangrove
0x00000001ae435000 	/System/Library/PrivateFrameworks/AlgosScoreFramework.framework/Versions/A/AlgosScoreFramework
0x0000000204483000 	/System/Library/PrivateFrameworks/CMPhoto.framework/Versions/A/CMPhoto
0x00000001af1ed000 	/System/Library/PrivateFrameworks/CoreAUC.framework/Versions/A/CoreAUC
0x00000001b15b6000 	/usr/lib/libcurl.4.dylib
0x00000001b130c000 	/usr/lib/libcrypto.44.dylib
0x00000001b140a000 	/usr/lib/libssl.46.dylib
0x00000001b12ce000 	/System/Library/Frameworks/LDAP.framework/Versions/A/LDAP
0x00000001b130a000 	/System/Library/PrivateFrameworks/TrustEvaluationAgent.framework/Versions/A/TrustEvaluationAgent
0x00000001aabc3000 	/usr/lib/libsasl2.2.dylib
0x00000001ae45b000 	/System/Library/PrivateFrameworks/CoreDaemon.framework/Versions/B/CoreDaemon
0x00000001ae455000 	/System/Library/PrivateFrameworks/AppleSRP.framework/Versions/A/AppleSRP


VM Arguments:
jvm_args: -Dfile.encoding=UTF-8 -Duser.country=SG -Duser.language=en -Duser.variant 
java_command: duke.Launcher
java_class_path (initial): /Users/naren/Desktop/Y2S1/CS2103T/ip/build/classes/java/main:/Users/naren/Desktop/Y2S1/CS2103T/ip/build/resources/main:/Users/naren/.gradle/caches/modules-2/files-2.1/org.openjfx/javafx-fxml/11/d5ff9262ef49d166db658d15f37e3ecff38fde4b/javafx-fxml-11-win.jar:/Users/naren/.gradle/caches/modules-2/files-2.1/org.openjfx/javafx-fxml/11/e0f5bb81e21054b59f2ebfa727d40a90ee0260d3/javafx-fxml-11-mac.jar:/Users/naren/.gradle/caches/modules-2/files-2.1/org.openjfx/javafx-fxml/11/e7a757b580fc3e2e1a121768606c7836eef418c/javafx-fxml-11-linux.jar:/Users/naren/.gradle/caches/modules-2/files-2.1/org.openjfx/javafx-controls/11/af8d24de44e16a19ae959028eb23a48c145fb682/javafx-controls-11-win.jar:/Users/naren/.gradle/caches/modules-2/files-2.1/org.openjfx/javafx-controls/11/e3a24a14e8732abc6dc173f15872dc63e2a32e16/javafx-controls-11-mac.jar:/Users/naren/.gradle/caches/modules-2/files-2.1/org.openjfx/javafx-controls/11/794488e3b1f4635d9a1b842bdc872a5eb8fd54ca/javafx-controls-11-linux.jar:/Users/naren/.gradle/caches/modules-2/files-2.1/org.openjfx/javafx-controls/11/58d961774262ec972bf304e16c154a8e18c2050b/javafx-controls-11.jar:/Users/naren/.gradle/caches/modules-2/files-2.1/org.openjfx/javafx-graphics/11/9345c7ea43dbcc73a62eca5332717b4ce617e6c6/javafx-graphics-11-win.jar:/Users/naren/.gradle/caches/modules-2/files-2.1/org.openjfx/javafx-graphics/11/af47a6d3668d3ce1c61e1fe13c44471b6f8d469/javafx-graphics-11-mac.jar:/Users/naren/.gradle/caches/modules-2/files-2.1/org.openjfx/javafx-graphics/11/4ab9edd8d481a420044c473fdb5718ccdd35c836/javafx-graphics-11-linux.jar:/Users/naren/.gradle/caches/modules-2/files-2.1/org.openjfx/javafx-graphics/11/a736dd079047ec0b72b8c4970842a5c5e0c19f2f/javafx-graphics-11.jar:/Users/naren/.gradle/caches/modules-2/files-2.1/org.openjfx/javafx-base/11/ad3a4acfaa28b484d30c40c1f009445cc3f6e68b/javafx-base-11-win.jar:/Users/naren/.gradle/caches/modules-2/files-2.1/org.openjfx/javafx-base/11/4b060dad0affd866df9d959e064faa8a1a2f4af0/javafx-b
Launcher Type: SUN_STANDARD

[Global flags]
     intx CICompilerCount                          = 4                                         {product} {ergonomic}
     uint ConcGCThreads                            = 2                                         {product} {ergonomic}
     uint G1ConcRefinementThreads                  = 9                                         {product} {ergonomic}
   size_t G1HeapRegionSize                         = 1048576                                   {product} {ergonomic}
    uintx GCDrainStackTargetSize                   = 64                                        {product} {ergonomic}
   size_t InitialHeapSize                          = 268435456                                 {product} {ergonomic}
   size_t MarkStackSize                            = 4194304                                   {product} {ergonomic}
   size_t MaxHeapSize                              = 4294967296                                {product} {ergonomic}
   size_t MaxNewSize                               = 2576351232                                {product} {ergonomic}
   size_t MinHeapDeltaBytes                        = 1048576                                   {product} {ergonomic}
    uintx NonNMethodCodeHeapSize                   = 5836492                                {pd product} {ergonomic}
    uintx NonProfiledCodeHeapSize                  = 122910874                              {pd product} {ergonomic}
    uintx ProfiledCodeHeapSize                     = 122910874                              {pd product} {ergonomic}
    uintx ReservedCodeCacheSize                    = 251658240                              {pd product} {ergonomic}
     bool SegmentedCodeCache                       = true                                      {product} {ergonomic}
     bool UseCompressedClassPointers               = true                                 {lp64_product} {ergonomic}
     bool UseCompressedOops                        = true                                 {lp64_product} {ergonomic}
     bool UseG1GC                                  = true                                      {product} {ergonomic}

Logging:
Log output configuration:
 #0: stdout all=warning uptime,level,tags
 #1: stderr all=off uptime,level,tags

Environment Variables:
PATH=/usr/bin:/bin:/usr/sbin:/sbin
SHELL=/bin/zsh

Signal Handlers:
SIGSEGV: [libjvm.dylib+0x72e4ec], sa_mask[0]=11111111011111110111111111111111, sa_flags=SA_ONSTACK|SA_RESTART|SA_SIGINFO
SIGBUS: [libjvm.dylib+0x72e4ec], sa_mask[0]=11111111011111110111111111111111, sa_flags=SA_RESTART|SA_SIGINFO
SIGFPE: [libjvm.dylib+0x72e4ec], sa_mask[0]=11111111011111110111111111111111, sa_flags=SA_RESTART|SA_SIGINFO
SIGPIPE: [libjvm.dylib+0x58d8b8], sa_mask[0]=11111111011111110111111111111111, sa_flags=SA_RESTART|SA_SIGINFO
SIGXFSZ: [libjvm.dylib+0x58d8b8], sa_mask[0]=11111111011111110111111111111111, sa_flags=SA_RESTART|SA_SIGINFO
SIGILL: [libjvm.dylib+0x72e4ec], sa_mask[0]=11111111011111110111111111111111, sa_flags=SA_RESTART|SA_SIGINFO
SIGUSR2: [libjvm.dylib+0x58deb8], sa_mask[0]=00100000000000000000000000000000, sa_flags=SA_RESTART|SA_SIGINFO
SIGHUP: [libjvm.dylib+0x58c624], sa_mask[0]=11111111011111110111111111111111, sa_flags=SA_RESTART|SA_SIGINFO
SIGINT: [libjvm.dylib+0x58c624], sa_mask[0]=11111111011111110111111111111111, sa_flags=SA_RESTART|SA_SIGINFO
SIGTERM: [libjvm.dylib+0x58c624], sa_mask[0]=11111111011111110111111111111111, sa_flags=SA_RESTART|SA_SIGINFO
SIGQUIT: [libjvm.dylib+0x58c624], sa_mask[0]=11111111011111110111111111111111, sa_flags=SA_RESTART|SA_SIGINFO


---------------  S Y S T E M  ---------------

OS:uname:Darwin 21.3.0 Darwin Kernel Version 21.3.0: Wed Jan  5 21:37:58 PST 2022; root:xnu-8019.80.24~20/RELEASE_ARM64_T6000 arm64
OS uptime: 6 days 9:16 hours
rlimit (soft/hard): STACK 8176k/65520k , CORE 0k/infinity , NPROC 2666/4000 , NOFILE 10240/infinity , AS infinity/infinity , CPU infinity/infinity , DATA infinity/infinity , FSIZE infinity/infinity , MEMLOCK infinity/infinity , RSS infinity/infinity
load average:1.44 1.97 2.50

CPU:total 10 (initial active 10) 0x61:0x0:0x1b588bb3:0, simd, crc, lse

Memory: 16k page, physical 16777216k(75296k free), swap 3145728k(1087488k free)

vm_info: OpenJDK 64-Bit Server VM (11.0.12+7-LTS) for bsd-aarch64 JRE (Zulu11.50+19-CA) (11.0.12+7-LTS), built on Jul 16 2021 10:21:46 by "zulu_re" with clang Apple LLVM 12.0.0 (clang-1200.0.32.28)

END.
